<?xml version="1.0" encoding="UTF-8"?>
<testsuite xmlns:xsi="http://www.w3.org/2001/XMLSchema-instance" xsi:noNamespaceSchemaLocation="https://maven.apache.org/surefire/maven-surefire-plugin/xsd/surefire-test-report.xsd" name="edu.uclm.esi.devopsmetrics.bdd.TestRunner" time="76.33" tests="26" errors="26" skipped="0" failures="0">
  <properties>
    <property name="sun.desktop" value="windows"/>
    <property name="awt.toolkit" value="sun.awt.windows.WToolkit"/>
    <property name="java.specification.version" value="11"/>
    <property name="sun.cpu.isalist" value="amd64"/>
    <property name="sun.jnu.encoding" value="Cp1252"/>
    <property name="java.class.path" value="C:\Users\Crespo\eclipse-workspace\devopsmetrics\target\test-classes;C:\Users\Crespo\eclipse-workspace\devopsmetrics\target\classes;C:\Users\Crespo\.m2\repository\org\springframework\boot\spring-boot-starter-web\2.3.0.RELEASE\spring-boot-starter-web-2.3.0.RELEASE.jar;C:\Users\Crespo\.m2\repository\org\springframework\boot\spring-boot-starter\2.3.0.RELEASE\spring-boot-starter-2.3.0.RELEASE.jar;C:\Users\Crespo\.m2\repository\org\springframework\boot\spring-boot\2.3.0.RELEASE\spring-boot-2.3.0.RELEASE.jar;C:\Users\Crespo\.m2\repository\org\springframework\boot\spring-boot-autoconfigure\2.3.0.RELEASE\spring-boot-autoconfigure-2.3.0.RELEASE.jar;C:\Users\Crespo\.m2\repository\org\springframework\boot\spring-boot-starter-logging\2.3.0.RELEASE\spring-boot-starter-logging-2.3.0.RELEASE.jar;C:\Users\Crespo\.m2\repository\ch\qos\logback\logback-classic\1.2.3\logback-classic-1.2.3.jar;C:\Users\Crespo\.m2\repository\ch\qos\logback\logback-core\1.2.3\logback-core-1.2.3.jar;C:\Users\Crespo\.m2\repository\org\apache\logging\log4j\log4j-to-slf4j\2.13.2\log4j-to-slf4j-2.13.2.jar;C:\Users\Crespo\.m2\repository\org\apache\logging\log4j\log4j-api\2.13.2\log4j-api-2.13.2.jar;C:\Users\Crespo\.m2\repository\org\slf4j\jul-to-slf4j\1.7.30\jul-to-slf4j-1.7.30.jar;C:\Users\Crespo\.m2\repository\jakarta\annotation\jakarta.annotation-api\1.3.5\jakarta.annotation-api-1.3.5.jar;C:\Users\Crespo\.m2\repository\org\yaml\snakeyaml\1.26\snakeyaml-1.26.jar;C:\Users\Crespo\.m2\repository\org\springframework\boot\spring-boot-starter-json\2.3.0.RELEASE\spring-boot-starter-json-2.3.0.RELEASE.jar;C:\Users\Crespo\.m2\repository\com\fasterxml\jackson\core\jackson-databind\2.11.0\jackson-databind-2.11.0.jar;C:\Users\Crespo\.m2\repository\com\fasterxml\jackson\core\jackson-annotations\2.11.0\jackson-annotations-2.11.0.jar;C:\Users\Crespo\.m2\repository\com\fasterxml\jackson\core\jackson-core\2.11.0\jackson-core-2.11.0.jar;C:\Users\Crespo\.m2\repository\com\fasterxml\jackson\datatype\jackson-datatype-jdk8\2.11.0\jackson-datatype-jdk8-2.11.0.jar;C:\Users\Crespo\.m2\repository\com\fasterxml\jackson\datatype\jackson-datatype-jsr310\2.11.0\jackson-datatype-jsr310-2.11.0.jar;C:\Users\Crespo\.m2\repository\com\fasterxml\jackson\module\jackson-module-parameter-names\2.11.0\jackson-module-parameter-names-2.11.0.jar;C:\Users\Crespo\.m2\repository\org\springframework\boot\spring-boot-starter-tomcat\2.3.0.RELEASE\spring-boot-starter-tomcat-2.3.0.RELEASE.jar;C:\Users\Crespo\.m2\repository\org\apache\tomcat\embed\tomcat-embed-core\9.0.35\tomcat-embed-core-9.0.35.jar;C:\Users\Crespo\.m2\repository\org\glassfish\jakarta.el\3.0.3\jakarta.el-3.0.3.jar;C:\Users\Crespo\.m2\repository\org\apache\tomcat\embed\tomcat-embed-websocket\9.0.35\tomcat-embed-websocket-9.0.35.jar;C:\Users\Crespo\.m2\repository\org\springframework\spring-web\5.2.6.RELEASE\spring-web-5.2.6.RELEASE.jar;C:\Users\Crespo\.m2\repository\org\springframework\spring-beans\5.2.6.RELEASE\spring-beans-5.2.6.RELEASE.jar;C:\Users\Crespo\.m2\repository\org\springframework\spring-webmvc\5.2.6.RELEASE\spring-webmvc-5.2.6.RELEASE.jar;C:\Users\Crespo\.m2\repository\org\springframework\spring-aop\5.2.6.RELEASE\spring-aop-5.2.6.RELEASE.jar;C:\Users\Crespo\.m2\repository\org\springframework\spring-context\5.2.6.RELEASE\spring-context-5.2.6.RELEASE.jar;C:\Users\Crespo\.m2\repository\org\springframework\spring-expression\5.2.6.RELEASE\spring-expression-5.2.6.RELEASE.jar;C:\Users\Crespo\.m2\repository\org\springframework\boot\spring-boot-starter-amqp\2.3.0.RELEASE\spring-boot-starter-amqp-2.3.0.RELEASE.jar;C:\Users\Crespo\.m2\repository\org\springframework\spring-messaging\5.2.6.RELEASE\spring-messaging-5.2.6.RELEASE.jar;C:\Users\Crespo\.m2\repository\org\springframework\amqp\spring-rabbit\2.2.6.RELEASE\spring-rabbit-2.2.6.RELEASE.jar;C:\Users\Crespo\.m2\repository\org\springframework\amqp\spring-amqp\2.2.6.RELEASE\spring-amqp-2.2.6.RELEASE.jar;C:\Users\Crespo\.m2\repository\org\springframework\retry\spring-retry\1.2.5.RELEASE\spring-retry-1.2.5.RELEASE.jar;C:\Users\Crespo\.m2\repository\org\springframework\spring-tx\5.2.6.RELEASE\spring-tx-5.2.6.RELEASE.jar;C:\Users\Crespo\.m2\repository\org\springframework\boot\spring-boot-starter-test\2.3.0.RELEASE\spring-boot-starter-test-2.3.0.RELEASE.jar;C:\Users\Crespo\.m2\repository\org\springframework\boot\spring-boot-test\2.3.0.RELEASE\spring-boot-test-2.3.0.RELEASE.jar;C:\Users\Crespo\.m2\repository\org\springframework\boot\spring-boot-test-autoconfigure\2.3.0.RELEASE\spring-boot-test-autoconfigure-2.3.0.RELEASE.jar;C:\Users\Crespo\.m2\repository\com\jayway\jsonpath\json-path\2.4.0\json-path-2.4.0.jar;C:\Users\Crespo\.m2\repository\net\minidev\json-smart\2.3\json-smart-2.3.jar;C:\Users\Crespo\.m2\repository\net\minidev\accessors-smart\1.2\accessors-smart-1.2.jar;C:\Users\Crespo\.m2\repository\org\ow2\asm\asm\5.0.4\asm-5.0.4.jar;C:\Users\Crespo\.m2\repository\jakarta\xml\bind\jakarta.xml.bind-api\2.3.3\jakarta.xml.bind-api-2.3.3.jar;C:\Users\Crespo\.m2\repository\jakarta\activation\jakarta.activation-api\1.2.2\jakarta.activation-api-1.2.2.jar;C:\Users\Crespo\.m2\repository\org\assertj\assertj-core\3.16.1\assertj-core-3.16.1.jar;C:\Users\Crespo\.m2\repository\org\hamcrest\hamcrest\2.2\hamcrest-2.2.jar;C:\Users\Crespo\.m2\repository\org\junit\jupiter\junit-jupiter\5.6.2\junit-jupiter-5.6.2.jar;C:\Users\Crespo\.m2\repository\org\junit\jupiter\junit-jupiter-api\5.6.2\junit-jupiter-api-5.6.2.jar;C:\Users\Crespo\.m2\repository\org\opentest4j\opentest4j\1.2.0\opentest4j-1.2.0.jar;C:\Users\Crespo\.m2\repository\org\junit\platform\junit-platform-commons\1.6.2\junit-platform-commons-1.6.2.jar;C:\Users\Crespo\.m2\repository\org\junit\jupiter\junit-jupiter-params\5.6.2\junit-jupiter-params-5.6.2.jar;C:\Users\Crespo\.m2\repository\org\junit\jupiter\junit-jupiter-engine\5.6.2\junit-jupiter-engine-5.6.2.jar;C:\Users\Crespo\.m2\repository\org\junit\vintage\junit-vintage-engine\5.6.2\junit-vintage-engine-5.6.2.jar;C:\Users\Crespo\.m2\repository\org\junit\platform\junit-platform-engine\1.6.2\junit-platform-engine-1.6.2.jar;C:\Users\Crespo\.m2\repository\org\mockito\mockito-core\3.3.3\mockito-core-3.3.3.jar;C:\Users\Crespo\.m2\repository\net\bytebuddy\byte-buddy-agent\1.10.10\byte-buddy-agent-1.10.10.jar;C:\Users\Crespo\.m2\repository\org\objenesis\objenesis\2.6\objenesis-2.6.jar;C:\Users\Crespo\.m2\repository\org\mockito\mockito-junit-jupiter\3.3.3\mockito-junit-jupiter-3.3.3.jar;C:\Users\Crespo\.m2\repository\org\skyscreamer\jsonassert\1.5.0\jsonassert-1.5.0.jar;C:\Users\Crespo\.m2\repository\org\springframework\spring-core\5.2.6.RELEASE\spring-core-5.2.6.RELEASE.jar;C:\Users\Crespo\.m2\repository\org\springframework\spring-jcl\5.2.6.RELEASE\spring-jcl-5.2.6.RELEASE.jar;C:\Users\Crespo\.m2\repository\org\springframework\spring-test\5.2.6.RELEASE\spring-test-5.2.6.RELEASE.jar;C:\Users\Crespo\.m2\repository\org\xmlunit\xmlunit-core\2.7.0\xmlunit-core-2.7.0.jar;C:\Users\Crespo\.m2\repository\org\springframework\boot\spring-boot-starter-data-mongodb\2.3.0.RELEASE\spring-boot-starter-data-mongodb-2.3.0.RELEASE.jar;C:\Users\Crespo\.m2\repository\org\mongodb\mongodb-driver-sync\4.0.3\mongodb-driver-sync-4.0.3.jar;C:\Users\Crespo\.m2\repository\org\mongodb\bson\4.0.3\bson-4.0.3.jar;C:\Users\Crespo\.m2\repository\org\mongodb\mongodb-driver-core\4.0.3\mongodb-driver-core-4.0.3.jar;C:\Users\Crespo\.m2\repository\org\springframework\data\spring-data-mongodb\3.0.0.RELEASE\spring-data-mongodb-3.0.0.RELEASE.jar;C:\Users\Crespo\.m2\repository\org\springframework\data\spring-data-commons\2.3.0.RELEASE\spring-data-commons-2.3.0.RELEASE.jar;C:\Users\Crespo\.m2\repository\commons-io\commons-io\2.8.0\commons-io-2.8.0.jar;C:\Users\Crespo\.m2\repository\com\googlecode\json-simple\json-simple\1.1.1\json-simple-1.1.1.jar;C:\Users\Crespo\.m2\repository\javax\validation\validation-api\2.0.1.Final\validation-api-2.0.1.Final.jar;C:\Users\Crespo\.m2\repository\javax\annotation\javax.annotation-api\1.3.2\javax.annotation-api-1.3.2.jar;C:\Users\Crespo\.m2\repository\org\json\json\20200518\json-20200518.jar;C:\Users\Crespo\.m2\repository\commons-codec\commons-codec\1.14\commons-codec-1.14.jar;C:\Users\Crespo\.m2\repository\org\eclipse\jgit\org.eclipse.jgit\3.5.0.201409260305-r\org.eclipse.jgit-3.5.0.201409260305-r.jar;C:\Users\Crespo\.m2\repository\com\jcraft\jsch\0.1.50\jsch-0.1.50.jar;C:\Users\Crespo\.m2\repository\com\googlecode\javaewah\JavaEWAH\0.7.9\JavaEWAH-0.7.9.jar;C:\Users\Crespo\.m2\repository\org\apache\httpcomponents\httpclient\4.5.12\httpclient-4.5.12.jar;C:\Users\Crespo\.m2\repository\org\apache\httpcomponents\httpcore\4.4.13\httpcore-4.4.13.jar;C:\Users\Crespo\.m2\repository\com\squareup\okhttp3\okhttp\4.8.1\okhttp-4.8.1.jar;C:\Users\Crespo\.m2\repository\com\squareup\okio\okio\2.7.0\okio-2.7.0.jar;C:\Users\Crespo\.m2\repository\org\jetbrains\kotlin\kotlin-stdlib-common\1.3.72\kotlin-stdlib-common-1.3.72.jar;C:\Users\Crespo\.m2\repository\org\jetbrains\kotlin\kotlin-stdlib\1.3.72\kotlin-stdlib-1.3.72.jar;C:\Users\Crespo\.m2\repository\org\jetbrains\annotations\13.0\annotations-13.0.jar;C:\Users\Crespo\.m2\repository\org\asynchttpclient\async-http-client\2.2.0\async-http-client-2.2.0.jar;C:\Users\Crespo\.m2\repository\org\asynchttpclient\async-http-client-netty-utils\2.2.0\async-http-client-netty-utils-2.2.0.jar;C:\Users\Crespo\.m2\repository\io\netty\netty-buffer\4.1.49.Final\netty-buffer-4.1.49.Final.jar;C:\Users\Crespo\.m2\repository\io\netty\netty-codec-http\4.1.49.Final\netty-codec-http-4.1.49.Final.jar;C:\Users\Crespo\.m2\repository\io\netty\netty-common\4.1.49.Final\netty-common-4.1.49.Final.jar;C:\Users\Crespo\.m2\repository\io\netty\netty-transport\4.1.49.Final\netty-transport-4.1.49.Final.jar;C:\Users\Crespo\.m2\repository\io\netty\netty-codec\4.1.49.Final\netty-codec-4.1.49.Final.jar;C:\Users\Crespo\.m2\repository\io\netty\netty-handler\4.1.49.Final\netty-handler-4.1.49.Final.jar;C:\Users\Crespo\.m2\repository\io\netty\netty-resolver\4.1.49.Final\netty-resolver-4.1.49.Final.jar;C:\Users\Crespo\.m2\repository\io\netty\netty-codec-socks\4.1.49.Final\netty-codec-socks-4.1.49.Final.jar;C:\Users\Crespo\.m2\repository\io\netty\netty-handler-proxy\4.1.49.Final\netty-handler-proxy-4.1.49.Final.jar;C:\Users\Crespo\.m2\repository\io\netty\netty-transport-native-epoll\4.1.49.Final\netty-transport-native-epoll-4.1.49.Final-linux-x86_64.jar;C:\Users\Crespo\.m2\repository\io\netty\netty-transport-native-unix-common\4.1.49.Final\netty-transport-native-unix-common-4.1.49.Final.jar;C:\Users\Crespo\.m2\repository\io\netty\netty-resolver-dns\4.1.49.Final\netty-resolver-dns-4.1.49.Final.jar;C:\Users\Crespo\.m2\repository\io\netty\netty-codec-dns\4.1.49.Final\netty-codec-dns-4.1.49.Final.jar;C:\Users\Crespo\.m2\repository\org\reactivestreams\reactive-streams\1.0.3\reactive-streams-1.0.3.jar;C:\Users\Crespo\.m2\repository\com\typesafe\netty\netty-reactive-streams\2.0.0\netty-reactive-streams-2.0.0.jar;C:\Users\Crespo\.m2\repository\org\slf4j\slf4j-api\1.7.30\slf4j-api-1.7.30.jar;C:\Users\Crespo\.m2\repository\com\wordnik\swagger-annotations\1.3.12\swagger-annotations-1.3.12.jar;C:\Users\Crespo\.m2\repository\io\cucumber\cucumber-spring\6.8.1\cucumber-spring-6.8.1.jar;C:\Users\Crespo\.m2\repository\io\cucumber\cucumber-core\6.8.1\cucumber-core-6.8.1.jar;C:\Users\Crespo\.m2\repository\io\cucumber\cucumber-gherkin\6.8.1\cucumber-gherkin-6.8.1.jar;C:\Users\Crespo\.m2\repository\io\cucumber\cucumber-gherkin-messages\6.8.1\cucumber-gherkin-messages-6.8.1.jar;C:\Users\Crespo\.m2\repository\io\cucumber\messages\13.1.0\messages-13.1.0.jar;C:\Users\Crespo\.m2\repository\io\cucumber\tag-expressions\3.0.0\tag-expressions-3.0.0.jar;C:\Users\Crespo\.m2\repository\io\cucumber\cucumber-expressions\10.3.0\cucumber-expressions-10.3.0.jar;C:\Users\Crespo\.m2\repository\io\cucumber\datatable\3.5.0\datatable-3.5.0.jar;C:\Users\Crespo\.m2\repository\io\cucumber\cucumber-plugin\6.8.1\cucumber-plugin-6.8.1.jar;C:\Users\Crespo\.m2\repository\io\cucumber\docstring\6.8.1\docstring-6.8.1.jar;C:\Users\Crespo\.m2\repository\io\cucumber\html-formatter\9.0.0\html-formatter-9.0.0.jar;C:\Users\Crespo\.m2\repository\io\cucumber\create-meta\2.0.2\create-meta-2.0.2.jar;C:\Users\Crespo\.m2\repository\org\apiguardian\apiguardian-api\1.1.0\apiguardian-api-1.1.0.jar;C:\Users\Crespo\.m2\repository\io\cucumber\cucumber-java\6.8.1\cucumber-java-6.8.1.jar;C:\Users\Crespo\.m2\repository\io\cucumber\cucumber-junit\6.8.1\cucumber-junit-6.8.1.jar;C:\Users\Crespo\.m2\repository\junit\junit\4.13\junit-4.13.jar;C:\Users\Crespo\.m2\repository\org\hamcrest\hamcrest-core\2.2\hamcrest-core-2.2.jar;C:\Users\Crespo\.m2\repository\org\seleniumhq\selenium\selenium-java\3.141.59\selenium-java-3.141.59.jar;C:\Users\Crespo\.m2\repository\org\seleniumhq\selenium\selenium-api\3.141.59\selenium-api-3.141.59.jar;C:\Users\Crespo\.m2\repository\org\seleniumhq\selenium\selenium-chrome-driver\3.141.59\selenium-chrome-driver-3.141.59.jar;C:\Users\Crespo\.m2\repository\org\seleniumhq\selenium\selenium-edge-driver\3.141.59\selenium-edge-driver-3.141.59.jar;C:\Users\Crespo\.m2\repository\org\seleniumhq\selenium\selenium-ie-driver\3.141.59\selenium-ie-driver-3.141.59.jar;C:\Users\Crespo\.m2\repository\org\seleniumhq\selenium\selenium-opera-driver\3.141.59\selenium-opera-driver-3.141.59.jar;C:\Users\Crespo\.m2\repository\org\seleniumhq\selenium\selenium-remote-driver\3.141.59\selenium-remote-driver-3.141.59.jar;C:\Users\Crespo\.m2\repository\org\seleniumhq\selenium\selenium-safari-driver\3.141.59\selenium-safari-driver-3.141.59.jar;C:\Users\Crespo\.m2\repository\org\seleniumhq\selenium\selenium-support\3.141.59\selenium-support-3.141.59.jar;C:\Users\Crespo\.m2\repository\net\bytebuddy\byte-buddy\1.10.10\byte-buddy-1.10.10.jar;C:\Users\Crespo\.m2\repository\org\apache\commons\commons-exec\1.3\commons-exec-1.3.jar;C:\Users\Crespo\.m2\repository\com\google\guava\guava\25.0-jre\guava-25.0-jre.jar;C:\Users\Crespo\.m2\repository\com\google\code\findbugs\jsr305\1.3.9\jsr305-1.3.9.jar;C:\Users\Crespo\.m2\repository\org\checkerframework\checker-compat-qual\2.0.0\checker-compat-qual-2.0.0.jar;C:\Users\Crespo\.m2\repository\com\google\errorprone\error_prone_annotations\2.1.3\error_prone_annotations-2.1.3.jar;C:\Users\Crespo\.m2\repository\com\google\j2objc\j2objc-annotations\1.1\j2objc-annotations-1.1.jar;C:\Users\Crespo\.m2\repository\org\codehaus\mojo\animal-sniffer-annotations\1.14\animal-sniffer-annotations-1.14.jar;C:\Users\Crespo\.m2\repository\org\seleniumhq\selenium\selenium-firefox-driver\3.141.59\selenium-firefox-driver-3.141.59.jar;C:\Users\Crespo\.m2\repository\com\google\code\gson\gson\2.8.6\gson-2.8.6.jar;C:\Users\Crespo\.m2\repository\commons-net\commons-net\3.6\commons-net-3.6.jar;C:\Users\Crespo\.m2\repository\com\rabbitmq\amqp-client\5.12.0\amqp-client-5.12.0.jar;C:\Users\Crespo\.m2\repository\com\sun\mail\javax.mail\1.6.2\javax.mail-1.6.2.jar;C:\Users\Crespo\.m2\repository\javax\activation\activation\1.1\activation-1.1.jar;"/>
    <property name="java.vm.vendor" value="Oracle Corporation"/>
    <property name="sun.arch.data.model" value="64"/>
    <property name="user.variant" value=""/>
    <property name="java.vendor.url" value="https://openjdk.java.net/"/>
    <property name="user.timezone" value="Europe/Paris"/>
    <property name="java.vm.specification.version" value="11"/>
    <property name="os.name" value="Windows 10"/>
    <property name="sun.java.launcher" value="SUN_STANDARD"/>
    <property name="user.country" value="ES"/>
    <property name="sun.boot.library.path" value="C:\Program Files\Java\jdk-11.0.8\bin"/>
    <property name="sun.java.command" value="C:\Users\Crespo\AppData\Local\Temp\surefire13492281937988206292\surefirebooter3400837211514329441.jar C:\Users\Crespo\AppData\Local\Temp\surefire13492281937988206292 2021-07-13T09-34-52_829-jvmRun1 surefire4075920748990296533tmp surefire_014399118101229669391tmp"/>
    <property name="jdk.debug" value="release"/>
    <property name="surefire.test.class.path" value="C:\Users\Crespo\eclipse-workspace\devopsmetrics\target\test-classes;C:\Users\Crespo\eclipse-workspace\devopsmetrics\target\classes;C:\Users\Crespo\.m2\repository\org\springframework\boot\spring-boot-starter-web\2.3.0.RELEASE\spring-boot-starter-web-2.3.0.RELEASE.jar;C:\Users\Crespo\.m2\repository\org\springframework\boot\spring-boot-starter\2.3.0.RELEASE\spring-boot-starter-2.3.0.RELEASE.jar;C:\Users\Crespo\.m2\repository\org\springframework\boot\spring-boot\2.3.0.RELEASE\spring-boot-2.3.0.RELEASE.jar;C:\Users\Crespo\.m2\repository\org\springframework\boot\spring-boot-autoconfigure\2.3.0.RELEASE\spring-boot-autoconfigure-2.3.0.RELEASE.jar;C:\Users\Crespo\.m2\repository\org\springframework\boot\spring-boot-starter-logging\2.3.0.RELEASE\spring-boot-starter-logging-2.3.0.RELEASE.jar;C:\Users\Crespo\.m2\repository\ch\qos\logback\logback-classic\1.2.3\logback-classic-1.2.3.jar;C:\Users\Crespo\.m2\repository\ch\qos\logback\logback-core\1.2.3\logback-core-1.2.3.jar;C:\Users\Crespo\.m2\repository\org\apache\logging\log4j\log4j-to-slf4j\2.13.2\log4j-to-slf4j-2.13.2.jar;C:\Users\Crespo\.m2\repository\org\apache\logging\log4j\log4j-api\2.13.2\log4j-api-2.13.2.jar;C:\Users\Crespo\.m2\repository\org\slf4j\jul-to-slf4j\1.7.30\jul-to-slf4j-1.7.30.jar;C:\Users\Crespo\.m2\repository\jakarta\annotation\jakarta.annotation-api\1.3.5\jakarta.annotation-api-1.3.5.jar;C:\Users\Crespo\.m2\repository\org\yaml\snakeyaml\1.26\snakeyaml-1.26.jar;C:\Users\Crespo\.m2\repository\org\springframework\boot\spring-boot-starter-json\2.3.0.RELEASE\spring-boot-starter-json-2.3.0.RELEASE.jar;C:\Users\Crespo\.m2\repository\com\fasterxml\jackson\core\jackson-databind\2.11.0\jackson-databind-2.11.0.jar;C:\Users\Crespo\.m2\repository\com\fasterxml\jackson\core\jackson-annotations\2.11.0\jackson-annotations-2.11.0.jar;C:\Users\Crespo\.m2\repository\com\fasterxml\jackson\core\jackson-core\2.11.0\jackson-core-2.11.0.jar;C:\Users\Crespo\.m2\repository\com\fasterxml\jackson\datatype\jackson-datatype-jdk8\2.11.0\jackson-datatype-jdk8-2.11.0.jar;C:\Users\Crespo\.m2\repository\com\fasterxml\jackson\datatype\jackson-datatype-jsr310\2.11.0\jackson-datatype-jsr310-2.11.0.jar;C:\Users\Crespo\.m2\repository\com\fasterxml\jackson\module\jackson-module-parameter-names\2.11.0\jackson-module-parameter-names-2.11.0.jar;C:\Users\Crespo\.m2\repository\org\springframework\boot\spring-boot-starter-tomcat\2.3.0.RELEASE\spring-boot-starter-tomcat-2.3.0.RELEASE.jar;C:\Users\Crespo\.m2\repository\org\apache\tomcat\embed\tomcat-embed-core\9.0.35\tomcat-embed-core-9.0.35.jar;C:\Users\Crespo\.m2\repository\org\glassfish\jakarta.el\3.0.3\jakarta.el-3.0.3.jar;C:\Users\Crespo\.m2\repository\org\apache\tomcat\embed\tomcat-embed-websocket\9.0.35\tomcat-embed-websocket-9.0.35.jar;C:\Users\Crespo\.m2\repository\org\springframework\spring-web\5.2.6.RELEASE\spring-web-5.2.6.RELEASE.jar;C:\Users\Crespo\.m2\repository\org\springframework\spring-beans\5.2.6.RELEASE\spring-beans-5.2.6.RELEASE.jar;C:\Users\Crespo\.m2\repository\org\springframework\spring-webmvc\5.2.6.RELEASE\spring-webmvc-5.2.6.RELEASE.jar;C:\Users\Crespo\.m2\repository\org\springframework\spring-aop\5.2.6.RELEASE\spring-aop-5.2.6.RELEASE.jar;C:\Users\Crespo\.m2\repository\org\springframework\spring-context\5.2.6.RELEASE\spring-context-5.2.6.RELEASE.jar;C:\Users\Crespo\.m2\repository\org\springframework\spring-expression\5.2.6.RELEASE\spring-expression-5.2.6.RELEASE.jar;C:\Users\Crespo\.m2\repository\org\springframework\boot\spring-boot-starter-amqp\2.3.0.RELEASE\spring-boot-starter-amqp-2.3.0.RELEASE.jar;C:\Users\Crespo\.m2\repository\org\springframework\spring-messaging\5.2.6.RELEASE\spring-messaging-5.2.6.RELEASE.jar;C:\Users\Crespo\.m2\repository\org\springframework\amqp\spring-rabbit\2.2.6.RELEASE\spring-rabbit-2.2.6.RELEASE.jar;C:\Users\Crespo\.m2\repository\org\springframework\amqp\spring-amqp\2.2.6.RELEASE\spring-amqp-2.2.6.RELEASE.jar;C:\Users\Crespo\.m2\repository\org\springframework\retry\spring-retry\1.2.5.RELEASE\spring-retry-1.2.5.RELEASE.jar;C:\Users\Crespo\.m2\repository\org\springframework\spring-tx\5.2.6.RELEASE\spring-tx-5.2.6.RELEASE.jar;C:\Users\Crespo\.m2\repository\org\springframework\boot\spring-boot-starter-test\2.3.0.RELEASE\spring-boot-starter-test-2.3.0.RELEASE.jar;C:\Users\Crespo\.m2\repository\org\springframework\boot\spring-boot-test\2.3.0.RELEASE\spring-boot-test-2.3.0.RELEASE.jar;C:\Users\Crespo\.m2\repository\org\springframework\boot\spring-boot-test-autoconfigure\2.3.0.RELEASE\spring-boot-test-autoconfigure-2.3.0.RELEASE.jar;C:\Users\Crespo\.m2\repository\com\jayway\jsonpath\json-path\2.4.0\json-path-2.4.0.jar;C:\Users\Crespo\.m2\repository\net\minidev\json-smart\2.3\json-smart-2.3.jar;C:\Users\Crespo\.m2\repository\net\minidev\accessors-smart\1.2\accessors-smart-1.2.jar;C:\Users\Crespo\.m2\repository\org\ow2\asm\asm\5.0.4\asm-5.0.4.jar;C:\Users\Crespo\.m2\repository\jakarta\xml\bind\jakarta.xml.bind-api\2.3.3\jakarta.xml.bind-api-2.3.3.jar;C:\Users\Crespo\.m2\repository\jakarta\activation\jakarta.activation-api\1.2.2\jakarta.activation-api-1.2.2.jar;C:\Users\Crespo\.m2\repository\org\assertj\assertj-core\3.16.1\assertj-core-3.16.1.jar;C:\Users\Crespo\.m2\repository\org\hamcrest\hamcrest\2.2\hamcrest-2.2.jar;C:\Users\Crespo\.m2\repository\org\junit\jupiter\junit-jupiter\5.6.2\junit-jupiter-5.6.2.jar;C:\Users\Crespo\.m2\repository\org\junit\jupiter\junit-jupiter-api\5.6.2\junit-jupiter-api-5.6.2.jar;C:\Users\Crespo\.m2\repository\org\opentest4j\opentest4j\1.2.0\opentest4j-1.2.0.jar;C:\Users\Crespo\.m2\repository\org\junit\platform\junit-platform-commons\1.6.2\junit-platform-commons-1.6.2.jar;C:\Users\Crespo\.m2\repository\org\junit\jupiter\junit-jupiter-params\5.6.2\junit-jupiter-params-5.6.2.jar;C:\Users\Crespo\.m2\repository\org\junit\jupiter\junit-jupiter-engine\5.6.2\junit-jupiter-engine-5.6.2.jar;C:\Users\Crespo\.m2\repository\org\junit\vintage\junit-vintage-engine\5.6.2\junit-vintage-engine-5.6.2.jar;C:\Users\Crespo\.m2\repository\org\junit\platform\junit-platform-engine\1.6.2\junit-platform-engine-1.6.2.jar;C:\Users\Crespo\.m2\repository\org\mockito\mockito-core\3.3.3\mockito-core-3.3.3.jar;C:\Users\Crespo\.m2\repository\net\bytebuddy\byte-buddy-agent\1.10.10\byte-buddy-agent-1.10.10.jar;C:\Users\Crespo\.m2\repository\org\objenesis\objenesis\2.6\objenesis-2.6.jar;C:\Users\Crespo\.m2\repository\org\mockito\mockito-junit-jupiter\3.3.3\mockito-junit-jupiter-3.3.3.jar;C:\Users\Crespo\.m2\repository\org\skyscreamer\jsonassert\1.5.0\jsonassert-1.5.0.jar;C:\Users\Crespo\.m2\repository\org\springframework\spring-core\5.2.6.RELEASE\spring-core-5.2.6.RELEASE.jar;C:\Users\Crespo\.m2\repository\org\springframework\spring-jcl\5.2.6.RELEASE\spring-jcl-5.2.6.RELEASE.jar;C:\Users\Crespo\.m2\repository\org\springframework\spring-test\5.2.6.RELEASE\spring-test-5.2.6.RELEASE.jar;C:\Users\Crespo\.m2\repository\org\xmlunit\xmlunit-core\2.7.0\xmlunit-core-2.7.0.jar;C:\Users\Crespo\.m2\repository\org\springframework\boot\spring-boot-starter-data-mongodb\2.3.0.RELEASE\spring-boot-starter-data-mongodb-2.3.0.RELEASE.jar;C:\Users\Crespo\.m2\repository\org\mongodb\mongodb-driver-sync\4.0.3\mongodb-driver-sync-4.0.3.jar;C:\Users\Crespo\.m2\repository\org\mongodb\bson\4.0.3\bson-4.0.3.jar;C:\Users\Crespo\.m2\repository\org\mongodb\mongodb-driver-core\4.0.3\mongodb-driver-core-4.0.3.jar;C:\Users\Crespo\.m2\repository\org\springframework\data\spring-data-mongodb\3.0.0.RELEASE\spring-data-mongodb-3.0.0.RELEASE.jar;C:\Users\Crespo\.m2\repository\org\springframework\data\spring-data-commons\2.3.0.RELEASE\spring-data-commons-2.3.0.RELEASE.jar;C:\Users\Crespo\.m2\repository\commons-io\commons-io\2.8.0\commons-io-2.8.0.jar;C:\Users\Crespo\.m2\repository\com\googlecode\json-simple\json-simple\1.1.1\json-simple-1.1.1.jar;C:\Users\Crespo\.m2\repository\javax\validation\validation-api\2.0.1.Final\validation-api-2.0.1.Final.jar;C:\Users\Crespo\.m2\repository\javax\annotation\javax.annotation-api\1.3.2\javax.annotation-api-1.3.2.jar;C:\Users\Crespo\.m2\repository\org\json\json\20200518\json-20200518.jar;C:\Users\Crespo\.m2\repository\commons-codec\commons-codec\1.14\commons-codec-1.14.jar;C:\Users\Crespo\.m2\repository\org\eclipse\jgit\org.eclipse.jgit\3.5.0.201409260305-r\org.eclipse.jgit-3.5.0.201409260305-r.jar;C:\Users\Crespo\.m2\repository\com\jcraft\jsch\0.1.50\jsch-0.1.50.jar;C:\Users\Crespo\.m2\repository\com\googlecode\javaewah\JavaEWAH\0.7.9\JavaEWAH-0.7.9.jar;C:\Users\Crespo\.m2\repository\org\apache\httpcomponents\httpclient\4.5.12\httpclient-4.5.12.jar;C:\Users\Crespo\.m2\repository\org\apache\httpcomponents\httpcore\4.4.13\httpcore-4.4.13.jar;C:\Users\Crespo\.m2\repository\com\squareup\okhttp3\okhttp\4.8.1\okhttp-4.8.1.jar;C:\Users\Crespo\.m2\repository\com\squareup\okio\okio\2.7.0\okio-2.7.0.jar;C:\Users\Crespo\.m2\repository\org\jetbrains\kotlin\kotlin-stdlib-common\1.3.72\kotlin-stdlib-common-1.3.72.jar;C:\Users\Crespo\.m2\repository\org\jetbrains\kotlin\kotlin-stdlib\1.3.72\kotlin-stdlib-1.3.72.jar;C:\Users\Crespo\.m2\repository\org\jetbrains\annotations\13.0\annotations-13.0.jar;C:\Users\Crespo\.m2\repository\org\asynchttpclient\async-http-client\2.2.0\async-http-client-2.2.0.jar;C:\Users\Crespo\.m2\repository\org\asynchttpclient\async-http-client-netty-utils\2.2.0\async-http-client-netty-utils-2.2.0.jar;C:\Users\Crespo\.m2\repository\io\netty\netty-buffer\4.1.49.Final\netty-buffer-4.1.49.Final.jar;C:\Users\Crespo\.m2\repository\io\netty\netty-codec-http\4.1.49.Final\netty-codec-http-4.1.49.Final.jar;C:\Users\Crespo\.m2\repository\io\netty\netty-common\4.1.49.Final\netty-common-4.1.49.Final.jar;C:\Users\Crespo\.m2\repository\io\netty\netty-transport\4.1.49.Final\netty-transport-4.1.49.Final.jar;C:\Users\Crespo\.m2\repository\io\netty\netty-codec\4.1.49.Final\netty-codec-4.1.49.Final.jar;C:\Users\Crespo\.m2\repository\io\netty\netty-handler\4.1.49.Final\netty-handler-4.1.49.Final.jar;C:\Users\Crespo\.m2\repository\io\netty\netty-resolver\4.1.49.Final\netty-resolver-4.1.49.Final.jar;C:\Users\Crespo\.m2\repository\io\netty\netty-codec-socks\4.1.49.Final\netty-codec-socks-4.1.49.Final.jar;C:\Users\Crespo\.m2\repository\io\netty\netty-handler-proxy\4.1.49.Final\netty-handler-proxy-4.1.49.Final.jar;C:\Users\Crespo\.m2\repository\io\netty\netty-transport-native-epoll\4.1.49.Final\netty-transport-native-epoll-4.1.49.Final-linux-x86_64.jar;C:\Users\Crespo\.m2\repository\io\netty\netty-transport-native-unix-common\4.1.49.Final\netty-transport-native-unix-common-4.1.49.Final.jar;C:\Users\Crespo\.m2\repository\io\netty\netty-resolver-dns\4.1.49.Final\netty-resolver-dns-4.1.49.Final.jar;C:\Users\Crespo\.m2\repository\io\netty\netty-codec-dns\4.1.49.Final\netty-codec-dns-4.1.49.Final.jar;C:\Users\Crespo\.m2\repository\org\reactivestreams\reactive-streams\1.0.3\reactive-streams-1.0.3.jar;C:\Users\Crespo\.m2\repository\com\typesafe\netty\netty-reactive-streams\2.0.0\netty-reactive-streams-2.0.0.jar;C:\Users\Crespo\.m2\repository\org\slf4j\slf4j-api\1.7.30\slf4j-api-1.7.30.jar;C:\Users\Crespo\.m2\repository\com\wordnik\swagger-annotations\1.3.12\swagger-annotations-1.3.12.jar;C:\Users\Crespo\.m2\repository\io\cucumber\cucumber-spring\6.8.1\cucumber-spring-6.8.1.jar;C:\Users\Crespo\.m2\repository\io\cucumber\cucumber-core\6.8.1\cucumber-core-6.8.1.jar;C:\Users\Crespo\.m2\repository\io\cucumber\cucumber-gherkin\6.8.1\cucumber-gherkin-6.8.1.jar;C:\Users\Crespo\.m2\repository\io\cucumber\cucumber-gherkin-messages\6.8.1\cucumber-gherkin-messages-6.8.1.jar;C:\Users\Crespo\.m2\repository\io\cucumber\messages\13.1.0\messages-13.1.0.jar;C:\Users\Crespo\.m2\repository\io\cucumber\tag-expressions\3.0.0\tag-expressions-3.0.0.jar;C:\Users\Crespo\.m2\repository\io\cucumber\cucumber-expressions\10.3.0\cucumber-expressions-10.3.0.jar;C:\Users\Crespo\.m2\repository\io\cucumber\datatable\3.5.0\datatable-3.5.0.jar;C:\Users\Crespo\.m2\repository\io\cucumber\cucumber-plugin\6.8.1\cucumber-plugin-6.8.1.jar;C:\Users\Crespo\.m2\repository\io\cucumber\docstring\6.8.1\docstring-6.8.1.jar;C:\Users\Crespo\.m2\repository\io\cucumber\html-formatter\9.0.0\html-formatter-9.0.0.jar;C:\Users\Crespo\.m2\repository\io\cucumber\create-meta\2.0.2\create-meta-2.0.2.jar;C:\Users\Crespo\.m2\repository\org\apiguardian\apiguardian-api\1.1.0\apiguardian-api-1.1.0.jar;C:\Users\Crespo\.m2\repository\io\cucumber\cucumber-java\6.8.1\cucumber-java-6.8.1.jar;C:\Users\Crespo\.m2\repository\io\cucumber\cucumber-junit\6.8.1\cucumber-junit-6.8.1.jar;C:\Users\Crespo\.m2\repository\junit\junit\4.13\junit-4.13.jar;C:\Users\Crespo\.m2\repository\org\hamcrest\hamcrest-core\2.2\hamcrest-core-2.2.jar;C:\Users\Crespo\.m2\repository\org\seleniumhq\selenium\selenium-java\3.141.59\selenium-java-3.141.59.jar;C:\Users\Crespo\.m2\repository\org\seleniumhq\selenium\selenium-api\3.141.59\selenium-api-3.141.59.jar;C:\Users\Crespo\.m2\repository\org\seleniumhq\selenium\selenium-chrome-driver\3.141.59\selenium-chrome-driver-3.141.59.jar;C:\Users\Crespo\.m2\repository\org\seleniumhq\selenium\selenium-edge-driver\3.141.59\selenium-edge-driver-3.141.59.jar;C:\Users\Crespo\.m2\repository\org\seleniumhq\selenium\selenium-ie-driver\3.141.59\selenium-ie-driver-3.141.59.jar;C:\Users\Crespo\.m2\repository\org\seleniumhq\selenium\selenium-opera-driver\3.141.59\selenium-opera-driver-3.141.59.jar;C:\Users\Crespo\.m2\repository\org\seleniumhq\selenium\selenium-remote-driver\3.141.59\selenium-remote-driver-3.141.59.jar;C:\Users\Crespo\.m2\repository\org\seleniumhq\selenium\selenium-safari-driver\3.141.59\selenium-safari-driver-3.141.59.jar;C:\Users\Crespo\.m2\repository\org\seleniumhq\selenium\selenium-support\3.141.59\selenium-support-3.141.59.jar;C:\Users\Crespo\.m2\repository\net\bytebuddy\byte-buddy\1.10.10\byte-buddy-1.10.10.jar;C:\Users\Crespo\.m2\repository\org\apache\commons\commons-exec\1.3\commons-exec-1.3.jar;C:\Users\Crespo\.m2\repository\com\google\guava\guava\25.0-jre\guava-25.0-jre.jar;C:\Users\Crespo\.m2\repository\com\google\code\findbugs\jsr305\1.3.9\jsr305-1.3.9.jar;C:\Users\Crespo\.m2\repository\org\checkerframework\checker-compat-qual\2.0.0\checker-compat-qual-2.0.0.jar;C:\Users\Crespo\.m2\repository\com\google\errorprone\error_prone_annotations\2.1.3\error_prone_annotations-2.1.3.jar;C:\Users\Crespo\.m2\repository\com\google\j2objc\j2objc-annotations\1.1\j2objc-annotations-1.1.jar;C:\Users\Crespo\.m2\repository\org\codehaus\mojo\animal-sniffer-annotations\1.14\animal-sniffer-annotations-1.14.jar;C:\Users\Crespo\.m2\repository\org\seleniumhq\selenium\selenium-firefox-driver\3.141.59\selenium-firefox-driver-3.141.59.jar;C:\Users\Crespo\.m2\repository\com\google\code\gson\gson\2.8.6\gson-2.8.6.jar;C:\Users\Crespo\.m2\repository\commons-net\commons-net\3.6\commons-net-3.6.jar;C:\Users\Crespo\.m2\repository\com\rabbitmq\amqp-client\5.12.0\amqp-client-5.12.0.jar;C:\Users\Crespo\.m2\repository\com\sun\mail\javax.mail\1.6.2\javax.mail-1.6.2.jar;C:\Users\Crespo\.m2\repository\javax\activation\activation\1.1\activation-1.1.jar;"/>
    <property name="sun.cpu.endian" value="little"/>
    <property name="user.home" value="C:\Users\Crespo"/>
    <property name="user.language" value="es"/>
    <property name="java.specification.vendor" value="Oracle Corporation"/>
    <property name="java.version.date" value="2020-07-14"/>
    <property name="java.home" value="C:\Program Files\Java\jdk-11.0.8"/>
    <property name="file.separator" value="\"/>
    <property name="basedir" value="C:\Users\Crespo\eclipse-workspace\devopsmetrics"/>
    <property name="java.vm.compressedOopsMode" value="Zero based"/>
    <property name="line.separator" value="&#10;"/>
    <property name="java.specification.name" value="Java Platform API Specification"/>
    <property name="java.vm.specification.vendor" value="Oracle Corporation"/>
    <property name="java.awt.graphicsenv" value="sun.awt.Win32GraphicsEnvironment"/>
    <property name="surefire.real.class.path" value="C:\Users\Crespo\AppData\Local\Temp\surefire13492281937988206292\surefirebooter3400837211514329441.jar"/>
    <property name="user.script" value=""/>
    <property name="sun.management.compiler" value="HotSpot 64-Bit Tiered Compilers"/>
    <property name="java.runtime.version" value="11.0.8+10-LTS"/>
    <property name="user.name" value="Crespo"/>
    <property name="path.separator" value=";"/>
    <property name="os.version" value="10.0"/>
    <property name="java.runtime.name" value="Java(TM) SE Runtime Environment"/>
    <property name="file.encoding" value="Cp1252"/>
    <property name="java.vm.name" value="Java HotSpot(TM) 64-Bit Server VM"/>
    <property name="java.vendor.version" value="18.9"/>
    <property name="localRepository" value="C:\Users\Crespo\.m2\repository"/>
    <property name="java.vendor.url.bug" value="https://bugreport.java.com/bugreport/"/>
    <property name="java.io.tmpdir" value="C:\Users\Crespo\AppData\Local\Temp\"/>
    <property name="java.version" value="11.0.8"/>
    <property name="user.dir" value="C:\Users\Crespo\eclipse-workspace\devopsmetrics"/>
    <property name="os.arch" value="amd64"/>
    <property name="java.vm.specification.name" value="Java Virtual Machine Specification"/>
    <property name="java.awt.printerjob" value="sun.awt.windows.WPrinterJob"/>
    <property name="sun.os.patch.level" value=""/>
    <property name="java.library.path" value="C:\Program Files\Java\jdk-11.0.8\bin;C:\WINDOWS\Sun\Java\bin;C:\WINDOWS\system32;C:\WINDOWS;C:/Users/Crespo/.p2/pool/plugins/org.eclipse.justj.openjdk.hotspot.jre.full.win32.x86_64_14.0.2.v20200815-0932/jre/bin/server;C:/Users/Crespo/.p2/pool/plugins/org.eclipse.justj.openjdk.hotspot.jre.full.win32.x86_64_14.0.2.v20200815-0932/jre/bin;C:\Program Files (x86)\Common Files\Oracle\Java\javapath;C:\Program Files\Common Files\Oracle\Java\javapath;C:\Windows\system32;C:\Windows;C:\Windows\System32\Wbem;C:\Windows\System32\WindowsPowerShell\v1.0\;C:\Windows\System32\OpenSSH\;C:\Program Files (x86)\NVIDIA Corporation\PhysX\Common;C:\Program Files\NVIDIA Corporation\NVIDIA NvDLISR;C:\WINDOWS\system32;C:\WINDOWS;C:\WINDOWS\System32\Wbem;C:\WINDOWS\System32\WindowsPowerShell\v1.0\;C:\WINDOWS\System32\OpenSSH\;C:\Program Files\AutoFirma\AutoFirma;C:\Program Files\nodejs\;C:\Program Files\Git\cmd;C:\Program Files\Intel\WiFi\bin\;C:\Program Files\Common Files\Intel\WirelessCommon\;C:\Program Files (x86)\Calibre2\;C:\Program Files\Docker\Docker\resources\bin;C:\ProgramData\DockerDesktop\version-bin;C:\Program Files\MySQL\MySQL Shell 8.0\bin\;C:\Users\Crespo\AppData\Local\Microsoft\WindowsApps;C:\Users\Crespo\AppData\Roaming\npm;C:\apache-maven-3.6.3\bin;C:\Users\Crespo\AppData\Local\Programs\Microsoft VS Code\bin;C:\Program Files\Intel\WiFi\bin\;C:\Program Files\Common Files\Intel\WirelessCommon\;C:\Program Files\heroku\bin;C:\Users\Crespo\AppData\Local\GitHubDesktop\bin;C:\WINDOWS\System32;;."/>
    <property name="java.vendor" value="Oracle Corporation"/>
    <property name="java.vm.info" value="mixed mode"/>
    <property name="java.vm.version" value="11.0.8+10-LTS"/>
    <property name="sun.io.unicode.encoding" value="UnicodeLittle"/>
    <property name="java.class.version" value="55.0"/>
  </properties>
  <testcase name="{feature to test the function to delete an user in the system}" classname="edu.uclm.esi.devopsmetrics.bdd.TestRunner" time="48.343">
    <error type="java.lang.NullPointerException">java.lang.NullPointerException
</error>
    <system-out><![CDATA[09:34:54.458 [main] DEBUG org.springframework.test.context.BootstrapUtils - Instantiating CacheAwareContextLoaderDelegate from class [org.springframework.test.context.cache.DefaultCacheAwareContextLoaderDelegate]
09:34:54.471 [main] DEBUG org.springframework.test.context.BootstrapUtils - Instantiating BootstrapContext using constructor [public org.springframework.test.context.support.DefaultBootstrapContext(java.lang.Class,org.springframework.test.context.CacheAwareContextLoaderDelegate)]
09:34:54.499 [main] DEBUG org.springframework.test.context.BootstrapUtils - Instantiating TestContextBootstrapper for test class [edu.uclm.esi.devopsmetrics.bdd.TestRunner] from class [org.springframework.test.context.support.DefaultTestContextBootstrapper]
09:34:54.515 [main] INFO org.springframework.test.context.support.DefaultTestContextBootstrapper - Neither @ContextConfiguration nor @ContextHierarchy found for test class [edu.uclm.esi.devopsmetrics.bdd.TestRunner], using DelegatingSmartContextLoader
09:34:54.519 [main] DEBUG org.springframework.test.context.support.AbstractDelegatingSmartContextLoader - Delegating to GenericXmlContextLoader to process context configuration [ContextConfigurationAttributes@29caf222 declaringClass = 'edu.uclm.esi.devopsmetrics.bdd.TestRunner', classes = '{}', locations = '{}', inheritLocations = false, initializers = '{}', inheritInitializers = true, name = [null], contextLoaderClass = 'org.springframework.test.context.ContextLoader'].
09:34:54.522 [main] DEBUG org.springframework.test.context.support.AbstractContextLoader - Did not detect default resource location for test class [edu.uclm.esi.devopsmetrics.bdd.TestRunner]: class path resource [edu/uclm/esi/devopsmetrics/bdd/TestRunner-context.xml] does not exist
09:34:54.522 [main] INFO org.springframework.test.context.support.AbstractContextLoader - Could not detect default resource locations for test class [edu.uclm.esi.devopsmetrics.bdd.TestRunner]: no resource found for suffixes {-context.xml}.
09:34:54.523 [main] DEBUG org.springframework.test.context.support.AbstractDelegatingSmartContextLoader - Delegating to AnnotationConfigContextLoader to process context configuration [ContextConfigurationAttributes@29caf222 declaringClass = 'edu.uclm.esi.devopsmetrics.bdd.TestRunner', classes = '{}', locations = '{}', inheritLocations = false, initializers = '{}', inheritInitializers = true, name = [null], contextLoaderClass = 'org.springframework.test.context.ContextLoader'].
09:34:54.524 [main] INFO org.springframework.test.context.support.AnnotationConfigContextLoaderUtils - Could not detect default configuration classes for test class [edu.uclm.esi.devopsmetrics.bdd.TestRunner]: TestRunner does not declare any static, non-private, non-final, nested classes annotated with @Configuration.
09:34:54.570 [main] DEBUG org.springframework.test.context.support.ActiveProfilesUtils - Could not find an 'annotation declaring class' for annotation type [org.springframework.test.context.ActiveProfiles] and class [edu.uclm.esi.devopsmetrics.bdd.TestRunner]
09:34:54.571 [main] DEBUG org.springframework.test.context.support.DefaultTestContextBootstrapper - @TestExecutionListeners is not present for class [edu.uclm.esi.devopsmetrics.bdd.TestRunner]: using defaults.
09:34:54.572 [main] INFO org.springframework.test.context.support.DefaultTestContextBootstrapper - Loaded default TestExecutionListener class names from location [META-INF/spring.factories]: [org.springframework.boot.test.mock.mockito.MockitoTestExecutionListener, org.springframework.boot.test.mock.mockito.ResetMocksTestExecutionListener, org.springframework.boot.test.autoconfigure.restdocs.RestDocsTestExecutionListener, org.springframework.boot.test.autoconfigure.web.client.MockRestServiceServerResetTestExecutionListener, org.springframework.boot.test.autoconfigure.web.servlet.MockMvcPrintOnlyOnFailureTestExecutionListener, org.springframework.boot.test.autoconfigure.web.servlet.WebDriverTestExecutionListener, org.springframework.boot.test.autoconfigure.webservices.client.MockWebServiceServerTestExecutionListener, org.springframework.test.context.web.ServletTestExecutionListener, org.springframework.test.context.support.DirtiesContextBeforeModesTestExecutionListener, org.springframework.test.context.support.DependencyInjectionTestExecutionListener, org.springframework.test.context.support.DirtiesContextTestExecutionListener, org.springframework.test.context.transaction.TransactionalTestExecutionListener, org.springframework.test.context.jdbc.SqlScriptsTestExecutionListener, org.springframework.test.context.event.EventPublishingTestExecutionListener]
09:34:54.595 [main] INFO org.springframework.test.context.support.DefaultTestContextBootstrapper - Using TestExecutionListeners: [org.springframework.test.context.web.ServletTestExecutionListener@7d2a6eac, org.springframework.test.context.support.DirtiesContextBeforeModesTestExecutionListener@18ca3c62, org.springframework.boot.test.mock.mockito.MockitoTestExecutionListener@2c0f7678, org.springframework.test.context.support.DependencyInjectionTestExecutionListener@44d70181, org.springframework.test.context.support.DirtiesContextTestExecutionListener@6aa648b9, org.springframework.test.context.transaction.TransactionalTestExecutionListener@23c650a3, org.springframework.test.context.jdbc.SqlScriptsTestExecutionListener@742d4e15, org.springframework.test.context.event.EventPublishingTestExecutionListener@88a8218, org.springframework.boot.test.mock.mockito.ResetMocksTestExecutionListener@50b1f030, org.springframework.boot.test.autoconfigure.restdocs.RestDocsTestExecutionListener@4163f1cd, org.springframework.boot.test.autoconfigure.web.client.MockRestServiceServerResetTestExecutionListener@5fa05212, org.springframework.boot.test.autoconfigure.web.servlet.MockMvcPrintOnlyOnFailureTestExecutionListener@3e681bc, org.springframework.boot.test.autoconfigure.web.servlet.WebDriverTestExecutionListener@5c09d180, org.springframework.boot.test.autoconfigure.webservices.client.MockWebServiceServerTestExecutionListener@23aae55]
09:34:54.599 [main] DEBUG org.springframework.test.context.support.AbstractDelegatingSmartContextLoader - Delegating to AnnotationConfigContextLoader to load context from [MergedContextConfiguration@7cf7aee testClass = TestRunner, locations = '{}', classes = '{}', contextInitializerClasses = '[]', activeProfiles = '{}', propertySourceLocations = '{}', propertySourceProperties = '{}', contextCustomizers = set[org.springframework.boot.test.context.filter.ExcludeFilterContextCustomizer@6a175569, org.springframework.boot.test.json.DuplicateJsonObjectContextCustomizerFactory$DuplicateJsonObjectContextCustomizer@11ee02f8, org.springframework.boot.test.mock.mockito.MockitoContextCustomizer@0, org.springframework.boot.test.autoconfigure.properties.PropertyMappingContextCustomizer@0, org.springframework.boot.test.autoconfigure.web.servlet.WebDriverContextCustomizerFactory$Customizer@159e366], contextLoader = 'org.springframework.test.context.support.DelegatingSmartContextLoader', parent = [null]].
09:34:54.600 [main] DEBUG org.springframework.test.context.support.AbstractGenericContextLoader - Loading ApplicationContext for merged context configuration [[MergedContextConfiguration@7cf7aee testClass = TestRunner, locations = '{}', classes = '{}', contextInitializerClasses = '[]', activeProfiles = '{}', propertySourceLocations = '{}', propertySourceProperties = '{}', contextCustomizers = set[org.springframework.boot.test.context.filter.ExcludeFilterContextCustomizer@6a175569, org.springframework.boot.test.json.DuplicateJsonObjectContextCustomizerFactory$DuplicateJsonObjectContextCustomizer@11ee02f8, org.springframework.boot.test.mock.mockito.MockitoContextCustomizer@0, org.springframework.boot.test.autoconfigure.properties.PropertyMappingContextCustomizer@0, org.springframework.boot.test.autoconfigure.web.servlet.WebDriverContextCustomizerFactory$Customizer@159e366], contextLoader = 'org.springframework.test.context.support.DelegatingSmartContextLoader', parent = [null]]].
09:34:54.646 [main] DEBUG org.springframework.core.env.StandardEnvironment - Activating profiles []
09:34:54.647 [main] DEBUG org.springframework.test.context.support.AnnotationConfigContextLoader - Registering component classes: {}
09:34:54.677 [main] DEBUG org.springframework.context.support.GenericApplicationContext - Refreshing org.springframework.context.support.GenericApplicationContext@70d8de
09:34:54.690 [main] DEBUG org.springframework.beans.factory.support.DefaultListableBeanFactory - Creating shared instance of singleton bean 'org.springframework.context.annotation.internalConfigurationAnnotationProcessor'
09:34:54.710 [main] DEBUG org.springframework.beans.factory.support.DefaultListableBeanFactory - Creating shared instance of singleton bean 'org.springframework.boot.test.mock.mockito.MockitoPostProcessor'
09:34:54.728 [main] DEBUG org.springframework.beans.factory.support.DefaultListableBeanFactory - Creating shared instance of singleton bean 'org.springframework.context.event.internalEventListenerProcessor'
09:34:54.729 [main] DEBUG org.springframework.beans.factory.support.DefaultListableBeanFactory - Creating shared instance of singleton bean 'org.springframework.context.event.internalEventListenerFactory'
09:34:54.730 [main] DEBUG org.springframework.beans.factory.support.DefaultListableBeanFactory - Creating shared instance of singleton bean 'org.springframework.context.annotation.internalAutowiredAnnotationProcessor'
09:34:54.732 [main] DEBUG org.springframework.beans.factory.support.DefaultListableBeanFactory - Creating shared instance of singleton bean 'org.springframework.context.annotation.internalCommonAnnotationProcessor'
09:34:54.735 [main] DEBUG org.springframework.beans.factory.support.DefaultListableBeanFactory - Creating shared instance of singleton bean 'org.springframework.boot.test.mock.mockito.MockitoPostProcessor$SpyPostProcessor'
09:34:54.756 [main] DEBUG org.springframework.test.context.cache.DefaultCacheAwareContextLoaderDelegate - Storing ApplicationContext [7395550] in cache under key [[MergedContextConfiguration@7cf7aee testClass = TestRunner, locations = '{}', classes = '{}', contextInitializerClasses = '[]', activeProfiles = '{}', propertySourceLocations = '{}', propertySourceProperties = '{}', contextCustomizers = set[org.springframework.boot.test.context.filter.ExcludeFilterContextCustomizer@6a175569, org.springframework.boot.test.json.DuplicateJsonObjectContextCustomizerFactory$DuplicateJsonObjectContextCustomizer@11ee02f8, org.springframework.boot.test.mock.mockito.MockitoContextCustomizer@0, org.springframework.boot.test.autoconfigure.properties.PropertyMappingContextCustomizer@0, org.springframework.boot.test.autoconfigure.web.servlet.WebDriverContextCustomizerFactory$Customizer@159e366], contextLoader = 'org.springframework.test.context.support.DelegatingSmartContextLoader', parent = [null]]]
09:34:54.756 [main] DEBUG org.springframework.test.context.cache - Spring test ApplicationContext cache statistics: [DefaultContextCache@42c2f48c size = 1, maxSize = 32, parentContextCount = 0, hitCount = 0, missCount = 1]
09:34:54.759 [main] DEBUG org.springframework.test.context.support.AbstractDirtiesContextTestExecutionListener - Before test class: context [DefaultTestContext@76954a33 testClass = TestRunner, testInstance = [null], testMethod = [null], testException = [null], mergedContextConfiguration = [MergedContextConfiguration@7cf7aee testClass = TestRunner, locations = '{}', classes = '{}', contextInitializerClasses = '[]', activeProfiles = '{}', propertySourceLocations = '{}', propertySourceProperties = '{}', contextCustomizers = set[org.springframework.boot.test.context.filter.ExcludeFilterContextCustomizer@6a175569, org.springframework.boot.test.json.DuplicateJsonObjectContextCustomizerFactory$DuplicateJsonObjectContextCustomizer@11ee02f8, org.springframework.boot.test.mock.mockito.MockitoContextCustomizer@0, org.springframework.boot.test.autoconfigure.properties.PropertyMappingContextCustomizer@0, org.springframework.boot.test.autoconfigure.web.servlet.WebDriverContextCustomizerFactory$Customizer@159e366], contextLoader = 'org.springframework.test.context.support.DelegatingSmartContextLoader', parent = [null]], attributes = map[[empty]]], class annotated with @DirtiesContext [false] with mode [null].
09:34:54.760 [main] DEBUG org.springframework.test.context.cache.DefaultCacheAwareContextLoaderDelegate - Retrieved ApplicationContext [7395550] from cache with key [[MergedContextConfiguration@7cf7aee testClass = TestRunner, locations = '{}', classes = '{}', contextInitializerClasses = '[]', activeProfiles = '{}', propertySourceLocations = '{}', propertySourceProperties = '{}', contextCustomizers = set[org.springframework.boot.test.context.filter.ExcludeFilterContextCustomizer@6a175569, org.springframework.boot.test.json.DuplicateJsonObjectContextCustomizerFactory$DuplicateJsonObjectContextCustomizer@11ee02f8, org.springframework.boot.test.mock.mockito.MockitoContextCustomizer@0, org.springframework.boot.test.autoconfigure.properties.PropertyMappingContextCustomizer@0, org.springframework.boot.test.autoconfigure.web.servlet.WebDriverContextCustomizerFactory$Customizer@159e366], contextLoader = 'org.springframework.test.context.support.DelegatingSmartContextLoader', parent = [null]]]
09:34:54.761 [main] DEBUG org.springframework.test.context.cache - Spring test ApplicationContext cache statistics: [DefaultContextCache@42c2f48c size = 1, maxSize = 32, parentContextCount = 0, hitCount = 1, missCount = 1]

Scenario:                                                                        # src/test/resources/features/DeleteUser.feature:3
09:34:55.171 [main] DEBUG org.apache.http.client.protocol.RequestAddCookies - CookieSpec selected: default
09:34:55.182 [main] DEBUG org.apache.http.client.protocol.RequestAuthCache - Auth cache not set in the context
09:34:55.183 [main] DEBUG org.apache.http.impl.conn.PoolingHttpClientConnectionManager - Connection request: [route: {s}->https://devopsmetrics.herokuapp.com:443][total available: 0; route allocated: 0 of 2; total allocated: 0 of 20]
09:34:55.198 [main] DEBUG org.apache.http.impl.conn.PoolingHttpClientConnectionManager - Connection leased: [id: 0][route: {s}->https://devopsmetrics.herokuapp.com:443][total available: 0; route allocated: 1 of 2; total allocated: 1 of 20]
09:34:55.200 [main] DEBUG org.apache.http.impl.execchain.MainClientExec - Opening connection {s}->https://devopsmetrics.herokuapp.com:443
09:34:55.246 [main] DEBUG org.apache.http.impl.conn.DefaultHttpClientConnectionOperator - Connecting to devopsmetrics.herokuapp.com/34.240.218.59:443
09:34:55.247 [main] DEBUG org.apache.http.conn.ssl.SSLConnectionSocketFactory - Connecting socket to devopsmetrics.herokuapp.com/34.240.218.59:443 with timeout 0
09:34:55.305 [main] DEBUG org.apache.http.conn.ssl.SSLConnectionSocketFactory - Enabled protocols: [TLSv1.3, TLSv1.2, TLSv1.1, TLSv1]
09:34:55.305 [main] DEBUG org.apache.http.conn.ssl.SSLConnectionSocketFactory - Enabled cipher suites:[TLS_AES_128_GCM_SHA256, TLS_AES_256_GCM_SHA384, TLS_ECDHE_ECDSA_WITH_AES_256_GCM_SHA384, TLS_ECDHE_ECDSA_WITH_AES_128_GCM_SHA256, TLS_ECDHE_RSA_WITH_AES_256_GCM_SHA384, TLS_RSA_WITH_AES_256_GCM_SHA384, TLS_ECDH_ECDSA_WITH_AES_256_GCM_SHA384, TLS_ECDH_RSA_WITH_AES_256_GCM_SHA384, TLS_DHE_RSA_WITH_AES_256_GCM_SHA384, TLS_DHE_DSS_WITH_AES_256_GCM_SHA384, TLS_ECDHE_RSA_WITH_AES_128_GCM_SHA256, TLS_RSA_WITH_AES_128_GCM_SHA256, TLS_ECDH_ECDSA_WITH_AES_128_GCM_SHA256, TLS_ECDH_RSA_WITH_AES_128_GCM_SHA256, TLS_DHE_RSA_WITH_AES_128_GCM_SHA256, TLS_DHE_DSS_WITH_AES_128_GCM_SHA256, TLS_ECDHE_ECDSA_WITH_AES_256_CBC_SHA384, TLS_ECDHE_RSA_WITH_AES_256_CBC_SHA384, TLS_RSA_WITH_AES_256_CBC_SHA256, TLS_ECDH_ECDSA_WITH_AES_256_CBC_SHA384, TLS_ECDH_RSA_WITH_AES_256_CBC_SHA384, TLS_DHE_RSA_WITH_AES_256_CBC_SHA256, TLS_DHE_DSS_WITH_AES_256_CBC_SHA256, TLS_ECDHE_ECDSA_WITH_AES_256_CBC_SHA, TLS_ECDHE_RSA_WITH_AES_256_CBC_SHA, TLS_RSA_WITH_AES_256_CBC_SHA, TLS_ECDH_ECDSA_WITH_AES_256_CBC_SHA, TLS_ECDH_RSA_WITH_AES_256_CBC_SHA, TLS_DHE_RSA_WITH_AES_256_CBC_SHA, TLS_DHE_DSS_WITH_AES_256_CBC_SHA, TLS_ECDHE_ECDSA_WITH_AES_128_CBC_SHA256, TLS_ECDHE_RSA_WITH_AES_128_CBC_SHA256, TLS_RSA_WITH_AES_128_CBC_SHA256, TLS_ECDH_ECDSA_WITH_AES_128_CBC_SHA256, TLS_ECDH_RSA_WITH_AES_128_CBC_SHA256, TLS_DHE_RSA_WITH_AES_128_CBC_SHA256, TLS_DHE_DSS_WITH_AES_128_CBC_SHA256, TLS_ECDHE_ECDSA_WITH_AES_128_CBC_SHA, TLS_ECDHE_RSA_WITH_AES_128_CBC_SHA, TLS_RSA_WITH_AES_128_CBC_SHA, TLS_ECDH_ECDSA_WITH_AES_128_CBC_SHA, TLS_ECDH_RSA_WITH_AES_128_CBC_SHA, TLS_DHE_RSA_WITH_AES_128_CBC_SHA, TLS_DHE_DSS_WITH_AES_128_CBC_SHA, TLS_EMPTY_RENEGOTIATION_INFO_SCSV]
09:34:55.305 [main] DEBUG org.apache.http.conn.ssl.SSLConnectionSocketFactory - Starting handshake
09:34:55.485 [main] DEBUG org.apache.http.conn.ssl.SSLConnectionSocketFactory - Secure session established
09:34:55.486 [main] DEBUG org.apache.http.conn.ssl.SSLConnectionSocketFactory -  negotiated protocol: TLSv1.2
09:34:55.486 [main] DEBUG org.apache.http.conn.ssl.SSLConnectionSocketFactory -  negotiated cipher suite: TLS_ECDHE_RSA_WITH_AES_128_GCM_SHA256
09:34:55.486 [main] DEBUG org.apache.http.conn.ssl.SSLConnectionSocketFactory -  peer principal: CN=*.herokuapp.com
09:34:55.486 [main] DEBUG org.apache.http.conn.ssl.SSLConnectionSocketFactory -  peer alternative names: [*.herokuapp.com]
09:34:55.486 [main] DEBUG org.apache.http.conn.ssl.SSLConnectionSocketFactory -  issuer principal: CN=Amazon, OU=Server CA 1B, O=Amazon, C=US
09:34:55.489 [main] DEBUG org.apache.http.impl.conn.DefaultHttpClientConnectionOperator - Connection established 192.168.1.45:64992<->34.240.218.59:443
09:34:55.490 [main] DEBUG org.apache.http.impl.execchain.MainClientExec - Executing request GET /usuarios?username=null&password=null HTTP/1.1
09:34:55.490 [main] DEBUG org.apache.http.impl.execchain.MainClientExec - Target auth state: UNCHALLENGED
09:34:55.490 [main] DEBUG org.apache.http.impl.execchain.MainClientExec - Proxy auth state: UNCHALLENGED
09:34:55.491 [main] DEBUG org.apache.http.headers - http-outgoing-0 >> GET /usuarios?username=null&password=null HTTP/1.1
09:34:55.491 [main] DEBUG org.apache.http.headers - http-outgoing-0 >> Host: devopsmetrics.herokuapp.com
09:34:55.491 [main] DEBUG org.apache.http.headers - http-outgoing-0 >> Connection: Keep-Alive
09:34:55.491 [main] DEBUG org.apache.http.headers - http-outgoing-0 >> User-Agent: Apache-HttpClient/4.5.12 (Java/11.0.8)
09:34:55.491 [main] DEBUG org.apache.http.headers - http-outgoing-0 >> Accept-Encoding: gzip,deflate
09:34:55.491 [main] DEBUG org.apache.http.wire - http-outgoing-0 >> "GET /usuarios?username=null&password=null HTTP/1.1[\r][\n]"
09:34:55.491 [main] DEBUG org.apache.http.wire - http-outgoing-0 >> "Host: devopsmetrics.herokuapp.com[\r][\n]"
09:34:55.491 [main] DEBUG org.apache.http.wire - http-outgoing-0 >> "Connection: Keep-Alive[\r][\n]"
09:34:55.491 [main] DEBUG org.apache.http.wire - http-outgoing-0 >> "User-Agent: Apache-HttpClient/4.5.12 (Java/11.0.8)[\r][\n]"
09:34:55.491 [main] DEBUG org.apache.http.wire - http-outgoing-0 >> "Accept-Encoding: gzip,deflate[\r][\n]"
09:34:55.491 [main] DEBUG org.apache.http.wire - http-outgoing-0 >> "[\r][\n]"
09:35:42.445 [main] DEBUG org.apache.http.wire - http-outgoing-0 << "HTTP/1.1 500 [\r][\n]"
09:35:42.445 [main] DEBUG org.apache.http.wire - http-outgoing-0 << "Server: Cowboy[\r][\n]"
09:35:42.445 [main] DEBUG org.apache.http.wire - http-outgoing-0 << "Connection: keep-alive[\r][\n]"
09:35:42.445 [main] DEBUG org.apache.http.wire - http-outgoing-0 << "Vary: Origin[\r][\n]"
09:35:42.445 [main] DEBUG org.apache.http.wire - http-outgoing-0 << "Vary: Access-Control-Request-Method[\r][\n]"
09:35:42.445 [main] DEBUG org.apache.http.wire - http-outgoing-0 << "Vary: Access-Control-Request-Headers[\r][\n]"
09:35:42.445 [main] DEBUG org.apache.http.wire - http-outgoing-0 << "Content-Type: application/json[\r][\n]"
09:35:42.445 [main] DEBUG org.apache.http.wire - http-outgoing-0 << "Transfer-Encoding: chunked[\r][\n]"
09:35:42.445 [main] DEBUG org.apache.http.wire - http-outgoing-0 << "Date: Tue, 13 Jul 2021 07:35:42 GMT[\r][\n]"
09:35:42.445 [main] DEBUG org.apache.http.wire - http-outgoing-0 << "Via: 1.1 vegur[\r][\n]"
09:35:42.445 [main] DEBUG org.apache.http.wire - http-outgoing-0 << "[\r][\n]"
09:35:42.447 [main] DEBUG org.apache.http.headers - http-outgoing-0 << HTTP/1.1 500 
09:35:42.447 [main] DEBUG org.apache.http.headers - http-outgoing-0 << Server: Cowboy
09:35:42.447 [main] DEBUG org.apache.http.headers - http-outgoing-0 << Connection: keep-alive
09:35:42.447 [main] DEBUG org.apache.http.headers - http-outgoing-0 << Vary: Origin
09:35:42.447 [main] DEBUG org.apache.http.headers - http-outgoing-0 << Vary: Access-Control-Request-Method
09:35:42.447 [main] DEBUG org.apache.http.headers - http-outgoing-0 << Vary: Access-Control-Request-Headers
09:35:42.447 [main] DEBUG org.apache.http.headers - http-outgoing-0 << Content-Type: application/json
09:35:42.447 [main] DEBUG org.apache.http.headers - http-outgoing-0 << Transfer-Encoding: chunked
09:35:42.447 [main] DEBUG org.apache.http.headers - http-outgoing-0 << Date: Tue, 13 Jul 2021 07:35:42 GMT
09:35:42.447 [main] DEBUG org.apache.http.headers - http-outgoing-0 << Via: 1.1 vegur
09:35:42.451 [main] DEBUG org.apache.http.impl.execchain.MainClientExec - Connection can be kept alive indefinitely
09:35:42.454 [main] DEBUG org.apache.http.wire - http-outgoing-0 << "7a[\r][\n]"
09:35:42.454 [main] DEBUG org.apache.http.wire - http-outgoing-0 << "{"timestamp":"2021-07-13T07:35:42.363+00:00","status":500,"error":"Internal Server Error","message":"","path":"/usuarios"}[\r][\n]"
09:35:42.454 [main] DEBUG org.apache.http.wire - http-outgoing-0 << "0[\r][\n]"
09:35:42.454 [main] DEBUG org.apache.http.wire - http-outgoing-0 << "[\r][\n]"
09:35:42.455 [main] DEBUG org.apache.http.impl.conn.PoolingHttpClientConnectionManager - Connection [id: 0][route: {s}->https://devopsmetrics.herokuapp.com:443] can be kept alive indefinitely
09:35:42.455 [main] DEBUG org.apache.http.impl.conn.DefaultManagedHttpClientConnection - http-outgoing-0: set socket timeout to 0
09:35:42.455 [main] DEBUG org.apache.http.impl.conn.PoolingHttpClientConnectionManager - Connection released: [id: 0][route: {s}->https://devopsmetrics.herokuapp.com:443][total available: 1; route allocated: 1 of 2; total allocated: 1 of 20]
  Given user is logging in the system for deleting another user                  # edu.uclm.esi.devopsmetrics.bdd.stepdefinitions.DeleteUserSteps.user_is_logging_in_the_system_for_deleting_another_user()
09:35:42.520 [Finalizer] DEBUG org.apache.http.impl.conn.PoolingHttpClientConnectionManager - Connection manager is shutting down
09:35:42.526 [Finalizer] DEBUG org.apache.http.impl.conn.DefaultManagedHttpClientConnection - http-outgoing-0: Close connection
09:35:42.538 [Finalizer] DEBUG org.apache.http.impl.conn.PoolingHttpClientConnectionManager - Connection manager shut down
  When user is correct he chooses the userId of the user to delete in the system # edu.uclm.esi.devopsmetrics.bdd.stepdefinitions.DeleteUserSteps.user_is_correct_he_chooses_the_user_id_of_the_user_to_delete_in_the_system()
      java.lang.NullPointerException
	at edu.uclm.esi.devopsmetrics.bdd.stepdefinitions.DeleteUserSteps.user_is_correct_he_chooses_the_user_id_of_the_user_to_delete_in_the_system(DeleteUserSteps.java:61)
	at âœ½.user is correct he chooses the userId of the user to delete in the system(file:///C:/Users/Crespo/eclipse-workspace/devopsmetrics/src/test/resources/features/DeleteUser.feature:5)

  Then the choosed user was deleted of the system                                # edu.uclm.esi.devopsmetrics.bdd.stepdefinitions.DeleteUserSteps.the_choosed_user_was_deleted_of_the_system()
09:35:42.627 [main] DEBUG org.springframework.test.context.cache.DefaultCacheAwareContextLoaderDelegate - Retrieved ApplicationContext [7395550] from cache with key [[MergedContextConfiguration@7cf7aee testClass = TestRunner, locations = '{}', classes = '{}', contextInitializerClasses = '[]', activeProfiles = '{}', propertySourceLocations = '{}', propertySourceProperties = '{}', contextCustomizers = set[org.springframework.boot.test.context.filter.ExcludeFilterContextCustomizer@6a175569, org.springframework.boot.test.json.DuplicateJsonObjectContextCustomizerFactory$DuplicateJsonObjectContextCustomizer@11ee02f8, org.springframework.boot.test.mock.mockito.MockitoContextCustomizer@0, org.springframework.boot.test.autoconfigure.properties.PropertyMappingContextCustomizer@0, org.springframework.boot.test.autoconfigure.web.servlet.WebDriverContextCustomizerFactory$Customizer@159e366], contextLoader = 'org.springframework.test.context.support.DelegatingSmartContextLoader', parent = [null]]]
09:35:42.627 [main] DEBUG org.springframework.test.context.cache - Spring test ApplicationContext cache statistics: [DefaultContextCache@42c2f48c size = 1, maxSize = 32, parentContextCount = 0, hitCount = 2, missCount = 1]
09:35:42.627 [main] DEBUG org.springframework.test.context.support.AbstractDirtiesContextTestExecutionListener - After test class: context [DefaultTestContext@76954a33 testClass = TestRunner, testInstance = [null], testMethod = [null], testException = [null], mergedContextConfiguration = [MergedContextConfiguration@7cf7aee testClass = TestRunner, locations = '{}', classes = '{}', contextInitializerClasses = '[]', activeProfiles = '{}', propertySourceLocations = '{}', propertySourceProperties = '{}', contextCustomizers = set[org.springframework.boot.test.context.filter.ExcludeFilterContextCustomizer@6a175569, org.springframework.boot.test.json.DuplicateJsonObjectContextCustomizerFactory$DuplicateJsonObjectContextCustomizer@11ee02f8, org.springframework.boot.test.mock.mockito.MockitoContextCustomizer@0, org.springframework.boot.test.autoconfigure.properties.PropertyMappingContextCustomizer@0, org.springframework.boot.test.autoconfigure.web.servlet.WebDriverContextCustomizerFactory$Customizer@159e366], contextLoader = 'org.springframework.test.context.support.DelegatingSmartContextLoader', parent = [null]], attributes = map[[empty]]], class annotated with @DirtiesContext [false] with mode [null].
]]></system-out>
  </testcase>
  <testcase name="{feature to test the function to get all branches from a repository by his owner}" classname="edu.uclm.esi.devopsmetrics.bdd.TestRunner" time="0.258">
    <error type="java.lang.NullPointerException">java.lang.NullPointerException
</error>
    <system-out><![CDATA[09:35:42.633 [main] DEBUG org.springframework.test.context.BootstrapUtils - Instantiating CacheAwareContextLoaderDelegate from class [org.springframework.test.context.cache.DefaultCacheAwareContextLoaderDelegate]
09:35:42.633 [main] DEBUG org.springframework.test.context.BootstrapUtils - Instantiating BootstrapContext using constructor [public org.springframework.test.context.support.DefaultBootstrapContext(java.lang.Class,org.springframework.test.context.CacheAwareContextLoaderDelegate)]
09:35:42.634 [main] DEBUG org.springframework.test.context.BootstrapUtils - Instantiating TestContextBootstrapper for test class [edu.uclm.esi.devopsmetrics.bdd.TestRunner] from class [org.springframework.test.context.support.DefaultTestContextBootstrapper]
09:35:42.634 [main] INFO org.springframework.test.context.support.DefaultTestContextBootstrapper - Neither @ContextConfiguration nor @ContextHierarchy found for test class [edu.uclm.esi.devopsmetrics.bdd.TestRunner], using DelegatingSmartContextLoader
09:35:42.634 [main] DEBUG org.springframework.test.context.support.AbstractDelegatingSmartContextLoader - Delegating to GenericXmlContextLoader to process context configuration [ContextConfigurationAttributes@5b275811 declaringClass = 'edu.uclm.esi.devopsmetrics.bdd.TestRunner', classes = '{}', locations = '{}', inheritLocations = false, initializers = '{}', inheritInitializers = true, name = [null], contextLoaderClass = 'org.springframework.test.context.ContextLoader'].
09:35:42.635 [main] DEBUG org.springframework.test.context.support.AbstractContextLoader - Did not detect default resource location for test class [edu.uclm.esi.devopsmetrics.bdd.TestRunner]: class path resource [edu/uclm/esi/devopsmetrics/bdd/TestRunner-context.xml] does not exist
09:35:42.635 [main] INFO org.springframework.test.context.support.AbstractContextLoader - Could not detect default resource locations for test class [edu.uclm.esi.devopsmetrics.bdd.TestRunner]: no resource found for suffixes {-context.xml}.
09:35:42.635 [main] DEBUG org.springframework.test.context.support.AbstractDelegatingSmartContextLoader - Delegating to AnnotationConfigContextLoader to process context configuration [ContextConfigurationAttributes@5b275811 declaringClass = 'edu.uclm.esi.devopsmetrics.bdd.TestRunner', classes = '{}', locations = '{}', inheritLocations = false, initializers = '{}', inheritInitializers = true, name = [null], contextLoaderClass = 'org.springframework.test.context.ContextLoader'].
09:35:42.635 [main] INFO org.springframework.test.context.support.AnnotationConfigContextLoaderUtils - Could not detect default configuration classes for test class [edu.uclm.esi.devopsmetrics.bdd.TestRunner]: TestRunner does not declare any static, non-private, non-final, nested classes annotated with @Configuration.
09:35:42.636 [main] DEBUG org.springframework.test.context.support.ActiveProfilesUtils - Could not find an 'annotation declaring class' for annotation type [org.springframework.test.context.ActiveProfiles] and class [edu.uclm.esi.devopsmetrics.bdd.TestRunner]
09:35:42.637 [main] DEBUG org.springframework.test.context.support.DefaultTestContextBootstrapper - @TestExecutionListeners is not present for class [edu.uclm.esi.devopsmetrics.bdd.TestRunner]: using defaults.
09:35:42.637 [main] INFO org.springframework.test.context.support.DefaultTestContextBootstrapper - Loaded default TestExecutionListener class names from location [META-INF/spring.factories]: [org.springframework.boot.test.mock.mockito.MockitoTestExecutionListener, org.springframework.boot.test.mock.mockito.ResetMocksTestExecutionListener, org.springframework.boot.test.autoconfigure.restdocs.RestDocsTestExecutionListener, org.springframework.boot.test.autoconfigure.web.client.MockRestServiceServerResetTestExecutionListener, org.springframework.boot.test.autoconfigure.web.servlet.MockMvcPrintOnlyOnFailureTestExecutionListener, org.springframework.boot.test.autoconfigure.web.servlet.WebDriverTestExecutionListener, org.springframework.boot.test.autoconfigure.webservices.client.MockWebServiceServerTestExecutionListener, org.springframework.test.context.web.ServletTestExecutionListener, org.springframework.test.context.support.DirtiesContextBeforeModesTestExecutionListener, org.springframework.test.context.support.DependencyInjectionTestExecutionListener, org.springframework.test.context.support.DirtiesContextTestExecutionListener, org.springframework.test.context.transaction.TransactionalTestExecutionListener, org.springframework.test.context.jdbc.SqlScriptsTestExecutionListener, org.springframework.test.context.event.EventPublishingTestExecutionListener]
09:35:42.637 [main] INFO org.springframework.test.context.support.DefaultTestContextBootstrapper - Using TestExecutionListeners: [org.springframework.test.context.web.ServletTestExecutionListener@2f0ed952, org.springframework.test.context.support.DirtiesContextBeforeModesTestExecutionListener@6f044c58, org.springframework.boot.test.mock.mockito.MockitoTestExecutionListener@6d074b14, org.springframework.test.context.support.DependencyInjectionTestExecutionListener@c017175, org.springframework.test.context.support.DirtiesContextTestExecutionListener@559cedee, org.springframework.test.context.transaction.TransactionalTestExecutionListener@18371d89, org.springframework.test.context.jdbc.SqlScriptsTestExecutionListener@4f3faa70, org.springframework.test.context.event.EventPublishingTestExecutionListener@4832f03b, org.springframework.boot.test.mock.mockito.ResetMocksTestExecutionListener@7af3874e, org.springframework.boot.test.autoconfigure.restdocs.RestDocsTestExecutionListener@5a8816cc, org.springframework.boot.test.autoconfigure.web.client.MockRestServiceServerResetTestExecutionListener@68565bc7, org.springframework.boot.test.autoconfigure.web.servlet.MockMvcPrintOnlyOnFailureTestExecutionListener@37baddde, org.springframework.boot.test.autoconfigure.web.servlet.WebDriverTestExecutionListener@5115f590, org.springframework.boot.test.autoconfigure.webservices.client.MockWebServiceServerTestExecutionListener@4b31a708]
09:35:42.637 [main] DEBUG org.springframework.test.context.cache.DefaultCacheAwareContextLoaderDelegate - Retrieved ApplicationContext [7395550] from cache with key [[MergedContextConfiguration@11e355ca testClass = TestRunner, locations = '{}', classes = '{}', contextInitializerClasses = '[]', activeProfiles = '{}', propertySourceLocations = '{}', propertySourceProperties = '{}', contextCustomizers = set[org.springframework.boot.test.context.filter.ExcludeFilterContextCustomizer@6a175569, org.springframework.boot.test.json.DuplicateJsonObjectContextCustomizerFactory$DuplicateJsonObjectContextCustomizer@11ee02f8, org.springframework.boot.test.mock.mockito.MockitoContextCustomizer@0, org.springframework.boot.test.autoconfigure.properties.PropertyMappingContextCustomizer@0, org.springframework.boot.test.autoconfigure.web.servlet.WebDriverContextCustomizerFactory$Customizer@159e366], contextLoader = 'org.springframework.test.context.support.DelegatingSmartContextLoader', parent = [null]]]
09:35:42.637 [main] DEBUG org.springframework.test.context.cache - Spring test ApplicationContext cache statistics: [DefaultContextCache@42c2f48c size = 1, maxSize = 32, parentContextCount = 0, hitCount = 3, missCount = 1]
09:35:42.637 [main] DEBUG org.springframework.beans.factory.support.DefaultListableBeanFactory - Replacing scope 'cucumber-glue' from [io.cucumber.spring.CucumberScenarioScope@70d63e05] to [io.cucumber.spring.CucumberScenarioScope@e11ecfa]
09:35:42.637 [main] DEBUG org.springframework.test.context.support.AbstractDirtiesContextTestExecutionListener - Before test class: context [DefaultTestContext@485e13d7 testClass = TestRunner, testInstance = [null], testMethod = [null], testException = [null], mergedContextConfiguration = [MergedContextConfiguration@11e355ca testClass = TestRunner, locations = '{}', classes = '{}', contextInitializerClasses = '[]', activeProfiles = '{}', propertySourceLocations = '{}', propertySourceProperties = '{}', contextCustomizers = set[org.springframework.boot.test.context.filter.ExcludeFilterContextCustomizer@6a175569, org.springframework.boot.test.json.DuplicateJsonObjectContextCustomizerFactory$DuplicateJsonObjectContextCustomizer@11ee02f8, org.springframework.boot.test.mock.mockito.MockitoContextCustomizer@0, org.springframework.boot.test.autoconfigure.properties.PropertyMappingContextCustomizer@0, org.springframework.boot.test.autoconfigure.web.servlet.WebDriverContextCustomizerFactory$Customizer@159e366], contextLoader = 'org.springframework.test.context.support.DelegatingSmartContextLoader', parent = [null]], attributes = map[[empty]]], class annotated with @DirtiesContext [false] with mode [null].
09:35:42.637 [main] DEBUG org.springframework.test.context.cache.DefaultCacheAwareContextLoaderDelegate - Retrieved ApplicationContext [7395550] from cache with key [[MergedContextConfiguration@11e355ca testClass = TestRunner, locations = '{}', classes = '{}', contextInitializerClasses = '[]', activeProfiles = '{}', propertySourceLocations = '{}', propertySourceProperties = '{}', contextCustomizers = set[org.springframework.boot.test.context.filter.ExcludeFilterContextCustomizer@6a175569, org.springframework.boot.test.json.DuplicateJsonObjectContextCustomizerFactory$DuplicateJsonObjectContextCustomizer@11ee02f8, org.springframework.boot.test.mock.mockito.MockitoContextCustomizer@0, org.springframework.boot.test.autoconfigure.properties.PropertyMappingContextCustomizer@0, org.springframework.boot.test.autoconfigure.web.servlet.WebDriverContextCustomizerFactory$Customizer@159e366], contextLoader = 'org.springframework.test.context.support.DelegatingSmartContextLoader', parent = [null]]]
09:35:42.638 [main] DEBUG org.springframework.test.context.cache - Spring test ApplicationContext cache statistics: [DefaultContextCache@42c2f48c size = 1, maxSize = 32, parentContextCount = 0, hitCount = 4, missCount = 1]

Scenario:                                                                                     # src/test/resources/features/GetAllBranches.feature:3
09:35:42.655 [main] DEBUG org.apache.http.client.protocol.RequestAddCookies - CookieSpec selected: default
09:35:42.656 [main] DEBUG org.apache.http.client.protocol.RequestAuthCache - Auth cache not set in the context
09:35:42.656 [main] DEBUG org.apache.http.impl.conn.PoolingHttpClientConnectionManager - Connection request: [route: {s}->https://devopsmetrics.herokuapp.com:443][total available: 0; route allocated: 0 of 2; total allocated: 0 of 20]
09:35:42.656 [main] DEBUG org.apache.http.impl.conn.PoolingHttpClientConnectionManager - Connection leased: [id: 1][route: {s}->https://devopsmetrics.herokuapp.com:443][total available: 0; route allocated: 1 of 2; total allocated: 1 of 20]
09:35:42.656 [main] DEBUG org.apache.http.impl.execchain.MainClientExec - Opening connection {s}->https://devopsmetrics.herokuapp.com:443
09:35:42.657 [main] DEBUG org.apache.http.impl.conn.DefaultHttpClientConnectionOperator - Connecting to devopsmetrics.herokuapp.com/34.240.218.59:443
09:35:42.657 [main] DEBUG org.apache.http.conn.ssl.SSLConnectionSocketFactory - Connecting socket to devopsmetrics.herokuapp.com/34.240.218.59:443 with timeout 0
09:35:42.700 [main] DEBUG org.apache.http.conn.ssl.SSLConnectionSocketFactory - Enabled protocols: [TLSv1.3, TLSv1.2, TLSv1.1, TLSv1]
09:35:42.700 [main] DEBUG org.apache.http.conn.ssl.SSLConnectionSocketFactory - Enabled cipher suites:[TLS_AES_128_GCM_SHA256, TLS_AES_256_GCM_SHA384, TLS_ECDHE_ECDSA_WITH_AES_256_GCM_SHA384, TLS_ECDHE_ECDSA_WITH_AES_128_GCM_SHA256, TLS_ECDHE_RSA_WITH_AES_256_GCM_SHA384, TLS_RSA_WITH_AES_256_GCM_SHA384, TLS_ECDH_ECDSA_WITH_AES_256_GCM_SHA384, TLS_ECDH_RSA_WITH_AES_256_GCM_SHA384, TLS_DHE_RSA_WITH_AES_256_GCM_SHA384, TLS_DHE_DSS_WITH_AES_256_GCM_SHA384, TLS_ECDHE_RSA_WITH_AES_128_GCM_SHA256, TLS_RSA_WITH_AES_128_GCM_SHA256, TLS_ECDH_ECDSA_WITH_AES_128_GCM_SHA256, TLS_ECDH_RSA_WITH_AES_128_GCM_SHA256, TLS_DHE_RSA_WITH_AES_128_GCM_SHA256, TLS_DHE_DSS_WITH_AES_128_GCM_SHA256, TLS_ECDHE_ECDSA_WITH_AES_256_CBC_SHA384, TLS_ECDHE_RSA_WITH_AES_256_CBC_SHA384, TLS_RSA_WITH_AES_256_CBC_SHA256, TLS_ECDH_ECDSA_WITH_AES_256_CBC_SHA384, TLS_ECDH_RSA_WITH_AES_256_CBC_SHA384, TLS_DHE_RSA_WITH_AES_256_CBC_SHA256, TLS_DHE_DSS_WITH_AES_256_CBC_SHA256, TLS_ECDHE_ECDSA_WITH_AES_256_CBC_SHA, TLS_ECDHE_RSA_WITH_AES_256_CBC_SHA, TLS_RSA_WITH_AES_256_CBC_SHA, TLS_ECDH_ECDSA_WITH_AES_256_CBC_SHA, TLS_ECDH_RSA_WITH_AES_256_CBC_SHA, TLS_DHE_RSA_WITH_AES_256_CBC_SHA, TLS_DHE_DSS_WITH_AES_256_CBC_SHA, TLS_ECDHE_ECDSA_WITH_AES_128_CBC_SHA256, TLS_ECDHE_RSA_WITH_AES_128_CBC_SHA256, TLS_RSA_WITH_AES_128_CBC_SHA256, TLS_ECDH_ECDSA_WITH_AES_128_CBC_SHA256, TLS_ECDH_RSA_WITH_AES_128_CBC_SHA256, TLS_DHE_RSA_WITH_AES_128_CBC_SHA256, TLS_DHE_DSS_WITH_AES_128_CBC_SHA256, TLS_ECDHE_ECDSA_WITH_AES_128_CBC_SHA, TLS_ECDHE_RSA_WITH_AES_128_CBC_SHA, TLS_RSA_WITH_AES_128_CBC_SHA, TLS_ECDH_ECDSA_WITH_AES_128_CBC_SHA, TLS_ECDH_RSA_WITH_AES_128_CBC_SHA, TLS_DHE_RSA_WITH_AES_128_CBC_SHA, TLS_DHE_DSS_WITH_AES_128_CBC_SHA, TLS_EMPTY_RENEGOTIATION_INFO_SCSV]
09:35:42.700 [main] DEBUG org.apache.http.conn.ssl.SSLConnectionSocketFactory - Starting handshake
09:35:42.792 [main] DEBUG org.apache.http.conn.ssl.SSLConnectionSocketFactory - Secure session established
09:35:42.792 [main] DEBUG org.apache.http.conn.ssl.SSLConnectionSocketFactory -  negotiated protocol: TLSv1.2
09:35:42.792 [main] DEBUG org.apache.http.conn.ssl.SSLConnectionSocketFactory -  negotiated cipher suite: TLS_ECDHE_RSA_WITH_AES_128_GCM_SHA256
09:35:42.792 [main] DEBUG org.apache.http.conn.ssl.SSLConnectionSocketFactory -  peer principal: CN=*.herokuapp.com
09:35:42.792 [main] DEBUG org.apache.http.conn.ssl.SSLConnectionSocketFactory -  peer alternative names: [*.herokuapp.com]
09:35:42.792 [main] DEBUG org.apache.http.conn.ssl.SSLConnectionSocketFactory -  issuer principal: CN=Amazon, OU=Server CA 1B, O=Amazon, C=US
09:35:42.792 [main] DEBUG org.apache.http.impl.conn.DefaultHttpClientConnectionOperator - Connection established 192.168.1.45:64993<->34.240.218.59:443
09:35:42.792 [main] DEBUG org.apache.http.impl.execchain.MainClientExec - Executing request GET /usuarios?username=null&password=null HTTP/1.1
09:35:42.792 [main] DEBUG org.apache.http.impl.execchain.MainClientExec - Target auth state: UNCHALLENGED
09:35:42.792 [main] DEBUG org.apache.http.impl.execchain.MainClientExec - Proxy auth state: UNCHALLENGED
09:35:42.792 [main] DEBUG org.apache.http.headers - http-outgoing-1 >> GET /usuarios?username=null&password=null HTTP/1.1
09:35:42.792 [main] DEBUG org.apache.http.headers - http-outgoing-1 >> Host: devopsmetrics.herokuapp.com
09:35:42.792 [main] DEBUG org.apache.http.headers - http-outgoing-1 >> Connection: Keep-Alive
09:35:42.792 [main] DEBUG org.apache.http.headers - http-outgoing-1 >> User-Agent: Apache-HttpClient/4.5.12 (Java/11.0.8)
09:35:42.792 [main] DEBUG org.apache.http.headers - http-outgoing-1 >> Accept-Encoding: gzip,deflate
09:35:42.792 [main] DEBUG org.apache.http.wire - http-outgoing-1 >> "GET /usuarios?username=null&password=null HTTP/1.1[\r][\n]"
09:35:42.792 [main] DEBUG org.apache.http.wire - http-outgoing-1 >> "Host: devopsmetrics.herokuapp.com[\r][\n]"
09:35:42.792 [main] DEBUG org.apache.http.wire - http-outgoing-1 >> "Connection: Keep-Alive[\r][\n]"
09:35:42.792 [main] DEBUG org.apache.http.wire - http-outgoing-1 >> "User-Agent: Apache-HttpClient/4.5.12 (Java/11.0.8)[\r][\n]"
09:35:42.792 [main] DEBUG org.apache.http.wire - http-outgoing-1 >> "Accept-Encoding: gzip,deflate[\r][\n]"
09:35:42.792 [main] DEBUG org.apache.http.wire - http-outgoing-1 >> "[\r][\n]"
09:35:42.879 [main] DEBUG org.apache.http.wire - http-outgoing-1 << "HTTP/1.1 500 [\r][\n]"
09:35:42.880 [main] DEBUG org.apache.http.wire - http-outgoing-1 << "Server: Cowboy[\r][\n]"
09:35:42.880 [main] DEBUG org.apache.http.wire - http-outgoing-1 << "Connection: keep-alive[\r][\n]"
09:35:42.880 [main] DEBUG org.apache.http.wire - http-outgoing-1 << "Vary: Origin[\r][\n]"
09:35:42.880 [main] DEBUG org.apache.http.wire - http-outgoing-1 << "Vary: Access-Control-Request-Method[\r][\n]"
09:35:42.880 [main] DEBUG org.apache.http.wire - http-outgoing-1 << "Vary: Access-Control-Request-Headers[\r][\n]"
09:35:42.880 [main] DEBUG org.apache.http.wire - http-outgoing-1 << "Content-Type: application/json[\r][\n]"
09:35:42.880 [main] DEBUG org.apache.http.wire - http-outgoing-1 << "Transfer-Encoding: chunked[\r][\n]"
09:35:42.880 [main] DEBUG org.apache.http.wire - http-outgoing-1 << "Date: Tue, 13 Jul 2021 07:35:42 GMT[\r][\n]"
09:35:42.880 [main] DEBUG org.apache.http.wire - http-outgoing-1 << "Via: 1.1 vegur[\r][\n]"
09:35:42.880 [main] DEBUG org.apache.http.wire - http-outgoing-1 << "[\r][\n]"
09:35:42.880 [main] DEBUG org.apache.http.headers - http-outgoing-1 << HTTP/1.1 500 
09:35:42.880 [main] DEBUG org.apache.http.headers - http-outgoing-1 << Server: Cowboy
09:35:42.880 [main] DEBUG org.apache.http.headers - http-outgoing-1 << Connection: keep-alive
09:35:42.880 [main] DEBUG org.apache.http.headers - http-outgoing-1 << Vary: Origin
09:35:42.880 [main] DEBUG org.apache.http.headers - http-outgoing-1 << Vary: Access-Control-Request-Method
09:35:42.880 [main] DEBUG org.apache.http.headers - http-outgoing-1 << Vary: Access-Control-Request-Headers
09:35:42.880 [main] DEBUG org.apache.http.headers - http-outgoing-1 << Content-Type: application/json
09:35:42.880 [main] DEBUG org.apache.http.headers - http-outgoing-1 << Transfer-Encoding: chunked
09:35:42.880 [main] DEBUG org.apache.http.headers - http-outgoing-1 << Date: Tue, 13 Jul 2021 07:35:42 GMT
09:35:42.880 [main] DEBUG org.apache.http.headers - http-outgoing-1 << Via: 1.1 vegur
09:35:42.881 [main] DEBUG org.apache.http.impl.execchain.MainClientExec - Connection can be kept alive indefinitely
09:35:42.882 [main] DEBUG org.apache.http.wire - http-outgoing-1 << "7a[\r][\n]"
09:35:42.882 [main] DEBUG org.apache.http.wire - http-outgoing-1 << "{"timestamp":"2021-07-13T07:35:42.897+00:00","status":500,"error":"Internal Server Error","message":"","path":"/usuarios"}[\r][\n]"
09:35:42.882 [main] DEBUG org.apache.http.wire - http-outgoing-1 << "0[\r][\n]"
09:35:42.882 [main] DEBUG org.apache.http.wire - http-outgoing-1 << "[\r][\n]"
09:35:42.882 [main] DEBUG org.apache.http.impl.conn.PoolingHttpClientConnectionManager - Connection [id: 1][route: {s}->https://devopsmetrics.herokuapp.com:443] can be kept alive indefinitely
09:35:42.882 [main] DEBUG org.apache.http.impl.conn.DefaultManagedHttpClientConnection - http-outgoing-1: set socket timeout to 0
09:35:42.882 [main] DEBUG org.apache.http.impl.conn.PoolingHttpClientConnectionManager - Connection released: [id: 1][route: {s}->https://devopsmetrics.herokuapp.com:443][total available: 1; route allocated: 1 of 2; total allocated: 1 of 20]
  Given user is logging in the system for getting all branches from a repository by his owner # edu.uclm.esi.devopsmetrics.bdd.stepdefinitions.GetAllBranchesSteps.user_is_logging_in_the_system_for_getting_all_branches_from_a_repository_by_his_owner()
  When user is correct he requests all branches from a repository by his owner                # edu.uclm.esi.devopsmetrics.bdd.stepdefinitions.GetAllBranchesSteps.user_is_correct_he_requests_all_branches_from_a_repository_by_his_owner()
      java.lang.NullPointerException
	at edu.uclm.esi.devopsmetrics.bdd.stepdefinitions.GetAllBranchesSteps.user_is_correct_he_requests_all_branches_from_a_repository_by_his_owner(GetAllBranchesSteps.java:63)
	at âœ½.user is correct he requests all branches from a repository by his owner(file:///C:/Users/Crespo/eclipse-workspace/devopsmetrics/src/test/resources/features/GetAllBranches.feature:5)

  Then the user gets all branches from a repository by his owner                              # edu.uclm.esi.devopsmetrics.bdd.stepdefinitions.GetAllBranchesSteps.the_user_gets_all_branches_from_a_repository_by_his_owner()
09:35:42.884 [main] DEBUG org.springframework.test.context.cache.DefaultCacheAwareContextLoaderDelegate - Retrieved ApplicationContext [7395550] from cache with key [[MergedContextConfiguration@11e355ca testClass = TestRunner, locations = '{}', classes = '{}', contextInitializerClasses = '[]', activeProfiles = '{}', propertySourceLocations = '{}', propertySourceProperties = '{}', contextCustomizers = set[org.springframework.boot.test.context.filter.ExcludeFilterContextCustomizer@6a175569, org.springframework.boot.test.json.DuplicateJsonObjectContextCustomizerFactory$DuplicateJsonObjectContextCustomizer@11ee02f8, org.springframework.boot.test.mock.mockito.MockitoContextCustomizer@0, org.springframework.boot.test.autoconfigure.properties.PropertyMappingContextCustomizer@0, org.springframework.boot.test.autoconfigure.web.servlet.WebDriverContextCustomizerFactory$Customizer@159e366], contextLoader = 'org.springframework.test.context.support.DelegatingSmartContextLoader', parent = [null]]]
09:35:42.884 [main] DEBUG org.springframework.test.context.cache - Spring test ApplicationContext cache statistics: [DefaultContextCache@42c2f48c size = 1, maxSize = 32, parentContextCount = 0, hitCount = 5, missCount = 1]
09:35:42.884 [main] DEBUG org.springframework.test.context.support.AbstractDirtiesContextTestExecutionListener - After test class: context [DefaultTestContext@485e13d7 testClass = TestRunner, testInstance = [null], testMethod = [null], testException = [null], mergedContextConfiguration = [MergedContextConfiguration@11e355ca testClass = TestRunner, locations = '{}', classes = '{}', contextInitializerClasses = '[]', activeProfiles = '{}', propertySourceLocations = '{}', propertySourceProperties = '{}', contextCustomizers = set[org.springframework.boot.test.context.filter.ExcludeFilterContextCustomizer@6a175569, org.springframework.boot.test.json.DuplicateJsonObjectContextCustomizerFactory$DuplicateJsonObjectContextCustomizer@11ee02f8, org.springframework.boot.test.mock.mockito.MockitoContextCustomizer@0, org.springframework.boot.test.autoconfigure.properties.PropertyMappingContextCustomizer@0, org.springframework.boot.test.autoconfigure.web.servlet.WebDriverContextCustomizerFactory$Customizer@159e366], contextLoader = 'org.springframework.test.context.support.DelegatingSmartContextLoader', parent = [null]], attributes = map[[empty]]], class annotated with @DirtiesContext [false] with mode [null].
]]></system-out>
  </testcase>
  <testcase name="{feature to test the function to get all commits from a repository by his owner}" classname="edu.uclm.esi.devopsmetrics.bdd.TestRunner" time="0.267">
    <error type="java.lang.NullPointerException">java.lang.NullPointerException
</error>
    <system-out><![CDATA[09:35:42.885 [main] DEBUG org.springframework.test.context.BootstrapUtils - Instantiating CacheAwareContextLoaderDelegate from class [org.springframework.test.context.cache.DefaultCacheAwareContextLoaderDelegate]
09:35:42.885 [main] DEBUG org.springframework.test.context.BootstrapUtils - Instantiating BootstrapContext using constructor [public org.springframework.test.context.support.DefaultBootstrapContext(java.lang.Class,org.springframework.test.context.CacheAwareContextLoaderDelegate)]
09:35:42.885 [main] DEBUG org.springframework.test.context.BootstrapUtils - Instantiating TestContextBootstrapper for test class [edu.uclm.esi.devopsmetrics.bdd.TestRunner] from class [org.springframework.test.context.support.DefaultTestContextBootstrapper]
09:35:42.886 [main] INFO org.springframework.test.context.support.DefaultTestContextBootstrapper - Neither @ContextConfiguration nor @ContextHierarchy found for test class [edu.uclm.esi.devopsmetrics.bdd.TestRunner], using DelegatingSmartContextLoader
09:35:42.886 [main] DEBUG org.springframework.test.context.support.AbstractDelegatingSmartContextLoader - Delegating to GenericXmlContextLoader to process context configuration [ContextConfigurationAttributes@78a515e4 declaringClass = 'edu.uclm.esi.devopsmetrics.bdd.TestRunner', classes = '{}', locations = '{}', inheritLocations = false, initializers = '{}', inheritInitializers = true, name = [null], contextLoaderClass = 'org.springframework.test.context.ContextLoader'].
09:35:42.886 [main] DEBUG org.springframework.test.context.support.AbstractContextLoader - Did not detect default resource location for test class [edu.uclm.esi.devopsmetrics.bdd.TestRunner]: class path resource [edu/uclm/esi/devopsmetrics/bdd/TestRunner-context.xml] does not exist
09:35:42.887 [main] INFO org.springframework.test.context.support.AbstractContextLoader - Could not detect default resource locations for test class [edu.uclm.esi.devopsmetrics.bdd.TestRunner]: no resource found for suffixes {-context.xml}.
09:35:42.887 [main] DEBUG org.springframework.test.context.support.AbstractDelegatingSmartContextLoader - Delegating to AnnotationConfigContextLoader to process context configuration [ContextConfigurationAttributes@78a515e4 declaringClass = 'edu.uclm.esi.devopsmetrics.bdd.TestRunner', classes = '{}', locations = '{}', inheritLocations = false, initializers = '{}', inheritInitializers = true, name = [null], contextLoaderClass = 'org.springframework.test.context.ContextLoader'].
09:35:42.887 [main] INFO org.springframework.test.context.support.AnnotationConfigContextLoaderUtils - Could not detect default configuration classes for test class [edu.uclm.esi.devopsmetrics.bdd.TestRunner]: TestRunner does not declare any static, non-private, non-final, nested classes annotated with @Configuration.
09:35:42.888 [main] DEBUG org.springframework.test.context.support.ActiveProfilesUtils - Could not find an 'annotation declaring class' for annotation type [org.springframework.test.context.ActiveProfiles] and class [edu.uclm.esi.devopsmetrics.bdd.TestRunner]
09:35:42.888 [main] DEBUG org.springframework.test.context.support.DefaultTestContextBootstrapper - @TestExecutionListeners is not present for class [edu.uclm.esi.devopsmetrics.bdd.TestRunner]: using defaults.
09:35:42.888 [main] INFO org.springframework.test.context.support.DefaultTestContextBootstrapper - Loaded default TestExecutionListener class names from location [META-INF/spring.factories]: [org.springframework.boot.test.mock.mockito.MockitoTestExecutionListener, org.springframework.boot.test.mock.mockito.ResetMocksTestExecutionListener, org.springframework.boot.test.autoconfigure.restdocs.RestDocsTestExecutionListener, org.springframework.boot.test.autoconfigure.web.client.MockRestServiceServerResetTestExecutionListener, org.springframework.boot.test.autoconfigure.web.servlet.MockMvcPrintOnlyOnFailureTestExecutionListener, org.springframework.boot.test.autoconfigure.web.servlet.WebDriverTestExecutionListener, org.springframework.boot.test.autoconfigure.webservices.client.MockWebServiceServerTestExecutionListener, org.springframework.test.context.web.ServletTestExecutionListener, org.springframework.test.context.support.DirtiesContextBeforeModesTestExecutionListener, org.springframework.test.context.support.DependencyInjectionTestExecutionListener, org.springframework.test.context.support.DirtiesContextTestExecutionListener, org.springframework.test.context.transaction.TransactionalTestExecutionListener, org.springframework.test.context.jdbc.SqlScriptsTestExecutionListener, org.springframework.test.context.event.EventPublishingTestExecutionListener]
09:35:42.889 [main] INFO org.springframework.test.context.support.DefaultTestContextBootstrapper - Using TestExecutionListeners: [org.springframework.test.context.web.ServletTestExecutionListener@d2291de, org.springframework.test.context.support.DirtiesContextBeforeModesTestExecutionListener@51c8f62c, org.springframework.boot.test.mock.mockito.MockitoTestExecutionListener@41a374be, org.springframework.test.context.support.DependencyInjectionTestExecutionListener@11f9535b, org.springframework.test.context.support.DirtiesContextTestExecutionListener@8cc8cdb, org.springframework.test.context.transaction.TransactionalTestExecutionListener@1e236278, org.springframework.test.context.jdbc.SqlScriptsTestExecutionListener@44fff386, org.springframework.test.context.event.EventPublishingTestExecutionListener@1fc713c9, org.springframework.boot.test.mock.mockito.ResetMocksTestExecutionListener@7301eebe, org.springframework.boot.test.autoconfigure.restdocs.RestDocsTestExecutionListener@76b47204, org.springframework.boot.test.autoconfigure.web.client.MockRestServiceServerResetTestExecutionListener@4d6ccc97, org.springframework.boot.test.autoconfigure.web.servlet.MockMvcPrintOnlyOnFailureTestExecutionListener@6a12c7a8, org.springframework.boot.test.autoconfigure.web.servlet.WebDriverTestExecutionListener@161aa04a, org.springframework.boot.test.autoconfigure.webservices.client.MockWebServiceServerTestExecutionListener@436bd4df]
09:35:42.889 [main] DEBUG org.springframework.test.context.cache.DefaultCacheAwareContextLoaderDelegate - Retrieved ApplicationContext [7395550] from cache with key [[MergedContextConfiguration@6848a051 testClass = TestRunner, locations = '{}', classes = '{}', contextInitializerClasses = '[]', activeProfiles = '{}', propertySourceLocations = '{}', propertySourceProperties = '{}', contextCustomizers = set[org.springframework.boot.test.context.filter.ExcludeFilterContextCustomizer@6a175569, org.springframework.boot.test.json.DuplicateJsonObjectContextCustomizerFactory$DuplicateJsonObjectContextCustomizer@11ee02f8, org.springframework.boot.test.mock.mockito.MockitoContextCustomizer@0, org.springframework.boot.test.autoconfigure.properties.PropertyMappingContextCustomizer@0, org.springframework.boot.test.autoconfigure.web.servlet.WebDriverContextCustomizerFactory$Customizer@159e366], contextLoader = 'org.springframework.test.context.support.DelegatingSmartContextLoader', parent = [null]]]
09:35:42.889 [main] DEBUG org.springframework.test.context.cache - Spring test ApplicationContext cache statistics: [DefaultContextCache@42c2f48c size = 1, maxSize = 32, parentContextCount = 0, hitCount = 6, missCount = 1]
09:35:42.889 [main] DEBUG org.springframework.beans.factory.support.DefaultListableBeanFactory - Replacing scope 'cucumber-glue' from [io.cucumber.spring.CucumberScenarioScope@e11ecfa] to [io.cucumber.spring.CucumberScenarioScope@149b0577]
09:35:42.889 [main] DEBUG org.springframework.test.context.support.AbstractDirtiesContextTestExecutionListener - Before test class: context [DefaultTestContext@5740ff5e testClass = TestRunner, testInstance = [null], testMethod = [null], testException = [null], mergedContextConfiguration = [MergedContextConfiguration@6848a051 testClass = TestRunner, locations = '{}', classes = '{}', contextInitializerClasses = '[]', activeProfiles = '{}', propertySourceLocations = '{}', propertySourceProperties = '{}', contextCustomizers = set[org.springframework.boot.test.context.filter.ExcludeFilterContextCustomizer@6a175569, org.springframework.boot.test.json.DuplicateJsonObjectContextCustomizerFactory$DuplicateJsonObjectContextCustomizer@11ee02f8, org.springframework.boot.test.mock.mockito.MockitoContextCustomizer@0, org.springframework.boot.test.autoconfigure.properties.PropertyMappingContextCustomizer@0, org.springframework.boot.test.autoconfigure.web.servlet.WebDriverContextCustomizerFactory$Customizer@159e366], contextLoader = 'org.springframework.test.context.support.DelegatingSmartContextLoader', parent = [null]], attributes = map[[empty]]], class annotated with @DirtiesContext [false] with mode [null].
09:35:42.889 [main] DEBUG org.springframework.test.context.cache.DefaultCacheAwareContextLoaderDelegate - Retrieved ApplicationContext [7395550] from cache with key [[MergedContextConfiguration@6848a051 testClass = TestRunner, locations = '{}', classes = '{}', contextInitializerClasses = '[]', activeProfiles = '{}', propertySourceLocations = '{}', propertySourceProperties = '{}', contextCustomizers = set[org.springframework.boot.test.context.filter.ExcludeFilterContextCustomizer@6a175569, org.springframework.boot.test.json.DuplicateJsonObjectContextCustomizerFactory$DuplicateJsonObjectContextCustomizer@11ee02f8, org.springframework.boot.test.mock.mockito.MockitoContextCustomizer@0, org.springframework.boot.test.autoconfigure.properties.PropertyMappingContextCustomizer@0, org.springframework.boot.test.autoconfigure.web.servlet.WebDriverContextCustomizerFactory$Customizer@159e366], contextLoader = 'org.springframework.test.context.support.DelegatingSmartContextLoader', parent = [null]]]
09:35:42.889 [main] DEBUG org.springframework.test.context.cache - Spring test ApplicationContext cache statistics: [DefaultContextCache@42c2f48c size = 1, maxSize = 32, parentContextCount = 0, hitCount = 7, missCount = 1]

Scenario:                                                                                    # src/test/resources/features/GetAllCommits.feature:3
09:35:42.902 [main] DEBUG org.apache.http.client.protocol.RequestAddCookies - CookieSpec selected: default
09:35:42.902 [main] DEBUG org.apache.http.client.protocol.RequestAuthCache - Auth cache not set in the context
09:35:42.902 [main] DEBUG org.apache.http.impl.conn.PoolingHttpClientConnectionManager - Connection request: [route: {s}->https://devopsmetrics.herokuapp.com:443][total available: 0; route allocated: 0 of 2; total allocated: 0 of 20]
09:35:42.902 [main] DEBUG org.apache.http.impl.conn.PoolingHttpClientConnectionManager - Connection leased: [id: 2][route: {s}->https://devopsmetrics.herokuapp.com:443][total available: 0; route allocated: 1 of 2; total allocated: 1 of 20]
09:35:42.902 [main] DEBUG org.apache.http.impl.execchain.MainClientExec - Opening connection {s}->https://devopsmetrics.herokuapp.com:443
09:35:42.902 [main] DEBUG org.apache.http.impl.conn.DefaultHttpClientConnectionOperator - Connecting to devopsmetrics.herokuapp.com/34.240.218.59:443
09:35:42.902 [main] DEBUG org.apache.http.conn.ssl.SSLConnectionSocketFactory - Connecting socket to devopsmetrics.herokuapp.com/34.240.218.59:443 with timeout 0
09:35:42.944 [main] DEBUG org.apache.http.conn.ssl.SSLConnectionSocketFactory - Enabled protocols: [TLSv1.3, TLSv1.2, TLSv1.1, TLSv1]
09:35:42.945 [main] DEBUG org.apache.http.conn.ssl.SSLConnectionSocketFactory - Enabled cipher suites:[TLS_AES_128_GCM_SHA256, TLS_AES_256_GCM_SHA384, TLS_ECDHE_ECDSA_WITH_AES_256_GCM_SHA384, TLS_ECDHE_ECDSA_WITH_AES_128_GCM_SHA256, TLS_ECDHE_RSA_WITH_AES_256_GCM_SHA384, TLS_RSA_WITH_AES_256_GCM_SHA384, TLS_ECDH_ECDSA_WITH_AES_256_GCM_SHA384, TLS_ECDH_RSA_WITH_AES_256_GCM_SHA384, TLS_DHE_RSA_WITH_AES_256_GCM_SHA384, TLS_DHE_DSS_WITH_AES_256_GCM_SHA384, TLS_ECDHE_RSA_WITH_AES_128_GCM_SHA256, TLS_RSA_WITH_AES_128_GCM_SHA256, TLS_ECDH_ECDSA_WITH_AES_128_GCM_SHA256, TLS_ECDH_RSA_WITH_AES_128_GCM_SHA256, TLS_DHE_RSA_WITH_AES_128_GCM_SHA256, TLS_DHE_DSS_WITH_AES_128_GCM_SHA256, TLS_ECDHE_ECDSA_WITH_AES_256_CBC_SHA384, TLS_ECDHE_RSA_WITH_AES_256_CBC_SHA384, TLS_RSA_WITH_AES_256_CBC_SHA256, TLS_ECDH_ECDSA_WITH_AES_256_CBC_SHA384, TLS_ECDH_RSA_WITH_AES_256_CBC_SHA384, TLS_DHE_RSA_WITH_AES_256_CBC_SHA256, TLS_DHE_DSS_WITH_AES_256_CBC_SHA256, TLS_ECDHE_ECDSA_WITH_AES_256_CBC_SHA, TLS_ECDHE_RSA_WITH_AES_256_CBC_SHA, TLS_RSA_WITH_AES_256_CBC_SHA, TLS_ECDH_ECDSA_WITH_AES_256_CBC_SHA, TLS_ECDH_RSA_WITH_AES_256_CBC_SHA, TLS_DHE_RSA_WITH_AES_256_CBC_SHA, TLS_DHE_DSS_WITH_AES_256_CBC_SHA, TLS_ECDHE_ECDSA_WITH_AES_128_CBC_SHA256, TLS_ECDHE_RSA_WITH_AES_128_CBC_SHA256, TLS_RSA_WITH_AES_128_CBC_SHA256, TLS_ECDH_ECDSA_WITH_AES_128_CBC_SHA256, TLS_ECDH_RSA_WITH_AES_128_CBC_SHA256, TLS_DHE_RSA_WITH_AES_128_CBC_SHA256, TLS_DHE_DSS_WITH_AES_128_CBC_SHA256, TLS_ECDHE_ECDSA_WITH_AES_128_CBC_SHA, TLS_ECDHE_RSA_WITH_AES_128_CBC_SHA, TLS_RSA_WITH_AES_128_CBC_SHA, TLS_ECDH_ECDSA_WITH_AES_128_CBC_SHA, TLS_ECDH_RSA_WITH_AES_128_CBC_SHA, TLS_DHE_RSA_WITH_AES_128_CBC_SHA, TLS_DHE_DSS_WITH_AES_128_CBC_SHA, TLS_EMPTY_RENEGOTIATION_INFO_SCSV]
09:35:42.945 [main] DEBUG org.apache.http.conn.ssl.SSLConnectionSocketFactory - Starting handshake
09:35:43.041 [main] DEBUG org.apache.http.conn.ssl.SSLConnectionSocketFactory - Secure session established
09:35:43.042 [main] DEBUG org.apache.http.conn.ssl.SSLConnectionSocketFactory -  negotiated protocol: TLSv1.2
09:35:43.042 [main] DEBUG org.apache.http.conn.ssl.SSLConnectionSocketFactory -  negotiated cipher suite: TLS_ECDHE_RSA_WITH_AES_128_GCM_SHA256
09:35:43.042 [main] DEBUG org.apache.http.conn.ssl.SSLConnectionSocketFactory -  peer principal: CN=*.herokuapp.com
09:35:43.042 [main] DEBUG org.apache.http.conn.ssl.SSLConnectionSocketFactory -  peer alternative names: [*.herokuapp.com]
09:35:43.042 [main] DEBUG org.apache.http.conn.ssl.SSLConnectionSocketFactory -  issuer principal: CN=Amazon, OU=Server CA 1B, O=Amazon, C=US
09:35:43.042 [main] DEBUG org.apache.http.impl.conn.DefaultHttpClientConnectionOperator - Connection established 192.168.1.45:64994<->34.240.218.59:443
09:35:43.042 [main] DEBUG org.apache.http.impl.execchain.MainClientExec - Executing request GET /usuarios?username=null&password=null HTTP/1.1
09:35:43.042 [main] DEBUG org.apache.http.impl.execchain.MainClientExec - Target auth state: UNCHALLENGED
09:35:43.042 [main] DEBUG org.apache.http.impl.execchain.MainClientExec - Proxy auth state: UNCHALLENGED
09:35:43.042 [main] DEBUG org.apache.http.headers - http-outgoing-2 >> GET /usuarios?username=null&password=null HTTP/1.1
09:35:43.042 [main] DEBUG org.apache.http.headers - http-outgoing-2 >> Host: devopsmetrics.herokuapp.com
09:35:43.042 [main] DEBUG org.apache.http.headers - http-outgoing-2 >> Connection: Keep-Alive
09:35:43.042 [main] DEBUG org.apache.http.headers - http-outgoing-2 >> User-Agent: Apache-HttpClient/4.5.12 (Java/11.0.8)
09:35:43.042 [main] DEBUG org.apache.http.headers - http-outgoing-2 >> Accept-Encoding: gzip,deflate
09:35:43.042 [main] DEBUG org.apache.http.wire - http-outgoing-2 >> "GET /usuarios?username=null&password=null HTTP/1.1[\r][\n]"
09:35:43.042 [main] DEBUG org.apache.http.wire - http-outgoing-2 >> "Host: devopsmetrics.herokuapp.com[\r][\n]"
09:35:43.042 [main] DEBUG org.apache.http.wire - http-outgoing-2 >> "Connection: Keep-Alive[\r][\n]"
09:35:43.042 [main] DEBUG org.apache.http.wire - http-outgoing-2 >> "User-Agent: Apache-HttpClient/4.5.12 (Java/11.0.8)[\r][\n]"
09:35:43.042 [main] DEBUG org.apache.http.wire - http-outgoing-2 >> "Accept-Encoding: gzip,deflate[\r][\n]"
09:35:43.042 [main] DEBUG org.apache.http.wire - http-outgoing-2 >> "[\r][\n]"
09:35:43.145 [main] DEBUG org.apache.http.wire - http-outgoing-2 << "HTTP/1.1 500 [\r][\n]"
09:35:43.145 [main] DEBUG org.apache.http.wire - http-outgoing-2 << "Server: Cowboy[\r][\n]"
09:35:43.145 [main] DEBUG org.apache.http.wire - http-outgoing-2 << "Connection: keep-alive[\r][\n]"
09:35:43.145 [main] DEBUG org.apache.http.wire - http-outgoing-2 << "Vary: Origin[\r][\n]"
09:35:43.145 [main] DEBUG org.apache.http.wire - http-outgoing-2 << "Vary: Access-Control-Request-Method[\r][\n]"
09:35:43.145 [main] DEBUG org.apache.http.wire - http-outgoing-2 << "Vary: Access-Control-Request-Headers[\r][\n]"
09:35:43.145 [main] DEBUG org.apache.http.wire - http-outgoing-2 << "Content-Type: application/json[\r][\n]"
09:35:43.145 [main] DEBUG org.apache.http.wire - http-outgoing-2 << "Transfer-Encoding: chunked[\r][\n]"
09:35:43.145 [main] DEBUG org.apache.http.wire - http-outgoing-2 << "Date: Tue, 13 Jul 2021 07:35:42 GMT[\r][\n]"
09:35:43.145 [main] DEBUG org.apache.http.wire - http-outgoing-2 << "Via: 1.1 vegur[\r][\n]"
09:35:43.145 [main] DEBUG org.apache.http.wire - http-outgoing-2 << "[\r][\n]"
09:35:43.145 [main] DEBUG org.apache.http.headers - http-outgoing-2 << HTTP/1.1 500 
09:35:43.145 [main] DEBUG org.apache.http.headers - http-outgoing-2 << Server: Cowboy
09:35:43.145 [main] DEBUG org.apache.http.headers - http-outgoing-2 << Connection: keep-alive
09:35:43.145 [main] DEBUG org.apache.http.headers - http-outgoing-2 << Vary: Origin
09:35:43.145 [main] DEBUG org.apache.http.headers - http-outgoing-2 << Vary: Access-Control-Request-Method
09:35:43.145 [main] DEBUG org.apache.http.headers - http-outgoing-2 << Vary: Access-Control-Request-Headers
09:35:43.145 [main] DEBUG org.apache.http.headers - http-outgoing-2 << Content-Type: application/json
09:35:43.145 [main] DEBUG org.apache.http.headers - http-outgoing-2 << Transfer-Encoding: chunked
09:35:43.145 [main] DEBUG org.apache.http.headers - http-outgoing-2 << Date: Tue, 13 Jul 2021 07:35:42 GMT
09:35:43.145 [main] DEBUG org.apache.http.headers - http-outgoing-2 << Via: 1.1 vegur
09:35:43.145 [main] DEBUG org.apache.http.impl.execchain.MainClientExec - Connection can be kept alive indefinitely
09:35:43.146 [main] DEBUG org.apache.http.wire - http-outgoing-2 << "7a[\r][\n]"
09:35:43.146 [main] DEBUG org.apache.http.wire - http-outgoing-2 << "{"timestamp":"2021-07-13T07:35:43.168+00:00","status":500,"error":"Internal Server Error","message":"","path":"/usuarios"}[\r][\n]"
09:35:43.146 [main] DEBUG org.apache.http.wire - http-outgoing-2 << "0[\r][\n]"
09:35:43.146 [main] DEBUG org.apache.http.wire - http-outgoing-2 << "[\r][\n]"
09:35:43.146 [main] DEBUG org.apache.http.impl.conn.PoolingHttpClientConnectionManager - Connection [id: 2][route: {s}->https://devopsmetrics.herokuapp.com:443] can be kept alive indefinitely
09:35:43.146 [main] DEBUG org.apache.http.impl.conn.DefaultManagedHttpClientConnection - http-outgoing-2: set socket timeout to 0
09:35:43.146 [main] DEBUG org.apache.http.impl.conn.PoolingHttpClientConnectionManager - Connection released: [id: 2][route: {s}->https://devopsmetrics.herokuapp.com:443][total available: 1; route allocated: 1 of 2; total allocated: 1 of 20]
  Given user is logging in the system for getting all commits from a repository by his owner # edu.uclm.esi.devopsmetrics.bdd.stepdefinitions.GetAllCommitsSteps.user_is_logging_in_the_system_for_getting_all_commits_from_a_repository_by_his_owner()
  When user is correct he requests all commits from a repository by his owner                # edu.uclm.esi.devopsmetrics.bdd.stepdefinitions.GetAllCommitsSteps.user_is_correct_he_requests_all_commits_from_a_repository_by_his_owner()
      java.lang.NullPointerException
	at edu.uclm.esi.devopsmetrics.bdd.stepdefinitions.GetAllCommitsSteps.user_is_correct_he_requests_all_commits_from_a_repository_by_his_owner(GetAllCommitsSteps.java:61)
	at âœ½.user is correct he requests all commits from a repository by his owner(file:///C:/Users/Crespo/eclipse-workspace/devopsmetrics/src/test/resources/features/GetAllCommits.feature:5)

  Then the user gets all commits from a repository by his owner                              # edu.uclm.esi.devopsmetrics.bdd.stepdefinitions.GetAllCommitsSteps.the_user_gets_all_commits_from_a_repository_by_his_owner()
09:35:43.148 [main] DEBUG org.springframework.test.context.cache.DefaultCacheAwareContextLoaderDelegate - Retrieved ApplicationContext [7395550] from cache with key [[MergedContextConfiguration@6848a051 testClass = TestRunner, locations = '{}', classes = '{}', contextInitializerClasses = '[]', activeProfiles = '{}', propertySourceLocations = '{}', propertySourceProperties = '{}', contextCustomizers = set[org.springframework.boot.test.context.filter.ExcludeFilterContextCustomizer@6a175569, org.springframework.boot.test.json.DuplicateJsonObjectContextCustomizerFactory$DuplicateJsonObjectContextCustomizer@11ee02f8, org.springframework.boot.test.mock.mockito.MockitoContextCustomizer@0, org.springframework.boot.test.autoconfigure.properties.PropertyMappingContextCustomizer@0, org.springframework.boot.test.autoconfigure.web.servlet.WebDriverContextCustomizerFactory$Customizer@159e366], contextLoader = 'org.springframework.test.context.support.DelegatingSmartContextLoader', parent = [null]]]
09:35:43.148 [main] DEBUG org.springframework.test.context.cache - Spring test ApplicationContext cache statistics: [DefaultContextCache@42c2f48c size = 1, maxSize = 32, parentContextCount = 0, hitCount = 8, missCount = 1]
09:35:43.148 [main] DEBUG org.springframework.test.context.support.AbstractDirtiesContextTestExecutionListener - After test class: context [DefaultTestContext@5740ff5e testClass = TestRunner, testInstance = [null], testMethod = [null], testException = [null], mergedContextConfiguration = [MergedContextConfiguration@6848a051 testClass = TestRunner, locations = '{}', classes = '{}', contextInitializerClasses = '[]', activeProfiles = '{}', propertySourceLocations = '{}', propertySourceProperties = '{}', contextCustomizers = set[org.springframework.boot.test.context.filter.ExcludeFilterContextCustomizer@6a175569, org.springframework.boot.test.json.DuplicateJsonObjectContextCustomizerFactory$DuplicateJsonObjectContextCustomizer@11ee02f8, org.springframework.boot.test.mock.mockito.MockitoContextCustomizer@0, org.springframework.boot.test.autoconfigure.properties.PropertyMappingContextCustomizer@0, org.springframework.boot.test.autoconfigure.web.servlet.WebDriverContextCustomizerFactory$Customizer@159e366], contextLoader = 'org.springframework.test.context.support.DelegatingSmartContextLoader', parent = [null]], attributes = map[[empty]]], class annotated with @DirtiesContext [false] with mode [null].
]]></system-out>
  </testcase>
  <testcase name="{feature to test the function to get all issues from a repository by his owner from Github}" classname="edu.uclm.esi.devopsmetrics.bdd.TestRunner" time="0.243">
    <error type="java.lang.NullPointerException">java.lang.NullPointerException
</error>
    <system-out><![CDATA[09:35:43.149 [main] DEBUG org.springframework.test.context.BootstrapUtils - Instantiating CacheAwareContextLoaderDelegate from class [org.springframework.test.context.cache.DefaultCacheAwareContextLoaderDelegate]
09:35:43.150 [main] DEBUG org.springframework.test.context.BootstrapUtils - Instantiating BootstrapContext using constructor [public org.springframework.test.context.support.DefaultBootstrapContext(java.lang.Class,org.springframework.test.context.CacheAwareContextLoaderDelegate)]
09:35:43.150 [main] DEBUG org.springframework.test.context.BootstrapUtils - Instantiating TestContextBootstrapper for test class [edu.uclm.esi.devopsmetrics.bdd.TestRunner] from class [org.springframework.test.context.support.DefaultTestContextBootstrapper]
09:35:43.150 [main] INFO org.springframework.test.context.support.DefaultTestContextBootstrapper - Neither @ContextConfiguration nor @ContextHierarchy found for test class [edu.uclm.esi.devopsmetrics.bdd.TestRunner], using DelegatingSmartContextLoader
09:35:43.150 [main] DEBUG org.springframework.test.context.support.AbstractDelegatingSmartContextLoader - Delegating to GenericXmlContextLoader to process context configuration [ContextConfigurationAttributes@60a19573 declaringClass = 'edu.uclm.esi.devopsmetrics.bdd.TestRunner', classes = '{}', locations = '{}', inheritLocations = false, initializers = '{}', inheritInitializers = true, name = [null], contextLoaderClass = 'org.springframework.test.context.ContextLoader'].
09:35:43.150 [main] DEBUG org.springframework.test.context.support.AbstractContextLoader - Did not detect default resource location for test class [edu.uclm.esi.devopsmetrics.bdd.TestRunner]: class path resource [edu/uclm/esi/devopsmetrics/bdd/TestRunner-context.xml] does not exist
09:35:43.151 [main] INFO org.springframework.test.context.support.AbstractContextLoader - Could not detect default resource locations for test class [edu.uclm.esi.devopsmetrics.bdd.TestRunner]: no resource found for suffixes {-context.xml}.
09:35:43.151 [main] DEBUG org.springframework.test.context.support.AbstractDelegatingSmartContextLoader - Delegating to AnnotationConfigContextLoader to process context configuration [ContextConfigurationAttributes@60a19573 declaringClass = 'edu.uclm.esi.devopsmetrics.bdd.TestRunner', classes = '{}', locations = '{}', inheritLocations = false, initializers = '{}', inheritInitializers = true, name = [null], contextLoaderClass = 'org.springframework.test.context.ContextLoader'].
09:35:43.151 [main] INFO org.springframework.test.context.support.AnnotationConfigContextLoaderUtils - Could not detect default configuration classes for test class [edu.uclm.esi.devopsmetrics.bdd.TestRunner]: TestRunner does not declare any static, non-private, non-final, nested classes annotated with @Configuration.
09:35:43.152 [main] DEBUG org.springframework.test.context.support.ActiveProfilesUtils - Could not find an 'annotation declaring class' for annotation type [org.springframework.test.context.ActiveProfiles] and class [edu.uclm.esi.devopsmetrics.bdd.TestRunner]
09:35:43.153 [main] DEBUG org.springframework.test.context.support.DefaultTestContextBootstrapper - @TestExecutionListeners is not present for class [edu.uclm.esi.devopsmetrics.bdd.TestRunner]: using defaults.
09:35:43.153 [main] INFO org.springframework.test.context.support.DefaultTestContextBootstrapper - Loaded default TestExecutionListener class names from location [META-INF/spring.factories]: [org.springframework.boot.test.mock.mockito.MockitoTestExecutionListener, org.springframework.boot.test.mock.mockito.ResetMocksTestExecutionListener, org.springframework.boot.test.autoconfigure.restdocs.RestDocsTestExecutionListener, org.springframework.boot.test.autoconfigure.web.client.MockRestServiceServerResetTestExecutionListener, org.springframework.boot.test.autoconfigure.web.servlet.MockMvcPrintOnlyOnFailureTestExecutionListener, org.springframework.boot.test.autoconfigure.web.servlet.WebDriverTestExecutionListener, org.springframework.boot.test.autoconfigure.webservices.client.MockWebServiceServerTestExecutionListener, org.springframework.test.context.web.ServletTestExecutionListener, org.springframework.test.context.support.DirtiesContextBeforeModesTestExecutionListener, org.springframework.test.context.support.DependencyInjectionTestExecutionListener, org.springframework.test.context.support.DirtiesContextTestExecutionListener, org.springframework.test.context.transaction.TransactionalTestExecutionListener, org.springframework.test.context.jdbc.SqlScriptsTestExecutionListener, org.springframework.test.context.event.EventPublishingTestExecutionListener]
09:35:43.153 [main] INFO org.springframework.test.context.support.DefaultTestContextBootstrapper - Using TestExecutionListeners: [org.springframework.test.context.web.ServletTestExecutionListener@44a085e5, org.springframework.test.context.support.DirtiesContextBeforeModesTestExecutionListener@134ff8f8, org.springframework.boot.test.mock.mockito.MockitoTestExecutionListener@619f2afc, org.springframework.test.context.support.DependencyInjectionTestExecutionListener@df921b1, org.springframework.test.context.support.DirtiesContextTestExecutionListener@4db60246, org.springframework.test.context.transaction.TransactionalTestExecutionListener@2152ab30, org.springframework.test.context.jdbc.SqlScriptsTestExecutionListener@3902bd2c, org.springframework.test.context.event.EventPublishingTestExecutionListener@7d32e714, org.springframework.boot.test.mock.mockito.ResetMocksTestExecutionListener@eb6ec6, org.springframework.boot.test.autoconfigure.restdocs.RestDocsTestExecutionListener@34d45ec0, org.springframework.boot.test.autoconfigure.web.client.MockRestServiceServerResetTestExecutionListener@18137eab, org.springframework.boot.test.autoconfigure.web.servlet.MockMvcPrintOnlyOnFailureTestExecutionListener@727320fa, org.springframework.boot.test.autoconfigure.web.servlet.WebDriverTestExecutionListener@2935fd2c, org.springframework.boot.test.autoconfigure.webservices.client.MockWebServiceServerTestExecutionListener@3f018494]
09:35:43.153 [main] DEBUG org.springframework.test.context.cache.DefaultCacheAwareContextLoaderDelegate - Retrieved ApplicationContext [7395550] from cache with key [[MergedContextConfiguration@3ce443f9 testClass = TestRunner, locations = '{}', classes = '{}', contextInitializerClasses = '[]', activeProfiles = '{}', propertySourceLocations = '{}', propertySourceProperties = '{}', contextCustomizers = set[org.springframework.boot.test.context.filter.ExcludeFilterContextCustomizer@6a175569, org.springframework.boot.test.json.DuplicateJsonObjectContextCustomizerFactory$DuplicateJsonObjectContextCustomizer@11ee02f8, org.springframework.boot.test.mock.mockito.MockitoContextCustomizer@0, org.springframework.boot.test.autoconfigure.properties.PropertyMappingContextCustomizer@0, org.springframework.boot.test.autoconfigure.web.servlet.WebDriverContextCustomizerFactory$Customizer@159e366], contextLoader = 'org.springframework.test.context.support.DelegatingSmartContextLoader', parent = [null]]]
09:35:43.153 [main] DEBUG org.springframework.test.context.cache - Spring test ApplicationContext cache statistics: [DefaultContextCache@42c2f48c size = 1, maxSize = 32, parentContextCount = 0, hitCount = 9, missCount = 1]
09:35:43.153 [main] DEBUG org.springframework.beans.factory.support.DefaultListableBeanFactory - Replacing scope 'cucumber-glue' from [io.cucumber.spring.CucumberScenarioScope@149b0577] to [io.cucumber.spring.CucumberScenarioScope@57fbc06f]
09:35:43.153 [main] DEBUG org.springframework.test.context.support.AbstractDirtiesContextTestExecutionListener - Before test class: context [DefaultTestContext@51a18b21 testClass = TestRunner, testInstance = [null], testMethod = [null], testException = [null], mergedContextConfiguration = [MergedContextConfiguration@3ce443f9 testClass = TestRunner, locations = '{}', classes = '{}', contextInitializerClasses = '[]', activeProfiles = '{}', propertySourceLocations = '{}', propertySourceProperties = '{}', contextCustomizers = set[org.springframework.boot.test.context.filter.ExcludeFilterContextCustomizer@6a175569, org.springframework.boot.test.json.DuplicateJsonObjectContextCustomizerFactory$DuplicateJsonObjectContextCustomizer@11ee02f8, org.springframework.boot.test.mock.mockito.MockitoContextCustomizer@0, org.springframework.boot.test.autoconfigure.properties.PropertyMappingContextCustomizer@0, org.springframework.boot.test.autoconfigure.web.servlet.WebDriverContextCustomizerFactory$Customizer@159e366], contextLoader = 'org.springframework.test.context.support.DelegatingSmartContextLoader', parent = [null]], attributes = map[[empty]]], class annotated with @DirtiesContext [false] with mode [null].
09:35:43.154 [main] DEBUG org.springframework.test.context.cache.DefaultCacheAwareContextLoaderDelegate - Retrieved ApplicationContext [7395550] from cache with key [[MergedContextConfiguration@3ce443f9 testClass = TestRunner, locations = '{}', classes = '{}', contextInitializerClasses = '[]', activeProfiles = '{}', propertySourceLocations = '{}', propertySourceProperties = '{}', contextCustomizers = set[org.springframework.boot.test.context.filter.ExcludeFilterContextCustomizer@6a175569, org.springframework.boot.test.json.DuplicateJsonObjectContextCustomizerFactory$DuplicateJsonObjectContextCustomizer@11ee02f8, org.springframework.boot.test.mock.mockito.MockitoContextCustomizer@0, org.springframework.boot.test.autoconfigure.properties.PropertyMappingContextCustomizer@0, org.springframework.boot.test.autoconfigure.web.servlet.WebDriverContextCustomizerFactory$Customizer@159e366], contextLoader = 'org.springframework.test.context.support.DelegatingSmartContextLoader', parent = [null]]]
09:35:43.154 [main] DEBUG org.springframework.test.context.cache - Spring test ApplicationContext cache statistics: [DefaultContextCache@42c2f48c size = 1, maxSize = 32, parentContextCount = 0, hitCount = 10, missCount = 1]

Scenario:                                                                                               # src/test/resources/features/GetAllIssues.feature:3
09:35:43.179 [main] DEBUG org.apache.http.client.protocol.RequestAddCookies - CookieSpec selected: default
09:35:43.179 [main] DEBUG org.apache.http.client.protocol.RequestAuthCache - Auth cache not set in the context
09:35:43.179 [main] DEBUG org.apache.http.impl.conn.PoolingHttpClientConnectionManager - Connection request: [route: {s}->https://devopsmetrics.herokuapp.com:443][total available: 0; route allocated: 0 of 2; total allocated: 0 of 20]
09:35:43.179 [main] DEBUG org.apache.http.impl.conn.PoolingHttpClientConnectionManager - Connection leased: [id: 3][route: {s}->https://devopsmetrics.herokuapp.com:443][total available: 0; route allocated: 1 of 2; total allocated: 1 of 20]
09:35:43.179 [main] DEBUG org.apache.http.impl.execchain.MainClientExec - Opening connection {s}->https://devopsmetrics.herokuapp.com:443
09:35:43.180 [main] DEBUG org.apache.http.impl.conn.DefaultHttpClientConnectionOperator - Connecting to devopsmetrics.herokuapp.com/34.240.218.59:443
09:35:43.180 [main] DEBUG org.apache.http.conn.ssl.SSLConnectionSocketFactory - Connecting socket to devopsmetrics.herokuapp.com/34.240.218.59:443 with timeout 0
09:35:43.222 [main] DEBUG org.apache.http.conn.ssl.SSLConnectionSocketFactory - Enabled protocols: [TLSv1.3, TLSv1.2, TLSv1.1, TLSv1]
09:35:43.222 [main] DEBUG org.apache.http.conn.ssl.SSLConnectionSocketFactory - Enabled cipher suites:[TLS_AES_128_GCM_SHA256, TLS_AES_256_GCM_SHA384, TLS_ECDHE_ECDSA_WITH_AES_256_GCM_SHA384, TLS_ECDHE_ECDSA_WITH_AES_128_GCM_SHA256, TLS_ECDHE_RSA_WITH_AES_256_GCM_SHA384, TLS_RSA_WITH_AES_256_GCM_SHA384, TLS_ECDH_ECDSA_WITH_AES_256_GCM_SHA384, TLS_ECDH_RSA_WITH_AES_256_GCM_SHA384, TLS_DHE_RSA_WITH_AES_256_GCM_SHA384, TLS_DHE_DSS_WITH_AES_256_GCM_SHA384, TLS_ECDHE_RSA_WITH_AES_128_GCM_SHA256, TLS_RSA_WITH_AES_128_GCM_SHA256, TLS_ECDH_ECDSA_WITH_AES_128_GCM_SHA256, TLS_ECDH_RSA_WITH_AES_128_GCM_SHA256, TLS_DHE_RSA_WITH_AES_128_GCM_SHA256, TLS_DHE_DSS_WITH_AES_128_GCM_SHA256, TLS_ECDHE_ECDSA_WITH_AES_256_CBC_SHA384, TLS_ECDHE_RSA_WITH_AES_256_CBC_SHA384, TLS_RSA_WITH_AES_256_CBC_SHA256, TLS_ECDH_ECDSA_WITH_AES_256_CBC_SHA384, TLS_ECDH_RSA_WITH_AES_256_CBC_SHA384, TLS_DHE_RSA_WITH_AES_256_CBC_SHA256, TLS_DHE_DSS_WITH_AES_256_CBC_SHA256, TLS_ECDHE_ECDSA_WITH_AES_256_CBC_SHA, TLS_ECDHE_RSA_WITH_AES_256_CBC_SHA, TLS_RSA_WITH_AES_256_CBC_SHA, TLS_ECDH_ECDSA_WITH_AES_256_CBC_SHA, TLS_ECDH_RSA_WITH_AES_256_CBC_SHA, TLS_DHE_RSA_WITH_AES_256_CBC_SHA, TLS_DHE_DSS_WITH_AES_256_CBC_SHA, TLS_ECDHE_ECDSA_WITH_AES_128_CBC_SHA256, TLS_ECDHE_RSA_WITH_AES_128_CBC_SHA256, TLS_RSA_WITH_AES_128_CBC_SHA256, TLS_ECDH_ECDSA_WITH_AES_128_CBC_SHA256, TLS_ECDH_RSA_WITH_AES_128_CBC_SHA256, TLS_DHE_RSA_WITH_AES_128_CBC_SHA256, TLS_DHE_DSS_WITH_AES_128_CBC_SHA256, TLS_ECDHE_ECDSA_WITH_AES_128_CBC_SHA, TLS_ECDHE_RSA_WITH_AES_128_CBC_SHA, TLS_RSA_WITH_AES_128_CBC_SHA, TLS_ECDH_ECDSA_WITH_AES_128_CBC_SHA, TLS_ECDH_RSA_WITH_AES_128_CBC_SHA, TLS_DHE_RSA_WITH_AES_128_CBC_SHA, TLS_DHE_DSS_WITH_AES_128_CBC_SHA, TLS_EMPTY_RENEGOTIATION_INFO_SCSV]
09:35:43.222 [main] DEBUG org.apache.http.conn.ssl.SSLConnectionSocketFactory - Starting handshake
09:35:43.322 [main] DEBUG org.apache.http.conn.ssl.SSLConnectionSocketFactory - Secure session established
09:35:43.322 [main] DEBUG org.apache.http.conn.ssl.SSLConnectionSocketFactory -  negotiated protocol: TLSv1.2
09:35:43.322 [main] DEBUG org.apache.http.conn.ssl.SSLConnectionSocketFactory -  negotiated cipher suite: TLS_ECDHE_RSA_WITH_AES_128_GCM_SHA256
09:35:43.322 [main] DEBUG org.apache.http.conn.ssl.SSLConnectionSocketFactory -  peer principal: CN=*.herokuapp.com
09:35:43.322 [main] DEBUG org.apache.http.conn.ssl.SSLConnectionSocketFactory -  peer alternative names: [*.herokuapp.com]
09:35:43.322 [main] DEBUG org.apache.http.conn.ssl.SSLConnectionSocketFactory -  issuer principal: CN=Amazon, OU=Server CA 1B, O=Amazon, C=US
09:35:43.322 [main] DEBUG org.apache.http.impl.conn.DefaultHttpClientConnectionOperator - Connection established 192.168.1.45:64995<->34.240.218.59:443
09:35:43.322 [main] DEBUG org.apache.http.impl.execchain.MainClientExec - Executing request GET /usuarios?username=null&password=null HTTP/1.1
09:35:43.322 [main] DEBUG org.apache.http.impl.execchain.MainClientExec - Target auth state: UNCHALLENGED
09:35:43.322 [main] DEBUG org.apache.http.impl.execchain.MainClientExec - Proxy auth state: UNCHALLENGED
09:35:43.322 [main] DEBUG org.apache.http.headers - http-outgoing-3 >> GET /usuarios?username=null&password=null HTTP/1.1
09:35:43.322 [main] DEBUG org.apache.http.headers - http-outgoing-3 >> Host: devopsmetrics.herokuapp.com
09:35:43.322 [main] DEBUG org.apache.http.headers - http-outgoing-3 >> Connection: Keep-Alive
09:35:43.322 [main] DEBUG org.apache.http.headers - http-outgoing-3 >> User-Agent: Apache-HttpClient/4.5.12 (Java/11.0.8)
09:35:43.322 [main] DEBUG org.apache.http.headers - http-outgoing-3 >> Accept-Encoding: gzip,deflate
09:35:43.322 [main] DEBUG org.apache.http.wire - http-outgoing-3 >> "GET /usuarios?username=null&password=null HTTP/1.1[\r][\n]"
09:35:43.322 [main] DEBUG org.apache.http.wire - http-outgoing-3 >> "Host: devopsmetrics.herokuapp.com[\r][\n]"
09:35:43.322 [main] DEBUG org.apache.http.wire - http-outgoing-3 >> "Connection: Keep-Alive[\r][\n]"
09:35:43.322 [main] DEBUG org.apache.http.wire - http-outgoing-3 >> "User-Agent: Apache-HttpClient/4.5.12 (Java/11.0.8)[\r][\n]"
09:35:43.322 [main] DEBUG org.apache.http.wire - http-outgoing-3 >> "Accept-Encoding: gzip,deflate[\r][\n]"
09:35:43.322 [main] DEBUG org.apache.http.wire - http-outgoing-3 >> "[\r][\n]"
09:35:43.386 [main] DEBUG org.apache.http.wire - http-outgoing-3 << "HTTP/1.1 500 [\r][\n]"
09:35:43.386 [main] DEBUG org.apache.http.wire - http-outgoing-3 << "Server: Cowboy[\r][\n]"
09:35:43.386 [main] DEBUG org.apache.http.wire - http-outgoing-3 << "Connection: keep-alive[\r][\n]"
09:35:43.386 [main] DEBUG org.apache.http.wire - http-outgoing-3 << "Vary: Origin[\r][\n]"
09:35:43.386 [main] DEBUG org.apache.http.wire - http-outgoing-3 << "Vary: Access-Control-Request-Method[\r][\n]"
09:35:43.386 [main] DEBUG org.apache.http.wire - http-outgoing-3 << "Vary: Access-Control-Request-Headers[\r][\n]"
09:35:43.386 [main] DEBUG org.apache.http.wire - http-outgoing-3 << "Content-Type: application/json[\r][\n]"
09:35:43.386 [main] DEBUG org.apache.http.wire - http-outgoing-3 << "Transfer-Encoding: chunked[\r][\n]"
09:35:43.386 [main] DEBUG org.apache.http.wire - http-outgoing-3 << "Date: Tue, 13 Jul 2021 07:35:42 GMT[\r][\n]"
09:35:43.386 [main] DEBUG org.apache.http.wire - http-outgoing-3 << "Via: 1.1 vegur[\r][\n]"
09:35:43.386 [main] DEBUG org.apache.http.wire - http-outgoing-3 << "[\r][\n]"
09:35:43.386 [main] DEBUG org.apache.http.wire - http-outgoing-3 << "7a[\r][\n]"
09:35:43.386 [main] DEBUG org.apache.http.wire - http-outgoing-3 << "{"timestamp":"2021-07-13T07:35:43.412+00:00","status":500,"error":"Internal Server Error","message":"","path":"/usuarios"}[\r][\n]"
09:35:43.386 [main] DEBUG org.apache.http.headers - http-outgoing-3 << HTTP/1.1 500 
09:35:43.386 [main] DEBUG org.apache.http.headers - http-outgoing-3 << Server: Cowboy
09:35:43.386 [main] DEBUG org.apache.http.headers - http-outgoing-3 << Connection: keep-alive
09:35:43.387 [main] DEBUG org.apache.http.headers - http-outgoing-3 << Vary: Origin
09:35:43.387 [main] DEBUG org.apache.http.headers - http-outgoing-3 << Vary: Access-Control-Request-Method
09:35:43.387 [main] DEBUG org.apache.http.headers - http-outgoing-3 << Vary: Access-Control-Request-Headers
09:35:43.387 [main] DEBUG org.apache.http.headers - http-outgoing-3 << Content-Type: application/json
09:35:43.387 [main] DEBUG org.apache.http.headers - http-outgoing-3 << Transfer-Encoding: chunked
09:35:43.387 [main] DEBUG org.apache.http.headers - http-outgoing-3 << Date: Tue, 13 Jul 2021 07:35:42 GMT
09:35:43.387 [main] DEBUG org.apache.http.headers - http-outgoing-3 << Via: 1.1 vegur
09:35:43.387 [main] DEBUG org.apache.http.impl.execchain.MainClientExec - Connection can be kept alive indefinitely
09:35:43.387 [main] DEBUG org.apache.http.wire - http-outgoing-3 << "0[\r][\n]"
09:35:43.388 [main] DEBUG org.apache.http.wire - http-outgoing-3 << "[\r][\n]"
09:35:43.388 [main] DEBUG org.apache.http.impl.conn.PoolingHttpClientConnectionManager - Connection [id: 3][route: {s}->https://devopsmetrics.herokuapp.com:443] can be kept alive indefinitely
09:35:43.388 [main] DEBUG org.apache.http.impl.conn.DefaultManagedHttpClientConnection - http-outgoing-3: set socket timeout to 0
09:35:43.388 [main] DEBUG org.apache.http.impl.conn.PoolingHttpClientConnectionManager - Connection released: [id: 3][route: {s}->https://devopsmetrics.herokuapp.com:443][total available: 1; route allocated: 1 of 2; total allocated: 1 of 20]
  Given user is logging in the system for getting all issues from a repository by his owner from Github # edu.uclm.esi.devopsmetrics.bdd.stepdefinitions.GetAllIssuesSteps.user_is_logging_in_the_system_for_getting_all_issues_from_a_repository_by_his_owner_from_github()
  When user is correct he requests all issues from a repository by his owner                            # edu.uclm.esi.devopsmetrics.bdd.stepdefinitions.GetAllIssuesSteps.user_is_correct_he_requests_all_issues_from_a_repository_by_his_owner()
      java.lang.NullPointerException
	at edu.uclm.esi.devopsmetrics.bdd.stepdefinitions.GetAllIssuesSteps.user_is_correct_he_requests_all_issues_from_a_repository_by_his_owner(GetAllIssuesSteps.java:58)
	at âœ½.user is correct he requests all issues from a repository by his owner(file:///C:/Users/Crespo/eclipse-workspace/devopsmetrics/src/test/resources/features/GetAllIssues.feature:5)

  Then the user gets all issues from a repository by his owner                                          # edu.uclm.esi.devopsmetrics.bdd.stepdefinitions.GetAllIssuesSteps.the_user_gets_all_issues_from_a_repository_by_his_owner()
09:35:43.389 [main] DEBUG org.springframework.test.context.cache.DefaultCacheAwareContextLoaderDelegate - Retrieved ApplicationContext [7395550] from cache with key [[MergedContextConfiguration@3ce443f9 testClass = TestRunner, locations = '{}', classes = '{}', contextInitializerClasses = '[]', activeProfiles = '{}', propertySourceLocations = '{}', propertySourceProperties = '{}', contextCustomizers = set[org.springframework.boot.test.context.filter.ExcludeFilterContextCustomizer@6a175569, org.springframework.boot.test.json.DuplicateJsonObjectContextCustomizerFactory$DuplicateJsonObjectContextCustomizer@11ee02f8, org.springframework.boot.test.mock.mockito.MockitoContextCustomizer@0, org.springframework.boot.test.autoconfigure.properties.PropertyMappingContextCustomizer@0, org.springframework.boot.test.autoconfigure.web.servlet.WebDriverContextCustomizerFactory$Customizer@159e366], contextLoader = 'org.springframework.test.context.support.DelegatingSmartContextLoader', parent = [null]]]
09:35:43.389 [main] DEBUG org.springframework.test.context.cache - Spring test ApplicationContext cache statistics: [DefaultContextCache@42c2f48c size = 1, maxSize = 32, parentContextCount = 0, hitCount = 11, missCount = 1]
09:35:43.390 [main] DEBUG org.springframework.test.context.support.AbstractDirtiesContextTestExecutionListener - After test class: context [DefaultTestContext@51a18b21 testClass = TestRunner, testInstance = [null], testMethod = [null], testException = [null], mergedContextConfiguration = [MergedContextConfiguration@3ce443f9 testClass = TestRunner, locations = '{}', classes = '{}', contextInitializerClasses = '[]', activeProfiles = '{}', propertySourceLocations = '{}', propertySourceProperties = '{}', contextCustomizers = set[org.springframework.boot.test.context.filter.ExcludeFilterContextCustomizer@6a175569, org.springframework.boot.test.json.DuplicateJsonObjectContextCustomizerFactory$DuplicateJsonObjectContextCustomizer@11ee02f8, org.springframework.boot.test.mock.mockito.MockitoContextCustomizer@0, org.springframework.boot.test.autoconfigure.properties.PropertyMappingContextCustomizer@0, org.springframework.boot.test.autoconfigure.web.servlet.WebDriverContextCustomizerFactory$Customizer@159e366], contextLoader = 'org.springframework.test.context.support.DelegatingSmartContextLoader', parent = [null]], attributes = map[[empty]]], class annotated with @DirtiesContext [false] with mode [null].
]]></system-out>
  </testcase>
  <testcase name="{feature to test the function to get all metrics from a repository by his owner}" classname="edu.uclm.esi.devopsmetrics.bdd.TestRunner" time="0.225">
    <error type="java.lang.NullPointerException">java.lang.NullPointerException
</error>
    <system-out><![CDATA[09:35:43.390 [main] DEBUG org.springframework.test.context.BootstrapUtils - Instantiating CacheAwareContextLoaderDelegate from class [org.springframework.test.context.cache.DefaultCacheAwareContextLoaderDelegate]
09:35:43.390 [main] DEBUG org.springframework.test.context.BootstrapUtils - Instantiating BootstrapContext using constructor [public org.springframework.test.context.support.DefaultBootstrapContext(java.lang.Class,org.springframework.test.context.CacheAwareContextLoaderDelegate)]
09:35:43.390 [main] DEBUG org.springframework.test.context.BootstrapUtils - Instantiating TestContextBootstrapper for test class [edu.uclm.esi.devopsmetrics.bdd.TestRunner] from class [org.springframework.test.context.support.DefaultTestContextBootstrapper]
09:35:43.391 [main] INFO org.springframework.test.context.support.DefaultTestContextBootstrapper - Neither @ContextConfiguration nor @ContextHierarchy found for test class [edu.uclm.esi.devopsmetrics.bdd.TestRunner], using DelegatingSmartContextLoader
09:35:43.391 [main] DEBUG org.springframework.test.context.support.AbstractDelegatingSmartContextLoader - Delegating to GenericXmlContextLoader to process context configuration [ContextConfigurationAttributes@591a4f8e declaringClass = 'edu.uclm.esi.devopsmetrics.bdd.TestRunner', classes = '{}', locations = '{}', inheritLocations = false, initializers = '{}', inheritInitializers = true, name = [null], contextLoaderClass = 'org.springframework.test.context.ContextLoader'].
09:35:43.392 [main] DEBUG org.springframework.test.context.support.AbstractContextLoader - Did not detect default resource location for test class [edu.uclm.esi.devopsmetrics.bdd.TestRunner]: class path resource [edu/uclm/esi/devopsmetrics/bdd/TestRunner-context.xml] does not exist
09:35:43.392 [main] INFO org.springframework.test.context.support.AbstractContextLoader - Could not detect default resource locations for test class [edu.uclm.esi.devopsmetrics.bdd.TestRunner]: no resource found for suffixes {-context.xml}.
09:35:43.392 [main] DEBUG org.springframework.test.context.support.AbstractDelegatingSmartContextLoader - Delegating to AnnotationConfigContextLoader to process context configuration [ContextConfigurationAttributes@591a4f8e declaringClass = 'edu.uclm.esi.devopsmetrics.bdd.TestRunner', classes = '{}', locations = '{}', inheritLocations = false, initializers = '{}', inheritInitializers = true, name = [null], contextLoaderClass = 'org.springframework.test.context.ContextLoader'].
09:35:43.392 [main] INFO org.springframework.test.context.support.AnnotationConfigContextLoaderUtils - Could not detect default configuration classes for test class [edu.uclm.esi.devopsmetrics.bdd.TestRunner]: TestRunner does not declare any static, non-private, non-final, nested classes annotated with @Configuration.
09:35:43.394 [main] DEBUG org.springframework.test.context.support.ActiveProfilesUtils - Could not find an 'annotation declaring class' for annotation type [org.springframework.test.context.ActiveProfiles] and class [edu.uclm.esi.devopsmetrics.bdd.TestRunner]
09:35:43.394 [main] DEBUG org.springframework.test.context.support.DefaultTestContextBootstrapper - @TestExecutionListeners is not present for class [edu.uclm.esi.devopsmetrics.bdd.TestRunner]: using defaults.
09:35:43.394 [main] INFO org.springframework.test.context.support.DefaultTestContextBootstrapper - Loaded default TestExecutionListener class names from location [META-INF/spring.factories]: [org.springframework.boot.test.mock.mockito.MockitoTestExecutionListener, org.springframework.boot.test.mock.mockito.ResetMocksTestExecutionListener, org.springframework.boot.test.autoconfigure.restdocs.RestDocsTestExecutionListener, org.springframework.boot.test.autoconfigure.web.client.MockRestServiceServerResetTestExecutionListener, org.springframework.boot.test.autoconfigure.web.servlet.MockMvcPrintOnlyOnFailureTestExecutionListener, org.springframework.boot.test.autoconfigure.web.servlet.WebDriverTestExecutionListener, org.springframework.boot.test.autoconfigure.webservices.client.MockWebServiceServerTestExecutionListener, org.springframework.test.context.web.ServletTestExecutionListener, org.springframework.test.context.support.DirtiesContextBeforeModesTestExecutionListener, org.springframework.test.context.support.DependencyInjectionTestExecutionListener, org.springframework.test.context.support.DirtiesContextTestExecutionListener, org.springframework.test.context.transaction.TransactionalTestExecutionListener, org.springframework.test.context.jdbc.SqlScriptsTestExecutionListener, org.springframework.test.context.event.EventPublishingTestExecutionListener]
09:35:43.395 [main] INFO org.springframework.test.context.support.DefaultTestContextBootstrapper - Using TestExecutionListeners: [org.springframework.test.context.web.ServletTestExecutionListener@53ed80d3, org.springframework.test.context.support.DirtiesContextBeforeModesTestExecutionListener@6ba060f3, org.springframework.boot.test.mock.mockito.MockitoTestExecutionListener@7c51782d, org.springframework.test.context.support.DependencyInjectionTestExecutionListener@77bc2e16, org.springframework.test.context.support.DirtiesContextTestExecutionListener@48e8c32a, org.springframework.test.context.transaction.TransactionalTestExecutionListener@20a7953c, org.springframework.test.context.jdbc.SqlScriptsTestExecutionListener@57c00115, org.springframework.test.context.event.EventPublishingTestExecutionListener@411a5965, org.springframework.boot.test.mock.mockito.ResetMocksTestExecutionListener@4fe533ff, org.springframework.boot.test.autoconfigure.restdocs.RestDocsTestExecutionListener@5377414a, org.springframework.boot.test.autoconfigure.web.client.MockRestServiceServerResetTestExecutionListener@4e83a98, org.springframework.boot.test.autoconfigure.web.servlet.MockMvcPrintOnlyOnFailureTestExecutionListener@17aa8a11, org.springframework.boot.test.autoconfigure.web.servlet.WebDriverTestExecutionListener@71b639d0, org.springframework.boot.test.autoconfigure.webservices.client.MockWebServiceServerTestExecutionListener@18a25bbd]
09:35:43.395 [main] DEBUG org.springframework.test.context.cache.DefaultCacheAwareContextLoaderDelegate - Retrieved ApplicationContext [7395550] from cache with key [[MergedContextConfiguration@5d5b9ecb testClass = TestRunner, locations = '{}', classes = '{}', contextInitializerClasses = '[]', activeProfiles = '{}', propertySourceLocations = '{}', propertySourceProperties = '{}', contextCustomizers = set[org.springframework.boot.test.context.filter.ExcludeFilterContextCustomizer@6a175569, org.springframework.boot.test.json.DuplicateJsonObjectContextCustomizerFactory$DuplicateJsonObjectContextCustomizer@11ee02f8, org.springframework.boot.test.mock.mockito.MockitoContextCustomizer@0, org.springframework.boot.test.autoconfigure.properties.PropertyMappingContextCustomizer@0, org.springframework.boot.test.autoconfigure.web.servlet.WebDriverContextCustomizerFactory$Customizer@159e366], contextLoader = 'org.springframework.test.context.support.DelegatingSmartContextLoader', parent = [null]]]
09:35:43.395 [main] DEBUG org.springframework.test.context.cache - Spring test ApplicationContext cache statistics: [DefaultContextCache@42c2f48c size = 1, maxSize = 32, parentContextCount = 0, hitCount = 12, missCount = 1]
09:35:43.395 [main] DEBUG org.springframework.beans.factory.support.DefaultListableBeanFactory - Replacing scope 'cucumber-glue' from [io.cucumber.spring.CucumberScenarioScope@57fbc06f] to [io.cucumber.spring.CucumberScenarioScope@1ee27d73]
09:35:43.396 [main] DEBUG org.springframework.test.context.support.AbstractDirtiesContextTestExecutionListener - Before test class: context [DefaultTestContext@5e5aafc6 testClass = TestRunner, testInstance = [null], testMethod = [null], testException = [null], mergedContextConfiguration = [MergedContextConfiguration@5d5b9ecb testClass = TestRunner, locations = '{}', classes = '{}', contextInitializerClasses = '[]', activeProfiles = '{}', propertySourceLocations = '{}', propertySourceProperties = '{}', contextCustomizers = set[org.springframework.boot.test.context.filter.ExcludeFilterContextCustomizer@6a175569, org.springframework.boot.test.json.DuplicateJsonObjectContextCustomizerFactory$DuplicateJsonObjectContextCustomizer@11ee02f8, org.springframework.boot.test.mock.mockito.MockitoContextCustomizer@0, org.springframework.boot.test.autoconfigure.properties.PropertyMappingContextCustomizer@0, org.springframework.boot.test.autoconfigure.web.servlet.WebDriverContextCustomizerFactory$Customizer@159e366], contextLoader = 'org.springframework.test.context.support.DelegatingSmartContextLoader', parent = [null]], attributes = map[[empty]]], class annotated with @DirtiesContext [false] with mode [null].
09:35:43.396 [main] DEBUG org.springframework.test.context.cache.DefaultCacheAwareContextLoaderDelegate - Retrieved ApplicationContext [7395550] from cache with key [[MergedContextConfiguration@5d5b9ecb testClass = TestRunner, locations = '{}', classes = '{}', contextInitializerClasses = '[]', activeProfiles = '{}', propertySourceLocations = '{}', propertySourceProperties = '{}', contextCustomizers = set[org.springframework.boot.test.context.filter.ExcludeFilterContextCustomizer@6a175569, org.springframework.boot.test.json.DuplicateJsonObjectContextCustomizerFactory$DuplicateJsonObjectContextCustomizer@11ee02f8, org.springframework.boot.test.mock.mockito.MockitoContextCustomizer@0, org.springframework.boot.test.autoconfigure.properties.PropertyMappingContextCustomizer@0, org.springframework.boot.test.autoconfigure.web.servlet.WebDriverContextCustomizerFactory$Customizer@159e366], contextLoader = 'org.springframework.test.context.support.DelegatingSmartContextLoader', parent = [null]]]
09:35:43.396 [main] DEBUG org.springframework.test.context.cache - Spring test ApplicationContext cache statistics: [DefaultContextCache@42c2f48c size = 1, maxSize = 32, parentContextCount = 0, hitCount = 13, missCount = 1]

Scenario:                                                                                    # src/test/resources/features/GetAllMetrics.feature:3
09:35:43.409 [main] DEBUG org.apache.http.client.protocol.RequestAddCookies - CookieSpec selected: default
09:35:43.409 [main] DEBUG org.apache.http.client.protocol.RequestAuthCache - Auth cache not set in the context
09:35:43.409 [main] DEBUG org.apache.http.impl.conn.PoolingHttpClientConnectionManager - Connection request: [route: {s}->https://devopsmetrics.herokuapp.com:443][total available: 0; route allocated: 0 of 2; total allocated: 0 of 20]
09:35:43.409 [main] DEBUG org.apache.http.impl.conn.PoolingHttpClientConnectionManager - Connection leased: [id: 4][route: {s}->https://devopsmetrics.herokuapp.com:443][total available: 0; route allocated: 1 of 2; total allocated: 1 of 20]
09:35:43.409 [main] DEBUG org.apache.http.impl.execchain.MainClientExec - Opening connection {s}->https://devopsmetrics.herokuapp.com:443
09:35:43.410 [main] DEBUG org.apache.http.impl.conn.DefaultHttpClientConnectionOperator - Connecting to devopsmetrics.herokuapp.com/34.240.218.59:443
09:35:43.410 [main] DEBUG org.apache.http.conn.ssl.SSLConnectionSocketFactory - Connecting socket to devopsmetrics.herokuapp.com/34.240.218.59:443 with timeout 0
09:35:43.453 [main] DEBUG org.apache.http.conn.ssl.SSLConnectionSocketFactory - Enabled protocols: [TLSv1.3, TLSv1.2, TLSv1.1, TLSv1]
09:35:43.453 [main] DEBUG org.apache.http.conn.ssl.SSLConnectionSocketFactory - Enabled cipher suites:[TLS_AES_128_GCM_SHA256, TLS_AES_256_GCM_SHA384, TLS_ECDHE_ECDSA_WITH_AES_256_GCM_SHA384, TLS_ECDHE_ECDSA_WITH_AES_128_GCM_SHA256, TLS_ECDHE_RSA_WITH_AES_256_GCM_SHA384, TLS_RSA_WITH_AES_256_GCM_SHA384, TLS_ECDH_ECDSA_WITH_AES_256_GCM_SHA384, TLS_ECDH_RSA_WITH_AES_256_GCM_SHA384, TLS_DHE_RSA_WITH_AES_256_GCM_SHA384, TLS_DHE_DSS_WITH_AES_256_GCM_SHA384, TLS_ECDHE_RSA_WITH_AES_128_GCM_SHA256, TLS_RSA_WITH_AES_128_GCM_SHA256, TLS_ECDH_ECDSA_WITH_AES_128_GCM_SHA256, TLS_ECDH_RSA_WITH_AES_128_GCM_SHA256, TLS_DHE_RSA_WITH_AES_128_GCM_SHA256, TLS_DHE_DSS_WITH_AES_128_GCM_SHA256, TLS_ECDHE_ECDSA_WITH_AES_256_CBC_SHA384, TLS_ECDHE_RSA_WITH_AES_256_CBC_SHA384, TLS_RSA_WITH_AES_256_CBC_SHA256, TLS_ECDH_ECDSA_WITH_AES_256_CBC_SHA384, TLS_ECDH_RSA_WITH_AES_256_CBC_SHA384, TLS_DHE_RSA_WITH_AES_256_CBC_SHA256, TLS_DHE_DSS_WITH_AES_256_CBC_SHA256, TLS_ECDHE_ECDSA_WITH_AES_256_CBC_SHA, TLS_ECDHE_RSA_WITH_AES_256_CBC_SHA, TLS_RSA_WITH_AES_256_CBC_SHA, TLS_ECDH_ECDSA_WITH_AES_256_CBC_SHA, TLS_ECDH_RSA_WITH_AES_256_CBC_SHA, TLS_DHE_RSA_WITH_AES_256_CBC_SHA, TLS_DHE_DSS_WITH_AES_256_CBC_SHA, TLS_ECDHE_ECDSA_WITH_AES_128_CBC_SHA256, TLS_ECDHE_RSA_WITH_AES_128_CBC_SHA256, TLS_RSA_WITH_AES_128_CBC_SHA256, TLS_ECDH_ECDSA_WITH_AES_128_CBC_SHA256, TLS_ECDH_RSA_WITH_AES_128_CBC_SHA256, TLS_DHE_RSA_WITH_AES_128_CBC_SHA256, TLS_DHE_DSS_WITH_AES_128_CBC_SHA256, TLS_ECDHE_ECDSA_WITH_AES_128_CBC_SHA, TLS_ECDHE_RSA_WITH_AES_128_CBC_SHA, TLS_RSA_WITH_AES_128_CBC_SHA, TLS_ECDH_ECDSA_WITH_AES_128_CBC_SHA, TLS_ECDH_RSA_WITH_AES_128_CBC_SHA, TLS_DHE_RSA_WITH_AES_128_CBC_SHA, TLS_DHE_DSS_WITH_AES_128_CBC_SHA, TLS_EMPTY_RENEGOTIATION_INFO_SCSV]
09:35:43.453 [main] DEBUG org.apache.http.conn.ssl.SSLConnectionSocketFactory - Starting handshake
09:35:43.545 [main] DEBUG org.apache.http.conn.ssl.SSLConnectionSocketFactory - Secure session established
09:35:43.545 [main] DEBUG org.apache.http.conn.ssl.SSLConnectionSocketFactory -  negotiated protocol: TLSv1.2
09:35:43.545 [main] DEBUG org.apache.http.conn.ssl.SSLConnectionSocketFactory -  negotiated cipher suite: TLS_ECDHE_RSA_WITH_AES_128_GCM_SHA256
09:35:43.545 [main] DEBUG org.apache.http.conn.ssl.SSLConnectionSocketFactory -  peer principal: CN=*.herokuapp.com
09:35:43.545 [main] DEBUG org.apache.http.conn.ssl.SSLConnectionSocketFactory -  peer alternative names: [*.herokuapp.com]
09:35:43.545 [main] DEBUG org.apache.http.conn.ssl.SSLConnectionSocketFactory -  issuer principal: CN=Amazon, OU=Server CA 1B, O=Amazon, C=US
09:35:43.545 [main] DEBUG org.apache.http.impl.conn.DefaultHttpClientConnectionOperator - Connection established 192.168.1.45:64996<->34.240.218.59:443
09:35:43.546 [main] DEBUG org.apache.http.impl.execchain.MainClientExec - Executing request GET /usuarios?username=null&password=null HTTP/1.1
09:35:43.546 [main] DEBUG org.apache.http.impl.execchain.MainClientExec - Target auth state: UNCHALLENGED
09:35:43.546 [main] DEBUG org.apache.http.impl.execchain.MainClientExec - Proxy auth state: UNCHALLENGED
09:35:43.546 [main] DEBUG org.apache.http.headers - http-outgoing-4 >> GET /usuarios?username=null&password=null HTTP/1.1
09:35:43.546 [main] DEBUG org.apache.http.headers - http-outgoing-4 >> Host: devopsmetrics.herokuapp.com
09:35:43.546 [main] DEBUG org.apache.http.headers - http-outgoing-4 >> Connection: Keep-Alive
09:35:43.546 [main] DEBUG org.apache.http.headers - http-outgoing-4 >> User-Agent: Apache-HttpClient/4.5.12 (Java/11.0.8)
09:35:43.546 [main] DEBUG org.apache.http.headers - http-outgoing-4 >> Accept-Encoding: gzip,deflate
09:35:43.546 [main] DEBUG org.apache.http.wire - http-outgoing-4 >> "GET /usuarios?username=null&password=null HTTP/1.1[\r][\n]"
09:35:43.546 [main] DEBUG org.apache.http.wire - http-outgoing-4 >> "Host: devopsmetrics.herokuapp.com[\r][\n]"
09:35:43.546 [main] DEBUG org.apache.http.wire - http-outgoing-4 >> "Connection: Keep-Alive[\r][\n]"
09:35:43.546 [main] DEBUG org.apache.http.wire - http-outgoing-4 >> "User-Agent: Apache-HttpClient/4.5.12 (Java/11.0.8)[\r][\n]"
09:35:43.546 [main] DEBUG org.apache.http.wire - http-outgoing-4 >> "Accept-Encoding: gzip,deflate[\r][\n]"
09:35:43.546 [main] DEBUG org.apache.http.wire - http-outgoing-4 >> "[\r][\n]"
09:35:43.615 [main] DEBUG org.apache.http.wire - http-outgoing-4 << "HTTP/1.1 500 [\r][\n]"
09:35:43.615 [main] DEBUG org.apache.http.wire - http-outgoing-4 << "Server: Cowboy[\r][\n]"
09:35:43.615 [main] DEBUG org.apache.http.wire - http-outgoing-4 << "Connection: keep-alive[\r][\n]"
09:35:43.615 [main] DEBUG org.apache.http.wire - http-outgoing-4 << "Vary: Origin[\r][\n]"
09:35:43.615 [main] DEBUG org.apache.http.wire - http-outgoing-4 << "Vary: Access-Control-Request-Method[\r][\n]"
09:35:43.615 [main] DEBUG org.apache.http.wire - http-outgoing-4 << "Vary: Access-Control-Request-Headers[\r][\n]"
09:35:43.615 [main] DEBUG org.apache.http.wire - http-outgoing-4 << "Content-Type: application/json[\r][\n]"
09:35:43.615 [main] DEBUG org.apache.http.wire - http-outgoing-4 << "Transfer-Encoding: chunked[\r][\n]"
09:35:43.615 [main] DEBUG org.apache.http.wire - http-outgoing-4 << "Date: Tue, 13 Jul 2021 07:35:43 GMT[\r][\n]"
09:35:43.615 [main] DEBUG org.apache.http.wire - http-outgoing-4 << "Via: 1.1 vegur[\r][\n]"
09:35:43.615 [main] DEBUG org.apache.http.wire - http-outgoing-4 << "[\r][\n]"
09:35:43.615 [main] DEBUG org.apache.http.headers - http-outgoing-4 << HTTP/1.1 500 
09:35:43.615 [main] DEBUG org.apache.http.headers - http-outgoing-4 << Server: Cowboy
09:35:43.615 [main] DEBUG org.apache.http.headers - http-outgoing-4 << Connection: keep-alive
09:35:43.615 [main] DEBUG org.apache.http.headers - http-outgoing-4 << Vary: Origin
09:35:43.615 [main] DEBUG org.apache.http.headers - http-outgoing-4 << Vary: Access-Control-Request-Method
09:35:43.615 [main] DEBUG org.apache.http.headers - http-outgoing-4 << Vary: Access-Control-Request-Headers
09:35:43.615 [main] DEBUG org.apache.http.headers - http-outgoing-4 << Content-Type: application/json
09:35:43.615 [main] DEBUG org.apache.http.headers - http-outgoing-4 << Transfer-Encoding: chunked
09:35:43.615 [main] DEBUG org.apache.http.headers - http-outgoing-4 << Date: Tue, 13 Jul 2021 07:35:43 GMT
09:35:43.615 [main] DEBUG org.apache.http.headers - http-outgoing-4 << Via: 1.1 vegur
09:35:43.615 [main] DEBUG org.apache.http.impl.execchain.MainClientExec - Connection can be kept alive indefinitely
09:35:43.616 [main] DEBUG org.apache.http.wire - http-outgoing-4 << "7a[\r][\n]"
09:35:43.616 [main] DEBUG org.apache.http.wire - http-outgoing-4 << "{"timestamp":"2021-07-13T07:35:43.643+00:00","status":500,"error":"Internal Server Error","message":"","path":"/usuarios"}[\r][\n]"
09:35:43.617 [main] DEBUG org.apache.http.wire - http-outgoing-4 << "0[\r][\n]"
09:35:43.617 [main] DEBUG org.apache.http.wire - http-outgoing-4 << "[\r][\n]"
09:35:43.617 [main] DEBUG org.apache.http.impl.conn.PoolingHttpClientConnectionManager - Connection [id: 4][route: {s}->https://devopsmetrics.herokuapp.com:443] can be kept alive indefinitely
09:35:43.617 [main] DEBUG org.apache.http.impl.conn.DefaultManagedHttpClientConnection - http-outgoing-4: set socket timeout to 0
09:35:43.617 [main] DEBUG org.apache.http.impl.conn.PoolingHttpClientConnectionManager - Connection released: [id: 4][route: {s}->https://devopsmetrics.herokuapp.com:443][total available: 1; route allocated: 1 of 2; total allocated: 1 of 20]
  Given user is logging in the system for getting all metrics from a repository by his owner # edu.uclm.esi.devopsmetrics.bdd.stepdefinitions.GetAllMetricsSteps.user_is_logging_in_the_system_for_getting_all_metrics_from_a_repository_by_his_owner()
  When user is correct he requests all metrics from a repository by his owner                # edu.uclm.esi.devopsmetrics.bdd.stepdefinitions.GetAllMetricsSteps.user_is_correct_he_requests_all_metrics_from_a_repository_by_his_owner()
      java.lang.NullPointerException
	at edu.uclm.esi.devopsmetrics.bdd.stepdefinitions.GetAllMetricsSteps.user_is_correct_he_requests_all_metrics_from_a_repository_by_his_owner(GetAllMetricsSteps.java:62)
	at âœ½.user is correct he requests all metrics from a repository by his owner(file:///C:/Users/Crespo/eclipse-workspace/devopsmetrics/src/test/resources/features/GetAllMetrics.feature:5)

  Then the user gets all metrics from a repository by his owner                              # edu.uclm.esi.devopsmetrics.bdd.stepdefinitions.GetAllMetricsSteps.the_user_gets_all_metrics_from_a_repository_by_his_owner()
09:35:43.618 [main] DEBUG org.springframework.test.context.cache.DefaultCacheAwareContextLoaderDelegate - Retrieved ApplicationContext [7395550] from cache with key [[MergedContextConfiguration@5d5b9ecb testClass = TestRunner, locations = '{}', classes = '{}', contextInitializerClasses = '[]', activeProfiles = '{}', propertySourceLocations = '{}', propertySourceProperties = '{}', contextCustomizers = set[org.springframework.boot.test.context.filter.ExcludeFilterContextCustomizer@6a175569, org.springframework.boot.test.json.DuplicateJsonObjectContextCustomizerFactory$DuplicateJsonObjectContextCustomizer@11ee02f8, org.springframework.boot.test.mock.mockito.MockitoContextCustomizer@0, org.springframework.boot.test.autoconfigure.properties.PropertyMappingContextCustomizer@0, org.springframework.boot.test.autoconfigure.web.servlet.WebDriverContextCustomizerFactory$Customizer@159e366], contextLoader = 'org.springframework.test.context.support.DelegatingSmartContextLoader', parent = [null]]]
09:35:43.618 [main] DEBUG org.springframework.test.context.cache - Spring test ApplicationContext cache statistics: [DefaultContextCache@42c2f48c size = 1, maxSize = 32, parentContextCount = 0, hitCount = 14, missCount = 1]
09:35:43.618 [main] DEBUG org.springframework.test.context.support.AbstractDirtiesContextTestExecutionListener - After test class: context [DefaultTestContext@5e5aafc6 testClass = TestRunner, testInstance = [null], testMethod = [null], testException = [null], mergedContextConfiguration = [MergedContextConfiguration@5d5b9ecb testClass = TestRunner, locations = '{}', classes = '{}', contextInitializerClasses = '[]', activeProfiles = '{}', propertySourceLocations = '{}', propertySourceProperties = '{}', contextCustomizers = set[org.springframework.boot.test.context.filter.ExcludeFilterContextCustomizer@6a175569, org.springframework.boot.test.json.DuplicateJsonObjectContextCustomizerFactory$DuplicateJsonObjectContextCustomizer@11ee02f8, org.springframework.boot.test.mock.mockito.MockitoContextCustomizer@0, org.springframework.boot.test.autoconfigure.properties.PropertyMappingContextCustomizer@0, org.springframework.boot.test.autoconfigure.web.servlet.WebDriverContextCustomizerFactory$Customizer@159e366], contextLoader = 'org.springframework.test.context.support.DelegatingSmartContextLoader', parent = [null]], attributes = map[[empty]]], class annotated with @DirtiesContext [false] with mode [null].
]]></system-out>
  </testcase>
  <testcase name="{feature to test the function to get all metrics from a repository by his owner between two dates}" classname="edu.uclm.esi.devopsmetrics.bdd.TestRunner" time="0.306">
    <error type="java.lang.NullPointerException">java.lang.NullPointerException
</error>
    <system-out><![CDATA[09:35:43.619 [main] DEBUG org.springframework.test.context.BootstrapUtils - Instantiating CacheAwareContextLoaderDelegate from class [org.springframework.test.context.cache.DefaultCacheAwareContextLoaderDelegate]
09:35:43.619 [main] DEBUG org.springframework.test.context.BootstrapUtils - Instantiating BootstrapContext using constructor [public org.springframework.test.context.support.DefaultBootstrapContext(java.lang.Class,org.springframework.test.context.CacheAwareContextLoaderDelegate)]
09:35:43.619 [main] DEBUG org.springframework.test.context.BootstrapUtils - Instantiating TestContextBootstrapper for test class [edu.uclm.esi.devopsmetrics.bdd.TestRunner] from class [org.springframework.test.context.support.DefaultTestContextBootstrapper]
09:35:43.619 [main] INFO org.springframework.test.context.support.DefaultTestContextBootstrapper - Neither @ContextConfiguration nor @ContextHierarchy found for test class [edu.uclm.esi.devopsmetrics.bdd.TestRunner], using DelegatingSmartContextLoader
09:35:43.619 [main] DEBUG org.springframework.test.context.support.AbstractDelegatingSmartContextLoader - Delegating to GenericXmlContextLoader to process context configuration [ContextConfigurationAttributes@7650ded6 declaringClass = 'edu.uclm.esi.devopsmetrics.bdd.TestRunner', classes = '{}', locations = '{}', inheritLocations = false, initializers = '{}', inheritInitializers = true, name = [null], contextLoaderClass = 'org.springframework.test.context.ContextLoader'].
09:35:43.620 [main] DEBUG org.springframework.test.context.support.AbstractContextLoader - Did not detect default resource location for test class [edu.uclm.esi.devopsmetrics.bdd.TestRunner]: class path resource [edu/uclm/esi/devopsmetrics/bdd/TestRunner-context.xml] does not exist
09:35:43.620 [main] INFO org.springframework.test.context.support.AbstractContextLoader - Could not detect default resource locations for test class [edu.uclm.esi.devopsmetrics.bdd.TestRunner]: no resource found for suffixes {-context.xml}.
09:35:43.620 [main] DEBUG org.springframework.test.context.support.AbstractDelegatingSmartContextLoader - Delegating to AnnotationConfigContextLoader to process context configuration [ContextConfigurationAttributes@7650ded6 declaringClass = 'edu.uclm.esi.devopsmetrics.bdd.TestRunner', classes = '{}', locations = '{}', inheritLocations = false, initializers = '{}', inheritInitializers = true, name = [null], contextLoaderClass = 'org.springframework.test.context.ContextLoader'].
09:35:43.620 [main] INFO org.springframework.test.context.support.AnnotationConfigContextLoaderUtils - Could not detect default configuration classes for test class [edu.uclm.esi.devopsmetrics.bdd.TestRunner]: TestRunner does not declare any static, non-private, non-final, nested classes annotated with @Configuration.
09:35:43.622 [main] DEBUG org.springframework.test.context.support.ActiveProfilesUtils - Could not find an 'annotation declaring class' for annotation type [org.springframework.test.context.ActiveProfiles] and class [edu.uclm.esi.devopsmetrics.bdd.TestRunner]
09:35:43.622 [main] DEBUG org.springframework.test.context.support.DefaultTestContextBootstrapper - @TestExecutionListeners is not present for class [edu.uclm.esi.devopsmetrics.bdd.TestRunner]: using defaults.
09:35:43.622 [main] INFO org.springframework.test.context.support.DefaultTestContextBootstrapper - Loaded default TestExecutionListener class names from location [META-INF/spring.factories]: [org.springframework.boot.test.mock.mockito.MockitoTestExecutionListener, org.springframework.boot.test.mock.mockito.ResetMocksTestExecutionListener, org.springframework.boot.test.autoconfigure.restdocs.RestDocsTestExecutionListener, org.springframework.boot.test.autoconfigure.web.client.MockRestServiceServerResetTestExecutionListener, org.springframework.boot.test.autoconfigure.web.servlet.MockMvcPrintOnlyOnFailureTestExecutionListener, org.springframework.boot.test.autoconfigure.web.servlet.WebDriverTestExecutionListener, org.springframework.boot.test.autoconfigure.webservices.client.MockWebServiceServerTestExecutionListener, org.springframework.test.context.web.ServletTestExecutionListener, org.springframework.test.context.support.DirtiesContextBeforeModesTestExecutionListener, org.springframework.test.context.support.DependencyInjectionTestExecutionListener, org.springframework.test.context.support.DirtiesContextTestExecutionListener, org.springframework.test.context.transaction.TransactionalTestExecutionListener, org.springframework.test.context.jdbc.SqlScriptsTestExecutionListener, org.springframework.test.context.event.EventPublishingTestExecutionListener]
09:35:43.622 [main] INFO org.springframework.test.context.support.DefaultTestContextBootstrapper - Using TestExecutionListeners: [org.springframework.test.context.web.ServletTestExecutionListener@5034f5dd, org.springframework.test.context.support.DirtiesContextBeforeModesTestExecutionListener@31b7d869, org.springframework.boot.test.mock.mockito.MockitoTestExecutionListener@6a916402, org.springframework.test.context.support.DependencyInjectionTestExecutionListener@1a47a1e8, org.springframework.test.context.support.DirtiesContextTestExecutionListener@6d2a2560, org.springframework.test.context.transaction.TransactionalTestExecutionListener@62d1dc3c, org.springframework.test.context.jdbc.SqlScriptsTestExecutionListener@3811510, org.springframework.test.context.event.EventPublishingTestExecutionListener@24eeac69, org.springframework.boot.test.mock.mockito.ResetMocksTestExecutionListener@18539cb1, org.springframework.boot.test.autoconfigure.restdocs.RestDocsTestExecutionListener@748f93bb, org.springframework.boot.test.autoconfigure.web.client.MockRestServiceServerResetTestExecutionListener@7f2d31af, org.springframework.boot.test.autoconfigure.web.servlet.MockMvcPrintOnlyOnFailureTestExecutionListener@2e7157c7, org.springframework.boot.test.autoconfigure.web.servlet.WebDriverTestExecutionListener@2a43e0ac, org.springframework.boot.test.autoconfigure.webservices.client.MockWebServiceServerTestExecutionListener@22d9bc14]
09:35:43.622 [main] DEBUG org.springframework.test.context.cache.DefaultCacheAwareContextLoaderDelegate - Retrieved ApplicationContext [7395550] from cache with key [[MergedContextConfiguration@346f41a9 testClass = TestRunner, locations = '{}', classes = '{}', contextInitializerClasses = '[]', activeProfiles = '{}', propertySourceLocations = '{}', propertySourceProperties = '{}', contextCustomizers = set[org.springframework.boot.test.context.filter.ExcludeFilterContextCustomizer@6a175569, org.springframework.boot.test.json.DuplicateJsonObjectContextCustomizerFactory$DuplicateJsonObjectContextCustomizer@11ee02f8, org.springframework.boot.test.mock.mockito.MockitoContextCustomizer@0, org.springframework.boot.test.autoconfigure.properties.PropertyMappingContextCustomizer@0, org.springframework.boot.test.autoconfigure.web.servlet.WebDriverContextCustomizerFactory$Customizer@159e366], contextLoader = 'org.springframework.test.context.support.DelegatingSmartContextLoader', parent = [null]]]
09:35:43.622 [main] DEBUG org.springframework.test.context.cache - Spring test ApplicationContext cache statistics: [DefaultContextCache@42c2f48c size = 1, maxSize = 32, parentContextCount = 0, hitCount = 15, missCount = 1]
09:35:43.622 [main] DEBUG org.springframework.beans.factory.support.DefaultListableBeanFactory - Replacing scope 'cucumber-glue' from [io.cucumber.spring.CucumberScenarioScope@1ee27d73] to [io.cucumber.spring.CucumberScenarioScope@1084f78c]
09:35:43.622 [main] DEBUG org.springframework.test.context.support.AbstractDirtiesContextTestExecutionListener - Before test class: context [DefaultTestContext@25f723b0 testClass = TestRunner, testInstance = [null], testMethod = [null], testException = [null], mergedContextConfiguration = [MergedContextConfiguration@346f41a9 testClass = TestRunner, locations = '{}', classes = '{}', contextInitializerClasses = '[]', activeProfiles = '{}', propertySourceLocations = '{}', propertySourceProperties = '{}', contextCustomizers = set[org.springframework.boot.test.context.filter.ExcludeFilterContextCustomizer@6a175569, org.springframework.boot.test.json.DuplicateJsonObjectContextCustomizerFactory$DuplicateJsonObjectContextCustomizer@11ee02f8, org.springframework.boot.test.mock.mockito.MockitoContextCustomizer@0, org.springframework.boot.test.autoconfigure.properties.PropertyMappingContextCustomizer@0, org.springframework.boot.test.autoconfigure.web.servlet.WebDriverContextCustomizerFactory$Customizer@159e366], contextLoader = 'org.springframework.test.context.support.DelegatingSmartContextLoader', parent = [null]], attributes = map[[empty]]], class annotated with @DirtiesContext [false] with mode [null].
09:35:43.622 [main] DEBUG org.springframework.test.context.cache.DefaultCacheAwareContextLoaderDelegate - Retrieved ApplicationContext [7395550] from cache with key [[MergedContextConfiguration@346f41a9 testClass = TestRunner, locations = '{}', classes = '{}', contextInitializerClasses = '[]', activeProfiles = '{}', propertySourceLocations = '{}', propertySourceProperties = '{}', contextCustomizers = set[org.springframework.boot.test.context.filter.ExcludeFilterContextCustomizer@6a175569, org.springframework.boot.test.json.DuplicateJsonObjectContextCustomizerFactory$DuplicateJsonObjectContextCustomizer@11ee02f8, org.springframework.boot.test.mock.mockito.MockitoContextCustomizer@0, org.springframework.boot.test.autoconfigure.properties.PropertyMappingContextCustomizer@0, org.springframework.boot.test.autoconfigure.web.servlet.WebDriverContextCustomizerFactory$Customizer@159e366], contextLoader = 'org.springframework.test.context.support.DelegatingSmartContextLoader', parent = [null]]]
09:35:43.622 [main] DEBUG org.springframework.test.context.cache - Spring test ApplicationContext cache statistics: [DefaultContextCache@42c2f48c size = 1, maxSize = 32, parentContextCount = 0, hitCount = 16, missCount = 1]

Scenario:                                                                                                      # src/test/resources/features/GetAllMetricsDate.feature:3
09:35:43.633 [main] DEBUG org.apache.http.client.protocol.RequestAddCookies - CookieSpec selected: default
09:35:43.633 [main] DEBUG org.apache.http.client.protocol.RequestAuthCache - Auth cache not set in the context
09:35:43.633 [main] DEBUG org.apache.http.impl.conn.PoolingHttpClientConnectionManager - Connection request: [route: {s}->https://devopsmetrics.herokuapp.com:443][total available: 0; route allocated: 0 of 2; total allocated: 0 of 20]
09:35:43.633 [main] DEBUG org.apache.http.impl.conn.PoolingHttpClientConnectionManager - Connection leased: [id: 5][route: {s}->https://devopsmetrics.herokuapp.com:443][total available: 0; route allocated: 1 of 2; total allocated: 1 of 20]
09:35:43.633 [main] DEBUG org.apache.http.impl.execchain.MainClientExec - Opening connection {s}->https://devopsmetrics.herokuapp.com:443
09:35:43.633 [main] DEBUG org.apache.http.impl.conn.DefaultHttpClientConnectionOperator - Connecting to devopsmetrics.herokuapp.com/34.240.218.59:443
09:35:43.633 [main] DEBUG org.apache.http.conn.ssl.SSLConnectionSocketFactory - Connecting socket to devopsmetrics.herokuapp.com/34.240.218.59:443 with timeout 0
09:35:43.677 [main] DEBUG org.apache.http.conn.ssl.SSLConnectionSocketFactory - Enabled protocols: [TLSv1.3, TLSv1.2, TLSv1.1, TLSv1]
09:35:43.677 [main] DEBUG org.apache.http.conn.ssl.SSLConnectionSocketFactory - Enabled cipher suites:[TLS_AES_128_GCM_SHA256, TLS_AES_256_GCM_SHA384, TLS_ECDHE_ECDSA_WITH_AES_256_GCM_SHA384, TLS_ECDHE_ECDSA_WITH_AES_128_GCM_SHA256, TLS_ECDHE_RSA_WITH_AES_256_GCM_SHA384, TLS_RSA_WITH_AES_256_GCM_SHA384, TLS_ECDH_ECDSA_WITH_AES_256_GCM_SHA384, TLS_ECDH_RSA_WITH_AES_256_GCM_SHA384, TLS_DHE_RSA_WITH_AES_256_GCM_SHA384, TLS_DHE_DSS_WITH_AES_256_GCM_SHA384, TLS_ECDHE_RSA_WITH_AES_128_GCM_SHA256, TLS_RSA_WITH_AES_128_GCM_SHA256, TLS_ECDH_ECDSA_WITH_AES_128_GCM_SHA256, TLS_ECDH_RSA_WITH_AES_128_GCM_SHA256, TLS_DHE_RSA_WITH_AES_128_GCM_SHA256, TLS_DHE_DSS_WITH_AES_128_GCM_SHA256, TLS_ECDHE_ECDSA_WITH_AES_256_CBC_SHA384, TLS_ECDHE_RSA_WITH_AES_256_CBC_SHA384, TLS_RSA_WITH_AES_256_CBC_SHA256, TLS_ECDH_ECDSA_WITH_AES_256_CBC_SHA384, TLS_ECDH_RSA_WITH_AES_256_CBC_SHA384, TLS_DHE_RSA_WITH_AES_256_CBC_SHA256, TLS_DHE_DSS_WITH_AES_256_CBC_SHA256, TLS_ECDHE_ECDSA_WITH_AES_256_CBC_SHA, TLS_ECDHE_RSA_WITH_AES_256_CBC_SHA, TLS_RSA_WITH_AES_256_CBC_SHA, TLS_ECDH_ECDSA_WITH_AES_256_CBC_SHA, TLS_ECDH_RSA_WITH_AES_256_CBC_SHA, TLS_DHE_RSA_WITH_AES_256_CBC_SHA, TLS_DHE_DSS_WITH_AES_256_CBC_SHA, TLS_ECDHE_ECDSA_WITH_AES_128_CBC_SHA256, TLS_ECDHE_RSA_WITH_AES_128_CBC_SHA256, TLS_RSA_WITH_AES_128_CBC_SHA256, TLS_ECDH_ECDSA_WITH_AES_128_CBC_SHA256, TLS_ECDH_RSA_WITH_AES_128_CBC_SHA256, TLS_DHE_RSA_WITH_AES_128_CBC_SHA256, TLS_DHE_DSS_WITH_AES_128_CBC_SHA256, TLS_ECDHE_ECDSA_WITH_AES_128_CBC_SHA, TLS_ECDHE_RSA_WITH_AES_128_CBC_SHA, TLS_RSA_WITH_AES_128_CBC_SHA, TLS_ECDH_ECDSA_WITH_AES_128_CBC_SHA, TLS_ECDH_RSA_WITH_AES_128_CBC_SHA, TLS_DHE_RSA_WITH_AES_128_CBC_SHA, TLS_DHE_DSS_WITH_AES_128_CBC_SHA, TLS_EMPTY_RENEGOTIATION_INFO_SCSV]
09:35:43.677 [main] DEBUG org.apache.http.conn.ssl.SSLConnectionSocketFactory - Starting handshake
09:35:43.773 [main] DEBUG org.apache.http.conn.ssl.SSLConnectionSocketFactory - Secure session established
09:35:43.773 [main] DEBUG org.apache.http.conn.ssl.SSLConnectionSocketFactory -  negotiated protocol: TLSv1.2
09:35:43.773 [main] DEBUG org.apache.http.conn.ssl.SSLConnectionSocketFactory -  negotiated cipher suite: TLS_ECDHE_RSA_WITH_AES_128_GCM_SHA256
09:35:43.773 [main] DEBUG org.apache.http.conn.ssl.SSLConnectionSocketFactory -  peer principal: CN=*.herokuapp.com
09:35:43.773 [main] DEBUG org.apache.http.conn.ssl.SSLConnectionSocketFactory -  peer alternative names: [*.herokuapp.com]
09:35:43.773 [main] DEBUG org.apache.http.conn.ssl.SSLConnectionSocketFactory -  issuer principal: CN=Amazon, OU=Server CA 1B, O=Amazon, C=US
09:35:43.773 [main] DEBUG org.apache.http.impl.conn.DefaultHttpClientConnectionOperator - Connection established 192.168.1.45:64997<->34.240.218.59:443
09:35:43.773 [main] DEBUG org.apache.http.impl.execchain.MainClientExec - Executing request GET /usuarios?username=null&password=null HTTP/1.1
09:35:43.773 [main] DEBUG org.apache.http.impl.execchain.MainClientExec - Target auth state: UNCHALLENGED
09:35:43.773 [main] DEBUG org.apache.http.impl.execchain.MainClientExec - Proxy auth state: UNCHALLENGED
09:35:43.773 [main] DEBUG org.apache.http.headers - http-outgoing-5 >> GET /usuarios?username=null&password=null HTTP/1.1
09:35:43.773 [main] DEBUG org.apache.http.headers - http-outgoing-5 >> Host: devopsmetrics.herokuapp.com
09:35:43.773 [main] DEBUG org.apache.http.headers - http-outgoing-5 >> Connection: Keep-Alive
09:35:43.773 [main] DEBUG org.apache.http.headers - http-outgoing-5 >> User-Agent: Apache-HttpClient/4.5.12 (Java/11.0.8)
09:35:43.773 [main] DEBUG org.apache.http.headers - http-outgoing-5 >> Accept-Encoding: gzip,deflate
09:35:43.773 [main] DEBUG org.apache.http.wire - http-outgoing-5 >> "GET /usuarios?username=null&password=null HTTP/1.1[\r][\n]"
09:35:43.773 [main] DEBUG org.apache.http.wire - http-outgoing-5 >> "Host: devopsmetrics.herokuapp.com[\r][\n]"
09:35:43.773 [main] DEBUG org.apache.http.wire - http-outgoing-5 >> "Connection: Keep-Alive[\r][\n]"
09:35:43.773 [main] DEBUG org.apache.http.wire - http-outgoing-5 >> "User-Agent: Apache-HttpClient/4.5.12 (Java/11.0.8)[\r][\n]"
09:35:43.773 [main] DEBUG org.apache.http.wire - http-outgoing-5 >> "Accept-Encoding: gzip,deflate[\r][\n]"
09:35:43.773 [main] DEBUG org.apache.http.wire - http-outgoing-5 >> "[\r][\n]"
09:35:43.919 [main] DEBUG org.apache.http.wire - http-outgoing-5 << "HTTP/1.1 500 [\r][\n]"
09:35:43.919 [main] DEBUG org.apache.http.wire - http-outgoing-5 << "Server: Cowboy[\r][\n]"
09:35:43.919 [main] DEBUG org.apache.http.wire - http-outgoing-5 << "Connection: keep-alive[\r][\n]"
09:35:43.919 [main] DEBUG org.apache.http.wire - http-outgoing-5 << "Vary: Origin[\r][\n]"
09:35:43.919 [main] DEBUG org.apache.http.wire - http-outgoing-5 << "Vary: Access-Control-Request-Method[\r][\n]"
09:35:43.919 [main] DEBUG org.apache.http.wire - http-outgoing-5 << "Vary: Access-Control-Request-Headers[\r][\n]"
09:35:43.919 [main] DEBUG org.apache.http.wire - http-outgoing-5 << "Content-Type: application/json[\r][\n]"
09:35:43.919 [main] DEBUG org.apache.http.wire - http-outgoing-5 << "Transfer-Encoding: chunked[\r][\n]"
09:35:43.919 [main] DEBUG org.apache.http.wire - http-outgoing-5 << "Date: Tue, 13 Jul 2021 07:35:43 GMT[\r][\n]"
09:35:43.919 [main] DEBUG org.apache.http.wire - http-outgoing-5 << "Via: 1.1 vegur[\r][\n]"
09:35:43.919 [main] DEBUG org.apache.http.wire - http-outgoing-5 << "[\r][\n]"
09:35:43.919 [main] DEBUG org.apache.http.headers - http-outgoing-5 << HTTP/1.1 500 
09:35:43.919 [main] DEBUG org.apache.http.headers - http-outgoing-5 << Server: Cowboy
09:35:43.919 [main] DEBUG org.apache.http.headers - http-outgoing-5 << Connection: keep-alive
09:35:43.919 [main] DEBUG org.apache.http.headers - http-outgoing-5 << Vary: Origin
09:35:43.919 [main] DEBUG org.apache.http.headers - http-outgoing-5 << Vary: Access-Control-Request-Method
09:35:43.919 [main] DEBUG org.apache.http.headers - http-outgoing-5 << Vary: Access-Control-Request-Headers
09:35:43.919 [main] DEBUG org.apache.http.headers - http-outgoing-5 << Content-Type: application/json
09:35:43.919 [main] DEBUG org.apache.http.headers - http-outgoing-5 << Transfer-Encoding: chunked
09:35:43.919 [main] DEBUG org.apache.http.headers - http-outgoing-5 << Date: Tue, 13 Jul 2021 07:35:43 GMT
09:35:43.919 [main] DEBUG org.apache.http.headers - http-outgoing-5 << Via: 1.1 vegur
09:35:43.919 [main] DEBUG org.apache.http.impl.execchain.MainClientExec - Connection can be kept alive indefinitely
09:35:43.919 [main] DEBUG org.apache.http.wire - http-outgoing-5 << "7a[\r][\n]"
09:35:43.919 [main] DEBUG org.apache.http.wire - http-outgoing-5 << "{"timestamp":"2021-07-13T07:35:43.944+00:00","status":500,"error":"Internal Server Error","message":"","path":"/usuarios"}[\r][\n]"
09:35:43.920 [main] DEBUG org.apache.http.wire - http-outgoing-5 << "0[\r][\n]"
09:35:43.920 [main] DEBUG org.apache.http.wire - http-outgoing-5 << "[\r][\n]"
09:35:43.920 [main] DEBUG org.apache.http.impl.conn.PoolingHttpClientConnectionManager - Connection [id: 5][route: {s}->https://devopsmetrics.herokuapp.com:443] can be kept alive indefinitely
09:35:43.920 [main] DEBUG org.apache.http.impl.conn.DefaultManagedHttpClientConnection - http-outgoing-5: set socket timeout to 0
09:35:43.920 [main] DEBUG org.apache.http.impl.conn.PoolingHttpClientConnectionManager - Connection released: [id: 5][route: {s}->https://devopsmetrics.herokuapp.com:443][total available: 1; route allocated: 1 of 2; total allocated: 1 of 20]
  Given user is logging in the system for getting all metrics from a repository by his owner between two dates # edu.uclm.esi.devopsmetrics.bdd.stepdefinitions.GetAllMetricsDateSteps.user_is_logging_in_the_system_for_getting_all_metrics_from_a_repository_by_his_owner_between_two_dates()
  When user is correct he requests all metrics from a repository by his owner between two dates                # edu.uclm.esi.devopsmetrics.bdd.stepdefinitions.GetAllMetricsDateSteps.user_is_correct_he_requests_all_metrics_from_a_repository_by_his_owner_between_two_dates()
      java.lang.NullPointerException
	at edu.uclm.esi.devopsmetrics.bdd.stepdefinitions.GetAllMetricsDateSteps.user_is_correct_he_requests_all_metrics_from_a_repository_by_his_owner_between_two_dates(GetAllMetricsDateSteps.java:63)
	at âœ½.user is correct he requests all metrics from a repository by his owner between two dates(file:///C:/Users/Crespo/eclipse-workspace/devopsmetrics/src/test/resources/features/GetAllMetricsDate.feature:5)

  Then the user gets all metrics from a repository by his owner between two dates                              # edu.uclm.esi.devopsmetrics.bdd.stepdefinitions.GetAllMetricsDateSteps.the_user_gets_all_metrics_from_a_repository_by_his_owner_between_two_dates()
09:35:43.922 [main] DEBUG org.springframework.test.context.cache.DefaultCacheAwareContextLoaderDelegate - Retrieved ApplicationContext [7395550] from cache with key [[MergedContextConfiguration@346f41a9 testClass = TestRunner, locations = '{}', classes = '{}', contextInitializerClasses = '[]', activeProfiles = '{}', propertySourceLocations = '{}', propertySourceProperties = '{}', contextCustomizers = set[org.springframework.boot.test.context.filter.ExcludeFilterContextCustomizer@6a175569, org.springframework.boot.test.json.DuplicateJsonObjectContextCustomizerFactory$DuplicateJsonObjectContextCustomizer@11ee02f8, org.springframework.boot.test.mock.mockito.MockitoContextCustomizer@0, org.springframework.boot.test.autoconfigure.properties.PropertyMappingContextCustomizer@0, org.springframework.boot.test.autoconfigure.web.servlet.WebDriverContextCustomizerFactory$Customizer@159e366], contextLoader = 'org.springframework.test.context.support.DelegatingSmartContextLoader', parent = [null]]]
09:35:43.922 [main] DEBUG org.springframework.test.context.cache - Spring test ApplicationContext cache statistics: [DefaultContextCache@42c2f48c size = 1, maxSize = 32, parentContextCount = 0, hitCount = 17, missCount = 1]
09:35:43.923 [main] DEBUG org.springframework.test.context.support.AbstractDirtiesContextTestExecutionListener - After test class: context [DefaultTestContext@25f723b0 testClass = TestRunner, testInstance = [null], testMethod = [null], testException = [null], mergedContextConfiguration = [MergedContextConfiguration@346f41a9 testClass = TestRunner, locations = '{}', classes = '{}', contextInitializerClasses = '[]', activeProfiles = '{}', propertySourceLocations = '{}', propertySourceProperties = '{}', contextCustomizers = set[org.springframework.boot.test.context.filter.ExcludeFilterContextCustomizer@6a175569, org.springframework.boot.test.json.DuplicateJsonObjectContextCustomizerFactory$DuplicateJsonObjectContextCustomizer@11ee02f8, org.springframework.boot.test.mock.mockito.MockitoContextCustomizer@0, org.springframework.boot.test.autoconfigure.properties.PropertyMappingContextCustomizer@0, org.springframework.boot.test.autoconfigure.web.servlet.WebDriverContextCustomizerFactory$Customizer@159e366], contextLoader = 'org.springframework.test.context.support.DelegatingSmartContextLoader', parent = [null]], attributes = map[[empty]]], class annotated with @DirtiesContext [false] with mode [null].
]]></system-out>
  </testcase>
  <testcase name="{feature to test the function to get all repositories from the system}" classname="edu.uclm.esi.devopsmetrics.bdd.TestRunner" time="0.244">
    <error type="java.lang.NullPointerException">java.lang.NullPointerException
</error>
    <system-out><![CDATA[09:35:43.923 [main] DEBUG org.springframework.test.context.BootstrapUtils - Instantiating CacheAwareContextLoaderDelegate from class [org.springframework.test.context.cache.DefaultCacheAwareContextLoaderDelegate]
09:35:43.923 [main] DEBUG org.springframework.test.context.BootstrapUtils - Instantiating BootstrapContext using constructor [public org.springframework.test.context.support.DefaultBootstrapContext(java.lang.Class,org.springframework.test.context.CacheAwareContextLoaderDelegate)]
09:35:43.923 [main] DEBUG org.springframework.test.context.BootstrapUtils - Instantiating TestContextBootstrapper for test class [edu.uclm.esi.devopsmetrics.bdd.TestRunner] from class [org.springframework.test.context.support.DefaultTestContextBootstrapper]
09:35:43.924 [main] INFO org.springframework.test.context.support.DefaultTestContextBootstrapper - Neither @ContextConfiguration nor @ContextHierarchy found for test class [edu.uclm.esi.devopsmetrics.bdd.TestRunner], using DelegatingSmartContextLoader
09:35:43.924 [main] DEBUG org.springframework.test.context.support.AbstractDelegatingSmartContextLoader - Delegating to GenericXmlContextLoader to process context configuration [ContextConfigurationAttributes@7c2924d7 declaringClass = 'edu.uclm.esi.devopsmetrics.bdd.TestRunner', classes = '{}', locations = '{}', inheritLocations = false, initializers = '{}', inheritInitializers = true, name = [null], contextLoaderClass = 'org.springframework.test.context.ContextLoader'].
09:35:43.924 [main] DEBUG org.springframework.test.context.support.AbstractContextLoader - Did not detect default resource location for test class [edu.uclm.esi.devopsmetrics.bdd.TestRunner]: class path resource [edu/uclm/esi/devopsmetrics/bdd/TestRunner-context.xml] does not exist
09:35:43.925 [main] INFO org.springframework.test.context.support.AbstractContextLoader - Could not detect default resource locations for test class [edu.uclm.esi.devopsmetrics.bdd.TestRunner]: no resource found for suffixes {-context.xml}.
09:35:43.925 [main] DEBUG org.springframework.test.context.support.AbstractDelegatingSmartContextLoader - Delegating to AnnotationConfigContextLoader to process context configuration [ContextConfigurationAttributes@7c2924d7 declaringClass = 'edu.uclm.esi.devopsmetrics.bdd.TestRunner', classes = '{}', locations = '{}', inheritLocations = false, initializers = '{}', inheritInitializers = true, name = [null], contextLoaderClass = 'org.springframework.test.context.ContextLoader'].
09:35:43.925 [main] INFO org.springframework.test.context.support.AnnotationConfigContextLoaderUtils - Could not detect default configuration classes for test class [edu.uclm.esi.devopsmetrics.bdd.TestRunner]: TestRunner does not declare any static, non-private, non-final, nested classes annotated with @Configuration.
09:35:43.927 [main] DEBUG org.springframework.test.context.support.ActiveProfilesUtils - Could not find an 'annotation declaring class' for annotation type [org.springframework.test.context.ActiveProfiles] and class [edu.uclm.esi.devopsmetrics.bdd.TestRunner]
09:35:43.927 [main] DEBUG org.springframework.test.context.support.DefaultTestContextBootstrapper - @TestExecutionListeners is not present for class [edu.uclm.esi.devopsmetrics.bdd.TestRunner]: using defaults.
09:35:43.927 [main] INFO org.springframework.test.context.support.DefaultTestContextBootstrapper - Loaded default TestExecutionListener class names from location [META-INF/spring.factories]: [org.springframework.boot.test.mock.mockito.MockitoTestExecutionListener, org.springframework.boot.test.mock.mockito.ResetMocksTestExecutionListener, org.springframework.boot.test.autoconfigure.restdocs.RestDocsTestExecutionListener, org.springframework.boot.test.autoconfigure.web.client.MockRestServiceServerResetTestExecutionListener, org.springframework.boot.test.autoconfigure.web.servlet.MockMvcPrintOnlyOnFailureTestExecutionListener, org.springframework.boot.test.autoconfigure.web.servlet.WebDriverTestExecutionListener, org.springframework.boot.test.autoconfigure.webservices.client.MockWebServiceServerTestExecutionListener, org.springframework.test.context.web.ServletTestExecutionListener, org.springframework.test.context.support.DirtiesContextBeforeModesTestExecutionListener, org.springframework.test.context.support.DependencyInjectionTestExecutionListener, org.springframework.test.context.support.DirtiesContextTestExecutionListener, org.springframework.test.context.transaction.TransactionalTestExecutionListener, org.springframework.test.context.jdbc.SqlScriptsTestExecutionListener, org.springframework.test.context.event.EventPublishingTestExecutionListener]
09:35:43.928 [main] INFO org.springframework.test.context.support.DefaultTestContextBootstrapper - Using TestExecutionListeners: [org.springframework.test.context.web.ServletTestExecutionListener@b5de58f, org.springframework.test.context.support.DirtiesContextBeforeModesTestExecutionListener@6587305a, org.springframework.boot.test.mock.mockito.MockitoTestExecutionListener@abbe000, org.springframework.test.context.support.DependencyInjectionTestExecutionListener@3f81621c, org.springframework.test.context.support.DirtiesContextTestExecutionListener@5b9499fe, org.springframework.test.context.transaction.TransactionalTestExecutionListener@74d6736, org.springframework.test.context.jdbc.SqlScriptsTestExecutionListener@52a33c3f, org.springframework.test.context.event.EventPublishingTestExecutionListener@668625f5, org.springframework.boot.test.mock.mockito.ResetMocksTestExecutionListener@19a20bb2, org.springframework.boot.test.autoconfigure.restdocs.RestDocsTestExecutionListener@75babb67, org.springframework.boot.test.autoconfigure.web.client.MockRestServiceServerResetTestExecutionListener@3eb3232b, org.springframework.boot.test.autoconfigure.web.servlet.MockMvcPrintOnlyOnFailureTestExecutionListener@69cd1085, org.springframework.boot.test.autoconfigure.web.servlet.WebDriverTestExecutionListener@60bb7995, org.springframework.boot.test.autoconfigure.webservices.client.MockWebServiceServerTestExecutionListener@40fa8766]
09:35:43.928 [main] DEBUG org.springframework.test.context.cache.DefaultCacheAwareContextLoaderDelegate - Retrieved ApplicationContext [7395550] from cache with key [[MergedContextConfiguration@67774e29 testClass = TestRunner, locations = '{}', classes = '{}', contextInitializerClasses = '[]', activeProfiles = '{}', propertySourceLocations = '{}', propertySourceProperties = '{}', contextCustomizers = set[org.springframework.boot.test.context.filter.ExcludeFilterContextCustomizer@6a175569, org.springframework.boot.test.json.DuplicateJsonObjectContextCustomizerFactory$DuplicateJsonObjectContextCustomizer@11ee02f8, org.springframework.boot.test.mock.mockito.MockitoContextCustomizer@0, org.springframework.boot.test.autoconfigure.properties.PropertyMappingContextCustomizer@0, org.springframework.boot.test.autoconfigure.web.servlet.WebDriverContextCustomizerFactory$Customizer@159e366], contextLoader = 'org.springframework.test.context.support.DelegatingSmartContextLoader', parent = [null]]]
09:35:43.928 [main] DEBUG org.springframework.test.context.cache - Spring test ApplicationContext cache statistics: [DefaultContextCache@42c2f48c size = 1, maxSize = 32, parentContextCount = 0, hitCount = 18, missCount = 1]
09:35:43.928 [main] DEBUG org.springframework.beans.factory.support.DefaultListableBeanFactory - Replacing scope 'cucumber-glue' from [io.cucumber.spring.CucumberScenarioScope@1084f78c] to [io.cucumber.spring.CucumberScenarioScope@663f237a]
09:35:43.928 [main] DEBUG org.springframework.test.context.support.AbstractDirtiesContextTestExecutionListener - Before test class: context [DefaultTestContext@5d7399f9 testClass = TestRunner, testInstance = [null], testMethod = [null], testException = [null], mergedContextConfiguration = [MergedContextConfiguration@67774e29 testClass = TestRunner, locations = '{}', classes = '{}', contextInitializerClasses = '[]', activeProfiles = '{}', propertySourceLocations = '{}', propertySourceProperties = '{}', contextCustomizers = set[org.springframework.boot.test.context.filter.ExcludeFilterContextCustomizer@6a175569, org.springframework.boot.test.json.DuplicateJsonObjectContextCustomizerFactory$DuplicateJsonObjectContextCustomizer@11ee02f8, org.springframework.boot.test.mock.mockito.MockitoContextCustomizer@0, org.springframework.boot.test.autoconfigure.properties.PropertyMappingContextCustomizer@0, org.springframework.boot.test.autoconfigure.web.servlet.WebDriverContextCustomizerFactory$Customizer@159e366], contextLoader = 'org.springframework.test.context.support.DelegatingSmartContextLoader', parent = [null]], attributes = map[[empty]]], class annotated with @DirtiesContext [false] with mode [null].
09:35:43.928 [main] DEBUG org.springframework.test.context.cache.DefaultCacheAwareContextLoaderDelegate - Retrieved ApplicationContext [7395550] from cache with key [[MergedContextConfiguration@67774e29 testClass = TestRunner, locations = '{}', classes = '{}', contextInitializerClasses = '[]', activeProfiles = '{}', propertySourceLocations = '{}', propertySourceProperties = '{}', contextCustomizers = set[org.springframework.boot.test.context.filter.ExcludeFilterContextCustomizer@6a175569, org.springframework.boot.test.json.DuplicateJsonObjectContextCustomizerFactory$DuplicateJsonObjectContextCustomizer@11ee02f8, org.springframework.boot.test.mock.mockito.MockitoContextCustomizer@0, org.springframework.boot.test.autoconfigure.properties.PropertyMappingContextCustomizer@0, org.springframework.boot.test.autoconfigure.web.servlet.WebDriverContextCustomizerFactory$Customizer@159e366], contextLoader = 'org.springframework.test.context.support.DelegatingSmartContextLoader', parent = [null]]]
09:35:43.928 [main] DEBUG org.springframework.test.context.cache - Spring test ApplicationContext cache statistics: [DefaultContextCache@42c2f48c size = 1, maxSize = 32, parentContextCount = 0, hitCount = 19, missCount = 1]

Scenario:                                                                          # src/test/resources/features/GetAllRepositories.feature:3
09:35:43.941 [main] DEBUG org.apache.http.client.protocol.RequestAddCookies - CookieSpec selected: default
09:35:43.941 [main] DEBUG org.apache.http.client.protocol.RequestAuthCache - Auth cache not set in the context
09:35:43.941 [main] DEBUG org.apache.http.impl.conn.PoolingHttpClientConnectionManager - Connection request: [route: {s}->https://devopsmetrics.herokuapp.com:443][total available: 0; route allocated: 0 of 2; total allocated: 0 of 20]
09:35:43.941 [main] DEBUG org.apache.http.impl.conn.PoolingHttpClientConnectionManager - Connection leased: [id: 6][route: {s}->https://devopsmetrics.herokuapp.com:443][total available: 0; route allocated: 1 of 2; total allocated: 1 of 20]
09:35:43.941 [main] DEBUG org.apache.http.impl.execchain.MainClientExec - Opening connection {s}->https://devopsmetrics.herokuapp.com:443
09:35:43.941 [main] DEBUG org.apache.http.impl.conn.DefaultHttpClientConnectionOperator - Connecting to devopsmetrics.herokuapp.com/34.240.218.59:443
09:35:43.941 [main] DEBUG org.apache.http.conn.ssl.SSLConnectionSocketFactory - Connecting socket to devopsmetrics.herokuapp.com/34.240.218.59:443 with timeout 0
09:35:44.002 [main] DEBUG org.apache.http.conn.ssl.SSLConnectionSocketFactory - Enabled protocols: [TLSv1.3, TLSv1.2, TLSv1.1, TLSv1]
09:35:44.002 [main] DEBUG org.apache.http.conn.ssl.SSLConnectionSocketFactory - Enabled cipher suites:[TLS_AES_128_GCM_SHA256, TLS_AES_256_GCM_SHA384, TLS_ECDHE_ECDSA_WITH_AES_256_GCM_SHA384, TLS_ECDHE_ECDSA_WITH_AES_128_GCM_SHA256, TLS_ECDHE_RSA_WITH_AES_256_GCM_SHA384, TLS_RSA_WITH_AES_256_GCM_SHA384, TLS_ECDH_ECDSA_WITH_AES_256_GCM_SHA384, TLS_ECDH_RSA_WITH_AES_256_GCM_SHA384, TLS_DHE_RSA_WITH_AES_256_GCM_SHA384, TLS_DHE_DSS_WITH_AES_256_GCM_SHA384, TLS_ECDHE_RSA_WITH_AES_128_GCM_SHA256, TLS_RSA_WITH_AES_128_GCM_SHA256, TLS_ECDH_ECDSA_WITH_AES_128_GCM_SHA256, TLS_ECDH_RSA_WITH_AES_128_GCM_SHA256, TLS_DHE_RSA_WITH_AES_128_GCM_SHA256, TLS_DHE_DSS_WITH_AES_128_GCM_SHA256, TLS_ECDHE_ECDSA_WITH_AES_256_CBC_SHA384, TLS_ECDHE_RSA_WITH_AES_256_CBC_SHA384, TLS_RSA_WITH_AES_256_CBC_SHA256, TLS_ECDH_ECDSA_WITH_AES_256_CBC_SHA384, TLS_ECDH_RSA_WITH_AES_256_CBC_SHA384, TLS_DHE_RSA_WITH_AES_256_CBC_SHA256, TLS_DHE_DSS_WITH_AES_256_CBC_SHA256, TLS_ECDHE_ECDSA_WITH_AES_256_CBC_SHA, TLS_ECDHE_RSA_WITH_AES_256_CBC_SHA, TLS_RSA_WITH_AES_256_CBC_SHA, TLS_ECDH_ECDSA_WITH_AES_256_CBC_SHA, TLS_ECDH_RSA_WITH_AES_256_CBC_SHA, TLS_DHE_RSA_WITH_AES_256_CBC_SHA, TLS_DHE_DSS_WITH_AES_256_CBC_SHA, TLS_ECDHE_ECDSA_WITH_AES_128_CBC_SHA256, TLS_ECDHE_RSA_WITH_AES_128_CBC_SHA256, TLS_RSA_WITH_AES_128_CBC_SHA256, TLS_ECDH_ECDSA_WITH_AES_128_CBC_SHA256, TLS_ECDH_RSA_WITH_AES_128_CBC_SHA256, TLS_DHE_RSA_WITH_AES_128_CBC_SHA256, TLS_DHE_DSS_WITH_AES_128_CBC_SHA256, TLS_ECDHE_ECDSA_WITH_AES_128_CBC_SHA, TLS_ECDHE_RSA_WITH_AES_128_CBC_SHA, TLS_RSA_WITH_AES_128_CBC_SHA, TLS_ECDH_ECDSA_WITH_AES_128_CBC_SHA, TLS_ECDH_RSA_WITH_AES_128_CBC_SHA, TLS_DHE_RSA_WITH_AES_128_CBC_SHA, TLS_DHE_DSS_WITH_AES_128_CBC_SHA, TLS_EMPTY_RENEGOTIATION_INFO_SCSV]
09:35:44.002 [main] DEBUG org.apache.http.conn.ssl.SSLConnectionSocketFactory - Starting handshake
09:35:44.094 [main] DEBUG org.apache.http.conn.ssl.SSLConnectionSocketFactory - Secure session established
09:35:44.095 [main] DEBUG org.apache.http.conn.ssl.SSLConnectionSocketFactory -  negotiated protocol: TLSv1.2
09:35:44.095 [main] DEBUG org.apache.http.conn.ssl.SSLConnectionSocketFactory -  negotiated cipher suite: TLS_ECDHE_RSA_WITH_AES_128_GCM_SHA256
09:35:44.095 [main] DEBUG org.apache.http.conn.ssl.SSLConnectionSocketFactory -  peer principal: CN=*.herokuapp.com
09:35:44.095 [main] DEBUG org.apache.http.conn.ssl.SSLConnectionSocketFactory -  peer alternative names: [*.herokuapp.com]
09:35:44.095 [main] DEBUG org.apache.http.conn.ssl.SSLConnectionSocketFactory -  issuer principal: CN=Amazon, OU=Server CA 1B, O=Amazon, C=US
09:35:44.095 [main] DEBUG org.apache.http.impl.conn.DefaultHttpClientConnectionOperator - Connection established 192.168.1.45:64998<->34.240.218.59:443
09:35:44.095 [main] DEBUG org.apache.http.impl.execchain.MainClientExec - Executing request GET /usuarios?username=null&password=null HTTP/1.1
09:35:44.095 [main] DEBUG org.apache.http.impl.execchain.MainClientExec - Target auth state: UNCHALLENGED
09:35:44.095 [main] DEBUG org.apache.http.impl.execchain.MainClientExec - Proxy auth state: UNCHALLENGED
09:35:44.095 [main] DEBUG org.apache.http.headers - http-outgoing-6 >> GET /usuarios?username=null&password=null HTTP/1.1
09:35:44.095 [main] DEBUG org.apache.http.headers - http-outgoing-6 >> Host: devopsmetrics.herokuapp.com
09:35:44.095 [main] DEBUG org.apache.http.headers - http-outgoing-6 >> Connection: Keep-Alive
09:35:44.095 [main] DEBUG org.apache.http.headers - http-outgoing-6 >> User-Agent: Apache-HttpClient/4.5.12 (Java/11.0.8)
09:35:44.095 [main] DEBUG org.apache.http.headers - http-outgoing-6 >> Accept-Encoding: gzip,deflate
09:35:44.095 [main] DEBUG org.apache.http.wire - http-outgoing-6 >> "GET /usuarios?username=null&password=null HTTP/1.1[\r][\n]"
09:35:44.095 [main] DEBUG org.apache.http.wire - http-outgoing-6 >> "Host: devopsmetrics.herokuapp.com[\r][\n]"
09:35:44.095 [main] DEBUG org.apache.http.wire - http-outgoing-6 >> "Connection: Keep-Alive[\r][\n]"
09:35:44.095 [main] DEBUG org.apache.http.wire - http-outgoing-6 >> "User-Agent: Apache-HttpClient/4.5.12 (Java/11.0.8)[\r][\n]"
09:35:44.095 [main] DEBUG org.apache.http.wire - http-outgoing-6 >> "Accept-Encoding: gzip,deflate[\r][\n]"
09:35:44.095 [main] DEBUG org.apache.http.wire - http-outgoing-6 >> "[\r][\n]"
09:35:44.165 [main] DEBUG org.apache.http.wire - http-outgoing-6 << "HTTP/1.1 500 [\r][\n]"
09:35:44.165 [main] DEBUG org.apache.http.wire - http-outgoing-6 << "Server: Cowboy[\r][\n]"
09:35:44.165 [main] DEBUG org.apache.http.wire - http-outgoing-6 << "Connection: keep-alive[\r][\n]"
09:35:44.165 [main] DEBUG org.apache.http.wire - http-outgoing-6 << "Vary: Origin[\r][\n]"
09:35:44.165 [main] DEBUG org.apache.http.wire - http-outgoing-6 << "Vary: Access-Control-Request-Method[\r][\n]"
09:35:44.165 [main] DEBUG org.apache.http.wire - http-outgoing-6 << "Vary: Access-Control-Request-Headers[\r][\n]"
09:35:44.165 [main] DEBUG org.apache.http.wire - http-outgoing-6 << "Content-Type: application/json[\r][\n]"
09:35:44.165 [main] DEBUG org.apache.http.wire - http-outgoing-6 << "Transfer-Encoding: chunked[\r][\n]"
09:35:44.165 [main] DEBUG org.apache.http.wire - http-outgoing-6 << "Date: Tue, 13 Jul 2021 07:35:43 GMT[\r][\n]"
09:35:44.165 [main] DEBUG org.apache.http.wire - http-outgoing-6 << "Via: 1.1 vegur[\r][\n]"
09:35:44.165 [main] DEBUG org.apache.http.wire - http-outgoing-6 << "[\r][\n]"
09:35:44.165 [main] DEBUG org.apache.http.headers - http-outgoing-6 << HTTP/1.1 500 
09:35:44.165 [main] DEBUG org.apache.http.headers - http-outgoing-6 << Server: Cowboy
09:35:44.165 [main] DEBUG org.apache.http.headers - http-outgoing-6 << Connection: keep-alive
09:35:44.165 [main] DEBUG org.apache.http.headers - http-outgoing-6 << Vary: Origin
09:35:44.165 [main] DEBUG org.apache.http.headers - http-outgoing-6 << Vary: Access-Control-Request-Method
09:35:44.165 [main] DEBUG org.apache.http.headers - http-outgoing-6 << Vary: Access-Control-Request-Headers
09:35:44.165 [main] DEBUG org.apache.http.headers - http-outgoing-6 << Content-Type: application/json
09:35:44.165 [main] DEBUG org.apache.http.headers - http-outgoing-6 << Transfer-Encoding: chunked
09:35:44.165 [main] DEBUG org.apache.http.headers - http-outgoing-6 << Date: Tue, 13 Jul 2021 07:35:43 GMT
09:35:44.165 [main] DEBUG org.apache.http.headers - http-outgoing-6 << Via: 1.1 vegur
09:35:44.165 [main] DEBUG org.apache.http.impl.execchain.MainClientExec - Connection can be kept alive indefinitely
09:35:44.166 [main] DEBUG org.apache.http.wire - http-outgoing-6 << "7a[\r][\n]"
09:35:44.166 [main] DEBUG org.apache.http.wire - http-outgoing-6 << "{"timestamp":"2021-07-13T07:35:44.192+00:00","status":500,"error":"Internal Server Error","message":"","path":"/usuarios"}[\r][\n]"
09:35:44.166 [main] DEBUG org.apache.http.wire - http-outgoing-6 << "0[\r][\n]"
09:35:44.166 [main] DEBUG org.apache.http.wire - http-outgoing-6 << "[\r][\n]"
09:35:44.166 [main] DEBUG org.apache.http.impl.conn.PoolingHttpClientConnectionManager - Connection [id: 6][route: {s}->https://devopsmetrics.herokuapp.com:443] can be kept alive indefinitely
09:35:44.166 [main] DEBUG org.apache.http.impl.conn.DefaultManagedHttpClientConnection - http-outgoing-6: set socket timeout to 0
09:35:44.166 [main] DEBUG org.apache.http.impl.conn.PoolingHttpClientConnectionManager - Connection released: [id: 6][route: {s}->https://devopsmetrics.herokuapp.com:443][total available: 1; route allocated: 1 of 2; total allocated: 1 of 20]
  Given user is logging in the system for getting all repositories from the system # edu.uclm.esi.devopsmetrics.bdd.stepdefinitions.GetAllRepositories.user_is_logging_in_the_system_for_getting_all_repositories_from_the_system()
  When user is correct he requests all repositories from the system                # edu.uclm.esi.devopsmetrics.bdd.stepdefinitions.GetAllRepositories.user_is_correct_he_requests_all_repositories_from_the_system()
      java.lang.NullPointerException
	at edu.uclm.esi.devopsmetrics.bdd.stepdefinitions.GetAllRepositories.user_is_correct_he_requests_all_repositories_from_the_system(GetAllRepositories.java:63)
	at âœ½.user is correct he requests all repositories from the system(file:///C:/Users/Crespo/eclipse-workspace/devopsmetrics/src/test/resources/features/GetAllRepositories.feature:5)

  Then the user gets all repositories from the system                              # edu.uclm.esi.devopsmetrics.bdd.stepdefinitions.GetAllRepositories.the_user_gets_all_repositories_from_the_system()
09:35:44.167 [main] DEBUG org.springframework.test.context.cache.DefaultCacheAwareContextLoaderDelegate - Retrieved ApplicationContext [7395550] from cache with key [[MergedContextConfiguration@67774e29 testClass = TestRunner, locations = '{}', classes = '{}', contextInitializerClasses = '[]', activeProfiles = '{}', propertySourceLocations = '{}', propertySourceProperties = '{}', contextCustomizers = set[org.springframework.boot.test.context.filter.ExcludeFilterContextCustomizer@6a175569, org.springframework.boot.test.json.DuplicateJsonObjectContextCustomizerFactory$DuplicateJsonObjectContextCustomizer@11ee02f8, org.springframework.boot.test.mock.mockito.MockitoContextCustomizer@0, org.springframework.boot.test.autoconfigure.properties.PropertyMappingContextCustomizer@0, org.springframework.boot.test.autoconfigure.web.servlet.WebDriverContextCustomizerFactory$Customizer@159e366], contextLoader = 'org.springframework.test.context.support.DelegatingSmartContextLoader', parent = [null]]]
09:35:44.167 [main] DEBUG org.springframework.test.context.cache - Spring test ApplicationContext cache statistics: [DefaultContextCache@42c2f48c size = 1, maxSize = 32, parentContextCount = 0, hitCount = 20, missCount = 1]
09:35:44.167 [main] DEBUG org.springframework.test.context.support.AbstractDirtiesContextTestExecutionListener - After test class: context [DefaultTestContext@5d7399f9 testClass = TestRunner, testInstance = [null], testMethod = [null], testException = [null], mergedContextConfiguration = [MergedContextConfiguration@67774e29 testClass = TestRunner, locations = '{}', classes = '{}', contextInitializerClasses = '[]', activeProfiles = '{}', propertySourceLocations = '{}', propertySourceProperties = '{}', contextCustomizers = set[org.springframework.boot.test.context.filter.ExcludeFilterContextCustomizer@6a175569, org.springframework.boot.test.json.DuplicateJsonObjectContextCustomizerFactory$DuplicateJsonObjectContextCustomizer@11ee02f8, org.springframework.boot.test.mock.mockito.MockitoContextCustomizer@0, org.springframework.boot.test.autoconfigure.properties.PropertyMappingContextCustomizer@0, org.springframework.boot.test.autoconfigure.web.servlet.WebDriverContextCustomizerFactory$Customizer@159e366], contextLoader = 'org.springframework.test.context.support.DelegatingSmartContextLoader', parent = [null]], attributes = map[[empty]]], class annotated with @DirtiesContext [false] with mode [null].
]]></system-out>
  </testcase>
  <testcase name="{feature to test the function to get all test metrics from a repository by his owner}" classname="edu.uclm.esi.devopsmetrics.bdd.TestRunner" time="0.278">
    <error type="java.lang.NullPointerException">java.lang.NullPointerException
</error>
    <system-out><![CDATA[09:35:44.168 [main] DEBUG org.springframework.test.context.BootstrapUtils - Instantiating CacheAwareContextLoaderDelegate from class [org.springframework.test.context.cache.DefaultCacheAwareContextLoaderDelegate]
09:35:44.168 [main] DEBUG org.springframework.test.context.BootstrapUtils - Instantiating BootstrapContext using constructor [public org.springframework.test.context.support.DefaultBootstrapContext(java.lang.Class,org.springframework.test.context.CacheAwareContextLoaderDelegate)]
09:35:44.168 [main] DEBUG org.springframework.test.context.BootstrapUtils - Instantiating TestContextBootstrapper for test class [edu.uclm.esi.devopsmetrics.bdd.TestRunner] from class [org.springframework.test.context.support.DefaultTestContextBootstrapper]
09:35:44.169 [main] INFO org.springframework.test.context.support.DefaultTestContextBootstrapper - Neither @ContextConfiguration nor @ContextHierarchy found for test class [edu.uclm.esi.devopsmetrics.bdd.TestRunner], using DelegatingSmartContextLoader
09:35:44.169 [main] DEBUG org.springframework.test.context.support.AbstractDelegatingSmartContextLoader - Delegating to GenericXmlContextLoader to process context configuration [ContextConfigurationAttributes@56dd6efa declaringClass = 'edu.uclm.esi.devopsmetrics.bdd.TestRunner', classes = '{}', locations = '{}', inheritLocations = false, initializers = '{}', inheritInitializers = true, name = [null], contextLoaderClass = 'org.springframework.test.context.ContextLoader'].
09:35:44.170 [main] DEBUG org.springframework.test.context.support.AbstractContextLoader - Did not detect default resource location for test class [edu.uclm.esi.devopsmetrics.bdd.TestRunner]: class path resource [edu/uclm/esi/devopsmetrics/bdd/TestRunner-context.xml] does not exist
09:35:44.170 [main] INFO org.springframework.test.context.support.AbstractContextLoader - Could not detect default resource locations for test class [edu.uclm.esi.devopsmetrics.bdd.TestRunner]: no resource found for suffixes {-context.xml}.
09:35:44.170 [main] DEBUG org.springframework.test.context.support.AbstractDelegatingSmartContextLoader - Delegating to AnnotationConfigContextLoader to process context configuration [ContextConfigurationAttributes@56dd6efa declaringClass = 'edu.uclm.esi.devopsmetrics.bdd.TestRunner', classes = '{}', locations = '{}', inheritLocations = false, initializers = '{}', inheritInitializers = true, name = [null], contextLoaderClass = 'org.springframework.test.context.ContextLoader'].
09:35:44.170 [main] INFO org.springframework.test.context.support.AnnotationConfigContextLoaderUtils - Could not detect default configuration classes for test class [edu.uclm.esi.devopsmetrics.bdd.TestRunner]: TestRunner does not declare any static, non-private, non-final, nested classes annotated with @Configuration.
09:35:44.172 [main] DEBUG org.springframework.test.context.support.ActiveProfilesUtils - Could not find an 'annotation declaring class' for annotation type [org.springframework.test.context.ActiveProfiles] and class [edu.uclm.esi.devopsmetrics.bdd.TestRunner]
09:35:44.172 [main] DEBUG org.springframework.test.context.support.DefaultTestContextBootstrapper - @TestExecutionListeners is not present for class [edu.uclm.esi.devopsmetrics.bdd.TestRunner]: using defaults.
09:35:44.172 [main] INFO org.springframework.test.context.support.DefaultTestContextBootstrapper - Loaded default TestExecutionListener class names from location [META-INF/spring.factories]: [org.springframework.boot.test.mock.mockito.MockitoTestExecutionListener, org.springframework.boot.test.mock.mockito.ResetMocksTestExecutionListener, org.springframework.boot.test.autoconfigure.restdocs.RestDocsTestExecutionListener, org.springframework.boot.test.autoconfigure.web.client.MockRestServiceServerResetTestExecutionListener, org.springframework.boot.test.autoconfigure.web.servlet.MockMvcPrintOnlyOnFailureTestExecutionListener, org.springframework.boot.test.autoconfigure.web.servlet.WebDriverTestExecutionListener, org.springframework.boot.test.autoconfigure.webservices.client.MockWebServiceServerTestExecutionListener, org.springframework.test.context.web.ServletTestExecutionListener, org.springframework.test.context.support.DirtiesContextBeforeModesTestExecutionListener, org.springframework.test.context.support.DependencyInjectionTestExecutionListener, org.springframework.test.context.support.DirtiesContextTestExecutionListener, org.springframework.test.context.transaction.TransactionalTestExecutionListener, org.springframework.test.context.jdbc.SqlScriptsTestExecutionListener, org.springframework.test.context.event.EventPublishingTestExecutionListener]
09:35:44.173 [main] INFO org.springframework.test.context.support.DefaultTestContextBootstrapper - Using TestExecutionListeners: [org.springframework.test.context.web.ServletTestExecutionListener@4d634127, org.springframework.test.context.support.DirtiesContextBeforeModesTestExecutionListener@d2e6b0b, org.springframework.boot.test.mock.mockito.MockitoTestExecutionListener@1f1cddf3, org.springframework.test.context.support.DependencyInjectionTestExecutionListener@228bda54, org.springframework.test.context.support.DirtiesContextTestExecutionListener@75b6dd5b, org.springframework.test.context.transaction.TransactionalTestExecutionListener@b3e86d5, org.springframework.test.context.jdbc.SqlScriptsTestExecutionListener@72b43104, org.springframework.test.context.event.EventPublishingTestExecutionListener@e111c7c, org.springframework.boot.test.mock.mockito.ResetMocksTestExecutionListener@4d0e54e0, org.springframework.boot.test.autoconfigure.restdocs.RestDocsTestExecutionListener@32f96bba, org.springframework.boot.test.autoconfigure.web.client.MockRestServiceServerResetTestExecutionListener@611640f0, org.springframework.boot.test.autoconfigure.web.servlet.MockMvcPrintOnlyOnFailureTestExecutionListener@67e25252, org.springframework.boot.test.autoconfigure.web.servlet.WebDriverTestExecutionListener@58f4b31a, org.springframework.boot.test.autoconfigure.webservices.client.MockWebServiceServerTestExecutionListener@21a9a705]
09:35:44.173 [main] DEBUG org.springframework.test.context.cache.DefaultCacheAwareContextLoaderDelegate - Retrieved ApplicationContext [7395550] from cache with key [[MergedContextConfiguration@72eb6200 testClass = TestRunner, locations = '{}', classes = '{}', contextInitializerClasses = '[]', activeProfiles = '{}', propertySourceLocations = '{}', propertySourceProperties = '{}', contextCustomizers = set[org.springframework.boot.test.context.filter.ExcludeFilterContextCustomizer@6a175569, org.springframework.boot.test.json.DuplicateJsonObjectContextCustomizerFactory$DuplicateJsonObjectContextCustomizer@11ee02f8, org.springframework.boot.test.mock.mockito.MockitoContextCustomizer@0, org.springframework.boot.test.autoconfigure.properties.PropertyMappingContextCustomizer@0, org.springframework.boot.test.autoconfigure.web.servlet.WebDriverContextCustomizerFactory$Customizer@159e366], contextLoader = 'org.springframework.test.context.support.DelegatingSmartContextLoader', parent = [null]]]
09:35:44.173 [main] DEBUG org.springframework.test.context.cache - Spring test ApplicationContext cache statistics: [DefaultContextCache@42c2f48c size = 1, maxSize = 32, parentContextCount = 0, hitCount = 21, missCount = 1]
09:35:44.173 [main] DEBUG org.springframework.beans.factory.support.DefaultListableBeanFactory - Replacing scope 'cucumber-glue' from [io.cucumber.spring.CucumberScenarioScope@663f237a] to [io.cucumber.spring.CucumberScenarioScope@76ececd]
09:35:44.173 [main] DEBUG org.springframework.test.context.support.AbstractDirtiesContextTestExecutionListener - Before test class: context [DefaultTestContext@7affc159 testClass = TestRunner, testInstance = [null], testMethod = [null], testException = [null], mergedContextConfiguration = [MergedContextConfiguration@72eb6200 testClass = TestRunner, locations = '{}', classes = '{}', contextInitializerClasses = '[]', activeProfiles = '{}', propertySourceLocations = '{}', propertySourceProperties = '{}', contextCustomizers = set[org.springframework.boot.test.context.filter.ExcludeFilterContextCustomizer@6a175569, org.springframework.boot.test.json.DuplicateJsonObjectContextCustomizerFactory$DuplicateJsonObjectContextCustomizer@11ee02f8, org.springframework.boot.test.mock.mockito.MockitoContextCustomizer@0, org.springframework.boot.test.autoconfigure.properties.PropertyMappingContextCustomizer@0, org.springframework.boot.test.autoconfigure.web.servlet.WebDriverContextCustomizerFactory$Customizer@159e366], contextLoader = 'org.springframework.test.context.support.DelegatingSmartContextLoader', parent = [null]], attributes = map[[empty]]], class annotated with @DirtiesContext [false] with mode [null].
09:35:44.173 [main] DEBUG org.springframework.test.context.cache.DefaultCacheAwareContextLoaderDelegate - Retrieved ApplicationContext [7395550] from cache with key [[MergedContextConfiguration@72eb6200 testClass = TestRunner, locations = '{}', classes = '{}', contextInitializerClasses = '[]', activeProfiles = '{}', propertySourceLocations = '{}', propertySourceProperties = '{}', contextCustomizers = set[org.springframework.boot.test.context.filter.ExcludeFilterContextCustomizer@6a175569, org.springframework.boot.test.json.DuplicateJsonObjectContextCustomizerFactory$DuplicateJsonObjectContextCustomizer@11ee02f8, org.springframework.boot.test.mock.mockito.MockitoContextCustomizer@0, org.springframework.boot.test.autoconfigure.properties.PropertyMappingContextCustomizer@0, org.springframework.boot.test.autoconfigure.web.servlet.WebDriverContextCustomizerFactory$Customizer@159e366], contextLoader = 'org.springframework.test.context.support.DelegatingSmartContextLoader', parent = [null]]]
09:35:44.173 [main] DEBUG org.springframework.test.context.cache - Spring test ApplicationContext cache statistics: [DefaultContextCache@42c2f48c size = 1, maxSize = 32, parentContextCount = 0, hitCount = 22, missCount = 1]

Scenario:                                                                                         # src/test/resources/features/GetAllTestMetrics.feature:3
09:35:44.183 [main] DEBUG org.apache.http.client.protocol.RequestAddCookies - CookieSpec selected: default
09:35:44.183 [main] DEBUG org.apache.http.client.protocol.RequestAuthCache - Auth cache not set in the context
09:35:44.183 [main] DEBUG org.apache.http.impl.conn.PoolingHttpClientConnectionManager - Connection request: [route: {s}->https://devopsmetrics.herokuapp.com:443][total available: 0; route allocated: 0 of 2; total allocated: 0 of 20]
09:35:44.184 [main] DEBUG org.apache.http.impl.conn.PoolingHttpClientConnectionManager - Connection leased: [id: 7][route: {s}->https://devopsmetrics.herokuapp.com:443][total available: 0; route allocated: 1 of 2; total allocated: 1 of 20]
09:35:44.184 [main] DEBUG org.apache.http.impl.execchain.MainClientExec - Opening connection {s}->https://devopsmetrics.herokuapp.com:443
09:35:44.184 [main] DEBUG org.apache.http.impl.conn.DefaultHttpClientConnectionOperator - Connecting to devopsmetrics.herokuapp.com/34.240.218.59:443
09:35:44.184 [main] DEBUG org.apache.http.conn.ssl.SSLConnectionSocketFactory - Connecting socket to devopsmetrics.herokuapp.com/34.240.218.59:443 with timeout 0
09:35:44.226 [main] DEBUG org.apache.http.conn.ssl.SSLConnectionSocketFactory - Enabled protocols: [TLSv1.3, TLSv1.2, TLSv1.1, TLSv1]
09:35:44.226 [main] DEBUG org.apache.http.conn.ssl.SSLConnectionSocketFactory - Enabled cipher suites:[TLS_AES_128_GCM_SHA256, TLS_AES_256_GCM_SHA384, TLS_ECDHE_ECDSA_WITH_AES_256_GCM_SHA384, TLS_ECDHE_ECDSA_WITH_AES_128_GCM_SHA256, TLS_ECDHE_RSA_WITH_AES_256_GCM_SHA384, TLS_RSA_WITH_AES_256_GCM_SHA384, TLS_ECDH_ECDSA_WITH_AES_256_GCM_SHA384, TLS_ECDH_RSA_WITH_AES_256_GCM_SHA384, TLS_DHE_RSA_WITH_AES_256_GCM_SHA384, TLS_DHE_DSS_WITH_AES_256_GCM_SHA384, TLS_ECDHE_RSA_WITH_AES_128_GCM_SHA256, TLS_RSA_WITH_AES_128_GCM_SHA256, TLS_ECDH_ECDSA_WITH_AES_128_GCM_SHA256, TLS_ECDH_RSA_WITH_AES_128_GCM_SHA256, TLS_DHE_RSA_WITH_AES_128_GCM_SHA256, TLS_DHE_DSS_WITH_AES_128_GCM_SHA256, TLS_ECDHE_ECDSA_WITH_AES_256_CBC_SHA384, TLS_ECDHE_RSA_WITH_AES_256_CBC_SHA384, TLS_RSA_WITH_AES_256_CBC_SHA256, TLS_ECDH_ECDSA_WITH_AES_256_CBC_SHA384, TLS_ECDH_RSA_WITH_AES_256_CBC_SHA384, TLS_DHE_RSA_WITH_AES_256_CBC_SHA256, TLS_DHE_DSS_WITH_AES_256_CBC_SHA256, TLS_ECDHE_ECDSA_WITH_AES_256_CBC_SHA, TLS_ECDHE_RSA_WITH_AES_256_CBC_SHA, TLS_RSA_WITH_AES_256_CBC_SHA, TLS_ECDH_ECDSA_WITH_AES_256_CBC_SHA, TLS_ECDH_RSA_WITH_AES_256_CBC_SHA, TLS_DHE_RSA_WITH_AES_256_CBC_SHA, TLS_DHE_DSS_WITH_AES_256_CBC_SHA, TLS_ECDHE_ECDSA_WITH_AES_128_CBC_SHA256, TLS_ECDHE_RSA_WITH_AES_128_CBC_SHA256, TLS_RSA_WITH_AES_128_CBC_SHA256, TLS_ECDH_ECDSA_WITH_AES_128_CBC_SHA256, TLS_ECDH_RSA_WITH_AES_128_CBC_SHA256, TLS_DHE_RSA_WITH_AES_128_CBC_SHA256, TLS_DHE_DSS_WITH_AES_128_CBC_SHA256, TLS_ECDHE_ECDSA_WITH_AES_128_CBC_SHA, TLS_ECDHE_RSA_WITH_AES_128_CBC_SHA, TLS_RSA_WITH_AES_128_CBC_SHA, TLS_ECDH_ECDSA_WITH_AES_128_CBC_SHA, TLS_ECDH_RSA_WITH_AES_128_CBC_SHA, TLS_DHE_RSA_WITH_AES_128_CBC_SHA, TLS_DHE_DSS_WITH_AES_128_CBC_SHA, TLS_EMPTY_RENEGOTIATION_INFO_SCSV]
09:35:44.226 [main] DEBUG org.apache.http.conn.ssl.SSLConnectionSocketFactory - Starting handshake
09:35:44.316 [main] DEBUG org.apache.http.conn.ssl.SSLConnectionSocketFactory - Secure session established
09:35:44.316 [main] DEBUG org.apache.http.conn.ssl.SSLConnectionSocketFactory -  negotiated protocol: TLSv1.2
09:35:44.316 [main] DEBUG org.apache.http.conn.ssl.SSLConnectionSocketFactory -  negotiated cipher suite: TLS_ECDHE_RSA_WITH_AES_128_GCM_SHA256
09:35:44.316 [main] DEBUG org.apache.http.conn.ssl.SSLConnectionSocketFactory -  peer principal: CN=*.herokuapp.com
09:35:44.316 [main] DEBUG org.apache.http.conn.ssl.SSLConnectionSocketFactory -  peer alternative names: [*.herokuapp.com]
09:35:44.316 [main] DEBUG org.apache.http.conn.ssl.SSLConnectionSocketFactory -  issuer principal: CN=Amazon, OU=Server CA 1B, O=Amazon, C=US
09:35:44.317 [main] DEBUG org.apache.http.impl.conn.DefaultHttpClientConnectionOperator - Connection established 192.168.1.45:64999<->34.240.218.59:443
09:35:44.317 [main] DEBUG org.apache.http.impl.execchain.MainClientExec - Executing request GET /usuarios?username=null&password=null HTTP/1.1
09:35:44.317 [main] DEBUG org.apache.http.impl.execchain.MainClientExec - Target auth state: UNCHALLENGED
09:35:44.317 [main] DEBUG org.apache.http.impl.execchain.MainClientExec - Proxy auth state: UNCHALLENGED
09:35:44.317 [main] DEBUG org.apache.http.headers - http-outgoing-7 >> GET /usuarios?username=null&password=null HTTP/1.1
09:35:44.317 [main] DEBUG org.apache.http.headers - http-outgoing-7 >> Host: devopsmetrics.herokuapp.com
09:35:44.317 [main] DEBUG org.apache.http.headers - http-outgoing-7 >> Connection: Keep-Alive
09:35:44.317 [main] DEBUG org.apache.http.headers - http-outgoing-7 >> User-Agent: Apache-HttpClient/4.5.12 (Java/11.0.8)
09:35:44.317 [main] DEBUG org.apache.http.headers - http-outgoing-7 >> Accept-Encoding: gzip,deflate
09:35:44.317 [main] DEBUG org.apache.http.wire - http-outgoing-7 >> "GET /usuarios?username=null&password=null HTTP/1.1[\r][\n]"
09:35:44.317 [main] DEBUG org.apache.http.wire - http-outgoing-7 >> "Host: devopsmetrics.herokuapp.com[\r][\n]"
09:35:44.317 [main] DEBUG org.apache.http.wire - http-outgoing-7 >> "Connection: Keep-Alive[\r][\n]"
09:35:44.317 [main] DEBUG org.apache.http.wire - http-outgoing-7 >> "User-Agent: Apache-HttpClient/4.5.12 (Java/11.0.8)[\r][\n]"
09:35:44.317 [main] DEBUG org.apache.http.wire - http-outgoing-7 >> "Accept-Encoding: gzip,deflate[\r][\n]"
09:35:44.317 [main] DEBUG org.apache.http.wire - http-outgoing-7 >> "[\r][\n]"
09:35:44.442 [main] DEBUG org.apache.http.wire - http-outgoing-7 << "HTTP/1.1 500 [\r][\n]"
09:35:44.442 [main] DEBUG org.apache.http.wire - http-outgoing-7 << "Server: Cowboy[\r][\n]"
09:35:44.442 [main] DEBUG org.apache.http.wire - http-outgoing-7 << "Connection: keep-alive[\r][\n]"
09:35:44.442 [main] DEBUG org.apache.http.wire - http-outgoing-7 << "Vary: Origin[\r][\n]"
09:35:44.442 [main] DEBUG org.apache.http.wire - http-outgoing-7 << "Vary: Access-Control-Request-Method[\r][\n]"
09:35:44.442 [main] DEBUG org.apache.http.wire - http-outgoing-7 << "Vary: Access-Control-Request-Headers[\r][\n]"
09:35:44.442 [main] DEBUG org.apache.http.wire - http-outgoing-7 << "Content-Type: application/json[\r][\n]"
09:35:44.442 [main] DEBUG org.apache.http.wire - http-outgoing-7 << "Transfer-Encoding: chunked[\r][\n]"
09:35:44.442 [main] DEBUG org.apache.http.wire - http-outgoing-7 << "Date: Tue, 13 Jul 2021 07:35:43 GMT[\r][\n]"
09:35:44.442 [main] DEBUG org.apache.http.wire - http-outgoing-7 << "Via: 1.1 vegur[\r][\n]"
09:35:44.442 [main] DEBUG org.apache.http.wire - http-outgoing-7 << "[\r][\n]"
09:35:44.442 [main] DEBUG org.apache.http.wire - http-outgoing-7 << "7a[\r][\n]"
09:35:44.442 [main] DEBUG org.apache.http.wire - http-outgoing-7 << "{"timestamp":"2021-07-13T07:35:44.434+00:00","status":500,"error":"Internal Server Error","message":"","path":"/usuarios"}[\r][\n]"
09:35:44.442 [main] DEBUG org.apache.http.headers - http-outgoing-7 << HTTP/1.1 500 
09:35:44.442 [main] DEBUG org.apache.http.headers - http-outgoing-7 << Server: Cowboy
09:35:44.442 [main] DEBUG org.apache.http.headers - http-outgoing-7 << Connection: keep-alive
09:35:44.442 [main] DEBUG org.apache.http.headers - http-outgoing-7 << Vary: Origin
09:35:44.442 [main] DEBUG org.apache.http.headers - http-outgoing-7 << Vary: Access-Control-Request-Method
09:35:44.442 [main] DEBUG org.apache.http.headers - http-outgoing-7 << Vary: Access-Control-Request-Headers
09:35:44.442 [main] DEBUG org.apache.http.headers - http-outgoing-7 << Content-Type: application/json
09:35:44.442 [main] DEBUG org.apache.http.headers - http-outgoing-7 << Transfer-Encoding: chunked
09:35:44.442 [main] DEBUG org.apache.http.headers - http-outgoing-7 << Date: Tue, 13 Jul 2021 07:35:43 GMT
09:35:44.442 [main] DEBUG org.apache.http.headers - http-outgoing-7 << Via: 1.1 vegur
09:35:44.443 [main] DEBUG org.apache.http.impl.execchain.MainClientExec - Connection can be kept alive indefinitely
09:35:44.443 [main] DEBUG org.apache.http.wire - http-outgoing-7 << "0[\r][\n]"
09:35:44.443 [main] DEBUG org.apache.http.wire - http-outgoing-7 << "[\r][\n]"
09:35:44.443 [main] DEBUG org.apache.http.impl.conn.PoolingHttpClientConnectionManager - Connection [id: 7][route: {s}->https://devopsmetrics.herokuapp.com:443] can be kept alive indefinitely
09:35:44.443 [main] DEBUG org.apache.http.impl.conn.DefaultManagedHttpClientConnection - http-outgoing-7: set socket timeout to 0
09:35:44.443 [main] DEBUG org.apache.http.impl.conn.PoolingHttpClientConnectionManager - Connection released: [id: 7][route: {s}->https://devopsmetrics.herokuapp.com:443][total available: 1; route allocated: 1 of 2; total allocated: 1 of 20]
  Given user is logging in the system for getting all test metrics from a repository by his owner # edu.uclm.esi.devopsmetrics.bdd.stepdefinitions.GetAllTestMetricsSteps.user_is_logging_in_the_system_for_getting_all_test_metrics_from_a_repository_by_his_owner()
  When user is correct he requests all test metrics from a repository by his owner                # edu.uclm.esi.devopsmetrics.bdd.stepdefinitions.GetAllTestMetricsSteps.user_is_correct_he_requests_all_test_metrics_from_a_repository_by_his_owner()
      java.lang.NullPointerException
	at edu.uclm.esi.devopsmetrics.bdd.stepdefinitions.GetAllTestMetricsSteps.user_is_correct_he_requests_all_test_metrics_from_a_repository_by_his_owner(GetAllTestMetricsSteps.java:63)
	at âœ½.user is correct he requests all test metrics from a repository by his owner(file:///C:/Users/Crespo/eclipse-workspace/devopsmetrics/src/test/resources/features/GetAllTestMetrics.feature:5)

  Then the user gets all test metrics from a repository by his owner                              # edu.uclm.esi.devopsmetrics.bdd.stepdefinitions.GetAllTestMetricsSteps.the_user_gets_all_test_metrics_from_a_repository_by_his_owner()
09:35:44.444 [main] DEBUG org.springframework.test.context.cache.DefaultCacheAwareContextLoaderDelegate - Retrieved ApplicationContext [7395550] from cache with key [[MergedContextConfiguration@72eb6200 testClass = TestRunner, locations = '{}', classes = '{}', contextInitializerClasses = '[]', activeProfiles = '{}', propertySourceLocations = '{}', propertySourceProperties = '{}', contextCustomizers = set[org.springframework.boot.test.context.filter.ExcludeFilterContextCustomizer@6a175569, org.springframework.boot.test.json.DuplicateJsonObjectContextCustomizerFactory$DuplicateJsonObjectContextCustomizer@11ee02f8, org.springframework.boot.test.mock.mockito.MockitoContextCustomizer@0, org.springframework.boot.test.autoconfigure.properties.PropertyMappingContextCustomizer@0, org.springframework.boot.test.autoconfigure.web.servlet.WebDriverContextCustomizerFactory$Customizer@159e366], contextLoader = 'org.springframework.test.context.support.DelegatingSmartContextLoader', parent = [null]]]
09:35:44.445 [main] DEBUG org.springframework.test.context.cache - Spring test ApplicationContext cache statistics: [DefaultContextCache@42c2f48c size = 1, maxSize = 32, parentContextCount = 0, hitCount = 23, missCount = 1]
09:35:44.445 [main] DEBUG org.springframework.test.context.support.AbstractDirtiesContextTestExecutionListener - After test class: context [DefaultTestContext@7affc159 testClass = TestRunner, testInstance = [null], testMethod = [null], testException = [null], mergedContextConfiguration = [MergedContextConfiguration@72eb6200 testClass = TestRunner, locations = '{}', classes = '{}', contextInitializerClasses = '[]', activeProfiles = '{}', propertySourceLocations = '{}', propertySourceProperties = '{}', contextCustomizers = set[org.springframework.boot.test.context.filter.ExcludeFilterContextCustomizer@6a175569, org.springframework.boot.test.json.DuplicateJsonObjectContextCustomizerFactory$DuplicateJsonObjectContextCustomizer@11ee02f8, org.springframework.boot.test.mock.mockito.MockitoContextCustomizer@0, org.springframework.boot.test.autoconfigure.properties.PropertyMappingContextCustomizer@0, org.springframework.boot.test.autoconfigure.web.servlet.WebDriverContextCustomizerFactory$Customizer@159e366], contextLoader = 'org.springframework.test.context.support.DelegatingSmartContextLoader', parent = [null]], attributes = map[[empty]]], class annotated with @DirtiesContext [false] with mode [null].
]]></system-out>
  </testcase>
  <testcase name="{feature to test the function to get all test metrics from a repository by his owner between two dates}" classname="edu.uclm.esi.devopsmetrics.bdd.TestRunner" time="0.238">
    <error type="java.lang.NullPointerException">java.lang.NullPointerException
</error>
    <system-out><![CDATA[09:35:44.445 [main] DEBUG org.springframework.test.context.BootstrapUtils - Instantiating CacheAwareContextLoaderDelegate from class [org.springframework.test.context.cache.DefaultCacheAwareContextLoaderDelegate]
09:35:44.445 [main] DEBUG org.springframework.test.context.BootstrapUtils - Instantiating BootstrapContext using constructor [public org.springframework.test.context.support.DefaultBootstrapContext(java.lang.Class,org.springframework.test.context.CacheAwareContextLoaderDelegate)]
09:35:44.446 [main] DEBUG org.springframework.test.context.BootstrapUtils - Instantiating TestContextBootstrapper for test class [edu.uclm.esi.devopsmetrics.bdd.TestRunner] from class [org.springframework.test.context.support.DefaultTestContextBootstrapper]
09:35:44.446 [main] INFO org.springframework.test.context.support.DefaultTestContextBootstrapper - Neither @ContextConfiguration nor @ContextHierarchy found for test class [edu.uclm.esi.devopsmetrics.bdd.TestRunner], using DelegatingSmartContextLoader
09:35:44.446 [main] DEBUG org.springframework.test.context.support.AbstractDelegatingSmartContextLoader - Delegating to GenericXmlContextLoader to process context configuration [ContextConfigurationAttributes@22c53d82 declaringClass = 'edu.uclm.esi.devopsmetrics.bdd.TestRunner', classes = '{}', locations = '{}', inheritLocations = false, initializers = '{}', inheritInitializers = true, name = [null], contextLoaderClass = 'org.springframework.test.context.ContextLoader'].
09:35:44.446 [main] DEBUG org.springframework.test.context.support.AbstractContextLoader - Did not detect default resource location for test class [edu.uclm.esi.devopsmetrics.bdd.TestRunner]: class path resource [edu/uclm/esi/devopsmetrics/bdd/TestRunner-context.xml] does not exist
09:35:44.446 [main] INFO org.springframework.test.context.support.AbstractContextLoader - Could not detect default resource locations for test class [edu.uclm.esi.devopsmetrics.bdd.TestRunner]: no resource found for suffixes {-context.xml}.
09:35:44.447 [main] DEBUG org.springframework.test.context.support.AbstractDelegatingSmartContextLoader - Delegating to AnnotationConfigContextLoader to process context configuration [ContextConfigurationAttributes@22c53d82 declaringClass = 'edu.uclm.esi.devopsmetrics.bdd.TestRunner', classes = '{}', locations = '{}', inheritLocations = false, initializers = '{}', inheritInitializers = true, name = [null], contextLoaderClass = 'org.springframework.test.context.ContextLoader'].
09:35:44.447 [main] INFO org.springframework.test.context.support.AnnotationConfigContextLoaderUtils - Could not detect default configuration classes for test class [edu.uclm.esi.devopsmetrics.bdd.TestRunner]: TestRunner does not declare any static, non-private, non-final, nested classes annotated with @Configuration.
09:35:44.448 [main] DEBUG org.springframework.test.context.support.ActiveProfilesUtils - Could not find an 'annotation declaring class' for annotation type [org.springframework.test.context.ActiveProfiles] and class [edu.uclm.esi.devopsmetrics.bdd.TestRunner]
09:35:44.448 [main] DEBUG org.springframework.test.context.support.DefaultTestContextBootstrapper - @TestExecutionListeners is not present for class [edu.uclm.esi.devopsmetrics.bdd.TestRunner]: using defaults.
09:35:44.448 [main] INFO org.springframework.test.context.support.DefaultTestContextBootstrapper - Loaded default TestExecutionListener class names from location [META-INF/spring.factories]: [org.springframework.boot.test.mock.mockito.MockitoTestExecutionListener, org.springframework.boot.test.mock.mockito.ResetMocksTestExecutionListener, org.springframework.boot.test.autoconfigure.restdocs.RestDocsTestExecutionListener, org.springframework.boot.test.autoconfigure.web.client.MockRestServiceServerResetTestExecutionListener, org.springframework.boot.test.autoconfigure.web.servlet.MockMvcPrintOnlyOnFailureTestExecutionListener, org.springframework.boot.test.autoconfigure.web.servlet.WebDriverTestExecutionListener, org.springframework.boot.test.autoconfigure.webservices.client.MockWebServiceServerTestExecutionListener, org.springframework.test.context.web.ServletTestExecutionListener, org.springframework.test.context.support.DirtiesContextBeforeModesTestExecutionListener, org.springframework.test.context.support.DependencyInjectionTestExecutionListener, org.springframework.test.context.support.DirtiesContextTestExecutionListener, org.springframework.test.context.transaction.TransactionalTestExecutionListener, org.springframework.test.context.jdbc.SqlScriptsTestExecutionListener, org.springframework.test.context.event.EventPublishingTestExecutionListener]
09:35:44.448 [main] INFO org.springframework.test.context.support.DefaultTestContextBootstrapper - Using TestExecutionListeners: [org.springframework.test.context.web.ServletTestExecutionListener@3a6045c6, org.springframework.test.context.support.DirtiesContextBeforeModesTestExecutionListener@68d6d775, org.springframework.boot.test.mock.mockito.MockitoTestExecutionListener@b67cc70, org.springframework.test.context.support.DependencyInjectionTestExecutionListener@45c9b3, org.springframework.test.context.support.DirtiesContextTestExecutionListener@38b3f208, org.springframework.test.context.transaction.TransactionalTestExecutionListener@6680f714, org.springframework.test.context.jdbc.SqlScriptsTestExecutionListener@53b1a3f8, org.springframework.test.context.event.EventPublishingTestExecutionListener@7d97e06c, org.springframework.boot.test.mock.mockito.ResetMocksTestExecutionListener@5a936e64, org.springframework.boot.test.autoconfigure.restdocs.RestDocsTestExecutionListener@3b4a1a75, org.springframework.boot.test.autoconfigure.web.client.MockRestServiceServerResetTestExecutionListener@65bad087, org.springframework.boot.test.autoconfigure.web.servlet.MockMvcPrintOnlyOnFailureTestExecutionListener@276cc8dc, org.springframework.boot.test.autoconfigure.web.servlet.WebDriverTestExecutionListener@66cd621b, org.springframework.boot.test.autoconfigure.webservices.client.MockWebServiceServerTestExecutionListener@d3f4505]
09:35:44.448 [main] DEBUG org.springframework.test.context.cache.DefaultCacheAwareContextLoaderDelegate - Retrieved ApplicationContext [7395550] from cache with key [[MergedContextConfiguration@3eb292cd testClass = TestRunner, locations = '{}', classes = '{}', contextInitializerClasses = '[]', activeProfiles = '{}', propertySourceLocations = '{}', propertySourceProperties = '{}', contextCustomizers = set[org.springframework.boot.test.context.filter.ExcludeFilterContextCustomizer@6a175569, org.springframework.boot.test.json.DuplicateJsonObjectContextCustomizerFactory$DuplicateJsonObjectContextCustomizer@11ee02f8, org.springframework.boot.test.mock.mockito.MockitoContextCustomizer@0, org.springframework.boot.test.autoconfigure.properties.PropertyMappingContextCustomizer@0, org.springframework.boot.test.autoconfigure.web.servlet.WebDriverContextCustomizerFactory$Customizer@159e366], contextLoader = 'org.springframework.test.context.support.DelegatingSmartContextLoader', parent = [null]]]
09:35:44.448 [main] DEBUG org.springframework.test.context.cache - Spring test ApplicationContext cache statistics: [DefaultContextCache@42c2f48c size = 1, maxSize = 32, parentContextCount = 0, hitCount = 24, missCount = 1]
09:35:44.448 [main] DEBUG org.springframework.beans.factory.support.DefaultListableBeanFactory - Replacing scope 'cucumber-glue' from [io.cucumber.spring.CucumberScenarioScope@76ececd] to [io.cucumber.spring.CucumberScenarioScope@7fd987ef]
09:35:44.448 [main] DEBUG org.springframework.test.context.support.AbstractDirtiesContextTestExecutionListener - Before test class: context [DefaultTestContext@7209ffb5 testClass = TestRunner, testInstance = [null], testMethod = [null], testException = [null], mergedContextConfiguration = [MergedContextConfiguration@3eb292cd testClass = TestRunner, locations = '{}', classes = '{}', contextInitializerClasses = '[]', activeProfiles = '{}', propertySourceLocations = '{}', propertySourceProperties = '{}', contextCustomizers = set[org.springframework.boot.test.context.filter.ExcludeFilterContextCustomizer@6a175569, org.springframework.boot.test.json.DuplicateJsonObjectContextCustomizerFactory$DuplicateJsonObjectContextCustomizer@11ee02f8, org.springframework.boot.test.mock.mockito.MockitoContextCustomizer@0, org.springframework.boot.test.autoconfigure.properties.PropertyMappingContextCustomizer@0, org.springframework.boot.test.autoconfigure.web.servlet.WebDriverContextCustomizerFactory$Customizer@159e366], contextLoader = 'org.springframework.test.context.support.DelegatingSmartContextLoader', parent = [null]], attributes = map[[empty]]], class annotated with @DirtiesContext [false] with mode [null].
09:35:44.448 [main] DEBUG org.springframework.test.context.cache.DefaultCacheAwareContextLoaderDelegate - Retrieved ApplicationContext [7395550] from cache with key [[MergedContextConfiguration@3eb292cd testClass = TestRunner, locations = '{}', classes = '{}', contextInitializerClasses = '[]', activeProfiles = '{}', propertySourceLocations = '{}', propertySourceProperties = '{}', contextCustomizers = set[org.springframework.boot.test.context.filter.ExcludeFilterContextCustomizer@6a175569, org.springframework.boot.test.json.DuplicateJsonObjectContextCustomizerFactory$DuplicateJsonObjectContextCustomizer@11ee02f8, org.springframework.boot.test.mock.mockito.MockitoContextCustomizer@0, org.springframework.boot.test.autoconfigure.properties.PropertyMappingContextCustomizer@0, org.springframework.boot.test.autoconfigure.web.servlet.WebDriverContextCustomizerFactory$Customizer@159e366], contextLoader = 'org.springframework.test.context.support.DelegatingSmartContextLoader', parent = [null]]]
09:35:44.449 [main] DEBUG org.springframework.test.context.cache - Spring test ApplicationContext cache statistics: [DefaultContextCache@42c2f48c size = 1, maxSize = 32, parentContextCount = 0, hitCount = 25, missCount = 1]

Scenario:                                                                                                           # src/test/resources/features/GetAllTestMetricsDate.feature:3
09:35:44.459 [main] DEBUG org.apache.http.client.protocol.RequestAddCookies - CookieSpec selected: default
09:35:44.459 [main] DEBUG org.apache.http.client.protocol.RequestAuthCache - Auth cache not set in the context
09:35:44.459 [main] DEBUG org.apache.http.impl.conn.PoolingHttpClientConnectionManager - Connection request: [route: {s}->https://devopsmetrics.herokuapp.com:443][total available: 0; route allocated: 0 of 2; total allocated: 0 of 20]
09:35:44.459 [main] DEBUG org.apache.http.impl.conn.PoolingHttpClientConnectionManager - Connection leased: [id: 8][route: {s}->https://devopsmetrics.herokuapp.com:443][total available: 0; route allocated: 1 of 2; total allocated: 1 of 20]
09:35:44.459 [main] DEBUG org.apache.http.impl.execchain.MainClientExec - Opening connection {s}->https://devopsmetrics.herokuapp.com:443
09:35:44.459 [main] DEBUG org.apache.http.impl.conn.DefaultHttpClientConnectionOperator - Connecting to devopsmetrics.herokuapp.com/34.240.218.59:443
09:35:44.459 [main] DEBUG org.apache.http.conn.ssl.SSLConnectionSocketFactory - Connecting socket to devopsmetrics.herokuapp.com/34.240.218.59:443 with timeout 0
09:35:44.503 [main] DEBUG org.apache.http.conn.ssl.SSLConnectionSocketFactory - Enabled protocols: [TLSv1.3, TLSv1.2, TLSv1.1, TLSv1]
09:35:44.503 [main] DEBUG org.apache.http.conn.ssl.SSLConnectionSocketFactory - Enabled cipher suites:[TLS_AES_128_GCM_SHA256, TLS_AES_256_GCM_SHA384, TLS_ECDHE_ECDSA_WITH_AES_256_GCM_SHA384, TLS_ECDHE_ECDSA_WITH_AES_128_GCM_SHA256, TLS_ECDHE_RSA_WITH_AES_256_GCM_SHA384, TLS_RSA_WITH_AES_256_GCM_SHA384, TLS_ECDH_ECDSA_WITH_AES_256_GCM_SHA384, TLS_ECDH_RSA_WITH_AES_256_GCM_SHA384, TLS_DHE_RSA_WITH_AES_256_GCM_SHA384, TLS_DHE_DSS_WITH_AES_256_GCM_SHA384, TLS_ECDHE_RSA_WITH_AES_128_GCM_SHA256, TLS_RSA_WITH_AES_128_GCM_SHA256, TLS_ECDH_ECDSA_WITH_AES_128_GCM_SHA256, TLS_ECDH_RSA_WITH_AES_128_GCM_SHA256, TLS_DHE_RSA_WITH_AES_128_GCM_SHA256, TLS_DHE_DSS_WITH_AES_128_GCM_SHA256, TLS_ECDHE_ECDSA_WITH_AES_256_CBC_SHA384, TLS_ECDHE_RSA_WITH_AES_256_CBC_SHA384, TLS_RSA_WITH_AES_256_CBC_SHA256, TLS_ECDH_ECDSA_WITH_AES_256_CBC_SHA384, TLS_ECDH_RSA_WITH_AES_256_CBC_SHA384, TLS_DHE_RSA_WITH_AES_256_CBC_SHA256, TLS_DHE_DSS_WITH_AES_256_CBC_SHA256, TLS_ECDHE_ECDSA_WITH_AES_256_CBC_SHA, TLS_ECDHE_RSA_WITH_AES_256_CBC_SHA, TLS_RSA_WITH_AES_256_CBC_SHA, TLS_ECDH_ECDSA_WITH_AES_256_CBC_SHA, TLS_ECDH_RSA_WITH_AES_256_CBC_SHA, TLS_DHE_RSA_WITH_AES_256_CBC_SHA, TLS_DHE_DSS_WITH_AES_256_CBC_SHA, TLS_ECDHE_ECDSA_WITH_AES_128_CBC_SHA256, TLS_ECDHE_RSA_WITH_AES_128_CBC_SHA256, TLS_RSA_WITH_AES_128_CBC_SHA256, TLS_ECDH_ECDSA_WITH_AES_128_CBC_SHA256, TLS_ECDH_RSA_WITH_AES_128_CBC_SHA256, TLS_DHE_RSA_WITH_AES_128_CBC_SHA256, TLS_DHE_DSS_WITH_AES_128_CBC_SHA256, TLS_ECDHE_ECDSA_WITH_AES_128_CBC_SHA, TLS_ECDHE_RSA_WITH_AES_128_CBC_SHA, TLS_RSA_WITH_AES_128_CBC_SHA, TLS_ECDH_ECDSA_WITH_AES_128_CBC_SHA, TLS_ECDH_RSA_WITH_AES_128_CBC_SHA, TLS_DHE_RSA_WITH_AES_128_CBC_SHA, TLS_DHE_DSS_WITH_AES_128_CBC_SHA, TLS_EMPTY_RENEGOTIATION_INFO_SCSV]
09:35:44.503 [main] DEBUG org.apache.http.conn.ssl.SSLConnectionSocketFactory - Starting handshake
09:35:44.598 [main] DEBUG org.apache.http.conn.ssl.SSLConnectionSocketFactory - Secure session established
09:35:44.598 [main] DEBUG org.apache.http.conn.ssl.SSLConnectionSocketFactory -  negotiated protocol: TLSv1.2
09:35:44.598 [main] DEBUG org.apache.http.conn.ssl.SSLConnectionSocketFactory -  negotiated cipher suite: TLS_ECDHE_RSA_WITH_AES_128_GCM_SHA256
09:35:44.598 [main] DEBUG org.apache.http.conn.ssl.SSLConnectionSocketFactory -  peer principal: CN=*.herokuapp.com
09:35:44.598 [main] DEBUG org.apache.http.conn.ssl.SSLConnectionSocketFactory -  peer alternative names: [*.herokuapp.com]
09:35:44.598 [main] DEBUG org.apache.http.conn.ssl.SSLConnectionSocketFactory -  issuer principal: CN=Amazon, OU=Server CA 1B, O=Amazon, C=US
09:35:44.598 [main] DEBUG org.apache.http.impl.conn.DefaultHttpClientConnectionOperator - Connection established 192.168.1.45:65000<->34.240.218.59:443
09:35:44.598 [main] DEBUG org.apache.http.impl.execchain.MainClientExec - Executing request GET /usuarios?username=null&password=null HTTP/1.1
09:35:44.598 [main] DEBUG org.apache.http.impl.execchain.MainClientExec - Target auth state: UNCHALLENGED
09:35:44.598 [main] DEBUG org.apache.http.impl.execchain.MainClientExec - Proxy auth state: UNCHALLENGED
09:35:44.598 [main] DEBUG org.apache.http.headers - http-outgoing-8 >> GET /usuarios?username=null&password=null HTTP/1.1
09:35:44.598 [main] DEBUG org.apache.http.headers - http-outgoing-8 >> Host: devopsmetrics.herokuapp.com
09:35:44.598 [main] DEBUG org.apache.http.headers - http-outgoing-8 >> Connection: Keep-Alive
09:35:44.598 [main] DEBUG org.apache.http.headers - http-outgoing-8 >> User-Agent: Apache-HttpClient/4.5.12 (Java/11.0.8)
09:35:44.598 [main] DEBUG org.apache.http.headers - http-outgoing-8 >> Accept-Encoding: gzip,deflate
09:35:44.598 [main] DEBUG org.apache.http.wire - http-outgoing-8 >> "GET /usuarios?username=null&password=null HTTP/1.1[\r][\n]"
09:35:44.598 [main] DEBUG org.apache.http.wire - http-outgoing-8 >> "Host: devopsmetrics.herokuapp.com[\r][\n]"
09:35:44.598 [main] DEBUG org.apache.http.wire - http-outgoing-8 >> "Connection: Keep-Alive[\r][\n]"
09:35:44.598 [main] DEBUG org.apache.http.wire - http-outgoing-8 >> "User-Agent: Apache-HttpClient/4.5.12 (Java/11.0.8)[\r][\n]"
09:35:44.598 [main] DEBUG org.apache.http.wire - http-outgoing-8 >> "Accept-Encoding: gzip,deflate[\r][\n]"
09:35:44.598 [main] DEBUG org.apache.http.wire - http-outgoing-8 >> "[\r][\n]"
09:35:44.681 [main] DEBUG org.apache.http.wire - http-outgoing-8 << "HTTP/1.1 500 [\r][\n]"
09:35:44.681 [main] DEBUG org.apache.http.wire - http-outgoing-8 << "Server: Cowboy[\r][\n]"
09:35:44.681 [main] DEBUG org.apache.http.wire - http-outgoing-8 << "Connection: keep-alive[\r][\n]"
09:35:44.681 [main] DEBUG org.apache.http.wire - http-outgoing-8 << "Vary: Origin[\r][\n]"
09:35:44.681 [main] DEBUG org.apache.http.wire - http-outgoing-8 << "Vary: Access-Control-Request-Method[\r][\n]"
09:35:44.681 [main] DEBUG org.apache.http.wire - http-outgoing-8 << "Vary: Access-Control-Request-Headers[\r][\n]"
09:35:44.681 [main] DEBUG org.apache.http.wire - http-outgoing-8 << "Content-Type: application/json[\r][\n]"
09:35:44.681 [main] DEBUG org.apache.http.wire - http-outgoing-8 << "Transfer-Encoding: chunked[\r][\n]"
09:35:44.681 [main] DEBUG org.apache.http.wire - http-outgoing-8 << "Date: Tue, 13 Jul 2021 07:35:44 GMT[\r][\n]"
09:35:44.681 [main] DEBUG org.apache.http.wire - http-outgoing-8 << "Via: 1.1 vegur[\r][\n]"
09:35:44.681 [main] DEBUG org.apache.http.wire - http-outgoing-8 << "[\r][\n]"
09:35:44.681 [main] DEBUG org.apache.http.headers - http-outgoing-8 << HTTP/1.1 500 
09:35:44.681 [main] DEBUG org.apache.http.headers - http-outgoing-8 << Server: Cowboy
09:35:44.681 [main] DEBUG org.apache.http.headers - http-outgoing-8 << Connection: keep-alive
09:35:44.681 [main] DEBUG org.apache.http.headers - http-outgoing-8 << Vary: Origin
09:35:44.681 [main] DEBUG org.apache.http.headers - http-outgoing-8 << Vary: Access-Control-Request-Method
09:35:44.681 [main] DEBUG org.apache.http.headers - http-outgoing-8 << Vary: Access-Control-Request-Headers
09:35:44.681 [main] DEBUG org.apache.http.headers - http-outgoing-8 << Content-Type: application/json
09:35:44.681 [main] DEBUG org.apache.http.headers - http-outgoing-8 << Transfer-Encoding: chunked
09:35:44.681 [main] DEBUG org.apache.http.headers - http-outgoing-8 << Date: Tue, 13 Jul 2021 07:35:44 GMT
09:35:44.681 [main] DEBUG org.apache.http.headers - http-outgoing-8 << Via: 1.1 vegur
09:35:44.681 [main] DEBUG org.apache.http.impl.execchain.MainClientExec - Connection can be kept alive indefinitely
09:35:44.681 [main] DEBUG org.apache.http.wire - http-outgoing-8 << "7a[\r][\n]"
09:35:44.682 [main] DEBUG org.apache.http.wire - http-outgoing-8 << "{"timestamp":"2021-07-13T07:35:44.704+00:00","status":500,"error":"Internal Server Error","message":"","path":"/usuarios"}[\r][\n]"
09:35:44.682 [main] DEBUG org.apache.http.wire - http-outgoing-8 << "0[\r][\n]"
09:35:44.682 [main] DEBUG org.apache.http.wire - http-outgoing-8 << "[\r][\n]"
09:35:44.682 [main] DEBUG org.apache.http.impl.conn.PoolingHttpClientConnectionManager - Connection [id: 8][route: {s}->https://devopsmetrics.herokuapp.com:443] can be kept alive indefinitely
09:35:44.682 [main] DEBUG org.apache.http.impl.conn.DefaultManagedHttpClientConnection - http-outgoing-8: set socket timeout to 0
09:35:44.682 [main] DEBUG org.apache.http.impl.conn.PoolingHttpClientConnectionManager - Connection released: [id: 8][route: {s}->https://devopsmetrics.herokuapp.com:443][total available: 1; route allocated: 1 of 2; total allocated: 1 of 20]
  Given user is logging in the system for getting all test metrics from a repository by his owner between two dates # edu.uclm.esi.devopsmetrics.bdd.stepdefinitions.GetAllTestMetricsDateSteps.user_is_logging_in_the_system_for_getting_all_test_metrics_from_a_repository_by_his_owner_between_two_dates()
  When user is correct he requests all test metrics from a repository by his owner between two dates                # edu.uclm.esi.devopsmetrics.bdd.stepdefinitions.GetAllTestMetricsDateSteps.user_is_correct_he_requests_all_test_metrics_from_a_repository_by_his_owner_between_two_dates()
      java.lang.NullPointerException
	at edu.uclm.esi.devopsmetrics.bdd.stepdefinitions.GetAllTestMetricsDateSteps.user_is_correct_he_requests_all_test_metrics_from_a_repository_by_his_owner_between_two_dates(GetAllTestMetricsDateSteps.java:66)
	at âœ½.user is correct he requests all test metrics from a repository by his owner between two dates(file:///C:/Users/Crespo/eclipse-workspace/devopsmetrics/src/test/resources/features/GetAllTestMetricsDate.feature:5)

  Then the user gets all test metrics from a repository by his owner between two dates                              # edu.uclm.esi.devopsmetrics.bdd.stepdefinitions.GetAllTestMetricsDateSteps.the_user_gets_all_test_metrics_from_a_repository_by_his_owner_between_two_dates()
09:35:44.683 [main] DEBUG org.springframework.test.context.cache.DefaultCacheAwareContextLoaderDelegate - Retrieved ApplicationContext [7395550] from cache with key [[MergedContextConfiguration@3eb292cd testClass = TestRunner, locations = '{}', classes = '{}', contextInitializerClasses = '[]', activeProfiles = '{}', propertySourceLocations = '{}', propertySourceProperties = '{}', contextCustomizers = set[org.springframework.boot.test.context.filter.ExcludeFilterContextCustomizer@6a175569, org.springframework.boot.test.json.DuplicateJsonObjectContextCustomizerFactory$DuplicateJsonObjectContextCustomizer@11ee02f8, org.springframework.boot.test.mock.mockito.MockitoContextCustomizer@0, org.springframework.boot.test.autoconfigure.properties.PropertyMappingContextCustomizer@0, org.springframework.boot.test.autoconfigure.web.servlet.WebDriverContextCustomizerFactory$Customizer@159e366], contextLoader = 'org.springframework.test.context.support.DelegatingSmartContextLoader', parent = [null]]]
09:35:44.683 [main] DEBUG org.springframework.test.context.cache - Spring test ApplicationContext cache statistics: [DefaultContextCache@42c2f48c size = 1, maxSize = 32, parentContextCount = 0, hitCount = 26, missCount = 1]
09:35:44.683 [main] DEBUG org.springframework.test.context.support.AbstractDirtiesContextTestExecutionListener - After test class: context [DefaultTestContext@7209ffb5 testClass = TestRunner, testInstance = [null], testMethod = [null], testException = [null], mergedContextConfiguration = [MergedContextConfiguration@3eb292cd testClass = TestRunner, locations = '{}', classes = '{}', contextInitializerClasses = '[]', activeProfiles = '{}', propertySourceLocations = '{}', propertySourceProperties = '{}', contextCustomizers = set[org.springframework.boot.test.context.filter.ExcludeFilterContextCustomizer@6a175569, org.springframework.boot.test.json.DuplicateJsonObjectContextCustomizerFactory$DuplicateJsonObjectContextCustomizer@11ee02f8, org.springframework.boot.test.mock.mockito.MockitoContextCustomizer@0, org.springframework.boot.test.autoconfigure.properties.PropertyMappingContextCustomizer@0, org.springframework.boot.test.autoconfigure.web.servlet.WebDriverContextCustomizerFactory$Customizer@159e366], contextLoader = 'org.springframework.test.context.support.DelegatingSmartContextLoader', parent = [null]], attributes = map[[empty]]], class annotated with @DirtiesContext [false] with mode [null].
]]></system-out>
  </testcase>
  <testcase name="{feature to test the function to get all users in the system}" classname="edu.uclm.esi.devopsmetrics.bdd.TestRunner" time="0.3">
    <error type="java.lang.NullPointerException">java.lang.NullPointerException
</error>
    <system-out><![CDATA[09:35:44.684 [main] DEBUG org.springframework.test.context.BootstrapUtils - Instantiating CacheAwareContextLoaderDelegate from class [org.springframework.test.context.cache.DefaultCacheAwareContextLoaderDelegate]
09:35:44.684 [main] DEBUG org.springframework.test.context.BootstrapUtils - Instantiating BootstrapContext using constructor [public org.springframework.test.context.support.DefaultBootstrapContext(java.lang.Class,org.springframework.test.context.CacheAwareContextLoaderDelegate)]
09:35:44.684 [main] DEBUG org.springframework.test.context.BootstrapUtils - Instantiating TestContextBootstrapper for test class [edu.uclm.esi.devopsmetrics.bdd.TestRunner] from class [org.springframework.test.context.support.DefaultTestContextBootstrapper]
09:35:44.684 [main] INFO org.springframework.test.context.support.DefaultTestContextBootstrapper - Neither @ContextConfiguration nor @ContextHierarchy found for test class [edu.uclm.esi.devopsmetrics.bdd.TestRunner], using DelegatingSmartContextLoader
09:35:44.684 [main] DEBUG org.springframework.test.context.support.AbstractDelegatingSmartContextLoader - Delegating to GenericXmlContextLoader to process context configuration [ContextConfigurationAttributes@6ff0b1cc declaringClass = 'edu.uclm.esi.devopsmetrics.bdd.TestRunner', classes = '{}', locations = '{}', inheritLocations = false, initializers = '{}', inheritInitializers = true, name = [null], contextLoaderClass = 'org.springframework.test.context.ContextLoader'].
09:35:44.684 [main] DEBUG org.springframework.test.context.support.AbstractContextLoader - Did not detect default resource location for test class [edu.uclm.esi.devopsmetrics.bdd.TestRunner]: class path resource [edu/uclm/esi/devopsmetrics/bdd/TestRunner-context.xml] does not exist
09:35:44.684 [main] INFO org.springframework.test.context.support.AbstractContextLoader - Could not detect default resource locations for test class [edu.uclm.esi.devopsmetrics.bdd.TestRunner]: no resource found for suffixes {-context.xml}.
09:35:44.684 [main] DEBUG org.springframework.test.context.support.AbstractDelegatingSmartContextLoader - Delegating to AnnotationConfigContextLoader to process context configuration [ContextConfigurationAttributes@6ff0b1cc declaringClass = 'edu.uclm.esi.devopsmetrics.bdd.TestRunner', classes = '{}', locations = '{}', inheritLocations = false, initializers = '{}', inheritInitializers = true, name = [null], contextLoaderClass = 'org.springframework.test.context.ContextLoader'].
09:35:44.684 [main] INFO org.springframework.test.context.support.AnnotationConfigContextLoaderUtils - Could not detect default configuration classes for test class [edu.uclm.esi.devopsmetrics.bdd.TestRunner]: TestRunner does not declare any static, non-private, non-final, nested classes annotated with @Configuration.
09:35:44.685 [main] DEBUG org.springframework.test.context.support.ActiveProfilesUtils - Could not find an 'annotation declaring class' for annotation type [org.springframework.test.context.ActiveProfiles] and class [edu.uclm.esi.devopsmetrics.bdd.TestRunner]
09:35:44.685 [main] DEBUG org.springframework.test.context.support.DefaultTestContextBootstrapper - @TestExecutionListeners is not present for class [edu.uclm.esi.devopsmetrics.bdd.TestRunner]: using defaults.
09:35:44.685 [main] INFO org.springframework.test.context.support.DefaultTestContextBootstrapper - Loaded default TestExecutionListener class names from location [META-INF/spring.factories]: [org.springframework.boot.test.mock.mockito.MockitoTestExecutionListener, org.springframework.boot.test.mock.mockito.ResetMocksTestExecutionListener, org.springframework.boot.test.autoconfigure.restdocs.RestDocsTestExecutionListener, org.springframework.boot.test.autoconfigure.web.client.MockRestServiceServerResetTestExecutionListener, org.springframework.boot.test.autoconfigure.web.servlet.MockMvcPrintOnlyOnFailureTestExecutionListener, org.springframework.boot.test.autoconfigure.web.servlet.WebDriverTestExecutionListener, org.springframework.boot.test.autoconfigure.webservices.client.MockWebServiceServerTestExecutionListener, org.springframework.test.context.web.ServletTestExecutionListener, org.springframework.test.context.support.DirtiesContextBeforeModesTestExecutionListener, org.springframework.test.context.support.DependencyInjectionTestExecutionListener, org.springframework.test.context.support.DirtiesContextTestExecutionListener, org.springframework.test.context.transaction.TransactionalTestExecutionListener, org.springframework.test.context.jdbc.SqlScriptsTestExecutionListener, org.springframework.test.context.event.EventPublishingTestExecutionListener]
09:35:44.686 [main] INFO org.springframework.test.context.support.DefaultTestContextBootstrapper - Using TestExecutionListeners: [org.springframework.test.context.web.ServletTestExecutionListener@3b55dd15, org.springframework.test.context.support.DirtiesContextBeforeModesTestExecutionListener@f3560d4, org.springframework.boot.test.mock.mockito.MockitoTestExecutionListener@3ba3d4b6, org.springframework.test.context.support.DependencyInjectionTestExecutionListener@51b77cdf, org.springframework.test.context.support.DirtiesContextTestExecutionListener@441fbe89, org.springframework.test.context.transaction.TransactionalTestExecutionListener@6088451e, org.springframework.test.context.jdbc.SqlScriptsTestExecutionListener@45ab3bdd, org.springframework.test.context.event.EventPublishingTestExecutionListener@2f10f633, org.springframework.boot.test.mock.mockito.ResetMocksTestExecutionListener@1642eeae, org.springframework.boot.test.autoconfigure.restdocs.RestDocsTestExecutionListener@3440e9cd, org.springframework.boot.test.autoconfigure.web.client.MockRestServiceServerResetTestExecutionListener@28a9494b, org.springframework.boot.test.autoconfigure.web.servlet.MockMvcPrintOnlyOnFailureTestExecutionListener@a09303, org.springframework.boot.test.autoconfigure.web.servlet.WebDriverTestExecutionListener@1163a27, org.springframework.boot.test.autoconfigure.webservices.client.MockWebServiceServerTestExecutionListener@322ba549]
09:35:44.686 [main] DEBUG org.springframework.test.context.cache.DefaultCacheAwareContextLoaderDelegate - Retrieved ApplicationContext [7395550] from cache with key [[MergedContextConfiguration@502a4156 testClass = TestRunner, locations = '{}', classes = '{}', contextInitializerClasses = '[]', activeProfiles = '{}', propertySourceLocations = '{}', propertySourceProperties = '{}', contextCustomizers = set[org.springframework.boot.test.context.filter.ExcludeFilterContextCustomizer@6a175569, org.springframework.boot.test.json.DuplicateJsonObjectContextCustomizerFactory$DuplicateJsonObjectContextCustomizer@11ee02f8, org.springframework.boot.test.mock.mockito.MockitoContextCustomizer@0, org.springframework.boot.test.autoconfigure.properties.PropertyMappingContextCustomizer@0, org.springframework.boot.test.autoconfigure.web.servlet.WebDriverContextCustomizerFactory$Customizer@159e366], contextLoader = 'org.springframework.test.context.support.DelegatingSmartContextLoader', parent = [null]]]
09:35:44.686 [main] DEBUG org.springframework.test.context.cache - Spring test ApplicationContext cache statistics: [DefaultContextCache@42c2f48c size = 1, maxSize = 32, parentContextCount = 0, hitCount = 27, missCount = 1]
09:35:44.686 [main] DEBUG org.springframework.beans.factory.support.DefaultListableBeanFactory - Replacing scope 'cucumber-glue' from [io.cucumber.spring.CucumberScenarioScope@7fd987ef] to [io.cucumber.spring.CucumberScenarioScope@5416f8db]
09:35:44.686 [main] DEBUG org.springframework.test.context.support.AbstractDirtiesContextTestExecutionListener - Before test class: context [DefaultTestContext@64e1377c testClass = TestRunner, testInstance = [null], testMethod = [null], testException = [null], mergedContextConfiguration = [MergedContextConfiguration@502a4156 testClass = TestRunner, locations = '{}', classes = '{}', contextInitializerClasses = '[]', activeProfiles = '{}', propertySourceLocations = '{}', propertySourceProperties = '{}', contextCustomizers = set[org.springframework.boot.test.context.filter.ExcludeFilterContextCustomizer@6a175569, org.springframework.boot.test.json.DuplicateJsonObjectContextCustomizerFactory$DuplicateJsonObjectContextCustomizer@11ee02f8, org.springframework.boot.test.mock.mockito.MockitoContextCustomizer@0, org.springframework.boot.test.autoconfigure.properties.PropertyMappingContextCustomizer@0, org.springframework.boot.test.autoconfigure.web.servlet.WebDriverContextCustomizerFactory$Customizer@159e366], contextLoader = 'org.springframework.test.context.support.DelegatingSmartContextLoader', parent = [null]], attributes = map[[empty]]], class annotated with @DirtiesContext [false] with mode [null].
09:35:44.686 [main] DEBUG org.springframework.test.context.cache.DefaultCacheAwareContextLoaderDelegate - Retrieved ApplicationContext [7395550] from cache with key [[MergedContextConfiguration@502a4156 testClass = TestRunner, locations = '{}', classes = '{}', contextInitializerClasses = '[]', activeProfiles = '{}', propertySourceLocations = '{}', propertySourceProperties = '{}', contextCustomizers = set[org.springframework.boot.test.context.filter.ExcludeFilterContextCustomizer@6a175569, org.springframework.boot.test.json.DuplicateJsonObjectContextCustomizerFactory$DuplicateJsonObjectContextCustomizer@11ee02f8, org.springframework.boot.test.mock.mockito.MockitoContextCustomizer@0, org.springframework.boot.test.autoconfigure.properties.PropertyMappingContextCustomizer@0, org.springframework.boot.test.autoconfigure.web.servlet.WebDriverContextCustomizerFactory$Customizer@159e366], contextLoader = 'org.springframework.test.context.support.DelegatingSmartContextLoader', parent = [null]]]
09:35:44.686 [main] DEBUG org.springframework.test.context.cache - Spring test ApplicationContext cache statistics: [DefaultContextCache@42c2f48c size = 1, maxSize = 32, parentContextCount = 0, hitCount = 28, missCount = 1]

Scenario:                                                            # src/test/resources/features/GetAllUsers.feature:3
09:35:44.699 [main] DEBUG org.apache.http.client.protocol.RequestAddCookies - CookieSpec selected: default
09:35:44.699 [main] DEBUG org.apache.http.client.protocol.RequestAuthCache - Auth cache not set in the context
09:35:44.699 [main] DEBUG org.apache.http.impl.conn.PoolingHttpClientConnectionManager - Connection request: [route: {s}->https://devopsmetrics.herokuapp.com:443][total available: 0; route allocated: 0 of 2; total allocated: 0 of 20]
09:35:44.699 [main] DEBUG org.apache.http.impl.conn.PoolingHttpClientConnectionManager - Connection leased: [id: 9][route: {s}->https://devopsmetrics.herokuapp.com:443][total available: 0; route allocated: 1 of 2; total allocated: 1 of 20]
09:35:44.699 [main] DEBUG org.apache.http.impl.execchain.MainClientExec - Opening connection {s}->https://devopsmetrics.herokuapp.com:443
09:35:44.699 [main] DEBUG org.apache.http.impl.conn.DefaultHttpClientConnectionOperator - Connecting to devopsmetrics.herokuapp.com/34.240.218.59:443
09:35:44.699 [main] DEBUG org.apache.http.conn.ssl.SSLConnectionSocketFactory - Connecting socket to devopsmetrics.herokuapp.com/34.240.218.59:443 with timeout 0
09:35:44.741 [main] DEBUG org.apache.http.conn.ssl.SSLConnectionSocketFactory - Enabled protocols: [TLSv1.3, TLSv1.2, TLSv1.1, TLSv1]
09:35:44.741 [main] DEBUG org.apache.http.conn.ssl.SSLConnectionSocketFactory - Enabled cipher suites:[TLS_AES_128_GCM_SHA256, TLS_AES_256_GCM_SHA384, TLS_ECDHE_ECDSA_WITH_AES_256_GCM_SHA384, TLS_ECDHE_ECDSA_WITH_AES_128_GCM_SHA256, TLS_ECDHE_RSA_WITH_AES_256_GCM_SHA384, TLS_RSA_WITH_AES_256_GCM_SHA384, TLS_ECDH_ECDSA_WITH_AES_256_GCM_SHA384, TLS_ECDH_RSA_WITH_AES_256_GCM_SHA384, TLS_DHE_RSA_WITH_AES_256_GCM_SHA384, TLS_DHE_DSS_WITH_AES_256_GCM_SHA384, TLS_ECDHE_RSA_WITH_AES_128_GCM_SHA256, TLS_RSA_WITH_AES_128_GCM_SHA256, TLS_ECDH_ECDSA_WITH_AES_128_GCM_SHA256, TLS_ECDH_RSA_WITH_AES_128_GCM_SHA256, TLS_DHE_RSA_WITH_AES_128_GCM_SHA256, TLS_DHE_DSS_WITH_AES_128_GCM_SHA256, TLS_ECDHE_ECDSA_WITH_AES_256_CBC_SHA384, TLS_ECDHE_RSA_WITH_AES_256_CBC_SHA384, TLS_RSA_WITH_AES_256_CBC_SHA256, TLS_ECDH_ECDSA_WITH_AES_256_CBC_SHA384, TLS_ECDH_RSA_WITH_AES_256_CBC_SHA384, TLS_DHE_RSA_WITH_AES_256_CBC_SHA256, TLS_DHE_DSS_WITH_AES_256_CBC_SHA256, TLS_ECDHE_ECDSA_WITH_AES_256_CBC_SHA, TLS_ECDHE_RSA_WITH_AES_256_CBC_SHA, TLS_RSA_WITH_AES_256_CBC_SHA, TLS_ECDH_ECDSA_WITH_AES_256_CBC_SHA, TLS_ECDH_RSA_WITH_AES_256_CBC_SHA, TLS_DHE_RSA_WITH_AES_256_CBC_SHA, TLS_DHE_DSS_WITH_AES_256_CBC_SHA, TLS_ECDHE_ECDSA_WITH_AES_128_CBC_SHA256, TLS_ECDHE_RSA_WITH_AES_128_CBC_SHA256, TLS_RSA_WITH_AES_128_CBC_SHA256, TLS_ECDH_ECDSA_WITH_AES_128_CBC_SHA256, TLS_ECDH_RSA_WITH_AES_128_CBC_SHA256, TLS_DHE_RSA_WITH_AES_128_CBC_SHA256, TLS_DHE_DSS_WITH_AES_128_CBC_SHA256, TLS_ECDHE_ECDSA_WITH_AES_128_CBC_SHA, TLS_ECDHE_RSA_WITH_AES_128_CBC_SHA, TLS_RSA_WITH_AES_128_CBC_SHA, TLS_ECDH_ECDSA_WITH_AES_128_CBC_SHA, TLS_ECDH_RSA_WITH_AES_128_CBC_SHA, TLS_DHE_RSA_WITH_AES_128_CBC_SHA, TLS_DHE_DSS_WITH_AES_128_CBC_SHA, TLS_EMPTY_RENEGOTIATION_INFO_SCSV]
09:35:44.741 [main] DEBUG org.apache.http.conn.ssl.SSLConnectionSocketFactory - Starting handshake
09:35:44.832 [main] DEBUG org.apache.http.conn.ssl.SSLConnectionSocketFactory - Secure session established
09:35:44.832 [main] DEBUG org.apache.http.conn.ssl.SSLConnectionSocketFactory -  negotiated protocol: TLSv1.2
09:35:44.832 [main] DEBUG org.apache.http.conn.ssl.SSLConnectionSocketFactory -  negotiated cipher suite: TLS_ECDHE_RSA_WITH_AES_128_GCM_SHA256
09:35:44.832 [main] DEBUG org.apache.http.conn.ssl.SSLConnectionSocketFactory -  peer principal: CN=*.herokuapp.com
09:35:44.832 [main] DEBUG org.apache.http.conn.ssl.SSLConnectionSocketFactory -  peer alternative names: [*.herokuapp.com]
09:35:44.832 [main] DEBUG org.apache.http.conn.ssl.SSLConnectionSocketFactory -  issuer principal: CN=Amazon, OU=Server CA 1B, O=Amazon, C=US
09:35:44.832 [main] DEBUG org.apache.http.impl.conn.DefaultHttpClientConnectionOperator - Connection established 192.168.1.45:65002<->34.240.218.59:443
09:35:44.832 [main] DEBUG org.apache.http.impl.execchain.MainClientExec - Executing request GET /usuarios?username=null&password=null HTTP/1.1
09:35:44.832 [main] DEBUG org.apache.http.impl.execchain.MainClientExec - Target auth state: UNCHALLENGED
09:35:44.832 [main] DEBUG org.apache.http.impl.execchain.MainClientExec - Proxy auth state: UNCHALLENGED
09:35:44.832 [main] DEBUG org.apache.http.headers - http-outgoing-9 >> GET /usuarios?username=null&password=null HTTP/1.1
09:35:44.832 [main] DEBUG org.apache.http.headers - http-outgoing-9 >> Host: devopsmetrics.herokuapp.com
09:35:44.832 [main] DEBUG org.apache.http.headers - http-outgoing-9 >> Connection: Keep-Alive
09:35:44.832 [main] DEBUG org.apache.http.headers - http-outgoing-9 >> User-Agent: Apache-HttpClient/4.5.12 (Java/11.0.8)
09:35:44.832 [main] DEBUG org.apache.http.headers - http-outgoing-9 >> Accept-Encoding: gzip,deflate
09:35:44.832 [main] DEBUG org.apache.http.wire - http-outgoing-9 >> "GET /usuarios?username=null&password=null HTTP/1.1[\r][\n]"
09:35:44.832 [main] DEBUG org.apache.http.wire - http-outgoing-9 >> "Host: devopsmetrics.herokuapp.com[\r][\n]"
09:35:44.832 [main] DEBUG org.apache.http.wire - http-outgoing-9 >> "Connection: Keep-Alive[\r][\n]"
09:35:44.832 [main] DEBUG org.apache.http.wire - http-outgoing-9 >> "User-Agent: Apache-HttpClient/4.5.12 (Java/11.0.8)[\r][\n]"
09:35:44.832 [main] DEBUG org.apache.http.wire - http-outgoing-9 >> "Accept-Encoding: gzip,deflate[\r][\n]"
09:35:44.832 [main] DEBUG org.apache.http.wire - http-outgoing-9 >> "[\r][\n]"
09:35:44.982 [main] DEBUG org.apache.http.wire - http-outgoing-9 << "HTTP/1.1 500 [\r][\n]"
09:35:44.982 [main] DEBUG org.apache.http.wire - http-outgoing-9 << "Server: Cowboy[\r][\n]"
09:35:44.982 [main] DEBUG org.apache.http.wire - http-outgoing-9 << "Connection: keep-alive[\r][\n]"
09:35:44.982 [main] DEBUG org.apache.http.wire - http-outgoing-9 << "Vary: Origin[\r][\n]"
09:35:44.982 [main] DEBUG org.apache.http.wire - http-outgoing-9 << "Vary: Access-Control-Request-Method[\r][\n]"
09:35:44.982 [main] DEBUG org.apache.http.wire - http-outgoing-9 << "Vary: Access-Control-Request-Headers[\r][\n]"
09:35:44.982 [main] DEBUG org.apache.http.wire - http-outgoing-9 << "Content-Type: application/json[\r][\n]"
09:35:44.982 [main] DEBUG org.apache.http.wire - http-outgoing-9 << "Transfer-Encoding: chunked[\r][\n]"
09:35:44.982 [main] DEBUG org.apache.http.wire - http-outgoing-9 << "Date: Tue, 13 Jul 2021 07:35:44 GMT[\r][\n]"
09:35:44.982 [main] DEBUG org.apache.http.wire - http-outgoing-9 << "Via: 1.1 vegur[\r][\n]"
09:35:44.982 [main] DEBUG org.apache.http.wire - http-outgoing-9 << "[\r][\n]"
09:35:44.982 [main] DEBUG org.apache.http.headers - http-outgoing-9 << HTTP/1.1 500 
09:35:44.982 [main] DEBUG org.apache.http.headers - http-outgoing-9 << Server: Cowboy
09:35:44.982 [main] DEBUG org.apache.http.headers - http-outgoing-9 << Connection: keep-alive
09:35:44.982 [main] DEBUG org.apache.http.headers - http-outgoing-9 << Vary: Origin
09:35:44.982 [main] DEBUG org.apache.http.headers - http-outgoing-9 << Vary: Access-Control-Request-Method
09:35:44.982 [main] DEBUG org.apache.http.headers - http-outgoing-9 << Vary: Access-Control-Request-Headers
09:35:44.982 [main] DEBUG org.apache.http.headers - http-outgoing-9 << Content-Type: application/json
09:35:44.982 [main] DEBUG org.apache.http.headers - http-outgoing-9 << Transfer-Encoding: chunked
09:35:44.982 [main] DEBUG org.apache.http.headers - http-outgoing-9 << Date: Tue, 13 Jul 2021 07:35:44 GMT
09:35:44.982 [main] DEBUG org.apache.http.headers - http-outgoing-9 << Via: 1.1 vegur
09:35:44.982 [main] DEBUG org.apache.http.impl.execchain.MainClientExec - Connection can be kept alive indefinitely
09:35:44.983 [main] DEBUG org.apache.http.wire - http-outgoing-9 << "7a[\r][\n]"
09:35:44.983 [main] DEBUG org.apache.http.wire - http-outgoing-9 << "{"timestamp":"2021-07-13T07:35:45.005+00:00","status":500,"error":"Internal Server Error","message":"","path":"/usuarios"}[\r][\n]"
09:35:44.983 [main] DEBUG org.apache.http.wire - http-outgoing-9 << "0[\r][\n]"
09:35:44.983 [main] DEBUG org.apache.http.wire - http-outgoing-9 << "[\r][\n]"
09:35:44.983 [main] DEBUG org.apache.http.impl.conn.PoolingHttpClientConnectionManager - Connection [id: 9][route: {s}->https://devopsmetrics.herokuapp.com:443] can be kept alive indefinitely
09:35:44.983 [main] DEBUG org.apache.http.impl.conn.DefaultManagedHttpClientConnection - http-outgoing-9: set socket timeout to 0
09:35:44.983 [main] DEBUG org.apache.http.impl.conn.PoolingHttpClientConnectionManager - Connection released: [id: 9][route: {s}->https://devopsmetrics.herokuapp.com:443][total available: 1; route allocated: 1 of 2; total allocated: 1 of 20]
  Given user is logging in the system to get all users in the system # edu.uclm.esi.devopsmetrics.bdd.stepdefinitions.GetAllUserListSteps.user_is_logging_in_the_system_to_get_all_users_in_the_system()
  When user is correct he gets all the users in the system           # edu.uclm.esi.devopsmetrics.bdd.stepdefinitions.GetAllUserListSteps.user_is_correct_he_gets_all_the_users_in_the_system()
      java.lang.NullPointerException
	at edu.uclm.esi.devopsmetrics.bdd.stepdefinitions.GetAllUserListSteps.user_is_correct_he_gets_all_the_users_in_the_system(GetAllUserListSteps.java:59)
	at âœ½.user is correct he gets all the users in the system(file:///C:/Users/Crespo/eclipse-workspace/devopsmetrics/src/test/resources/features/GetAllUsers.feature:5)

  Then the users were got correctly                                  # edu.uclm.esi.devopsmetrics.bdd.stepdefinitions.GetAllUserListSteps.the_users_were_got_correctly()
09:35:44.984 [main] DEBUG org.springframework.test.context.cache.DefaultCacheAwareContextLoaderDelegate - Retrieved ApplicationContext [7395550] from cache with key [[MergedContextConfiguration@502a4156 testClass = TestRunner, locations = '{}', classes = '{}', contextInitializerClasses = '[]', activeProfiles = '{}', propertySourceLocations = '{}', propertySourceProperties = '{}', contextCustomizers = set[org.springframework.boot.test.context.filter.ExcludeFilterContextCustomizer@6a175569, org.springframework.boot.test.json.DuplicateJsonObjectContextCustomizerFactory$DuplicateJsonObjectContextCustomizer@11ee02f8, org.springframework.boot.test.mock.mockito.MockitoContextCustomizer@0, org.springframework.boot.test.autoconfigure.properties.PropertyMappingContextCustomizer@0, org.springframework.boot.test.autoconfigure.web.servlet.WebDriverContextCustomizerFactory$Customizer@159e366], contextLoader = 'org.springframework.test.context.support.DelegatingSmartContextLoader', parent = [null]]]
09:35:44.984 [main] DEBUG org.springframework.test.context.cache - Spring test ApplicationContext cache statistics: [DefaultContextCache@42c2f48c size = 1, maxSize = 32, parentContextCount = 0, hitCount = 29, missCount = 1]
09:35:44.984 [main] DEBUG org.springframework.test.context.support.AbstractDirtiesContextTestExecutionListener - After test class: context [DefaultTestContext@64e1377c testClass = TestRunner, testInstance = [null], testMethod = [null], testException = [null], mergedContextConfiguration = [MergedContextConfiguration@502a4156 testClass = TestRunner, locations = '{}', classes = '{}', contextInitializerClasses = '[]', activeProfiles = '{}', propertySourceLocations = '{}', propertySourceProperties = '{}', contextCustomizers = set[org.springframework.boot.test.context.filter.ExcludeFilterContextCustomizer@6a175569, org.springframework.boot.test.json.DuplicateJsonObjectContextCustomizerFactory$DuplicateJsonObjectContextCustomizer@11ee02f8, org.springframework.boot.test.mock.mockito.MockitoContextCustomizer@0, org.springframework.boot.test.autoconfigure.properties.PropertyMappingContextCustomizer@0, org.springframework.boot.test.autoconfigure.web.servlet.WebDriverContextCustomizerFactory$Customizer@159e366], contextLoader = 'org.springframework.test.context.support.DelegatingSmartContextLoader', parent = [null]], attributes = map[[empty]]], class annotated with @DirtiesContext [false] with mode [null].
]]></system-out>
  </testcase>
  <testcase name="{feature to test the function to get all branches order from a repository by his owner}" classname="edu.uclm.esi.devopsmetrics.bdd.TestRunner" time="0.247">
    <error type="java.lang.NullPointerException">java.lang.NullPointerException
</error>
    <system-out><![CDATA[09:35:44.985 [main] DEBUG org.springframework.test.context.BootstrapUtils - Instantiating CacheAwareContextLoaderDelegate from class [org.springframework.test.context.cache.DefaultCacheAwareContextLoaderDelegate]
09:35:44.985 [main] DEBUG org.springframework.test.context.BootstrapUtils - Instantiating BootstrapContext using constructor [public org.springframework.test.context.support.DefaultBootstrapContext(java.lang.Class,org.springframework.test.context.CacheAwareContextLoaderDelegate)]
09:35:44.985 [main] DEBUG org.springframework.test.context.BootstrapUtils - Instantiating TestContextBootstrapper for test class [edu.uclm.esi.devopsmetrics.bdd.TestRunner] from class [org.springframework.test.context.support.DefaultTestContextBootstrapper]
09:35:44.985 [main] INFO org.springframework.test.context.support.DefaultTestContextBootstrapper - Neither @ContextConfiguration nor @ContextHierarchy found for test class [edu.uclm.esi.devopsmetrics.bdd.TestRunner], using DelegatingSmartContextLoader
09:35:44.985 [main] DEBUG org.springframework.test.context.support.AbstractDelegatingSmartContextLoader - Delegating to GenericXmlContextLoader to process context configuration [ContextConfigurationAttributes@6274670b declaringClass = 'edu.uclm.esi.devopsmetrics.bdd.TestRunner', classes = '{}', locations = '{}', inheritLocations = false, initializers = '{}', inheritInitializers = true, name = [null], contextLoaderClass = 'org.springframework.test.context.ContextLoader'].
09:35:44.986 [main] DEBUG org.springframework.test.context.support.AbstractContextLoader - Did not detect default resource location for test class [edu.uclm.esi.devopsmetrics.bdd.TestRunner]: class path resource [edu/uclm/esi/devopsmetrics/bdd/TestRunner-context.xml] does not exist
09:35:44.986 [main] INFO org.springframework.test.context.support.AbstractContextLoader - Could not detect default resource locations for test class [edu.uclm.esi.devopsmetrics.bdd.TestRunner]: no resource found for suffixes {-context.xml}.
09:35:44.986 [main] DEBUG org.springframework.test.context.support.AbstractDelegatingSmartContextLoader - Delegating to AnnotationConfigContextLoader to process context configuration [ContextConfigurationAttributes@6274670b declaringClass = 'edu.uclm.esi.devopsmetrics.bdd.TestRunner', classes = '{}', locations = '{}', inheritLocations = false, initializers = '{}', inheritInitializers = true, name = [null], contextLoaderClass = 'org.springframework.test.context.ContextLoader'].
09:35:44.986 [main] INFO org.springframework.test.context.support.AnnotationConfigContextLoaderUtils - Could not detect default configuration classes for test class [edu.uclm.esi.devopsmetrics.bdd.TestRunner]: TestRunner does not declare any static, non-private, non-final, nested classes annotated with @Configuration.
09:35:44.987 [main] DEBUG org.springframework.test.context.support.ActiveProfilesUtils - Could not find an 'annotation declaring class' for annotation type [org.springframework.test.context.ActiveProfiles] and class [edu.uclm.esi.devopsmetrics.bdd.TestRunner]
09:35:44.987 [main] DEBUG org.springframework.test.context.support.DefaultTestContextBootstrapper - @TestExecutionListeners is not present for class [edu.uclm.esi.devopsmetrics.bdd.TestRunner]: using defaults.
09:35:44.987 [main] INFO org.springframework.test.context.support.DefaultTestContextBootstrapper - Loaded default TestExecutionListener class names from location [META-INF/spring.factories]: [org.springframework.boot.test.mock.mockito.MockitoTestExecutionListener, org.springframework.boot.test.mock.mockito.ResetMocksTestExecutionListener, org.springframework.boot.test.autoconfigure.restdocs.RestDocsTestExecutionListener, org.springframework.boot.test.autoconfigure.web.client.MockRestServiceServerResetTestExecutionListener, org.springframework.boot.test.autoconfigure.web.servlet.MockMvcPrintOnlyOnFailureTestExecutionListener, org.springframework.boot.test.autoconfigure.web.servlet.WebDriverTestExecutionListener, org.springframework.boot.test.autoconfigure.webservices.client.MockWebServiceServerTestExecutionListener, org.springframework.test.context.web.ServletTestExecutionListener, org.springframework.test.context.support.DirtiesContextBeforeModesTestExecutionListener, org.springframework.test.context.support.DependencyInjectionTestExecutionListener, org.springframework.test.context.support.DirtiesContextTestExecutionListener, org.springframework.test.context.transaction.TransactionalTestExecutionListener, org.springframework.test.context.jdbc.SqlScriptsTestExecutionListener, org.springframework.test.context.event.EventPublishingTestExecutionListener]
09:35:44.987 [main] INFO org.springframework.test.context.support.DefaultTestContextBootstrapper - Using TestExecutionListeners: [org.springframework.test.context.web.ServletTestExecutionListener@53ce2392, org.springframework.test.context.support.DirtiesContextBeforeModesTestExecutionListener@32d5279, org.springframework.boot.test.mock.mockito.MockitoTestExecutionListener@1c067c0d, org.springframework.test.context.support.DependencyInjectionTestExecutionListener@5d0b0cb9, org.springframework.test.context.support.DirtiesContextTestExecutionListener@7f7b6639, org.springframework.test.context.transaction.TransactionalTestExecutionListener@16ac5d35, org.springframework.test.context.jdbc.SqlScriptsTestExecutionListener@3965bdf9, org.springframework.test.context.event.EventPublishingTestExecutionListener@3c0e00a8, org.springframework.boot.test.mock.mockito.ResetMocksTestExecutionListener@1860f3be, org.springframework.boot.test.autoconfigure.restdocs.RestDocsTestExecutionListener@6cd15072, org.springframework.boot.test.autoconfigure.web.client.MockRestServiceServerResetTestExecutionListener@78cfa264, org.springframework.boot.test.autoconfigure.web.servlet.MockMvcPrintOnlyOnFailureTestExecutionListener@3408f695, org.springframework.boot.test.autoconfigure.web.servlet.WebDriverTestExecutionListener@2b6a0ea9, org.springframework.boot.test.autoconfigure.webservices.client.MockWebServiceServerTestExecutionListener@4dde8976]
09:35:44.987 [main] DEBUG org.springframework.test.context.cache.DefaultCacheAwareContextLoaderDelegate - Retrieved ApplicationContext [7395550] from cache with key [[MergedContextConfiguration@4887de2b testClass = TestRunner, locations = '{}', classes = '{}', contextInitializerClasses = '[]', activeProfiles = '{}', propertySourceLocations = '{}', propertySourceProperties = '{}', contextCustomizers = set[org.springframework.boot.test.context.filter.ExcludeFilterContextCustomizer@6a175569, org.springframework.boot.test.json.DuplicateJsonObjectContextCustomizerFactory$DuplicateJsonObjectContextCustomizer@11ee02f8, org.springframework.boot.test.mock.mockito.MockitoContextCustomizer@0, org.springframework.boot.test.autoconfigure.properties.PropertyMappingContextCustomizer@0, org.springframework.boot.test.autoconfigure.web.servlet.WebDriverContextCustomizerFactory$Customizer@159e366], contextLoader = 'org.springframework.test.context.support.DelegatingSmartContextLoader', parent = [null]]]
09:35:44.987 [main] DEBUG org.springframework.test.context.cache - Spring test ApplicationContext cache statistics: [DefaultContextCache@42c2f48c size = 1, maxSize = 32, parentContextCount = 0, hitCount = 30, missCount = 1]
09:35:44.987 [main] DEBUG org.springframework.beans.factory.support.DefaultListableBeanFactory - Replacing scope 'cucumber-glue' from [io.cucumber.spring.CucumberScenarioScope@5416f8db] to [io.cucumber.spring.CucumberScenarioScope@3b4825f0]
09:35:44.987 [main] DEBUG org.springframework.test.context.support.AbstractDirtiesContextTestExecutionListener - Before test class: context [DefaultTestContext@40ac6b76 testClass = TestRunner, testInstance = [null], testMethod = [null], testException = [null], mergedContextConfiguration = [MergedContextConfiguration@4887de2b testClass = TestRunner, locations = '{}', classes = '{}', contextInitializerClasses = '[]', activeProfiles = '{}', propertySourceLocations = '{}', propertySourceProperties = '{}', contextCustomizers = set[org.springframework.boot.test.context.filter.ExcludeFilterContextCustomizer@6a175569, org.springframework.boot.test.json.DuplicateJsonObjectContextCustomizerFactory$DuplicateJsonObjectContextCustomizer@11ee02f8, org.springframework.boot.test.mock.mockito.MockitoContextCustomizer@0, org.springframework.boot.test.autoconfigure.properties.PropertyMappingContextCustomizer@0, org.springframework.boot.test.autoconfigure.web.servlet.WebDriverContextCustomizerFactory$Customizer@159e366], contextLoader = 'org.springframework.test.context.support.DelegatingSmartContextLoader', parent = [null]], attributes = map[[empty]]], class annotated with @DirtiesContext [false] with mode [null].
09:35:44.987 [main] DEBUG org.springframework.test.context.cache.DefaultCacheAwareContextLoaderDelegate - Retrieved ApplicationContext [7395550] from cache with key [[MergedContextConfiguration@4887de2b testClass = TestRunner, locations = '{}', classes = '{}', contextInitializerClasses = '[]', activeProfiles = '{}', propertySourceLocations = '{}', propertySourceProperties = '{}', contextCustomizers = set[org.springframework.boot.test.context.filter.ExcludeFilterContextCustomizer@6a175569, org.springframework.boot.test.json.DuplicateJsonObjectContextCustomizerFactory$DuplicateJsonObjectContextCustomizer@11ee02f8, org.springframework.boot.test.mock.mockito.MockitoContextCustomizer@0, org.springframework.boot.test.autoconfigure.properties.PropertyMappingContextCustomizer@0, org.springframework.boot.test.autoconfigure.web.servlet.WebDriverContextCustomizerFactory$Customizer@159e366], contextLoader = 'org.springframework.test.context.support.DelegatingSmartContextLoader', parent = [null]]]
09:35:44.987 [main] DEBUG org.springframework.test.context.cache - Spring test ApplicationContext cache statistics: [DefaultContextCache@42c2f48c size = 1, maxSize = 32, parentContextCount = 0, hitCount = 31, missCount = 1]

Scenario:                                                                                           # src/test/resources/features/GetBranchOrder.feature:3
09:35:44.996 [main] DEBUG org.apache.http.client.protocol.RequestAddCookies - CookieSpec selected: default
09:35:44.997 [main] DEBUG org.apache.http.client.protocol.RequestAuthCache - Auth cache not set in the context
09:35:44.997 [main] DEBUG org.apache.http.impl.conn.PoolingHttpClientConnectionManager - Connection request: [route: {s}->https://devopsmetrics.herokuapp.com:443][total available: 0; route allocated: 0 of 2; total allocated: 0 of 20]
09:35:44.997 [main] DEBUG org.apache.http.impl.conn.PoolingHttpClientConnectionManager - Connection leased: [id: 10][route: {s}->https://devopsmetrics.herokuapp.com:443][total available: 0; route allocated: 1 of 2; total allocated: 1 of 20]
09:35:44.997 [main] DEBUG org.apache.http.impl.execchain.MainClientExec - Opening connection {s}->https://devopsmetrics.herokuapp.com:443
09:35:44.997 [main] DEBUG org.apache.http.impl.conn.DefaultHttpClientConnectionOperator - Connecting to devopsmetrics.herokuapp.com/34.240.218.59:443
09:35:44.997 [main] DEBUG org.apache.http.conn.ssl.SSLConnectionSocketFactory - Connecting socket to devopsmetrics.herokuapp.com/34.240.218.59:443 with timeout 0
09:35:45.043 [main] DEBUG org.apache.http.conn.ssl.SSLConnectionSocketFactory - Enabled protocols: [TLSv1.3, TLSv1.2, TLSv1.1, TLSv1]
09:35:45.043 [main] DEBUG org.apache.http.conn.ssl.SSLConnectionSocketFactory - Enabled cipher suites:[TLS_AES_128_GCM_SHA256, TLS_AES_256_GCM_SHA384, TLS_ECDHE_ECDSA_WITH_AES_256_GCM_SHA384, TLS_ECDHE_ECDSA_WITH_AES_128_GCM_SHA256, TLS_ECDHE_RSA_WITH_AES_256_GCM_SHA384, TLS_RSA_WITH_AES_256_GCM_SHA384, TLS_ECDH_ECDSA_WITH_AES_256_GCM_SHA384, TLS_ECDH_RSA_WITH_AES_256_GCM_SHA384, TLS_DHE_RSA_WITH_AES_256_GCM_SHA384, TLS_DHE_DSS_WITH_AES_256_GCM_SHA384, TLS_ECDHE_RSA_WITH_AES_128_GCM_SHA256, TLS_RSA_WITH_AES_128_GCM_SHA256, TLS_ECDH_ECDSA_WITH_AES_128_GCM_SHA256, TLS_ECDH_RSA_WITH_AES_128_GCM_SHA256, TLS_DHE_RSA_WITH_AES_128_GCM_SHA256, TLS_DHE_DSS_WITH_AES_128_GCM_SHA256, TLS_ECDHE_ECDSA_WITH_AES_256_CBC_SHA384, TLS_ECDHE_RSA_WITH_AES_256_CBC_SHA384, TLS_RSA_WITH_AES_256_CBC_SHA256, TLS_ECDH_ECDSA_WITH_AES_256_CBC_SHA384, TLS_ECDH_RSA_WITH_AES_256_CBC_SHA384, TLS_DHE_RSA_WITH_AES_256_CBC_SHA256, TLS_DHE_DSS_WITH_AES_256_CBC_SHA256, TLS_ECDHE_ECDSA_WITH_AES_256_CBC_SHA, TLS_ECDHE_RSA_WITH_AES_256_CBC_SHA, TLS_RSA_WITH_AES_256_CBC_SHA, TLS_ECDH_ECDSA_WITH_AES_256_CBC_SHA, TLS_ECDH_RSA_WITH_AES_256_CBC_SHA, TLS_DHE_RSA_WITH_AES_256_CBC_SHA, TLS_DHE_DSS_WITH_AES_256_CBC_SHA, TLS_ECDHE_ECDSA_WITH_AES_128_CBC_SHA256, TLS_ECDHE_RSA_WITH_AES_128_CBC_SHA256, TLS_RSA_WITH_AES_128_CBC_SHA256, TLS_ECDH_ECDSA_WITH_AES_128_CBC_SHA256, TLS_ECDH_RSA_WITH_AES_128_CBC_SHA256, TLS_DHE_RSA_WITH_AES_128_CBC_SHA256, TLS_DHE_DSS_WITH_AES_128_CBC_SHA256, TLS_ECDHE_ECDSA_WITH_AES_128_CBC_SHA, TLS_ECDHE_RSA_WITH_AES_128_CBC_SHA, TLS_RSA_WITH_AES_128_CBC_SHA, TLS_ECDH_ECDSA_WITH_AES_128_CBC_SHA, TLS_ECDH_RSA_WITH_AES_128_CBC_SHA, TLS_DHE_RSA_WITH_AES_128_CBC_SHA, TLS_DHE_DSS_WITH_AES_128_CBC_SHA, TLS_EMPTY_RENEGOTIATION_INFO_SCSV]
09:35:45.043 [main] DEBUG org.apache.http.conn.ssl.SSLConnectionSocketFactory - Starting handshake
09:35:45.137 [main] DEBUG org.apache.http.conn.ssl.SSLConnectionSocketFactory - Secure session established
09:35:45.137 [main] DEBUG org.apache.http.conn.ssl.SSLConnectionSocketFactory -  negotiated protocol: TLSv1.2
09:35:45.137 [main] DEBUG org.apache.http.conn.ssl.SSLConnectionSocketFactory -  negotiated cipher suite: TLS_ECDHE_RSA_WITH_AES_128_GCM_SHA256
09:35:45.137 [main] DEBUG org.apache.http.conn.ssl.SSLConnectionSocketFactory -  peer principal: CN=*.herokuapp.com
09:35:45.137 [main] DEBUG org.apache.http.conn.ssl.SSLConnectionSocketFactory -  peer alternative names: [*.herokuapp.com]
09:35:45.137 [main] DEBUG org.apache.http.conn.ssl.SSLConnectionSocketFactory -  issuer principal: CN=Amazon, OU=Server CA 1B, O=Amazon, C=US
09:35:45.137 [main] DEBUG org.apache.http.impl.conn.DefaultHttpClientConnectionOperator - Connection established 192.168.1.45:65003<->34.240.218.59:443
09:35:45.137 [main] DEBUG org.apache.http.impl.execchain.MainClientExec - Executing request GET /usuarios?username=null&password=null HTTP/1.1
09:35:45.137 [main] DEBUG org.apache.http.impl.execchain.MainClientExec - Target auth state: UNCHALLENGED
09:35:45.137 [main] DEBUG org.apache.http.impl.execchain.MainClientExec - Proxy auth state: UNCHALLENGED
09:35:45.137 [main] DEBUG org.apache.http.headers - http-outgoing-10 >> GET /usuarios?username=null&password=null HTTP/1.1
09:35:45.137 [main] DEBUG org.apache.http.headers - http-outgoing-10 >> Host: devopsmetrics.herokuapp.com
09:35:45.137 [main] DEBUG org.apache.http.headers - http-outgoing-10 >> Connection: Keep-Alive
09:35:45.137 [main] DEBUG org.apache.http.headers - http-outgoing-10 >> User-Agent: Apache-HttpClient/4.5.12 (Java/11.0.8)
09:35:45.137 [main] DEBUG org.apache.http.headers - http-outgoing-10 >> Accept-Encoding: gzip,deflate
09:35:45.137 [main] DEBUG org.apache.http.wire - http-outgoing-10 >> "GET /usuarios?username=null&password=null HTTP/1.1[\r][\n]"
09:35:45.137 [main] DEBUG org.apache.http.wire - http-outgoing-10 >> "Host: devopsmetrics.herokuapp.com[\r][\n]"
09:35:45.137 [main] DEBUG org.apache.http.wire - http-outgoing-10 >> "Connection: Keep-Alive[\r][\n]"
09:35:45.137 [main] DEBUG org.apache.http.wire - http-outgoing-10 >> "User-Agent: Apache-HttpClient/4.5.12 (Java/11.0.8)[\r][\n]"
09:35:45.137 [main] DEBUG org.apache.http.wire - http-outgoing-10 >> "Accept-Encoding: gzip,deflate[\r][\n]"
09:35:45.137 [main] DEBUG org.apache.http.wire - http-outgoing-10 >> "[\r][\n]"
09:35:45.227 [main] DEBUG org.apache.http.wire - http-outgoing-10 << "HTTP/1.1 500 [\r][\n]"
09:35:45.227 [main] DEBUG org.apache.http.wire - http-outgoing-10 << "Server: Cowboy[\r][\n]"
09:35:45.227 [main] DEBUG org.apache.http.wire - http-outgoing-10 << "Connection: keep-alive[\r][\n]"
09:35:45.227 [main] DEBUG org.apache.http.wire - http-outgoing-10 << "Vary: Origin[\r][\n]"
09:35:45.227 [main] DEBUG org.apache.http.wire - http-outgoing-10 << "Vary: Access-Control-Request-Method[\r][\n]"
09:35:45.227 [main] DEBUG org.apache.http.wire - http-outgoing-10 << "Vary: Access-Control-Request-Headers[\r][\n]"
09:35:45.227 [main] DEBUG org.apache.http.wire - http-outgoing-10 << "Content-Type: application/json[\r][\n]"
09:35:45.227 [main] DEBUG org.apache.http.wire - http-outgoing-10 << "Transfer-Encoding: chunked[\r][\n]"
09:35:45.227 [main] DEBUG org.apache.http.wire - http-outgoing-10 << "Date: Tue, 13 Jul 2021 07:35:44 GMT[\r][\n]"
09:35:45.227 [main] DEBUG org.apache.http.wire - http-outgoing-10 << "Via: 1.1 vegur[\r][\n]"
09:35:45.227 [main] DEBUG org.apache.http.wire - http-outgoing-10 << "[\r][\n]"
09:35:45.227 [main] DEBUG org.apache.http.headers - http-outgoing-10 << HTTP/1.1 500 
09:35:45.227 [main] DEBUG org.apache.http.headers - http-outgoing-10 << Server: Cowboy
09:35:45.227 [main] DEBUG org.apache.http.headers - http-outgoing-10 << Connection: keep-alive
09:35:45.227 [main] DEBUG org.apache.http.headers - http-outgoing-10 << Vary: Origin
09:35:45.227 [main] DEBUG org.apache.http.headers - http-outgoing-10 << Vary: Access-Control-Request-Method
09:35:45.227 [main] DEBUG org.apache.http.headers - http-outgoing-10 << Vary: Access-Control-Request-Headers
09:35:45.227 [main] DEBUG org.apache.http.headers - http-outgoing-10 << Content-Type: application/json
09:35:45.227 [main] DEBUG org.apache.http.headers - http-outgoing-10 << Transfer-Encoding: chunked
09:35:45.227 [main] DEBUG org.apache.http.headers - http-outgoing-10 << Date: Tue, 13 Jul 2021 07:35:44 GMT
09:35:45.227 [main] DEBUG org.apache.http.headers - http-outgoing-10 << Via: 1.1 vegur
09:35:45.227 [main] DEBUG org.apache.http.impl.execchain.MainClientExec - Connection can be kept alive indefinitely
09:35:45.228 [main] DEBUG org.apache.http.wire - http-outgoing-10 << "7a[\r][\n]"
09:35:45.228 [main] DEBUG org.apache.http.wire - http-outgoing-10 << "{"timestamp":"2021-07-13T07:35:45.249+00:00","status":500,"error":"Internal Server Error","message":"","path":"/usuarios"}[\r][\n]"
09:35:45.228 [main] DEBUG org.apache.http.wire - http-outgoing-10 << "0[\r][\n]"
09:35:45.228 [main] DEBUG org.apache.http.wire - http-outgoing-10 << "[\r][\n]"
09:35:45.228 [main] DEBUG org.apache.http.impl.conn.PoolingHttpClientConnectionManager - Connection [id: 10][route: {s}->https://devopsmetrics.herokuapp.com:443] can be kept alive indefinitely
09:35:45.228 [main] DEBUG org.apache.http.impl.conn.DefaultManagedHttpClientConnection - http-outgoing-10: set socket timeout to 0
09:35:45.228 [main] DEBUG org.apache.http.impl.conn.PoolingHttpClientConnectionManager - Connection released: [id: 10][route: {s}->https://devopsmetrics.herokuapp.com:443][total available: 1; route allocated: 1 of 2; total allocated: 1 of 20]
  Given user is logging in the system for getting all branches order from a repository by his owner # edu.uclm.esi.devopsmetrics.bdd.stepdefinitions.GetAllBranchesOrderSteps.user_is_logging_in_the_system_for_getting_all_branches_order_from_a_repository_by_his_owner()
  When user is correct he requests all branches order from a repository by his owner                # edu.uclm.esi.devopsmetrics.bdd.stepdefinitions.GetAllBranchesOrderSteps.user_is_correct_he_requests_all_branches_order_from_a_repository_by_his_owner()
      java.lang.NullPointerException
	at edu.uclm.esi.devopsmetrics.bdd.stepdefinitions.GetAllBranchesOrderSteps.user_is_correct_he_requests_all_branches_order_from_a_repository_by_his_owner(GetAllBranchesOrderSteps.java:59)
	at âœ½.user is correct he requests all branches order from a repository by his owner(file:///C:/Users/Crespo/eclipse-workspace/devopsmetrics/src/test/resources/features/GetBranchOrder.feature:5)

  Then the user gets all branches order from a repository by his owner                              # edu.uclm.esi.devopsmetrics.bdd.stepdefinitions.GetAllBranchesOrderSteps.the_user_gets_all_branches_order_from_a_repository_by_his_owner()
09:35:45.230 [main] DEBUG org.springframework.test.context.cache.DefaultCacheAwareContextLoaderDelegate - Retrieved ApplicationContext [7395550] from cache with key [[MergedContextConfiguration@4887de2b testClass = TestRunner, locations = '{}', classes = '{}', contextInitializerClasses = '[]', activeProfiles = '{}', propertySourceLocations = '{}', propertySourceProperties = '{}', contextCustomizers = set[org.springframework.boot.test.context.filter.ExcludeFilterContextCustomizer@6a175569, org.springframework.boot.test.json.DuplicateJsonObjectContextCustomizerFactory$DuplicateJsonObjectContextCustomizer@11ee02f8, org.springframework.boot.test.mock.mockito.MockitoContextCustomizer@0, org.springframework.boot.test.autoconfigure.properties.PropertyMappingContextCustomizer@0, org.springframework.boot.test.autoconfigure.web.servlet.WebDriverContextCustomizerFactory$Customizer@159e366], contextLoader = 'org.springframework.test.context.support.DelegatingSmartContextLoader', parent = [null]]]
09:35:45.230 [main] DEBUG org.springframework.test.context.cache - Spring test ApplicationContext cache statistics: [DefaultContextCache@42c2f48c size = 1, maxSize = 32, parentContextCount = 0, hitCount = 32, missCount = 1]
09:35:45.230 [main] DEBUG org.springframework.test.context.support.AbstractDirtiesContextTestExecutionListener - After test class: context [DefaultTestContext@40ac6b76 testClass = TestRunner, testInstance = [null], testMethod = [null], testException = [null], mergedContextConfiguration = [MergedContextConfiguration@4887de2b testClass = TestRunner, locations = '{}', classes = '{}', contextInitializerClasses = '[]', activeProfiles = '{}', propertySourceLocations = '{}', propertySourceProperties = '{}', contextCustomizers = set[org.springframework.boot.test.context.filter.ExcludeFilterContextCustomizer@6a175569, org.springframework.boot.test.json.DuplicateJsonObjectContextCustomizerFactory$DuplicateJsonObjectContextCustomizer@11ee02f8, org.springframework.boot.test.mock.mockito.MockitoContextCustomizer@0, org.springframework.boot.test.autoconfigure.properties.PropertyMappingContextCustomizer@0, org.springframework.boot.test.autoconfigure.web.servlet.WebDriverContextCustomizerFactory$Customizer@159e366], contextLoader = 'org.springframework.test.context.support.DelegatingSmartContextLoader', parent = [null]], attributes = map[[empty]]], class annotated with @DirtiesContext [false] with mode [null].
]]></system-out>
  </testcase>
  <testcase name="{feature to test the function to get all commits from a branch of a repository}" classname="edu.uclm.esi.devopsmetrics.bdd.TestRunner" time="0.235">
    <error type="java.lang.NullPointerException">java.lang.NullPointerException
</error>
    <system-out><![CDATA[09:35:45.231 [main] DEBUG org.springframework.test.context.BootstrapUtils - Instantiating CacheAwareContextLoaderDelegate from class [org.springframework.test.context.cache.DefaultCacheAwareContextLoaderDelegate]
09:35:45.231 [main] DEBUG org.springframework.test.context.BootstrapUtils - Instantiating BootstrapContext using constructor [public org.springframework.test.context.support.DefaultBootstrapContext(java.lang.Class,org.springframework.test.context.CacheAwareContextLoaderDelegate)]
09:35:45.231 [main] DEBUG org.springframework.test.context.BootstrapUtils - Instantiating TestContextBootstrapper for test class [edu.uclm.esi.devopsmetrics.bdd.TestRunner] from class [org.springframework.test.context.support.DefaultTestContextBootstrapper]
09:35:45.231 [main] INFO org.springframework.test.context.support.DefaultTestContextBootstrapper - Neither @ContextConfiguration nor @ContextHierarchy found for test class [edu.uclm.esi.devopsmetrics.bdd.TestRunner], using DelegatingSmartContextLoader
09:35:45.231 [main] DEBUG org.springframework.test.context.support.AbstractDelegatingSmartContextLoader - Delegating to GenericXmlContextLoader to process context configuration [ContextConfigurationAttributes@54c622a7 declaringClass = 'edu.uclm.esi.devopsmetrics.bdd.TestRunner', classes = '{}', locations = '{}', inheritLocations = false, initializers = '{}', inheritInitializers = true, name = [null], contextLoaderClass = 'org.springframework.test.context.ContextLoader'].
09:35:45.232 [main] DEBUG org.springframework.test.context.support.AbstractContextLoader - Did not detect default resource location for test class [edu.uclm.esi.devopsmetrics.bdd.TestRunner]: class path resource [edu/uclm/esi/devopsmetrics/bdd/TestRunner-context.xml] does not exist
09:35:45.232 [main] INFO org.springframework.test.context.support.AbstractContextLoader - Could not detect default resource locations for test class [edu.uclm.esi.devopsmetrics.bdd.TestRunner]: no resource found for suffixes {-context.xml}.
09:35:45.232 [main] DEBUG org.springframework.test.context.support.AbstractDelegatingSmartContextLoader - Delegating to AnnotationConfigContextLoader to process context configuration [ContextConfigurationAttributes@54c622a7 declaringClass = 'edu.uclm.esi.devopsmetrics.bdd.TestRunner', classes = '{}', locations = '{}', inheritLocations = false, initializers = '{}', inheritInitializers = true, name = [null], contextLoaderClass = 'org.springframework.test.context.ContextLoader'].
09:35:45.232 [main] INFO org.springframework.test.context.support.AnnotationConfigContextLoaderUtils - Could not detect default configuration classes for test class [edu.uclm.esi.devopsmetrics.bdd.TestRunner]: TestRunner does not declare any static, non-private, non-final, nested classes annotated with @Configuration.
09:35:45.233 [main] DEBUG org.springframework.test.context.support.ActiveProfilesUtils - Could not find an 'annotation declaring class' for annotation type [org.springframework.test.context.ActiveProfiles] and class [edu.uclm.esi.devopsmetrics.bdd.TestRunner]
09:35:45.233 [main] DEBUG org.springframework.test.context.support.DefaultTestContextBootstrapper - @TestExecutionListeners is not present for class [edu.uclm.esi.devopsmetrics.bdd.TestRunner]: using defaults.
09:35:45.233 [main] INFO org.springframework.test.context.support.DefaultTestContextBootstrapper - Loaded default TestExecutionListener class names from location [META-INF/spring.factories]: [org.springframework.boot.test.mock.mockito.MockitoTestExecutionListener, org.springframework.boot.test.mock.mockito.ResetMocksTestExecutionListener, org.springframework.boot.test.autoconfigure.restdocs.RestDocsTestExecutionListener, org.springframework.boot.test.autoconfigure.web.client.MockRestServiceServerResetTestExecutionListener, org.springframework.boot.test.autoconfigure.web.servlet.MockMvcPrintOnlyOnFailureTestExecutionListener, org.springframework.boot.test.autoconfigure.web.servlet.WebDriverTestExecutionListener, org.springframework.boot.test.autoconfigure.webservices.client.MockWebServiceServerTestExecutionListener, org.springframework.test.context.web.ServletTestExecutionListener, org.springframework.test.context.support.DirtiesContextBeforeModesTestExecutionListener, org.springframework.test.context.support.DependencyInjectionTestExecutionListener, org.springframework.test.context.support.DirtiesContextTestExecutionListener, org.springframework.test.context.transaction.TransactionalTestExecutionListener, org.springframework.test.context.jdbc.SqlScriptsTestExecutionListener, org.springframework.test.context.event.EventPublishingTestExecutionListener]
09:35:45.233 [main] INFO org.springframework.test.context.support.DefaultTestContextBootstrapper - Using TestExecutionListeners: [org.springframework.test.context.web.ServletTestExecutionListener@37348491, org.springframework.test.context.support.DirtiesContextBeforeModesTestExecutionListener@76e3b45b, org.springframework.boot.test.mock.mockito.MockitoTestExecutionListener@10b4e7f8, org.springframework.test.context.support.DependencyInjectionTestExecutionListener@75023c53, org.springframework.test.context.support.DirtiesContextTestExecutionListener@66813e6e, org.springframework.test.context.transaction.TransactionalTestExecutionListener@dab1f89, org.springframework.test.context.jdbc.SqlScriptsTestExecutionListener@3a17b2e3, org.springframework.test.context.event.EventPublishingTestExecutionListener@5e13f156, org.springframework.boot.test.mock.mockito.ResetMocksTestExecutionListener@310ed6b4, org.springframework.boot.test.autoconfigure.restdocs.RestDocsTestExecutionListener@640cc04b, org.springframework.boot.test.autoconfigure.web.client.MockRestServiceServerResetTestExecutionListener@630bf683, org.springframework.boot.test.autoconfigure.web.servlet.MockMvcPrintOnlyOnFailureTestExecutionListener@22d322f5, org.springframework.boot.test.autoconfigure.web.servlet.WebDriverTestExecutionListener@65afeb6d, org.springframework.boot.test.autoconfigure.webservices.client.MockWebServiceServerTestExecutionListener@6723610b]
09:35:45.233 [main] DEBUG org.springframework.test.context.cache.DefaultCacheAwareContextLoaderDelegate - Retrieved ApplicationContext [7395550] from cache with key [[MergedContextConfiguration@5ba03c82 testClass = TestRunner, locations = '{}', classes = '{}', contextInitializerClasses = '[]', activeProfiles = '{}', propertySourceLocations = '{}', propertySourceProperties = '{}', contextCustomizers = set[org.springframework.boot.test.context.filter.ExcludeFilterContextCustomizer@6a175569, org.springframework.boot.test.json.DuplicateJsonObjectContextCustomizerFactory$DuplicateJsonObjectContextCustomizer@11ee02f8, org.springframework.boot.test.mock.mockito.MockitoContextCustomizer@0, org.springframework.boot.test.autoconfigure.properties.PropertyMappingContextCustomizer@0, org.springframework.boot.test.autoconfigure.web.servlet.WebDriverContextCustomizerFactory$Customizer@159e366], contextLoader = 'org.springframework.test.context.support.DelegatingSmartContextLoader', parent = [null]]]
09:35:45.233 [main] DEBUG org.springframework.test.context.cache - Spring test ApplicationContext cache statistics: [DefaultContextCache@42c2f48c size = 1, maxSize = 32, parentContextCount = 0, hitCount = 33, missCount = 1]
09:35:45.233 [main] DEBUG org.springframework.beans.factory.support.DefaultListableBeanFactory - Replacing scope 'cucumber-glue' from [io.cucumber.spring.CucumberScenarioScope@3b4825f0] to [io.cucumber.spring.CucumberScenarioScope@60df7989]
09:35:45.233 [main] DEBUG org.springframework.test.context.support.AbstractDirtiesContextTestExecutionListener - Before test class: context [DefaultTestContext@7ab1127c testClass = TestRunner, testInstance = [null], testMethod = [null], testException = [null], mergedContextConfiguration = [MergedContextConfiguration@5ba03c82 testClass = TestRunner, locations = '{}', classes = '{}', contextInitializerClasses = '[]', activeProfiles = '{}', propertySourceLocations = '{}', propertySourceProperties = '{}', contextCustomizers = set[org.springframework.boot.test.context.filter.ExcludeFilterContextCustomizer@6a175569, org.springframework.boot.test.json.DuplicateJsonObjectContextCustomizerFactory$DuplicateJsonObjectContextCustomizer@11ee02f8, org.springframework.boot.test.mock.mockito.MockitoContextCustomizer@0, org.springframework.boot.test.autoconfigure.properties.PropertyMappingContextCustomizer@0, org.springframework.boot.test.autoconfigure.web.servlet.WebDriverContextCustomizerFactory$Customizer@159e366], contextLoader = 'org.springframework.test.context.support.DelegatingSmartContextLoader', parent = [null]], attributes = map[[empty]]], class annotated with @DirtiesContext [false] with mode [null].
09:35:45.233 [main] DEBUG org.springframework.test.context.cache.DefaultCacheAwareContextLoaderDelegate - Retrieved ApplicationContext [7395550] from cache with key [[MergedContextConfiguration@5ba03c82 testClass = TestRunner, locations = '{}', classes = '{}', contextInitializerClasses = '[]', activeProfiles = '{}', propertySourceLocations = '{}', propertySourceProperties = '{}', contextCustomizers = set[org.springframework.boot.test.context.filter.ExcludeFilterContextCustomizer@6a175569, org.springframework.boot.test.json.DuplicateJsonObjectContextCustomizerFactory$DuplicateJsonObjectContextCustomizer@11ee02f8, org.springframework.boot.test.mock.mockito.MockitoContextCustomizer@0, org.springframework.boot.test.autoconfigure.properties.PropertyMappingContextCustomizer@0, org.springframework.boot.test.autoconfigure.web.servlet.WebDriverContextCustomizerFactory$Customizer@159e366], contextLoader = 'org.springframework.test.context.support.DelegatingSmartContextLoader', parent = [null]]]
09:35:45.233 [main] DEBUG org.springframework.test.context.cache - Spring test ApplicationContext cache statistics: [DefaultContextCache@42c2f48c size = 1, maxSize = 32, parentContextCount = 0, hitCount = 34, missCount = 1]

Scenario:                                                                                   # src/test/resources/features/GetCommitsBranch.feature:3
09:35:45.243 [main] DEBUG org.apache.http.client.protocol.RequestAddCookies - CookieSpec selected: default
09:35:45.243 [main] DEBUG org.apache.http.client.protocol.RequestAuthCache - Auth cache not set in the context
09:35:45.243 [main] DEBUG org.apache.http.impl.conn.PoolingHttpClientConnectionManager - Connection request: [route: {s}->https://devopsmetrics.herokuapp.com:443][total available: 0; route allocated: 0 of 2; total allocated: 0 of 20]
09:35:45.244 [main] DEBUG org.apache.http.impl.conn.PoolingHttpClientConnectionManager - Connection leased: [id: 11][route: {s}->https://devopsmetrics.herokuapp.com:443][total available: 0; route allocated: 1 of 2; total allocated: 1 of 20]
09:35:45.244 [main] DEBUG org.apache.http.impl.execchain.MainClientExec - Opening connection {s}->https://devopsmetrics.herokuapp.com:443
09:35:45.244 [main] DEBUG org.apache.http.impl.conn.DefaultHttpClientConnectionOperator - Connecting to devopsmetrics.herokuapp.com/34.240.218.59:443
09:35:45.244 [main] DEBUG org.apache.http.conn.ssl.SSLConnectionSocketFactory - Connecting socket to devopsmetrics.herokuapp.com/34.240.218.59:443 with timeout 0
09:35:45.289 [main] DEBUG org.apache.http.conn.ssl.SSLConnectionSocketFactory - Enabled protocols: [TLSv1.3, TLSv1.2, TLSv1.1, TLSv1]
09:35:45.289 [main] DEBUG org.apache.http.conn.ssl.SSLConnectionSocketFactory - Enabled cipher suites:[TLS_AES_128_GCM_SHA256, TLS_AES_256_GCM_SHA384, TLS_ECDHE_ECDSA_WITH_AES_256_GCM_SHA384, TLS_ECDHE_ECDSA_WITH_AES_128_GCM_SHA256, TLS_ECDHE_RSA_WITH_AES_256_GCM_SHA384, TLS_RSA_WITH_AES_256_GCM_SHA384, TLS_ECDH_ECDSA_WITH_AES_256_GCM_SHA384, TLS_ECDH_RSA_WITH_AES_256_GCM_SHA384, TLS_DHE_RSA_WITH_AES_256_GCM_SHA384, TLS_DHE_DSS_WITH_AES_256_GCM_SHA384, TLS_ECDHE_RSA_WITH_AES_128_GCM_SHA256, TLS_RSA_WITH_AES_128_GCM_SHA256, TLS_ECDH_ECDSA_WITH_AES_128_GCM_SHA256, TLS_ECDH_RSA_WITH_AES_128_GCM_SHA256, TLS_DHE_RSA_WITH_AES_128_GCM_SHA256, TLS_DHE_DSS_WITH_AES_128_GCM_SHA256, TLS_ECDHE_ECDSA_WITH_AES_256_CBC_SHA384, TLS_ECDHE_RSA_WITH_AES_256_CBC_SHA384, TLS_RSA_WITH_AES_256_CBC_SHA256, TLS_ECDH_ECDSA_WITH_AES_256_CBC_SHA384, TLS_ECDH_RSA_WITH_AES_256_CBC_SHA384, TLS_DHE_RSA_WITH_AES_256_CBC_SHA256, TLS_DHE_DSS_WITH_AES_256_CBC_SHA256, TLS_ECDHE_ECDSA_WITH_AES_256_CBC_SHA, TLS_ECDHE_RSA_WITH_AES_256_CBC_SHA, TLS_RSA_WITH_AES_256_CBC_SHA, TLS_ECDH_ECDSA_WITH_AES_256_CBC_SHA, TLS_ECDH_RSA_WITH_AES_256_CBC_SHA, TLS_DHE_RSA_WITH_AES_256_CBC_SHA, TLS_DHE_DSS_WITH_AES_256_CBC_SHA, TLS_ECDHE_ECDSA_WITH_AES_128_CBC_SHA256, TLS_ECDHE_RSA_WITH_AES_128_CBC_SHA256, TLS_RSA_WITH_AES_128_CBC_SHA256, TLS_ECDH_ECDSA_WITH_AES_128_CBC_SHA256, TLS_ECDH_RSA_WITH_AES_128_CBC_SHA256, TLS_DHE_RSA_WITH_AES_128_CBC_SHA256, TLS_DHE_DSS_WITH_AES_128_CBC_SHA256, TLS_ECDHE_ECDSA_WITH_AES_128_CBC_SHA, TLS_ECDHE_RSA_WITH_AES_128_CBC_SHA, TLS_RSA_WITH_AES_128_CBC_SHA, TLS_ECDH_ECDSA_WITH_AES_128_CBC_SHA, TLS_ECDH_RSA_WITH_AES_128_CBC_SHA, TLS_DHE_RSA_WITH_AES_128_CBC_SHA, TLS_DHE_DSS_WITH_AES_128_CBC_SHA, TLS_EMPTY_RENEGOTIATION_INFO_SCSV]
09:35:45.289 [main] DEBUG org.apache.http.conn.ssl.SSLConnectionSocketFactory - Starting handshake
09:35:45.383 [main] DEBUG org.apache.http.conn.ssl.SSLConnectionSocketFactory - Secure session established
09:35:45.383 [main] DEBUG org.apache.http.conn.ssl.SSLConnectionSocketFactory -  negotiated protocol: TLSv1.2
09:35:45.383 [main] DEBUG org.apache.http.conn.ssl.SSLConnectionSocketFactory -  negotiated cipher suite: TLS_ECDHE_RSA_WITH_AES_128_GCM_SHA256
09:35:45.383 [main] DEBUG org.apache.http.conn.ssl.SSLConnectionSocketFactory -  peer principal: CN=*.herokuapp.com
09:35:45.383 [main] DEBUG org.apache.http.conn.ssl.SSLConnectionSocketFactory -  peer alternative names: [*.herokuapp.com]
09:35:45.383 [main] DEBUG org.apache.http.conn.ssl.SSLConnectionSocketFactory -  issuer principal: CN=Amazon, OU=Server CA 1B, O=Amazon, C=US
09:35:45.383 [main] DEBUG org.apache.http.impl.conn.DefaultHttpClientConnectionOperator - Connection established 192.168.1.45:65004<->34.240.218.59:443
09:35:45.383 [main] DEBUG org.apache.http.impl.execchain.MainClientExec - Executing request GET /usuarios?username=null&password=null HTTP/1.1
09:35:45.383 [main] DEBUG org.apache.http.impl.execchain.MainClientExec - Target auth state: UNCHALLENGED
09:35:45.383 [main] DEBUG org.apache.http.impl.execchain.MainClientExec - Proxy auth state: UNCHALLENGED
09:35:45.383 [main] DEBUG org.apache.http.headers - http-outgoing-11 >> GET /usuarios?username=null&password=null HTTP/1.1
09:35:45.383 [main] DEBUG org.apache.http.headers - http-outgoing-11 >> Host: devopsmetrics.herokuapp.com
09:35:45.383 [main] DEBUG org.apache.http.headers - http-outgoing-11 >> Connection: Keep-Alive
09:35:45.383 [main] DEBUG org.apache.http.headers - http-outgoing-11 >> User-Agent: Apache-HttpClient/4.5.12 (Java/11.0.8)
09:35:45.383 [main] DEBUG org.apache.http.headers - http-outgoing-11 >> Accept-Encoding: gzip,deflate
09:35:45.383 [main] DEBUG org.apache.http.wire - http-outgoing-11 >> "GET /usuarios?username=null&password=null HTTP/1.1[\r][\n]"
09:35:45.383 [main] DEBUG org.apache.http.wire - http-outgoing-11 >> "Host: devopsmetrics.herokuapp.com[\r][\n]"
09:35:45.383 [main] DEBUG org.apache.http.wire - http-outgoing-11 >> "Connection: Keep-Alive[\r][\n]"
09:35:45.383 [main] DEBUG org.apache.http.wire - http-outgoing-11 >> "User-Agent: Apache-HttpClient/4.5.12 (Java/11.0.8)[\r][\n]"
09:35:45.383 [main] DEBUG org.apache.http.wire - http-outgoing-11 >> "Accept-Encoding: gzip,deflate[\r][\n]"
09:35:45.383 [main] DEBUG org.apache.http.wire - http-outgoing-11 >> "[\r][\n]"
09:35:45.462 [main] DEBUG org.apache.http.wire - http-outgoing-11 << "HTTP/1.1 500 [\r][\n]"
09:35:45.462 [main] DEBUG org.apache.http.wire - http-outgoing-11 << "Server: Cowboy[\r][\n]"
09:35:45.462 [main] DEBUG org.apache.http.wire - http-outgoing-11 << "Connection: keep-alive[\r][\n]"
09:35:45.462 [main] DEBUG org.apache.http.wire - http-outgoing-11 << "Vary: Origin[\r][\n]"
09:35:45.462 [main] DEBUG org.apache.http.wire - http-outgoing-11 << "Vary: Access-Control-Request-Method[\r][\n]"
09:35:45.462 [main] DEBUG org.apache.http.wire - http-outgoing-11 << "Vary: Access-Control-Request-Headers[\r][\n]"
09:35:45.462 [main] DEBUG org.apache.http.wire - http-outgoing-11 << "Content-Type: application/json[\r][\n]"
09:35:45.462 [main] DEBUG org.apache.http.wire - http-outgoing-11 << "Transfer-Encoding: chunked[\r][\n]"
09:35:45.462 [main] DEBUG org.apache.http.wire - http-outgoing-11 << "Date: Tue, 13 Jul 2021 07:35:44 GMT[\r][\n]"
09:35:45.462 [main] DEBUG org.apache.http.wire - http-outgoing-11 << "Via: 1.1 vegur[\r][\n]"
09:35:45.462 [main] DEBUG org.apache.http.wire - http-outgoing-11 << "[\r][\n]"
09:35:45.462 [main] DEBUG org.apache.http.headers - http-outgoing-11 << HTTP/1.1 500 
09:35:45.462 [main] DEBUG org.apache.http.headers - http-outgoing-11 << Server: Cowboy
09:35:45.462 [main] DEBUG org.apache.http.headers - http-outgoing-11 << Connection: keep-alive
09:35:45.462 [main] DEBUG org.apache.http.headers - http-outgoing-11 << Vary: Origin
09:35:45.462 [main] DEBUG org.apache.http.headers - http-outgoing-11 << Vary: Access-Control-Request-Method
09:35:45.462 [main] DEBUG org.apache.http.headers - http-outgoing-11 << Vary: Access-Control-Request-Headers
09:35:45.462 [main] DEBUG org.apache.http.headers - http-outgoing-11 << Content-Type: application/json
09:35:45.462 [main] DEBUG org.apache.http.headers - http-outgoing-11 << Transfer-Encoding: chunked
09:35:45.462 [main] DEBUG org.apache.http.headers - http-outgoing-11 << Date: Tue, 13 Jul 2021 07:35:44 GMT
09:35:45.462 [main] DEBUG org.apache.http.headers - http-outgoing-11 << Via: 1.1 vegur
09:35:45.462 [main] DEBUG org.apache.http.impl.execchain.MainClientExec - Connection can be kept alive indefinitely
09:35:45.463 [main] DEBUG org.apache.http.wire - http-outgoing-11 << "7a[\r][\n]"
09:35:45.463 [main] DEBUG org.apache.http.wire - http-outgoing-11 << "{"timestamp":"2021-07-13T07:35:45.485+00:00","status":500,"error":"Internal Server Error","message":"","path":"/usuarios"}[\r][\n]"
09:35:45.465 [main] DEBUG org.apache.http.wire - http-outgoing-11 << "0[\r][\n]"
09:35:45.466 [main] DEBUG org.apache.http.wire - http-outgoing-11 << "[\r][\n]"
09:35:45.466 [main] DEBUG org.apache.http.impl.conn.PoolingHttpClientConnectionManager - Connection [id: 11][route: {s}->https://devopsmetrics.herokuapp.com:443] can be kept alive indefinitely
09:35:45.466 [main] DEBUG org.apache.http.impl.conn.DefaultManagedHttpClientConnection - http-outgoing-11: set socket timeout to 0
09:35:45.466 [main] DEBUG org.apache.http.impl.conn.PoolingHttpClientConnectionManager - Connection released: [id: 11][route: {s}->https://devopsmetrics.herokuapp.com:443][total available: 1; route allocated: 1 of 2; total allocated: 1 of 20]
  Given user is logging in the system for getting all commits from a branch of a repository # edu.uclm.esi.devopsmetrics.bdd.stepdefinitions.GetCommitsBranchSteps.user_is_logging_in_the_system_for_getting_all_commits_from_a_branch_of_a_repository()
  When user is correct he requests all commits from a branch of a repository                # edu.uclm.esi.devopsmetrics.bdd.stepdefinitions.GetCommitsBranchSteps.user_is_correct_he_requests_all_commits_from_a_branch_of_a_repository()
      java.lang.NullPointerException
	at edu.uclm.esi.devopsmetrics.bdd.stepdefinitions.GetCommitsBranchSteps.user_is_correct_he_requests_all_commits_from_a_branch_of_a_repository(GetCommitsBranchSteps.java:63)
	at âœ½.user is correct he requests all commits from a branch of a repository(file:///C:/Users/Crespo/eclipse-workspace/devopsmetrics/src/test/resources/features/GetCommitsBranch.feature:5)

  Then the user gets all commits from a branch of a repository                              # edu.uclm.esi.devopsmetrics.bdd.stepdefinitions.GetCommitsBranchSteps.the_user_gets_all_commits_from_a_branch_of_a_repository()
09:35:45.467 [main] DEBUG org.springframework.test.context.cache.DefaultCacheAwareContextLoaderDelegate - Retrieved ApplicationContext [7395550] from cache with key [[MergedContextConfiguration@5ba03c82 testClass = TestRunner, locations = '{}', classes = '{}', contextInitializerClasses = '[]', activeProfiles = '{}', propertySourceLocations = '{}', propertySourceProperties = '{}', contextCustomizers = set[org.springframework.boot.test.context.filter.ExcludeFilterContextCustomizer@6a175569, org.springframework.boot.test.json.DuplicateJsonObjectContextCustomizerFactory$DuplicateJsonObjectContextCustomizer@11ee02f8, org.springframework.boot.test.mock.mockito.MockitoContextCustomizer@0, org.springframework.boot.test.autoconfigure.properties.PropertyMappingContextCustomizer@0, org.springframework.boot.test.autoconfigure.web.servlet.WebDriverContextCustomizerFactory$Customizer@159e366], contextLoader = 'org.springframework.test.context.support.DelegatingSmartContextLoader', parent = [null]]]
09:35:45.467 [main] DEBUG org.springframework.test.context.cache - Spring test ApplicationContext cache statistics: [DefaultContextCache@42c2f48c size = 1, maxSize = 32, parentContextCount = 0, hitCount = 35, missCount = 1]
09:35:45.467 [main] DEBUG org.springframework.test.context.support.AbstractDirtiesContextTestExecutionListener - After test class: context [DefaultTestContext@7ab1127c testClass = TestRunner, testInstance = [null], testMethod = [null], testException = [null], mergedContextConfiguration = [MergedContextConfiguration@5ba03c82 testClass = TestRunner, locations = '{}', classes = '{}', contextInitializerClasses = '[]', activeProfiles = '{}', propertySourceLocations = '{}', propertySourceProperties = '{}', contextCustomizers = set[org.springframework.boot.test.context.filter.ExcludeFilterContextCustomizer@6a175569, org.springframework.boot.test.json.DuplicateJsonObjectContextCustomizerFactory$DuplicateJsonObjectContextCustomizer@11ee02f8, org.springframework.boot.test.mock.mockito.MockitoContextCustomizer@0, org.springframework.boot.test.autoconfigure.properties.PropertyMappingContextCustomizer@0, org.springframework.boot.test.autoconfigure.web.servlet.WebDriverContextCustomizerFactory$Customizer@159e366], contextLoader = 'org.springframework.test.context.support.DelegatingSmartContextLoader', parent = [null]], attributes = map[[empty]]], class annotated with @DirtiesContext [false] with mode [null].
]]></system-out>
  </testcase>
  <testcase name="{feature to test the function to get all commits from a branch of a repository by the author}" classname="edu.uclm.esi.devopsmetrics.bdd.TestRunner" time="0.24">
    <error type="java.lang.NullPointerException">java.lang.NullPointerException
</error>
    <system-out><![CDATA[09:35:45.467 [main] DEBUG org.springframework.test.context.BootstrapUtils - Instantiating CacheAwareContextLoaderDelegate from class [org.springframework.test.context.cache.DefaultCacheAwareContextLoaderDelegate]
09:35:45.468 [main] DEBUG org.springframework.test.context.BootstrapUtils - Instantiating BootstrapContext using constructor [public org.springframework.test.context.support.DefaultBootstrapContext(java.lang.Class,org.springframework.test.context.CacheAwareContextLoaderDelegate)]
09:35:45.468 [main] DEBUG org.springframework.test.context.BootstrapUtils - Instantiating TestContextBootstrapper for test class [edu.uclm.esi.devopsmetrics.bdd.TestRunner] from class [org.springframework.test.context.support.DefaultTestContextBootstrapper]
09:35:45.468 [main] INFO org.springframework.test.context.support.DefaultTestContextBootstrapper - Neither @ContextConfiguration nor @ContextHierarchy found for test class [edu.uclm.esi.devopsmetrics.bdd.TestRunner], using DelegatingSmartContextLoader
09:35:45.468 [main] DEBUG org.springframework.test.context.support.AbstractDelegatingSmartContextLoader - Delegating to GenericXmlContextLoader to process context configuration [ContextConfigurationAttributes@41fa769c declaringClass = 'edu.uclm.esi.devopsmetrics.bdd.TestRunner', classes = '{}', locations = '{}', inheritLocations = false, initializers = '{}', inheritInitializers = true, name = [null], contextLoaderClass = 'org.springframework.test.context.ContextLoader'].
09:35:45.468 [main] DEBUG org.springframework.test.context.support.AbstractContextLoader - Did not detect default resource location for test class [edu.uclm.esi.devopsmetrics.bdd.TestRunner]: class path resource [edu/uclm/esi/devopsmetrics/bdd/TestRunner-context.xml] does not exist
09:35:45.468 [main] INFO org.springframework.test.context.support.AbstractContextLoader - Could not detect default resource locations for test class [edu.uclm.esi.devopsmetrics.bdd.TestRunner]: no resource found for suffixes {-context.xml}.
09:35:45.468 [main] DEBUG org.springframework.test.context.support.AbstractDelegatingSmartContextLoader - Delegating to AnnotationConfigContextLoader to process context configuration [ContextConfigurationAttributes@41fa769c declaringClass = 'edu.uclm.esi.devopsmetrics.bdd.TestRunner', classes = '{}', locations = '{}', inheritLocations = false, initializers = '{}', inheritInitializers = true, name = [null], contextLoaderClass = 'org.springframework.test.context.ContextLoader'].
09:35:45.468 [main] INFO org.springframework.test.context.support.AnnotationConfigContextLoaderUtils - Could not detect default configuration classes for test class [edu.uclm.esi.devopsmetrics.bdd.TestRunner]: TestRunner does not declare any static, non-private, non-final, nested classes annotated with @Configuration.
09:35:45.469 [main] DEBUG org.springframework.test.context.support.ActiveProfilesUtils - Could not find an 'annotation declaring class' for annotation type [org.springframework.test.context.ActiveProfiles] and class [edu.uclm.esi.devopsmetrics.bdd.TestRunner]
09:35:45.469 [main] DEBUG org.springframework.test.context.support.DefaultTestContextBootstrapper - @TestExecutionListeners is not present for class [edu.uclm.esi.devopsmetrics.bdd.TestRunner]: using defaults.
09:35:45.469 [main] INFO org.springframework.test.context.support.DefaultTestContextBootstrapper - Loaded default TestExecutionListener class names from location [META-INF/spring.factories]: [org.springframework.boot.test.mock.mockito.MockitoTestExecutionListener, org.springframework.boot.test.mock.mockito.ResetMocksTestExecutionListener, org.springframework.boot.test.autoconfigure.restdocs.RestDocsTestExecutionListener, org.springframework.boot.test.autoconfigure.web.client.MockRestServiceServerResetTestExecutionListener, org.springframework.boot.test.autoconfigure.web.servlet.MockMvcPrintOnlyOnFailureTestExecutionListener, org.springframework.boot.test.autoconfigure.web.servlet.WebDriverTestExecutionListener, org.springframework.boot.test.autoconfigure.webservices.client.MockWebServiceServerTestExecutionListener, org.springframework.test.context.web.ServletTestExecutionListener, org.springframework.test.context.support.DirtiesContextBeforeModesTestExecutionListener, org.springframework.test.context.support.DependencyInjectionTestExecutionListener, org.springframework.test.context.support.DirtiesContextTestExecutionListener, org.springframework.test.context.transaction.TransactionalTestExecutionListener, org.springframework.test.context.jdbc.SqlScriptsTestExecutionListener, org.springframework.test.context.event.EventPublishingTestExecutionListener]
09:35:45.469 [main] INFO org.springframework.test.context.support.DefaultTestContextBootstrapper - Using TestExecutionListeners: [org.springframework.test.context.web.ServletTestExecutionListener@40113163, org.springframework.test.context.support.DirtiesContextBeforeModesTestExecutionListener@71a3e05c, org.springframework.boot.test.mock.mockito.MockitoTestExecutionListener@39c85c1a, org.springframework.test.context.support.DependencyInjectionTestExecutionListener@2b148329, org.springframework.test.context.support.DirtiesContextTestExecutionListener@62c72501, org.springframework.test.context.transaction.TransactionalTestExecutionListener@c889805, org.springframework.test.context.jdbc.SqlScriptsTestExecutionListener@77db3d02, org.springframework.test.context.event.EventPublishingTestExecutionListener@78d9f51b, org.springframework.boot.test.mock.mockito.ResetMocksTestExecutionListener@23ed382c, org.springframework.boot.test.autoconfigure.restdocs.RestDocsTestExecutionListener@6bedd4e4, org.springframework.boot.test.autoconfigure.web.client.MockRestServiceServerResetTestExecutionListener@4570d7b6, org.springframework.boot.test.autoconfigure.web.servlet.MockMvcPrintOnlyOnFailureTestExecutionListener@72b6832e, org.springframework.boot.test.autoconfigure.web.servlet.WebDriverTestExecutionListener@3850e90c, org.springframework.boot.test.autoconfigure.webservices.client.MockWebServiceServerTestExecutionListener@3d9f5016]
09:35:45.470 [main] DEBUG org.springframework.test.context.cache.DefaultCacheAwareContextLoaderDelegate - Retrieved ApplicationContext [7395550] from cache with key [[MergedContextConfiguration@7e91ed74 testClass = TestRunner, locations = '{}', classes = '{}', contextInitializerClasses = '[]', activeProfiles = '{}', propertySourceLocations = '{}', propertySourceProperties = '{}', contextCustomizers = set[org.springframework.boot.test.context.filter.ExcludeFilterContextCustomizer@6a175569, org.springframework.boot.test.json.DuplicateJsonObjectContextCustomizerFactory$DuplicateJsonObjectContextCustomizer@11ee02f8, org.springframework.boot.test.mock.mockito.MockitoContextCustomizer@0, org.springframework.boot.test.autoconfigure.properties.PropertyMappingContextCustomizer@0, org.springframework.boot.test.autoconfigure.web.servlet.WebDriverContextCustomizerFactory$Customizer@159e366], contextLoader = 'org.springframework.test.context.support.DelegatingSmartContextLoader', parent = [null]]]
09:35:45.470 [main] DEBUG org.springframework.test.context.cache - Spring test ApplicationContext cache statistics: [DefaultContextCache@42c2f48c size = 1, maxSize = 32, parentContextCount = 0, hitCount = 36, missCount = 1]
09:35:45.470 [main] DEBUG org.springframework.beans.factory.support.DefaultListableBeanFactory - Replacing scope 'cucumber-glue' from [io.cucumber.spring.CucumberScenarioScope@60df7989] to [io.cucumber.spring.CucumberScenarioScope@3878be7b]
09:35:45.470 [main] DEBUG org.springframework.test.context.support.AbstractDirtiesContextTestExecutionListener - Before test class: context [DefaultTestContext@7df28f1 testClass = TestRunner, testInstance = [null], testMethod = [null], testException = [null], mergedContextConfiguration = [MergedContextConfiguration@7e91ed74 testClass = TestRunner, locations = '{}', classes = '{}', contextInitializerClasses = '[]', activeProfiles = '{}', propertySourceLocations = '{}', propertySourceProperties = '{}', contextCustomizers = set[org.springframework.boot.test.context.filter.ExcludeFilterContextCustomizer@6a175569, org.springframework.boot.test.json.DuplicateJsonObjectContextCustomizerFactory$DuplicateJsonObjectContextCustomizer@11ee02f8, org.springframework.boot.test.mock.mockito.MockitoContextCustomizer@0, org.springframework.boot.test.autoconfigure.properties.PropertyMappingContextCustomizer@0, org.springframework.boot.test.autoconfigure.web.servlet.WebDriverContextCustomizerFactory$Customizer@159e366], contextLoader = 'org.springframework.test.context.support.DelegatingSmartContextLoader', parent = [null]], attributes = map[[empty]]], class annotated with @DirtiesContext [false] with mode [null].
09:35:45.470 [main] DEBUG org.springframework.test.context.cache.DefaultCacheAwareContextLoaderDelegate - Retrieved ApplicationContext [7395550] from cache with key [[MergedContextConfiguration@7e91ed74 testClass = TestRunner, locations = '{}', classes = '{}', contextInitializerClasses = '[]', activeProfiles = '{}', propertySourceLocations = '{}', propertySourceProperties = '{}', contextCustomizers = set[org.springframework.boot.test.context.filter.ExcludeFilterContextCustomizer@6a175569, org.springframework.boot.test.json.DuplicateJsonObjectContextCustomizerFactory$DuplicateJsonObjectContextCustomizer@11ee02f8, org.springframework.boot.test.mock.mockito.MockitoContextCustomizer@0, org.springframework.boot.test.autoconfigure.properties.PropertyMappingContextCustomizer@0, org.springframework.boot.test.autoconfigure.web.servlet.WebDriverContextCustomizerFactory$Customizer@159e366], contextLoader = 'org.springframework.test.context.support.DelegatingSmartContextLoader', parent = [null]]]
09:35:45.470 [main] DEBUG org.springframework.test.context.cache - Spring test ApplicationContext cache statistics: [DefaultContextCache@42c2f48c size = 1, maxSize = 32, parentContextCount = 0, hitCount = 37, missCount = 1]

Scenario:                                                                                                 # src/test/resources/features/GetCommitsBranchAuthor.feature:3
09:35:45.483 [main] DEBUG org.apache.http.client.protocol.RequestAddCookies - CookieSpec selected: default
09:35:45.483 [main] DEBUG org.apache.http.client.protocol.RequestAuthCache - Auth cache not set in the context
09:35:45.483 [main] DEBUG org.apache.http.impl.conn.PoolingHttpClientConnectionManager - Connection request: [route: {s}->https://devopsmetrics.herokuapp.com:443][total available: 0; route allocated: 0 of 2; total allocated: 0 of 20]
09:35:45.483 [main] DEBUG org.apache.http.impl.conn.PoolingHttpClientConnectionManager - Connection leased: [id: 12][route: {s}->https://devopsmetrics.herokuapp.com:443][total available: 0; route allocated: 1 of 2; total allocated: 1 of 20]
09:35:45.483 [main] DEBUG org.apache.http.impl.execchain.MainClientExec - Opening connection {s}->https://devopsmetrics.herokuapp.com:443
09:35:45.484 [main] DEBUG org.apache.http.impl.conn.DefaultHttpClientConnectionOperator - Connecting to devopsmetrics.herokuapp.com/34.240.218.59:443
09:35:45.484 [main] DEBUG org.apache.http.conn.ssl.SSLConnectionSocketFactory - Connecting socket to devopsmetrics.herokuapp.com/34.240.218.59:443 with timeout 0
09:35:45.525 [main] DEBUG org.apache.http.conn.ssl.SSLConnectionSocketFactory - Enabled protocols: [TLSv1.3, TLSv1.2, TLSv1.1, TLSv1]
09:35:45.525 [main] DEBUG org.apache.http.conn.ssl.SSLConnectionSocketFactory - Enabled cipher suites:[TLS_AES_128_GCM_SHA256, TLS_AES_256_GCM_SHA384, TLS_ECDHE_ECDSA_WITH_AES_256_GCM_SHA384, TLS_ECDHE_ECDSA_WITH_AES_128_GCM_SHA256, TLS_ECDHE_RSA_WITH_AES_256_GCM_SHA384, TLS_RSA_WITH_AES_256_GCM_SHA384, TLS_ECDH_ECDSA_WITH_AES_256_GCM_SHA384, TLS_ECDH_RSA_WITH_AES_256_GCM_SHA384, TLS_DHE_RSA_WITH_AES_256_GCM_SHA384, TLS_DHE_DSS_WITH_AES_256_GCM_SHA384, TLS_ECDHE_RSA_WITH_AES_128_GCM_SHA256, TLS_RSA_WITH_AES_128_GCM_SHA256, TLS_ECDH_ECDSA_WITH_AES_128_GCM_SHA256, TLS_ECDH_RSA_WITH_AES_128_GCM_SHA256, TLS_DHE_RSA_WITH_AES_128_GCM_SHA256, TLS_DHE_DSS_WITH_AES_128_GCM_SHA256, TLS_ECDHE_ECDSA_WITH_AES_256_CBC_SHA384, TLS_ECDHE_RSA_WITH_AES_256_CBC_SHA384, TLS_RSA_WITH_AES_256_CBC_SHA256, TLS_ECDH_ECDSA_WITH_AES_256_CBC_SHA384, TLS_ECDH_RSA_WITH_AES_256_CBC_SHA384, TLS_DHE_RSA_WITH_AES_256_CBC_SHA256, TLS_DHE_DSS_WITH_AES_256_CBC_SHA256, TLS_ECDHE_ECDSA_WITH_AES_256_CBC_SHA, TLS_ECDHE_RSA_WITH_AES_256_CBC_SHA, TLS_RSA_WITH_AES_256_CBC_SHA, TLS_ECDH_ECDSA_WITH_AES_256_CBC_SHA, TLS_ECDH_RSA_WITH_AES_256_CBC_SHA, TLS_DHE_RSA_WITH_AES_256_CBC_SHA, TLS_DHE_DSS_WITH_AES_256_CBC_SHA, TLS_ECDHE_ECDSA_WITH_AES_128_CBC_SHA256, TLS_ECDHE_RSA_WITH_AES_128_CBC_SHA256, TLS_RSA_WITH_AES_128_CBC_SHA256, TLS_ECDH_ECDSA_WITH_AES_128_CBC_SHA256, TLS_ECDH_RSA_WITH_AES_128_CBC_SHA256, TLS_DHE_RSA_WITH_AES_128_CBC_SHA256, TLS_DHE_DSS_WITH_AES_128_CBC_SHA256, TLS_ECDHE_ECDSA_WITH_AES_128_CBC_SHA, TLS_ECDHE_RSA_WITH_AES_128_CBC_SHA, TLS_RSA_WITH_AES_128_CBC_SHA, TLS_ECDH_ECDSA_WITH_AES_128_CBC_SHA, TLS_ECDH_RSA_WITH_AES_128_CBC_SHA, TLS_DHE_RSA_WITH_AES_128_CBC_SHA, TLS_DHE_DSS_WITH_AES_128_CBC_SHA, TLS_EMPTY_RENEGOTIATION_INFO_SCSV]
09:35:45.525 [main] DEBUG org.apache.http.conn.ssl.SSLConnectionSocketFactory - Starting handshake
09:35:45.615 [main] DEBUG org.apache.http.conn.ssl.SSLConnectionSocketFactory - Secure session established
09:35:45.615 [main] DEBUG org.apache.http.conn.ssl.SSLConnectionSocketFactory -  negotiated protocol: TLSv1.2
09:35:45.615 [main] DEBUG org.apache.http.conn.ssl.SSLConnectionSocketFactory -  negotiated cipher suite: TLS_ECDHE_RSA_WITH_AES_128_GCM_SHA256
09:35:45.615 [main] DEBUG org.apache.http.conn.ssl.SSLConnectionSocketFactory -  peer principal: CN=*.herokuapp.com
09:35:45.615 [main] DEBUG org.apache.http.conn.ssl.SSLConnectionSocketFactory -  peer alternative names: [*.herokuapp.com]
09:35:45.615 [main] DEBUG org.apache.http.conn.ssl.SSLConnectionSocketFactory -  issuer principal: CN=Amazon, OU=Server CA 1B, O=Amazon, C=US
09:35:45.616 [main] DEBUG org.apache.http.impl.conn.DefaultHttpClientConnectionOperator - Connection established 192.168.1.45:65005<->34.240.218.59:443
09:35:45.616 [main] DEBUG org.apache.http.impl.execchain.MainClientExec - Executing request GET /usuarios?username=null&password=null HTTP/1.1
09:35:45.616 [main] DEBUG org.apache.http.impl.execchain.MainClientExec - Target auth state: UNCHALLENGED
09:35:45.616 [main] DEBUG org.apache.http.impl.execchain.MainClientExec - Proxy auth state: UNCHALLENGED
09:35:45.616 [main] DEBUG org.apache.http.headers - http-outgoing-12 >> GET /usuarios?username=null&password=null HTTP/1.1
09:35:45.616 [main] DEBUG org.apache.http.headers - http-outgoing-12 >> Host: devopsmetrics.herokuapp.com
09:35:45.616 [main] DEBUG org.apache.http.headers - http-outgoing-12 >> Connection: Keep-Alive
09:35:45.616 [main] DEBUG org.apache.http.headers - http-outgoing-12 >> User-Agent: Apache-HttpClient/4.5.12 (Java/11.0.8)
09:35:45.616 [main] DEBUG org.apache.http.headers - http-outgoing-12 >> Accept-Encoding: gzip,deflate
09:35:45.616 [main] DEBUG org.apache.http.wire - http-outgoing-12 >> "GET /usuarios?username=null&password=null HTTP/1.1[\r][\n]"
09:35:45.616 [main] DEBUG org.apache.http.wire - http-outgoing-12 >> "Host: devopsmetrics.herokuapp.com[\r][\n]"
09:35:45.616 [main] DEBUG org.apache.http.wire - http-outgoing-12 >> "Connection: Keep-Alive[\r][\n]"
09:35:45.616 [main] DEBUG org.apache.http.wire - http-outgoing-12 >> "User-Agent: Apache-HttpClient/4.5.12 (Java/11.0.8)[\r][\n]"
09:35:45.616 [main] DEBUG org.apache.http.wire - http-outgoing-12 >> "Accept-Encoding: gzip,deflate[\r][\n]"
09:35:45.616 [main] DEBUG org.apache.http.wire - http-outgoing-12 >> "[\r][\n]"
09:35:45.698 [main] DEBUG org.apache.http.wire - http-outgoing-12 << "HTTP/1.1 500 [\r][\n]"
09:35:45.698 [main] DEBUG org.apache.http.wire - http-outgoing-12 << "Server: Cowboy[\r][\n]"
09:35:45.698 [main] DEBUG org.apache.http.wire - http-outgoing-12 << "Connection: keep-alive[\r][\n]"
09:35:45.698 [main] DEBUG org.apache.http.wire - http-outgoing-12 << "Vary: Origin[\r][\n]"
09:35:45.698 [main] DEBUG org.apache.http.wire - http-outgoing-12 << "Vary: Access-Control-Request-Method[\r][\n]"
09:35:45.698 [main] DEBUG org.apache.http.wire - http-outgoing-12 << "Vary: Access-Control-Request-Headers[\r][\n]"
09:35:45.698 [main] DEBUG org.apache.http.wire - http-outgoing-12 << "Content-Type: application/json[\r][\n]"
09:35:45.699 [main] DEBUG org.apache.http.wire - http-outgoing-12 << "Transfer-Encoding: chunked[\r][\n]"
09:35:45.699 [main] DEBUG org.apache.http.wire - http-outgoing-12 << "Date: Tue, 13 Jul 2021 07:35:45 GMT[\r][\n]"
09:35:45.699 [main] DEBUG org.apache.http.wire - http-outgoing-12 << "Via: 1.1 vegur[\r][\n]"
09:35:45.699 [main] DEBUG org.apache.http.wire - http-outgoing-12 << "[\r][\n]"
09:35:45.699 [main] DEBUG org.apache.http.headers - http-outgoing-12 << HTTP/1.1 500 
09:35:45.699 [main] DEBUG org.apache.http.headers - http-outgoing-12 << Server: Cowboy
09:35:45.699 [main] DEBUG org.apache.http.headers - http-outgoing-12 << Connection: keep-alive
09:35:45.699 [main] DEBUG org.apache.http.headers - http-outgoing-12 << Vary: Origin
09:35:45.699 [main] DEBUG org.apache.http.headers - http-outgoing-12 << Vary: Access-Control-Request-Method
09:35:45.699 [main] DEBUG org.apache.http.headers - http-outgoing-12 << Vary: Access-Control-Request-Headers
09:35:45.699 [main] DEBUG org.apache.http.headers - http-outgoing-12 << Content-Type: application/json
09:35:45.699 [main] DEBUG org.apache.http.headers - http-outgoing-12 << Transfer-Encoding: chunked
09:35:45.699 [main] DEBUG org.apache.http.headers - http-outgoing-12 << Date: Tue, 13 Jul 2021 07:35:45 GMT
09:35:45.699 [main] DEBUG org.apache.http.headers - http-outgoing-12 << Via: 1.1 vegur
09:35:45.699 [main] DEBUG org.apache.http.impl.execchain.MainClientExec - Connection can be kept alive indefinitely
09:35:45.699 [main] DEBUG org.apache.http.wire - http-outgoing-12 << "7a[\r][\n]"
09:35:45.699 [main] DEBUG org.apache.http.wire - http-outgoing-12 << "{"timestamp":"2021-07-13T07:35:45.724+00:00","status":500,"error":"Internal Server Error","message":"","path":"/usuarios"}[\r][\n]"
09:35:45.699 [main] DEBUG org.apache.http.wire - http-outgoing-12 << "0[\r][\n]"
09:35:45.699 [main] DEBUG org.apache.http.wire - http-outgoing-12 << "[\r][\n]"
09:35:45.699 [main] DEBUG org.apache.http.impl.conn.PoolingHttpClientConnectionManager - Connection [id: 12][route: {s}->https://devopsmetrics.herokuapp.com:443] can be kept alive indefinitely
09:35:45.699 [main] DEBUG org.apache.http.impl.conn.DefaultManagedHttpClientConnection - http-outgoing-12: set socket timeout to 0
09:35:45.700 [main] DEBUG org.apache.http.impl.conn.PoolingHttpClientConnectionManager - Connection released: [id: 12][route: {s}->https://devopsmetrics.herokuapp.com:443][total available: 1; route allocated: 1 of 2; total allocated: 1 of 20]
  Given user is logging in the system for getting all commits from a branch of a repository by the author # edu.uclm.esi.devopsmetrics.bdd.stepdefinitions.GetCommitsBranchAuthorSteps.user_is_logging_in_the_system_for_getting_all_commits_from_a_branch_of_a_repository_by_the_author()
  When user is correct he requests all commits from a branch of a repository by the author                # edu.uclm.esi.devopsmetrics.bdd.stepdefinitions.GetCommitsBranchAuthorSteps.user_is_correct_he_requests_all_commits_from_a_branch_of_a_repository_by_the_author()
      java.lang.NullPointerException
	at edu.uclm.esi.devopsmetrics.bdd.stepdefinitions.GetCommitsBranchAuthorSteps.user_is_correct_he_requests_all_commits_from_a_branch_of_a_repository_by_the_author(GetCommitsBranchAuthorSteps.java:62)
	at âœ½.user is correct he requests all commits from a branch of a repository by the author(file:///C:/Users/Crespo/eclipse-workspace/devopsmetrics/src/test/resources/features/GetCommitsBranchAuthor.feature:5)

  Then the user gets all commits from a branch of a repository by the author                              # edu.uclm.esi.devopsmetrics.bdd.stepdefinitions.GetCommitsBranchAuthorSteps.the_user_gets_all_commits_from_a_branch_of_a_repository_by_the_author()
09:35:45.702 [main] DEBUG org.springframework.test.context.cache.DefaultCacheAwareContextLoaderDelegate - Retrieved ApplicationContext [7395550] from cache with key [[MergedContextConfiguration@7e91ed74 testClass = TestRunner, locations = '{}', classes = '{}', contextInitializerClasses = '[]', activeProfiles = '{}', propertySourceLocations = '{}', propertySourceProperties = '{}', contextCustomizers = set[org.springframework.boot.test.context.filter.ExcludeFilterContextCustomizer@6a175569, org.springframework.boot.test.json.DuplicateJsonObjectContextCustomizerFactory$DuplicateJsonObjectContextCustomizer@11ee02f8, org.springframework.boot.test.mock.mockito.MockitoContextCustomizer@0, org.springframework.boot.test.autoconfigure.properties.PropertyMappingContextCustomizer@0, org.springframework.boot.test.autoconfigure.web.servlet.WebDriverContextCustomizerFactory$Customizer@159e366], contextLoader = 'org.springframework.test.context.support.DelegatingSmartContextLoader', parent = [null]]]
09:35:45.702 [main] DEBUG org.springframework.test.context.cache - Spring test ApplicationContext cache statistics: [DefaultContextCache@42c2f48c size = 1, maxSize = 32, parentContextCount = 0, hitCount = 38, missCount = 1]
09:35:45.702 [main] DEBUG org.springframework.test.context.support.AbstractDirtiesContextTestExecutionListener - After test class: context [DefaultTestContext@7df28f1 testClass = TestRunner, testInstance = [null], testMethod = [null], testException = [null], mergedContextConfiguration = [MergedContextConfiguration@7e91ed74 testClass = TestRunner, locations = '{}', classes = '{}', contextInitializerClasses = '[]', activeProfiles = '{}', propertySourceLocations = '{}', propertySourceProperties = '{}', contextCustomizers = set[org.springframework.boot.test.context.filter.ExcludeFilterContextCustomizer@6a175569, org.springframework.boot.test.json.DuplicateJsonObjectContextCustomizerFactory$DuplicateJsonObjectContextCustomizer@11ee02f8, org.springframework.boot.test.mock.mockito.MockitoContextCustomizer@0, org.springframework.boot.test.autoconfigure.properties.PropertyMappingContextCustomizer@0, org.springframework.boot.test.autoconfigure.web.servlet.WebDriverContextCustomizerFactory$Customizer@159e366], contextLoader = 'org.springframework.test.context.support.DelegatingSmartContextLoader', parent = [null]], attributes = map[[empty]]], class annotated with @DirtiesContext [false] with mode [null].
]]></system-out>
  </testcase>
  <testcase name="{feature to test the function to get all commits from a branch of a repository between a date}" classname="edu.uclm.esi.devopsmetrics.bdd.TestRunner" time="0.259">
    <error type="java.lang.NullPointerException">java.lang.NullPointerException
</error>
    <system-out><![CDATA[09:35:45.703 [main] DEBUG org.springframework.test.context.BootstrapUtils - Instantiating CacheAwareContextLoaderDelegate from class [org.springframework.test.context.cache.DefaultCacheAwareContextLoaderDelegate]
09:35:45.704 [main] DEBUG org.springframework.test.context.BootstrapUtils - Instantiating BootstrapContext using constructor [public org.springframework.test.context.support.DefaultBootstrapContext(java.lang.Class,org.springframework.test.context.CacheAwareContextLoaderDelegate)]
09:35:45.704 [main] DEBUG org.springframework.test.context.BootstrapUtils - Instantiating TestContextBootstrapper for test class [edu.uclm.esi.devopsmetrics.bdd.TestRunner] from class [org.springframework.test.context.support.DefaultTestContextBootstrapper]
09:35:45.704 [main] INFO org.springframework.test.context.support.DefaultTestContextBootstrapper - Neither @ContextConfiguration nor @ContextHierarchy found for test class [edu.uclm.esi.devopsmetrics.bdd.TestRunner], using DelegatingSmartContextLoader
09:35:45.704 [main] DEBUG org.springframework.test.context.support.AbstractDelegatingSmartContextLoader - Delegating to GenericXmlContextLoader to process context configuration [ContextConfigurationAttributes@5426cb36 declaringClass = 'edu.uclm.esi.devopsmetrics.bdd.TestRunner', classes = '{}', locations = '{}', inheritLocations = false, initializers = '{}', inheritInitializers = true, name = [null], contextLoaderClass = 'org.springframework.test.context.ContextLoader'].
09:35:45.705 [main] DEBUG org.springframework.test.context.support.AbstractContextLoader - Did not detect default resource location for test class [edu.uclm.esi.devopsmetrics.bdd.TestRunner]: class path resource [edu/uclm/esi/devopsmetrics/bdd/TestRunner-context.xml] does not exist
09:35:45.705 [main] INFO org.springframework.test.context.support.AbstractContextLoader - Could not detect default resource locations for test class [edu.uclm.esi.devopsmetrics.bdd.TestRunner]: no resource found for suffixes {-context.xml}.
09:35:45.705 [main] DEBUG org.springframework.test.context.support.AbstractDelegatingSmartContextLoader - Delegating to AnnotationConfigContextLoader to process context configuration [ContextConfigurationAttributes@5426cb36 declaringClass = 'edu.uclm.esi.devopsmetrics.bdd.TestRunner', classes = '{}', locations = '{}', inheritLocations = false, initializers = '{}', inheritInitializers = true, name = [null], contextLoaderClass = 'org.springframework.test.context.ContextLoader'].
09:35:45.705 [main] INFO org.springframework.test.context.support.AnnotationConfigContextLoaderUtils - Could not detect default configuration classes for test class [edu.uclm.esi.devopsmetrics.bdd.TestRunner]: TestRunner does not declare any static, non-private, non-final, nested classes annotated with @Configuration.
09:35:45.707 [main] DEBUG org.springframework.test.context.support.ActiveProfilesUtils - Could not find an 'annotation declaring class' for annotation type [org.springframework.test.context.ActiveProfiles] and class [edu.uclm.esi.devopsmetrics.bdd.TestRunner]
09:35:45.707 [main] DEBUG org.springframework.test.context.support.DefaultTestContextBootstrapper - @TestExecutionListeners is not present for class [edu.uclm.esi.devopsmetrics.bdd.TestRunner]: using defaults.
09:35:45.707 [main] INFO org.springframework.test.context.support.DefaultTestContextBootstrapper - Loaded default TestExecutionListener class names from location [META-INF/spring.factories]: [org.springframework.boot.test.mock.mockito.MockitoTestExecutionListener, org.springframework.boot.test.mock.mockito.ResetMocksTestExecutionListener, org.springframework.boot.test.autoconfigure.restdocs.RestDocsTestExecutionListener, org.springframework.boot.test.autoconfigure.web.client.MockRestServiceServerResetTestExecutionListener, org.springframework.boot.test.autoconfigure.web.servlet.MockMvcPrintOnlyOnFailureTestExecutionListener, org.springframework.boot.test.autoconfigure.web.servlet.WebDriverTestExecutionListener, org.springframework.boot.test.autoconfigure.webservices.client.MockWebServiceServerTestExecutionListener, org.springframework.test.context.web.ServletTestExecutionListener, org.springframework.test.context.support.DirtiesContextBeforeModesTestExecutionListener, org.springframework.test.context.support.DependencyInjectionTestExecutionListener, org.springframework.test.context.support.DirtiesContextTestExecutionListener, org.springframework.test.context.transaction.TransactionalTestExecutionListener, org.springframework.test.context.jdbc.SqlScriptsTestExecutionListener, org.springframework.test.context.event.EventPublishingTestExecutionListener]
09:35:45.707 [main] INFO org.springframework.test.context.support.DefaultTestContextBootstrapper - Using TestExecutionListeners: [org.springframework.test.context.web.ServletTestExecutionListener@65e22def, org.springframework.test.context.support.DirtiesContextBeforeModesTestExecutionListener@4b1ec694, org.springframework.boot.test.mock.mockito.MockitoTestExecutionListener@3d299393, org.springframework.test.context.support.DependencyInjectionTestExecutionListener@5f34907b, org.springframework.test.context.support.DirtiesContextTestExecutionListener@2b4d4327, org.springframework.test.context.transaction.TransactionalTestExecutionListener@16da1abc, org.springframework.test.context.jdbc.SqlScriptsTestExecutionListener@671ea6ff, org.springframework.test.context.event.EventPublishingTestExecutionListener@1c52552f, org.springframework.boot.test.mock.mockito.ResetMocksTestExecutionListener@5dc769f9, org.springframework.boot.test.autoconfigure.restdocs.RestDocsTestExecutionListener@1b0e9707, org.springframework.boot.test.autoconfigure.web.client.MockRestServiceServerResetTestExecutionListener@9b5f3c7, org.springframework.boot.test.autoconfigure.web.servlet.MockMvcPrintOnlyOnFailureTestExecutionListener@74024f3, org.springframework.boot.test.autoconfigure.web.servlet.WebDriverTestExecutionListener@61ae0d43, org.springframework.boot.test.autoconfigure.webservices.client.MockWebServiceServerTestExecutionListener@ef718de]
09:35:45.708 [main] DEBUG org.springframework.test.context.cache.DefaultCacheAwareContextLoaderDelegate - Retrieved ApplicationContext [7395550] from cache with key [[MergedContextConfiguration@287ae90c testClass = TestRunner, locations = '{}', classes = '{}', contextInitializerClasses = '[]', activeProfiles = '{}', propertySourceLocations = '{}', propertySourceProperties = '{}', contextCustomizers = set[org.springframework.boot.test.context.filter.ExcludeFilterContextCustomizer@6a175569, org.springframework.boot.test.json.DuplicateJsonObjectContextCustomizerFactory$DuplicateJsonObjectContextCustomizer@11ee02f8, org.springframework.boot.test.mock.mockito.MockitoContextCustomizer@0, org.springframework.boot.test.autoconfigure.properties.PropertyMappingContextCustomizer@0, org.springframework.boot.test.autoconfigure.web.servlet.WebDriverContextCustomizerFactory$Customizer@159e366], contextLoader = 'org.springframework.test.context.support.DelegatingSmartContextLoader', parent = [null]]]
09:35:45.708 [main] DEBUG org.springframework.test.context.cache - Spring test ApplicationContext cache statistics: [DefaultContextCache@42c2f48c size = 1, maxSize = 32, parentContextCount = 0, hitCount = 39, missCount = 1]
09:35:45.708 [main] DEBUG org.springframework.beans.factory.support.DefaultListableBeanFactory - Replacing scope 'cucumber-glue' from [io.cucumber.spring.CucumberScenarioScope@3878be7b] to [io.cucumber.spring.CucumberScenarioScope@2e1b374c]
09:35:45.708 [main] DEBUG org.springframework.test.context.support.AbstractDirtiesContextTestExecutionListener - Before test class: context [DefaultTestContext@3fcee3d9 testClass = TestRunner, testInstance = [null], testMethod = [null], testException = [null], mergedContextConfiguration = [MergedContextConfiguration@287ae90c testClass = TestRunner, locations = '{}', classes = '{}', contextInitializerClasses = '[]', activeProfiles = '{}', propertySourceLocations = '{}', propertySourceProperties = '{}', contextCustomizers = set[org.springframework.boot.test.context.filter.ExcludeFilterContextCustomizer@6a175569, org.springframework.boot.test.json.DuplicateJsonObjectContextCustomizerFactory$DuplicateJsonObjectContextCustomizer@11ee02f8, org.springframework.boot.test.mock.mockito.MockitoContextCustomizer@0, org.springframework.boot.test.autoconfigure.properties.PropertyMappingContextCustomizer@0, org.springframework.boot.test.autoconfigure.web.servlet.WebDriverContextCustomizerFactory$Customizer@159e366], contextLoader = 'org.springframework.test.context.support.DelegatingSmartContextLoader', parent = [null]], attributes = map[[empty]]], class annotated with @DirtiesContext [false] with mode [null].
09:35:45.708 [main] DEBUG org.springframework.test.context.cache.DefaultCacheAwareContextLoaderDelegate - Retrieved ApplicationContext [7395550] from cache with key [[MergedContextConfiguration@287ae90c testClass = TestRunner, locations = '{}', classes = '{}', contextInitializerClasses = '[]', activeProfiles = '{}', propertySourceLocations = '{}', propertySourceProperties = '{}', contextCustomizers = set[org.springframework.boot.test.context.filter.ExcludeFilterContextCustomizer@6a175569, org.springframework.boot.test.json.DuplicateJsonObjectContextCustomizerFactory$DuplicateJsonObjectContextCustomizer@11ee02f8, org.springframework.boot.test.mock.mockito.MockitoContextCustomizer@0, org.springframework.boot.test.autoconfigure.properties.PropertyMappingContextCustomizer@0, org.springframework.boot.test.autoconfigure.web.servlet.WebDriverContextCustomizerFactory$Customizer@159e366], contextLoader = 'org.springframework.test.context.support.DelegatingSmartContextLoader', parent = [null]]]
09:35:45.708 [main] DEBUG org.springframework.test.context.cache - Spring test ApplicationContext cache statistics: [DefaultContextCache@42c2f48c size = 1, maxSize = 32, parentContextCount = 0, hitCount = 40, missCount = 1]

Scenario:                                                                                                  # src/test/resources/features/GetCommitsBranchDate.feature:3
09:35:45.728 [main] DEBUG org.apache.http.client.protocol.RequestAddCookies - CookieSpec selected: default
09:35:45.729 [main] DEBUG org.apache.http.client.protocol.RequestAuthCache - Auth cache not set in the context
09:35:45.729 [main] DEBUG org.apache.http.impl.conn.PoolingHttpClientConnectionManager - Connection request: [route: {s}->https://devopsmetrics.herokuapp.com:443][total available: 0; route allocated: 0 of 2; total allocated: 0 of 20]
09:35:45.729 [main] DEBUG org.apache.http.impl.conn.PoolingHttpClientConnectionManager - Connection leased: [id: 13][route: {s}->https://devopsmetrics.herokuapp.com:443][total available: 0; route allocated: 1 of 2; total allocated: 1 of 20]
09:35:45.729 [main] DEBUG org.apache.http.impl.execchain.MainClientExec - Opening connection {s}->https://devopsmetrics.herokuapp.com:443
09:35:45.729 [main] DEBUG org.apache.http.impl.conn.DefaultHttpClientConnectionOperator - Connecting to devopsmetrics.herokuapp.com/34.240.218.59:443
09:35:45.729 [main] DEBUG org.apache.http.conn.ssl.SSLConnectionSocketFactory - Connecting socket to devopsmetrics.herokuapp.com/34.240.218.59:443 with timeout 0
09:35:45.772 [main] DEBUG org.apache.http.conn.ssl.SSLConnectionSocketFactory - Enabled protocols: [TLSv1.3, TLSv1.2, TLSv1.1, TLSv1]
09:35:45.772 [main] DEBUG org.apache.http.conn.ssl.SSLConnectionSocketFactory - Enabled cipher suites:[TLS_AES_128_GCM_SHA256, TLS_AES_256_GCM_SHA384, TLS_ECDHE_ECDSA_WITH_AES_256_GCM_SHA384, TLS_ECDHE_ECDSA_WITH_AES_128_GCM_SHA256, TLS_ECDHE_RSA_WITH_AES_256_GCM_SHA384, TLS_RSA_WITH_AES_256_GCM_SHA384, TLS_ECDH_ECDSA_WITH_AES_256_GCM_SHA384, TLS_ECDH_RSA_WITH_AES_256_GCM_SHA384, TLS_DHE_RSA_WITH_AES_256_GCM_SHA384, TLS_DHE_DSS_WITH_AES_256_GCM_SHA384, TLS_ECDHE_RSA_WITH_AES_128_GCM_SHA256, TLS_RSA_WITH_AES_128_GCM_SHA256, TLS_ECDH_ECDSA_WITH_AES_128_GCM_SHA256, TLS_ECDH_RSA_WITH_AES_128_GCM_SHA256, TLS_DHE_RSA_WITH_AES_128_GCM_SHA256, TLS_DHE_DSS_WITH_AES_128_GCM_SHA256, TLS_ECDHE_ECDSA_WITH_AES_256_CBC_SHA384, TLS_ECDHE_RSA_WITH_AES_256_CBC_SHA384, TLS_RSA_WITH_AES_256_CBC_SHA256, TLS_ECDH_ECDSA_WITH_AES_256_CBC_SHA384, TLS_ECDH_RSA_WITH_AES_256_CBC_SHA384, TLS_DHE_RSA_WITH_AES_256_CBC_SHA256, TLS_DHE_DSS_WITH_AES_256_CBC_SHA256, TLS_ECDHE_ECDSA_WITH_AES_256_CBC_SHA, TLS_ECDHE_RSA_WITH_AES_256_CBC_SHA, TLS_RSA_WITH_AES_256_CBC_SHA, TLS_ECDH_ECDSA_WITH_AES_256_CBC_SHA, TLS_ECDH_RSA_WITH_AES_256_CBC_SHA, TLS_DHE_RSA_WITH_AES_256_CBC_SHA, TLS_DHE_DSS_WITH_AES_256_CBC_SHA, TLS_ECDHE_ECDSA_WITH_AES_128_CBC_SHA256, TLS_ECDHE_RSA_WITH_AES_128_CBC_SHA256, TLS_RSA_WITH_AES_128_CBC_SHA256, TLS_ECDH_ECDSA_WITH_AES_128_CBC_SHA256, TLS_ECDH_RSA_WITH_AES_128_CBC_SHA256, TLS_DHE_RSA_WITH_AES_128_CBC_SHA256, TLS_DHE_DSS_WITH_AES_128_CBC_SHA256, TLS_ECDHE_ECDSA_WITH_AES_128_CBC_SHA, TLS_ECDHE_RSA_WITH_AES_128_CBC_SHA, TLS_RSA_WITH_AES_128_CBC_SHA, TLS_ECDH_ECDSA_WITH_AES_128_CBC_SHA, TLS_ECDH_RSA_WITH_AES_128_CBC_SHA, TLS_DHE_RSA_WITH_AES_128_CBC_SHA, TLS_DHE_DSS_WITH_AES_128_CBC_SHA, TLS_EMPTY_RENEGOTIATION_INFO_SCSV]
09:35:45.773 [main] DEBUG org.apache.http.conn.ssl.SSLConnectionSocketFactory - Starting handshake
09:35:45.865 [main] DEBUG org.apache.http.conn.ssl.SSLConnectionSocketFactory - Secure session established
09:35:45.865 [main] DEBUG org.apache.http.conn.ssl.SSLConnectionSocketFactory -  negotiated protocol: TLSv1.2
09:35:45.865 [main] DEBUG org.apache.http.conn.ssl.SSLConnectionSocketFactory -  negotiated cipher suite: TLS_ECDHE_RSA_WITH_AES_128_GCM_SHA256
09:35:45.865 [main] DEBUG org.apache.http.conn.ssl.SSLConnectionSocketFactory -  peer principal: CN=*.herokuapp.com
09:35:45.865 [main] DEBUG org.apache.http.conn.ssl.SSLConnectionSocketFactory -  peer alternative names: [*.herokuapp.com]
09:35:45.865 [main] DEBUG org.apache.http.conn.ssl.SSLConnectionSocketFactory -  issuer principal: CN=Amazon, OU=Server CA 1B, O=Amazon, C=US
09:35:45.866 [main] DEBUG org.apache.http.impl.conn.DefaultHttpClientConnectionOperator - Connection established 192.168.1.45:65006<->34.240.218.59:443
09:35:45.866 [main] DEBUG org.apache.http.impl.execchain.MainClientExec - Executing request GET /usuarios?username=null&password=null HTTP/1.1
09:35:45.866 [main] DEBUG org.apache.http.impl.execchain.MainClientExec - Target auth state: UNCHALLENGED
09:35:45.866 [main] DEBUG org.apache.http.impl.execchain.MainClientExec - Proxy auth state: UNCHALLENGED
09:35:45.866 [main] DEBUG org.apache.http.headers - http-outgoing-13 >> GET /usuarios?username=null&password=null HTTP/1.1
09:35:45.866 [main] DEBUG org.apache.http.headers - http-outgoing-13 >> Host: devopsmetrics.herokuapp.com
09:35:45.866 [main] DEBUG org.apache.http.headers - http-outgoing-13 >> Connection: Keep-Alive
09:35:45.866 [main] DEBUG org.apache.http.headers - http-outgoing-13 >> User-Agent: Apache-HttpClient/4.5.12 (Java/11.0.8)
09:35:45.866 [main] DEBUG org.apache.http.headers - http-outgoing-13 >> Accept-Encoding: gzip,deflate
09:35:45.866 [main] DEBUG org.apache.http.wire - http-outgoing-13 >> "GET /usuarios?username=null&password=null HTTP/1.1[\r][\n]"
09:35:45.866 [main] DEBUG org.apache.http.wire - http-outgoing-13 >> "Host: devopsmetrics.herokuapp.com[\r][\n]"
09:35:45.866 [main] DEBUG org.apache.http.wire - http-outgoing-13 >> "Connection: Keep-Alive[\r][\n]"
09:35:45.866 [main] DEBUG org.apache.http.wire - http-outgoing-13 >> "User-Agent: Apache-HttpClient/4.5.12 (Java/11.0.8)[\r][\n]"
09:35:45.866 [main] DEBUG org.apache.http.wire - http-outgoing-13 >> "Accept-Encoding: gzip,deflate[\r][\n]"
09:35:45.866 [main] DEBUG org.apache.http.wire - http-outgoing-13 >> "[\r][\n]"
09:35:45.957 [main] DEBUG org.apache.http.wire - http-outgoing-13 << "HTTP/1.1 500 [\r][\n]"
09:35:45.957 [main] DEBUG org.apache.http.wire - http-outgoing-13 << "Server: Cowboy[\r][\n]"
09:35:45.957 [main] DEBUG org.apache.http.wire - http-outgoing-13 << "Connection: keep-alive[\r][\n]"
09:35:45.957 [main] DEBUG org.apache.http.wire - http-outgoing-13 << "Vary: Origin[\r][\n]"
09:35:45.957 [main] DEBUG org.apache.http.wire - http-outgoing-13 << "Vary: Access-Control-Request-Method[\r][\n]"
09:35:45.957 [main] DEBUG org.apache.http.wire - http-outgoing-13 << "Vary: Access-Control-Request-Headers[\r][\n]"
09:35:45.957 [main] DEBUG org.apache.http.wire - http-outgoing-13 << "Content-Type: application/json[\r][\n]"
09:35:45.957 [main] DEBUG org.apache.http.wire - http-outgoing-13 << "Transfer-Encoding: chunked[\r][\n]"
09:35:45.957 [main] DEBUG org.apache.http.wire - http-outgoing-13 << "Date: Tue, 13 Jul 2021 07:35:45 GMT[\r][\n]"
09:35:45.957 [main] DEBUG org.apache.http.wire - http-outgoing-13 << "Via: 1.1 vegur[\r][\n]"
09:35:45.957 [main] DEBUG org.apache.http.wire - http-outgoing-13 << "[\r][\n]"
09:35:45.957 [main] DEBUG org.apache.http.headers - http-outgoing-13 << HTTP/1.1 500 
09:35:45.957 [main] DEBUG org.apache.http.headers - http-outgoing-13 << Server: Cowboy
09:35:45.957 [main] DEBUG org.apache.http.headers - http-outgoing-13 << Connection: keep-alive
09:35:45.957 [main] DEBUG org.apache.http.headers - http-outgoing-13 << Vary: Origin
09:35:45.957 [main] DEBUG org.apache.http.headers - http-outgoing-13 << Vary: Access-Control-Request-Method
09:35:45.957 [main] DEBUG org.apache.http.headers - http-outgoing-13 << Vary: Access-Control-Request-Headers
09:35:45.958 [main] DEBUG org.apache.http.headers - http-outgoing-13 << Content-Type: application/json
09:35:45.958 [main] DEBUG org.apache.http.headers - http-outgoing-13 << Transfer-Encoding: chunked
09:35:45.958 [main] DEBUG org.apache.http.headers - http-outgoing-13 << Date: Tue, 13 Jul 2021 07:35:45 GMT
09:35:45.958 [main] DEBUG org.apache.http.headers - http-outgoing-13 << Via: 1.1 vegur
09:35:45.958 [main] DEBUG org.apache.http.impl.execchain.MainClientExec - Connection can be kept alive indefinitely
09:35:45.958 [main] DEBUG org.apache.http.wire - http-outgoing-13 << "7a[\r][\n]"
09:35:45.958 [main] DEBUG org.apache.http.wire - http-outgoing-13 << "{"timestamp":"2021-07-13T07:35:45.982+00:00","status":500,"error":"Internal Server Error","message":"","path":"/usuarios"}[\r][\n]"
09:35:45.958 [main] DEBUG org.apache.http.wire - http-outgoing-13 << "0[\r][\n]"
09:35:45.958 [main] DEBUG org.apache.http.wire - http-outgoing-13 << "[\r][\n]"
09:35:45.958 [main] DEBUG org.apache.http.impl.conn.PoolingHttpClientConnectionManager - Connection [id: 13][route: {s}->https://devopsmetrics.herokuapp.com:443] can be kept alive indefinitely
09:35:45.958 [main] DEBUG org.apache.http.impl.conn.DefaultManagedHttpClientConnection - http-outgoing-13: set socket timeout to 0
09:35:45.958 [main] DEBUG org.apache.http.impl.conn.PoolingHttpClientConnectionManager - Connection released: [id: 13][route: {s}->https://devopsmetrics.herokuapp.com:443][total available: 1; route allocated: 1 of 2; total allocated: 1 of 20]
  Given user is logging in the system for getting all commits from a branch of a repository between a date # edu.uclm.esi.devopsmetrics.bdd.stepdefinitions.GetCommitsBranchDateSteps.user_is_logging_in_the_system_for_getting_all_commits_from_a_branch_of_a_repository_between_a_date()
  When user is correct he requests all commits from a branch of a repository between a date                # edu.uclm.esi.devopsmetrics.bdd.stepdefinitions.GetCommitsBranchDateSteps.user_is_correct_he_requests_all_commits_from_a_branch_of_a_repository_between_a_date()
      java.lang.NullPointerException
	at edu.uclm.esi.devopsmetrics.bdd.stepdefinitions.GetCommitsBranchDateSteps.user_is_correct_he_requests_all_commits_from_a_branch_of_a_repository_between_a_date(GetCommitsBranchDateSteps.java:65)
	at âœ½.user is correct he requests all commits from a branch of a repository between a date(file:///C:/Users/Crespo/eclipse-workspace/devopsmetrics/src/test/resources/features/GetCommitsBranchDate.feature:5)

  Then the user gets all commits from a branch of a repositorybetween a date                               # edu.uclm.esi.devopsmetrics.bdd.stepdefinitions.GetCommitsBranchDateSteps.the_user_gets_all_commits_from_a_branch_of_a_repositorybetween_a_date()
09:35:45.959 [main] DEBUG org.springframework.test.context.cache.DefaultCacheAwareContextLoaderDelegate - Retrieved ApplicationContext [7395550] from cache with key [[MergedContextConfiguration@287ae90c testClass = TestRunner, locations = '{}', classes = '{}', contextInitializerClasses = '[]', activeProfiles = '{}', propertySourceLocations = '{}', propertySourceProperties = '{}', contextCustomizers = set[org.springframework.boot.test.context.filter.ExcludeFilterContextCustomizer@6a175569, org.springframework.boot.test.json.DuplicateJsonObjectContextCustomizerFactory$DuplicateJsonObjectContextCustomizer@11ee02f8, org.springframework.boot.test.mock.mockito.MockitoContextCustomizer@0, org.springframework.boot.test.autoconfigure.properties.PropertyMappingContextCustomizer@0, org.springframework.boot.test.autoconfigure.web.servlet.WebDriverContextCustomizerFactory$Customizer@159e366], contextLoader = 'org.springframework.test.context.support.DelegatingSmartContextLoader', parent = [null]]]
09:35:45.959 [main] DEBUG org.springframework.test.context.cache - Spring test ApplicationContext cache statistics: [DefaultContextCache@42c2f48c size = 1, maxSize = 32, parentContextCount = 0, hitCount = 41, missCount = 1]
09:35:45.959 [main] DEBUG org.springframework.test.context.support.AbstractDirtiesContextTestExecutionListener - After test class: context [DefaultTestContext@3fcee3d9 testClass = TestRunner, testInstance = [null], testMethod = [null], testException = [null], mergedContextConfiguration = [MergedContextConfiguration@287ae90c testClass = TestRunner, locations = '{}', classes = '{}', contextInitializerClasses = '[]', activeProfiles = '{}', propertySourceLocations = '{}', propertySourceProperties = '{}', contextCustomizers = set[org.springframework.boot.test.context.filter.ExcludeFilterContextCustomizer@6a175569, org.springframework.boot.test.json.DuplicateJsonObjectContextCustomizerFactory$DuplicateJsonObjectContextCustomizer@11ee02f8, org.springframework.boot.test.mock.mockito.MockitoContextCustomizer@0, org.springframework.boot.test.autoconfigure.properties.PropertyMappingContextCustomizer@0, org.springframework.boot.test.autoconfigure.web.servlet.WebDriverContextCustomizerFactory$Customizer@159e366], contextLoader = 'org.springframework.test.context.support.DelegatingSmartContextLoader', parent = [null]], attributes = map[[empty]]], class annotated with @DirtiesContext [false] with mode [null].
]]></system-out>
  </testcase>
  <testcase name="{feature to test the function to get all commits from a branch of a repository between a date by the author}" classname="edu.uclm.esi.devopsmetrics.bdd.TestRunner" time="0.225">
    <error type="java.lang.NullPointerException">java.lang.NullPointerException
</error>
    <system-out><![CDATA[09:35:45.960 [main] DEBUG org.springframework.test.context.BootstrapUtils - Instantiating CacheAwareContextLoaderDelegate from class [org.springframework.test.context.cache.DefaultCacheAwareContextLoaderDelegate]
09:35:45.960 [main] DEBUG org.springframework.test.context.BootstrapUtils - Instantiating BootstrapContext using constructor [public org.springframework.test.context.support.DefaultBootstrapContext(java.lang.Class,org.springframework.test.context.CacheAwareContextLoaderDelegate)]
09:35:45.960 [main] DEBUG org.springframework.test.context.BootstrapUtils - Instantiating TestContextBootstrapper for test class [edu.uclm.esi.devopsmetrics.bdd.TestRunner] from class [org.springframework.test.context.support.DefaultTestContextBootstrapper]
09:35:45.960 [main] INFO org.springframework.test.context.support.DefaultTestContextBootstrapper - Neither @ContextConfiguration nor @ContextHierarchy found for test class [edu.uclm.esi.devopsmetrics.bdd.TestRunner], using DelegatingSmartContextLoader
09:35:45.961 [main] DEBUG org.springframework.test.context.support.AbstractDelegatingSmartContextLoader - Delegating to GenericXmlContextLoader to process context configuration [ContextConfigurationAttributes@7f323b3a declaringClass = 'edu.uclm.esi.devopsmetrics.bdd.TestRunner', classes = '{}', locations = '{}', inheritLocations = false, initializers = '{}', inheritInitializers = true, name = [null], contextLoaderClass = 'org.springframework.test.context.ContextLoader'].
09:35:45.961 [main] DEBUG org.springframework.test.context.support.AbstractContextLoader - Did not detect default resource location for test class [edu.uclm.esi.devopsmetrics.bdd.TestRunner]: class path resource [edu/uclm/esi/devopsmetrics/bdd/TestRunner-context.xml] does not exist
09:35:45.961 [main] INFO org.springframework.test.context.support.AbstractContextLoader - Could not detect default resource locations for test class [edu.uclm.esi.devopsmetrics.bdd.TestRunner]: no resource found for suffixes {-context.xml}.
09:35:45.961 [main] DEBUG org.springframework.test.context.support.AbstractDelegatingSmartContextLoader - Delegating to AnnotationConfigContextLoader to process context configuration [ContextConfigurationAttributes@7f323b3a declaringClass = 'edu.uclm.esi.devopsmetrics.bdd.TestRunner', classes = '{}', locations = '{}', inheritLocations = false, initializers = '{}', inheritInitializers = true, name = [null], contextLoaderClass = 'org.springframework.test.context.ContextLoader'].
09:35:45.961 [main] INFO org.springframework.test.context.support.AnnotationConfigContextLoaderUtils - Could not detect default configuration classes for test class [edu.uclm.esi.devopsmetrics.bdd.TestRunner]: TestRunner does not declare any static, non-private, non-final, nested classes annotated with @Configuration.
09:35:45.963 [main] DEBUG org.springframework.test.context.support.ActiveProfilesUtils - Could not find an 'annotation declaring class' for annotation type [org.springframework.test.context.ActiveProfiles] and class [edu.uclm.esi.devopsmetrics.bdd.TestRunner]
09:35:45.963 [main] DEBUG org.springframework.test.context.support.DefaultTestContextBootstrapper - @TestExecutionListeners is not present for class [edu.uclm.esi.devopsmetrics.bdd.TestRunner]: using defaults.
09:35:45.963 [main] INFO org.springframework.test.context.support.DefaultTestContextBootstrapper - Loaded default TestExecutionListener class names from location [META-INF/spring.factories]: [org.springframework.boot.test.mock.mockito.MockitoTestExecutionListener, org.springframework.boot.test.mock.mockito.ResetMocksTestExecutionListener, org.springframework.boot.test.autoconfigure.restdocs.RestDocsTestExecutionListener, org.springframework.boot.test.autoconfigure.web.client.MockRestServiceServerResetTestExecutionListener, org.springframework.boot.test.autoconfigure.web.servlet.MockMvcPrintOnlyOnFailureTestExecutionListener, org.springframework.boot.test.autoconfigure.web.servlet.WebDriverTestExecutionListener, org.springframework.boot.test.autoconfigure.webservices.client.MockWebServiceServerTestExecutionListener, org.springframework.test.context.web.ServletTestExecutionListener, org.springframework.test.context.support.DirtiesContextBeforeModesTestExecutionListener, org.springframework.test.context.support.DependencyInjectionTestExecutionListener, org.springframework.test.context.support.DirtiesContextTestExecutionListener, org.springframework.test.context.transaction.TransactionalTestExecutionListener, org.springframework.test.context.jdbc.SqlScriptsTestExecutionListener, org.springframework.test.context.event.EventPublishingTestExecutionListener]
09:35:45.963 [main] INFO org.springframework.test.context.support.DefaultTestContextBootstrapper - Using TestExecutionListeners: [org.springframework.test.context.web.ServletTestExecutionListener@4f169009, org.springframework.test.context.support.DirtiesContextBeforeModesTestExecutionListener@9dada78, org.springframework.boot.test.mock.mockito.MockitoTestExecutionListener@4207852d, org.springframework.test.context.support.DependencyInjectionTestExecutionListener@2c829dbc, org.springframework.test.context.support.DirtiesContextTestExecutionListener@57efc6fd, org.springframework.test.context.transaction.TransactionalTestExecutionListener@839df62, org.springframework.test.context.jdbc.SqlScriptsTestExecutionListener@76e90da5, org.springframework.test.context.event.EventPublishingTestExecutionListener@4e3e11b9, org.springframework.boot.test.mock.mockito.ResetMocksTestExecutionListener@67cffead, org.springframework.boot.test.autoconfigure.restdocs.RestDocsTestExecutionListener@214beff9, org.springframework.boot.test.autoconfigure.web.client.MockRestServiceServerResetTestExecutionListener@1ff15a50, org.springframework.boot.test.autoconfigure.web.servlet.MockMvcPrintOnlyOnFailureTestExecutionListener@217c23ce, org.springframework.boot.test.autoconfigure.web.servlet.WebDriverTestExecutionListener@39de9bda, org.springframework.boot.test.autoconfigure.webservices.client.MockWebServiceServerTestExecutionListener@47148f3f]
09:35:45.963 [main] DEBUG org.springframework.test.context.cache.DefaultCacheAwareContextLoaderDelegate - Retrieved ApplicationContext [7395550] from cache with key [[MergedContextConfiguration@52226e57 testClass = TestRunner, locations = '{}', classes = '{}', contextInitializerClasses = '[]', activeProfiles = '{}', propertySourceLocations = '{}', propertySourceProperties = '{}', contextCustomizers = set[org.springframework.boot.test.context.filter.ExcludeFilterContextCustomizer@6a175569, org.springframework.boot.test.json.DuplicateJsonObjectContextCustomizerFactory$DuplicateJsonObjectContextCustomizer@11ee02f8, org.springframework.boot.test.mock.mockito.MockitoContextCustomizer@0, org.springframework.boot.test.autoconfigure.properties.PropertyMappingContextCustomizer@0, org.springframework.boot.test.autoconfigure.web.servlet.WebDriverContextCustomizerFactory$Customizer@159e366], contextLoader = 'org.springframework.test.context.support.DelegatingSmartContextLoader', parent = [null]]]
09:35:45.963 [main] DEBUG org.springframework.test.context.cache - Spring test ApplicationContext cache statistics: [DefaultContextCache@42c2f48c size = 1, maxSize = 32, parentContextCount = 0, hitCount = 42, missCount = 1]
09:35:45.963 [main] DEBUG org.springframework.beans.factory.support.DefaultListableBeanFactory - Replacing scope 'cucumber-glue' from [io.cucumber.spring.CucumberScenarioScope@2e1b374c] to [io.cucumber.spring.CucumberScenarioScope@1200458e]
09:35:45.963 [main] DEBUG org.springframework.test.context.support.AbstractDirtiesContextTestExecutionListener - Before test class: context [DefaultTestContext@5fcd1c5f testClass = TestRunner, testInstance = [null], testMethod = [null], testException = [null], mergedContextConfiguration = [MergedContextConfiguration@52226e57 testClass = TestRunner, locations = '{}', classes = '{}', contextInitializerClasses = '[]', activeProfiles = '{}', propertySourceLocations = '{}', propertySourceProperties = '{}', contextCustomizers = set[org.springframework.boot.test.context.filter.ExcludeFilterContextCustomizer@6a175569, org.springframework.boot.test.json.DuplicateJsonObjectContextCustomizerFactory$DuplicateJsonObjectContextCustomizer@11ee02f8, org.springframework.boot.test.mock.mockito.MockitoContextCustomizer@0, org.springframework.boot.test.autoconfigure.properties.PropertyMappingContextCustomizer@0, org.springframework.boot.test.autoconfigure.web.servlet.WebDriverContextCustomizerFactory$Customizer@159e366], contextLoader = 'org.springframework.test.context.support.DelegatingSmartContextLoader', parent = [null]], attributes = map[[empty]]], class annotated with @DirtiesContext [false] with mode [null].
09:35:45.963 [main] DEBUG org.springframework.test.context.cache.DefaultCacheAwareContextLoaderDelegate - Retrieved ApplicationContext [7395550] from cache with key [[MergedContextConfiguration@52226e57 testClass = TestRunner, locations = '{}', classes = '{}', contextInitializerClasses = '[]', activeProfiles = '{}', propertySourceLocations = '{}', propertySourceProperties = '{}', contextCustomizers = set[org.springframework.boot.test.context.filter.ExcludeFilterContextCustomizer@6a175569, org.springframework.boot.test.json.DuplicateJsonObjectContextCustomizerFactory$DuplicateJsonObjectContextCustomizer@11ee02f8, org.springframework.boot.test.mock.mockito.MockitoContextCustomizer@0, org.springframework.boot.test.autoconfigure.properties.PropertyMappingContextCustomizer@0, org.springframework.boot.test.autoconfigure.web.servlet.WebDriverContextCustomizerFactory$Customizer@159e366], contextLoader = 'org.springframework.test.context.support.DelegatingSmartContextLoader', parent = [null]]]
09:35:45.963 [main] DEBUG org.springframework.test.context.cache - Spring test ApplicationContext cache statistics: [DefaultContextCache@42c2f48c size = 1, maxSize = 32, parentContextCount = 0, hitCount = 43, missCount = 1]

Scenario:                                                                                                                # src/test/resources/features/GetCommitsBranchDateAuthor.feature:3
09:35:45.973 [main] DEBUG org.apache.http.client.protocol.RequestAddCookies - CookieSpec selected: default
09:35:45.973 [main] DEBUG org.apache.http.client.protocol.RequestAuthCache - Auth cache not set in the context
09:35:45.973 [main] DEBUG org.apache.http.impl.conn.PoolingHttpClientConnectionManager - Connection request: [route: {s}->https://devopsmetrics.herokuapp.com:443][total available: 0; route allocated: 0 of 2; total allocated: 0 of 20]
09:35:45.973 [main] DEBUG org.apache.http.impl.conn.PoolingHttpClientConnectionManager - Connection leased: [id: 14][route: {s}->https://devopsmetrics.herokuapp.com:443][total available: 0; route allocated: 1 of 2; total allocated: 1 of 20]
09:35:45.973 [main] DEBUG org.apache.http.impl.execchain.MainClientExec - Opening connection {s}->https://devopsmetrics.herokuapp.com:443
09:35:45.973 [main] DEBUG org.apache.http.impl.conn.DefaultHttpClientConnectionOperator - Connecting to devopsmetrics.herokuapp.com/34.240.218.59:443
09:35:45.973 [main] DEBUG org.apache.http.conn.ssl.SSLConnectionSocketFactory - Connecting socket to devopsmetrics.herokuapp.com/34.240.218.59:443 with timeout 0
09:35:46.017 [main] DEBUG org.apache.http.conn.ssl.SSLConnectionSocketFactory - Enabled protocols: [TLSv1.3, TLSv1.2, TLSv1.1, TLSv1]
09:35:46.017 [main] DEBUG org.apache.http.conn.ssl.SSLConnectionSocketFactory - Enabled cipher suites:[TLS_AES_128_GCM_SHA256, TLS_AES_256_GCM_SHA384, TLS_ECDHE_ECDSA_WITH_AES_256_GCM_SHA384, TLS_ECDHE_ECDSA_WITH_AES_128_GCM_SHA256, TLS_ECDHE_RSA_WITH_AES_256_GCM_SHA384, TLS_RSA_WITH_AES_256_GCM_SHA384, TLS_ECDH_ECDSA_WITH_AES_256_GCM_SHA384, TLS_ECDH_RSA_WITH_AES_256_GCM_SHA384, TLS_DHE_RSA_WITH_AES_256_GCM_SHA384, TLS_DHE_DSS_WITH_AES_256_GCM_SHA384, TLS_ECDHE_RSA_WITH_AES_128_GCM_SHA256, TLS_RSA_WITH_AES_128_GCM_SHA256, TLS_ECDH_ECDSA_WITH_AES_128_GCM_SHA256, TLS_ECDH_RSA_WITH_AES_128_GCM_SHA256, TLS_DHE_RSA_WITH_AES_128_GCM_SHA256, TLS_DHE_DSS_WITH_AES_128_GCM_SHA256, TLS_ECDHE_ECDSA_WITH_AES_256_CBC_SHA384, TLS_ECDHE_RSA_WITH_AES_256_CBC_SHA384, TLS_RSA_WITH_AES_256_CBC_SHA256, TLS_ECDH_ECDSA_WITH_AES_256_CBC_SHA384, TLS_ECDH_RSA_WITH_AES_256_CBC_SHA384, TLS_DHE_RSA_WITH_AES_256_CBC_SHA256, TLS_DHE_DSS_WITH_AES_256_CBC_SHA256, TLS_ECDHE_ECDSA_WITH_AES_256_CBC_SHA, TLS_ECDHE_RSA_WITH_AES_256_CBC_SHA, TLS_RSA_WITH_AES_256_CBC_SHA, TLS_ECDH_ECDSA_WITH_AES_256_CBC_SHA, TLS_ECDH_RSA_WITH_AES_256_CBC_SHA, TLS_DHE_RSA_WITH_AES_256_CBC_SHA, TLS_DHE_DSS_WITH_AES_256_CBC_SHA, TLS_ECDHE_ECDSA_WITH_AES_128_CBC_SHA256, TLS_ECDHE_RSA_WITH_AES_128_CBC_SHA256, TLS_RSA_WITH_AES_128_CBC_SHA256, TLS_ECDH_ECDSA_WITH_AES_128_CBC_SHA256, TLS_ECDH_RSA_WITH_AES_128_CBC_SHA256, TLS_DHE_RSA_WITH_AES_128_CBC_SHA256, TLS_DHE_DSS_WITH_AES_128_CBC_SHA256, TLS_ECDHE_ECDSA_WITH_AES_128_CBC_SHA, TLS_ECDHE_RSA_WITH_AES_128_CBC_SHA, TLS_RSA_WITH_AES_128_CBC_SHA, TLS_ECDH_ECDSA_WITH_AES_128_CBC_SHA, TLS_ECDH_RSA_WITH_AES_128_CBC_SHA, TLS_DHE_RSA_WITH_AES_128_CBC_SHA, TLS_DHE_DSS_WITH_AES_128_CBC_SHA, TLS_EMPTY_RENEGOTIATION_INFO_SCSV]
09:35:46.017 [main] DEBUG org.apache.http.conn.ssl.SSLConnectionSocketFactory - Starting handshake
09:35:46.107 [main] DEBUG org.apache.http.conn.ssl.SSLConnectionSocketFactory - Secure session established
09:35:46.107 [main] DEBUG org.apache.http.conn.ssl.SSLConnectionSocketFactory -  negotiated protocol: TLSv1.2
09:35:46.107 [main] DEBUG org.apache.http.conn.ssl.SSLConnectionSocketFactory -  negotiated cipher suite: TLS_ECDHE_RSA_WITH_AES_128_GCM_SHA256
09:35:46.107 [main] DEBUG org.apache.http.conn.ssl.SSLConnectionSocketFactory -  peer principal: CN=*.herokuapp.com
09:35:46.107 [main] DEBUG org.apache.http.conn.ssl.SSLConnectionSocketFactory -  peer alternative names: [*.herokuapp.com]
09:35:46.107 [main] DEBUG org.apache.http.conn.ssl.SSLConnectionSocketFactory -  issuer principal: CN=Amazon, OU=Server CA 1B, O=Amazon, C=US
09:35:46.107 [main] DEBUG org.apache.http.impl.conn.DefaultHttpClientConnectionOperator - Connection established 192.168.1.45:65007<->34.240.218.59:443
09:35:46.107 [main] DEBUG org.apache.http.impl.execchain.MainClientExec - Executing request GET /usuarios?username=null&password=null HTTP/1.1
09:35:46.107 [main] DEBUG org.apache.http.impl.execchain.MainClientExec - Target auth state: UNCHALLENGED
09:35:46.107 [main] DEBUG org.apache.http.impl.execchain.MainClientExec - Proxy auth state: UNCHALLENGED
09:35:46.107 [main] DEBUG org.apache.http.headers - http-outgoing-14 >> GET /usuarios?username=null&password=null HTTP/1.1
09:35:46.107 [main] DEBUG org.apache.http.headers - http-outgoing-14 >> Host: devopsmetrics.herokuapp.com
09:35:46.107 [main] DEBUG org.apache.http.headers - http-outgoing-14 >> Connection: Keep-Alive
09:35:46.107 [main] DEBUG org.apache.http.headers - http-outgoing-14 >> User-Agent: Apache-HttpClient/4.5.12 (Java/11.0.8)
09:35:46.107 [main] DEBUG org.apache.http.headers - http-outgoing-14 >> Accept-Encoding: gzip,deflate
09:35:46.107 [main] DEBUG org.apache.http.wire - http-outgoing-14 >> "GET /usuarios?username=null&password=null HTTP/1.1[\r][\n]"
09:35:46.107 [main] DEBUG org.apache.http.wire - http-outgoing-14 >> "Host: devopsmetrics.herokuapp.com[\r][\n]"
09:35:46.107 [main] DEBUG org.apache.http.wire - http-outgoing-14 >> "Connection: Keep-Alive[\r][\n]"
09:35:46.107 [main] DEBUG org.apache.http.wire - http-outgoing-14 >> "User-Agent: Apache-HttpClient/4.5.12 (Java/11.0.8)[\r][\n]"
09:35:46.107 [main] DEBUG org.apache.http.wire - http-outgoing-14 >> "Accept-Encoding: gzip,deflate[\r][\n]"
09:35:46.107 [main] DEBUG org.apache.http.wire - http-outgoing-14 >> "[\r][\n]"
09:35:46.185 [main] DEBUG org.apache.http.wire - http-outgoing-14 << "HTTP/1.1 500 [\r][\n]"
09:35:46.185 [main] DEBUG org.apache.http.wire - http-outgoing-14 << "Server: Cowboy[\r][\n]"
09:35:46.185 [main] DEBUG org.apache.http.wire - http-outgoing-14 << "Connection: keep-alive[\r][\n]"
09:35:46.185 [main] DEBUG org.apache.http.wire - http-outgoing-14 << "Vary: Origin[\r][\n]"
09:35:46.185 [main] DEBUG org.apache.http.wire - http-outgoing-14 << "Vary: Access-Control-Request-Method[\r][\n]"
09:35:46.185 [main] DEBUG org.apache.http.wire - http-outgoing-14 << "Vary: Access-Control-Request-Headers[\r][\n]"
09:35:46.185 [main] DEBUG org.apache.http.wire - http-outgoing-14 << "Content-Type: application/json[\r][\n]"
09:35:46.185 [main] DEBUG org.apache.http.wire - http-outgoing-14 << "Transfer-Encoding: chunked[\r][\n]"
09:35:46.185 [main] DEBUG org.apache.http.wire - http-outgoing-14 << "Date: Tue, 13 Jul 2021 07:35:45 GMT[\r][\n]"
09:35:46.185 [main] DEBUG org.apache.http.wire - http-outgoing-14 << "Via: 1.1 vegur[\r][\n]"
09:35:46.185 [main] DEBUG org.apache.http.wire - http-outgoing-14 << "[\r][\n]"
09:35:46.185 [main] DEBUG org.apache.http.wire - http-outgoing-14 << "7a[\r][\n]"
09:35:46.185 [main] DEBUG org.apache.http.wire - http-outgoing-14 << "{"timestamp":"2021-07-13T07:35:46.210+00:00","status":500,"error":"Internal Server Error","message":"","path":"/usuarios"}[\r][\n]"
09:35:46.185 [main] DEBUG org.apache.http.wire - http-outgoing-14 << "0[\r][\n]"
09:35:46.185 [main] DEBUG org.apache.http.wire - http-outgoing-14 << "[\r][\n]"
09:35:46.185 [main] DEBUG org.apache.http.headers - http-outgoing-14 << HTTP/1.1 500 
09:35:46.185 [main] DEBUG org.apache.http.headers - http-outgoing-14 << Server: Cowboy
09:35:46.185 [main] DEBUG org.apache.http.headers - http-outgoing-14 << Connection: keep-alive
09:35:46.185 [main] DEBUG org.apache.http.headers - http-outgoing-14 << Vary: Origin
09:35:46.185 [main] DEBUG org.apache.http.headers - http-outgoing-14 << Vary: Access-Control-Request-Method
09:35:46.185 [main] DEBUG org.apache.http.headers - http-outgoing-14 << Vary: Access-Control-Request-Headers
09:35:46.185 [main] DEBUG org.apache.http.headers - http-outgoing-14 << Content-Type: application/json
09:35:46.185 [main] DEBUG org.apache.http.headers - http-outgoing-14 << Transfer-Encoding: chunked
09:35:46.185 [main] DEBUG org.apache.http.headers - http-outgoing-14 << Date: Tue, 13 Jul 2021 07:35:45 GMT
09:35:46.185 [main] DEBUG org.apache.http.headers - http-outgoing-14 << Via: 1.1 vegur
09:35:46.185 [main] DEBUG org.apache.http.impl.execchain.MainClientExec - Connection can be kept alive indefinitely
09:35:46.186 [main] DEBUG org.apache.http.impl.conn.PoolingHttpClientConnectionManager - Connection [id: 14][route: {s}->https://devopsmetrics.herokuapp.com:443] can be kept alive indefinitely
09:35:46.186 [main] DEBUG org.apache.http.impl.conn.DefaultManagedHttpClientConnection - http-outgoing-14: set socket timeout to 0
09:35:46.186 [main] DEBUG org.apache.http.impl.conn.PoolingHttpClientConnectionManager - Connection released: [id: 14][route: {s}->https://devopsmetrics.herokuapp.com:443][total available: 1; route allocated: 1 of 2; total allocated: 1 of 20]
  Given user is logging in the system for getting all commits from a branch of a repository between a date by the author # edu.uclm.esi.devopsmetrics.bdd.stepdefinitions.GetCommitsBranchDateAuthorSteps.user_is_logging_in_the_system_for_getting_all_commits_from_a_branch_of_a_repository_between_a_date_by_the_author()
  When user is correct he requests all commits from a branch of a repository between a date by the author                # edu.uclm.esi.devopsmetrics.bdd.stepdefinitions.GetCommitsBranchDateAuthorSteps.user_is_correct_he_requests_all_commits_from_a_branch_of_a_repository_between_a_date_by_the_author()
      java.lang.NullPointerException
	at edu.uclm.esi.devopsmetrics.bdd.stepdefinitions.GetCommitsBranchDateAuthorSteps.user_is_correct_he_requests_all_commits_from_a_branch_of_a_repository_between_a_date_by_the_author(GetCommitsBranchDateAuthorSteps.java:65)
	at âœ½.user is correct he requests all commits from a branch of a repository between a date by the author(file:///C:/Users/Crespo/eclipse-workspace/devopsmetrics/src/test/resources/features/GetCommitsBranchDateAuthor.feature:5)

  Then the user gets all commits from a branch of a repositorybetween a date by the author                               # edu.uclm.esi.devopsmetrics.bdd.stepdefinitions.GetCommitsBranchDateAuthorSteps.the_user_gets_all_commits_from_a_branch_of_a_repositorybetween_a_date_by_the_author()
09:35:46.187 [main] DEBUG org.springframework.test.context.cache.DefaultCacheAwareContextLoaderDelegate - Retrieved ApplicationContext [7395550] from cache with key [[MergedContextConfiguration@52226e57 testClass = TestRunner, locations = '{}', classes = '{}', contextInitializerClasses = '[]', activeProfiles = '{}', propertySourceLocations = '{}', propertySourceProperties = '{}', contextCustomizers = set[org.springframework.boot.test.context.filter.ExcludeFilterContextCustomizer@6a175569, org.springframework.boot.test.json.DuplicateJsonObjectContextCustomizerFactory$DuplicateJsonObjectContextCustomizer@11ee02f8, org.springframework.boot.test.mock.mockito.MockitoContextCustomizer@0, org.springframework.boot.test.autoconfigure.properties.PropertyMappingContextCustomizer@0, org.springframework.boot.test.autoconfigure.web.servlet.WebDriverContextCustomizerFactory$Customizer@159e366], contextLoader = 'org.springframework.test.context.support.DelegatingSmartContextLoader', parent = [null]]]
09:35:46.187 [main] DEBUG org.springframework.test.context.cache - Spring test ApplicationContext cache statistics: [DefaultContextCache@42c2f48c size = 1, maxSize = 32, parentContextCount = 0, hitCount = 44, missCount = 1]
09:35:46.187 [main] DEBUG org.springframework.test.context.support.AbstractDirtiesContextTestExecutionListener - After test class: context [DefaultTestContext@5fcd1c5f testClass = TestRunner, testInstance = [null], testMethod = [null], testException = [null], mergedContextConfiguration = [MergedContextConfiguration@52226e57 testClass = TestRunner, locations = '{}', classes = '{}', contextInitializerClasses = '[]', activeProfiles = '{}', propertySourceLocations = '{}', propertySourceProperties = '{}', contextCustomizers = set[org.springframework.boot.test.context.filter.ExcludeFilterContextCustomizer@6a175569, org.springframework.boot.test.json.DuplicateJsonObjectContextCustomizerFactory$DuplicateJsonObjectContextCustomizer@11ee02f8, org.springframework.boot.test.mock.mockito.MockitoContextCustomizer@0, org.springframework.boot.test.autoconfigure.properties.PropertyMappingContextCustomizer@0, org.springframework.boot.test.autoconfigure.web.servlet.WebDriverContextCustomizerFactory$Customizer@159e366], contextLoader = 'org.springframework.test.context.support.DelegatingSmartContextLoader', parent = [null]], attributes = map[[empty]]], class annotated with @DirtiesContext [false] with mode [null].
]]></system-out>
  </testcase>
  <testcase name="{feature to test the function to get all issues from a repository by his owner closed between two dates from the system}" classname="edu.uclm.esi.devopsmetrics.bdd.TestRunner" time="0.226">
    <error type="java.lang.NullPointerException">java.lang.NullPointerException
</error>
    <system-out><![CDATA[09:35:46.188 [main] DEBUG org.springframework.test.context.BootstrapUtils - Instantiating CacheAwareContextLoaderDelegate from class [org.springframework.test.context.cache.DefaultCacheAwareContextLoaderDelegate]
09:35:46.188 [main] DEBUG org.springframework.test.context.BootstrapUtils - Instantiating BootstrapContext using constructor [public org.springframework.test.context.support.DefaultBootstrapContext(java.lang.Class,org.springframework.test.context.CacheAwareContextLoaderDelegate)]
09:35:46.189 [main] DEBUG org.springframework.test.context.BootstrapUtils - Instantiating TestContextBootstrapper for test class [edu.uclm.esi.devopsmetrics.bdd.TestRunner] from class [org.springframework.test.context.support.DefaultTestContextBootstrapper]
09:35:46.189 [main] INFO org.springframework.test.context.support.DefaultTestContextBootstrapper - Neither @ContextConfiguration nor @ContextHierarchy found for test class [edu.uclm.esi.devopsmetrics.bdd.TestRunner], using DelegatingSmartContextLoader
09:35:46.189 [main] DEBUG org.springframework.test.context.support.AbstractDelegatingSmartContextLoader - Delegating to GenericXmlContextLoader to process context configuration [ContextConfigurationAttributes@32120956 declaringClass = 'edu.uclm.esi.devopsmetrics.bdd.TestRunner', classes = '{}', locations = '{}', inheritLocations = false, initializers = '{}', inheritInitializers = true, name = [null], contextLoaderClass = 'org.springframework.test.context.ContextLoader'].
09:35:46.190 [main] DEBUG org.springframework.test.context.support.AbstractContextLoader - Did not detect default resource location for test class [edu.uclm.esi.devopsmetrics.bdd.TestRunner]: class path resource [edu/uclm/esi/devopsmetrics/bdd/TestRunner-context.xml] does not exist
09:35:46.190 [main] INFO org.springframework.test.context.support.AbstractContextLoader - Could not detect default resource locations for test class [edu.uclm.esi.devopsmetrics.bdd.TestRunner]: no resource found for suffixes {-context.xml}.
09:35:46.190 [main] DEBUG org.springframework.test.context.support.AbstractDelegatingSmartContextLoader - Delegating to AnnotationConfigContextLoader to process context configuration [ContextConfigurationAttributes@32120956 declaringClass = 'edu.uclm.esi.devopsmetrics.bdd.TestRunner', classes = '{}', locations = '{}', inheritLocations = false, initializers = '{}', inheritInitializers = true, name = [null], contextLoaderClass = 'org.springframework.test.context.ContextLoader'].
09:35:46.190 [main] INFO org.springframework.test.context.support.AnnotationConfigContextLoaderUtils - Could not detect default configuration classes for test class [edu.uclm.esi.devopsmetrics.bdd.TestRunner]: TestRunner does not declare any static, non-private, non-final, nested classes annotated with @Configuration.
09:35:46.192 [main] DEBUG org.springframework.test.context.support.ActiveProfilesUtils - Could not find an 'annotation declaring class' for annotation type [org.springframework.test.context.ActiveProfiles] and class [edu.uclm.esi.devopsmetrics.bdd.TestRunner]
09:35:46.192 [main] DEBUG org.springframework.test.context.support.DefaultTestContextBootstrapper - @TestExecutionListeners is not present for class [edu.uclm.esi.devopsmetrics.bdd.TestRunner]: using defaults.
09:35:46.192 [main] INFO org.springframework.test.context.support.DefaultTestContextBootstrapper - Loaded default TestExecutionListener class names from location [META-INF/spring.factories]: [org.springframework.boot.test.mock.mockito.MockitoTestExecutionListener, org.springframework.boot.test.mock.mockito.ResetMocksTestExecutionListener, org.springframework.boot.test.autoconfigure.restdocs.RestDocsTestExecutionListener, org.springframework.boot.test.autoconfigure.web.client.MockRestServiceServerResetTestExecutionListener, org.springframework.boot.test.autoconfigure.web.servlet.MockMvcPrintOnlyOnFailureTestExecutionListener, org.springframework.boot.test.autoconfigure.web.servlet.WebDriverTestExecutionListener, org.springframework.boot.test.autoconfigure.webservices.client.MockWebServiceServerTestExecutionListener, org.springframework.test.context.web.ServletTestExecutionListener, org.springframework.test.context.support.DirtiesContextBeforeModesTestExecutionListener, org.springframework.test.context.support.DependencyInjectionTestExecutionListener, org.springframework.test.context.support.DirtiesContextTestExecutionListener, org.springframework.test.context.transaction.TransactionalTestExecutionListener, org.springframework.test.context.jdbc.SqlScriptsTestExecutionListener, org.springframework.test.context.event.EventPublishingTestExecutionListener]
09:35:46.196 [main] INFO org.springframework.test.context.support.DefaultTestContextBootstrapper - Using TestExecutionListeners: [org.springframework.test.context.web.ServletTestExecutionListener@5d152bcd, org.springframework.test.context.support.DirtiesContextBeforeModesTestExecutionListener@43cb5f38, org.springframework.boot.test.mock.mockito.MockitoTestExecutionListener@6435fa1c, org.springframework.test.context.support.DependencyInjectionTestExecutionListener@7944b8b4, org.springframework.test.context.support.DirtiesContextTestExecutionListener@d7bbf12, org.springframework.test.context.transaction.TransactionalTestExecutionListener@1450131a, org.springframework.test.context.jdbc.SqlScriptsTestExecutionListener@5f7eee96, org.springframework.test.context.event.EventPublishingTestExecutionListener@3a36cd5, org.springframework.boot.test.mock.mockito.ResetMocksTestExecutionListener@53f0d09c, org.springframework.boot.test.autoconfigure.restdocs.RestDocsTestExecutionListener@47acd13b, org.springframework.boot.test.autoconfigure.web.client.MockRestServiceServerResetTestExecutionListener@6f8e9d06, org.springframework.boot.test.autoconfigure.web.servlet.MockMvcPrintOnlyOnFailureTestExecutionListener@77d381e6, org.springframework.boot.test.autoconfigure.web.servlet.WebDriverTestExecutionListener@2272cbb0, org.springframework.boot.test.autoconfigure.webservices.client.MockWebServiceServerTestExecutionListener@3f6f3cc]
09:35:46.196 [main] DEBUG org.springframework.test.context.cache.DefaultCacheAwareContextLoaderDelegate - Retrieved ApplicationContext [7395550] from cache with key [[MergedContextConfiguration@47272cd3 testClass = TestRunner, locations = '{}', classes = '{}', contextInitializerClasses = '[]', activeProfiles = '{}', propertySourceLocations = '{}', propertySourceProperties = '{}', contextCustomizers = set[org.springframework.boot.test.context.filter.ExcludeFilterContextCustomizer@6a175569, org.springframework.boot.test.json.DuplicateJsonObjectContextCustomizerFactory$DuplicateJsonObjectContextCustomizer@11ee02f8, org.springframework.boot.test.mock.mockito.MockitoContextCustomizer@0, org.springframework.boot.test.autoconfigure.properties.PropertyMappingContextCustomizer@0, org.springframework.boot.test.autoconfigure.web.servlet.WebDriverContextCustomizerFactory$Customizer@159e366], contextLoader = 'org.springframework.test.context.support.DelegatingSmartContextLoader', parent = [null]]]
09:35:46.196 [main] DEBUG org.springframework.test.context.cache - Spring test ApplicationContext cache statistics: [DefaultContextCache@42c2f48c size = 1, maxSize = 32, parentContextCount = 0, hitCount = 45, missCount = 1]
09:35:46.196 [main] DEBUG org.springframework.beans.factory.support.DefaultListableBeanFactory - Replacing scope 'cucumber-glue' from [io.cucumber.spring.CucumberScenarioScope@1200458e] to [io.cucumber.spring.CucumberScenarioScope@73fbdf68]
09:35:46.196 [main] DEBUG org.springframework.test.context.support.AbstractDirtiesContextTestExecutionListener - Before test class: context [DefaultTestContext@32f1fafe testClass = TestRunner, testInstance = [null], testMethod = [null], testException = [null], mergedContextConfiguration = [MergedContextConfiguration@47272cd3 testClass = TestRunner, locations = '{}', classes = '{}', contextInitializerClasses = '[]', activeProfiles = '{}', propertySourceLocations = '{}', propertySourceProperties = '{}', contextCustomizers = set[org.springframework.boot.test.context.filter.ExcludeFilterContextCustomizer@6a175569, org.springframework.boot.test.json.DuplicateJsonObjectContextCustomizerFactory$DuplicateJsonObjectContextCustomizer@11ee02f8, org.springframework.boot.test.mock.mockito.MockitoContextCustomizer@0, org.springframework.boot.test.autoconfigure.properties.PropertyMappingContextCustomizer@0, org.springframework.boot.test.autoconfigure.web.servlet.WebDriverContextCustomizerFactory$Customizer@159e366], contextLoader = 'org.springframework.test.context.support.DelegatingSmartContextLoader', parent = [null]], attributes = map[[empty]]], class annotated with @DirtiesContext [false] with mode [null].
09:35:46.196 [main] DEBUG org.springframework.test.context.cache.DefaultCacheAwareContextLoaderDelegate - Retrieved ApplicationContext [7395550] from cache with key [[MergedContextConfiguration@47272cd3 testClass = TestRunner, locations = '{}', classes = '{}', contextInitializerClasses = '[]', activeProfiles = '{}', propertySourceLocations = '{}', propertySourceProperties = '{}', contextCustomizers = set[org.springframework.boot.test.context.filter.ExcludeFilterContextCustomizer@6a175569, org.springframework.boot.test.json.DuplicateJsonObjectContextCustomizerFactory$DuplicateJsonObjectContextCustomizer@11ee02f8, org.springframework.boot.test.mock.mockito.MockitoContextCustomizer@0, org.springframework.boot.test.autoconfigure.properties.PropertyMappingContextCustomizer@0, org.springframework.boot.test.autoconfigure.web.servlet.WebDriverContextCustomizerFactory$Customizer@159e366], contextLoader = 'org.springframework.test.context.support.DelegatingSmartContextLoader', parent = [null]]]
09:35:46.197 [main] DEBUG org.springframework.test.context.cache - Spring test ApplicationContext cache statistics: [DefaultContextCache@42c2f48c size = 1, maxSize = 32, parentContextCount = 0, hitCount = 46, missCount = 1]

Scenario:                                                                                                                            # src/test/resources/features/GetIssuesClosedDate.feature:3
09:35:46.206 [main] DEBUG org.apache.http.client.protocol.RequestAddCookies - CookieSpec selected: default
09:35:46.206 [main] DEBUG org.apache.http.client.protocol.RequestAuthCache - Auth cache not set in the context
09:35:46.206 [main] DEBUG org.apache.http.impl.conn.PoolingHttpClientConnectionManager - Connection request: [route: {s}->https://devopsmetrics.herokuapp.com:443][total available: 0; route allocated: 0 of 2; total allocated: 0 of 20]
09:35:46.206 [main] DEBUG org.apache.http.impl.conn.PoolingHttpClientConnectionManager - Connection leased: [id: 15][route: {s}->https://devopsmetrics.herokuapp.com:443][total available: 0; route allocated: 1 of 2; total allocated: 1 of 20]
09:35:46.206 [main] DEBUG org.apache.http.impl.execchain.MainClientExec - Opening connection {s}->https://devopsmetrics.herokuapp.com:443
09:35:46.206 [main] DEBUG org.apache.http.impl.conn.DefaultHttpClientConnectionOperator - Connecting to devopsmetrics.herokuapp.com/34.240.218.59:443
09:35:46.206 [main] DEBUG org.apache.http.conn.ssl.SSLConnectionSocketFactory - Connecting socket to devopsmetrics.herokuapp.com/34.240.218.59:443 with timeout 0
09:35:46.248 [main] DEBUG org.apache.http.conn.ssl.SSLConnectionSocketFactory - Enabled protocols: [TLSv1.3, TLSv1.2, TLSv1.1, TLSv1]
09:35:46.248 [main] DEBUG org.apache.http.conn.ssl.SSLConnectionSocketFactory - Enabled cipher suites:[TLS_AES_128_GCM_SHA256, TLS_AES_256_GCM_SHA384, TLS_ECDHE_ECDSA_WITH_AES_256_GCM_SHA384, TLS_ECDHE_ECDSA_WITH_AES_128_GCM_SHA256, TLS_ECDHE_RSA_WITH_AES_256_GCM_SHA384, TLS_RSA_WITH_AES_256_GCM_SHA384, TLS_ECDH_ECDSA_WITH_AES_256_GCM_SHA384, TLS_ECDH_RSA_WITH_AES_256_GCM_SHA384, TLS_DHE_RSA_WITH_AES_256_GCM_SHA384, TLS_DHE_DSS_WITH_AES_256_GCM_SHA384, TLS_ECDHE_RSA_WITH_AES_128_GCM_SHA256, TLS_RSA_WITH_AES_128_GCM_SHA256, TLS_ECDH_ECDSA_WITH_AES_128_GCM_SHA256, TLS_ECDH_RSA_WITH_AES_128_GCM_SHA256, TLS_DHE_RSA_WITH_AES_128_GCM_SHA256, TLS_DHE_DSS_WITH_AES_128_GCM_SHA256, TLS_ECDHE_ECDSA_WITH_AES_256_CBC_SHA384, TLS_ECDHE_RSA_WITH_AES_256_CBC_SHA384, TLS_RSA_WITH_AES_256_CBC_SHA256, TLS_ECDH_ECDSA_WITH_AES_256_CBC_SHA384, TLS_ECDH_RSA_WITH_AES_256_CBC_SHA384, TLS_DHE_RSA_WITH_AES_256_CBC_SHA256, TLS_DHE_DSS_WITH_AES_256_CBC_SHA256, TLS_ECDHE_ECDSA_WITH_AES_256_CBC_SHA, TLS_ECDHE_RSA_WITH_AES_256_CBC_SHA, TLS_RSA_WITH_AES_256_CBC_SHA, TLS_ECDH_ECDSA_WITH_AES_256_CBC_SHA, TLS_ECDH_RSA_WITH_AES_256_CBC_SHA, TLS_DHE_RSA_WITH_AES_256_CBC_SHA, TLS_DHE_DSS_WITH_AES_256_CBC_SHA, TLS_ECDHE_ECDSA_WITH_AES_128_CBC_SHA256, TLS_ECDHE_RSA_WITH_AES_128_CBC_SHA256, TLS_RSA_WITH_AES_128_CBC_SHA256, TLS_ECDH_ECDSA_WITH_AES_128_CBC_SHA256, TLS_ECDH_RSA_WITH_AES_128_CBC_SHA256, TLS_DHE_RSA_WITH_AES_128_CBC_SHA256, TLS_DHE_DSS_WITH_AES_128_CBC_SHA256, TLS_ECDHE_ECDSA_WITH_AES_128_CBC_SHA, TLS_ECDHE_RSA_WITH_AES_128_CBC_SHA, TLS_RSA_WITH_AES_128_CBC_SHA, TLS_ECDH_ECDSA_WITH_AES_128_CBC_SHA, TLS_ECDH_RSA_WITH_AES_128_CBC_SHA, TLS_DHE_RSA_WITH_AES_128_CBC_SHA, TLS_DHE_DSS_WITH_AES_128_CBC_SHA, TLS_EMPTY_RENEGOTIATION_INFO_SCSV]
09:35:46.248 [main] DEBUG org.apache.http.conn.ssl.SSLConnectionSocketFactory - Starting handshake
09:35:46.342 [main] DEBUG org.apache.http.conn.ssl.SSLConnectionSocketFactory - Secure session established
09:35:46.342 [main] DEBUG org.apache.http.conn.ssl.SSLConnectionSocketFactory -  negotiated protocol: TLSv1.2
09:35:46.342 [main] DEBUG org.apache.http.conn.ssl.SSLConnectionSocketFactory -  negotiated cipher suite: TLS_ECDHE_RSA_WITH_AES_128_GCM_SHA256
09:35:46.342 [main] DEBUG org.apache.http.conn.ssl.SSLConnectionSocketFactory -  peer principal: CN=*.herokuapp.com
09:35:46.343 [main] DEBUG org.apache.http.conn.ssl.SSLConnectionSocketFactory -  peer alternative names: [*.herokuapp.com]
09:35:46.343 [main] DEBUG org.apache.http.conn.ssl.SSLConnectionSocketFactory -  issuer principal: CN=Amazon, OU=Server CA 1B, O=Amazon, C=US
09:35:46.343 [main] DEBUG org.apache.http.impl.conn.DefaultHttpClientConnectionOperator - Connection established 192.168.1.45:65008<->34.240.218.59:443
09:35:46.343 [main] DEBUG org.apache.http.impl.execchain.MainClientExec - Executing request GET /usuarios?username=null&password=null HTTP/1.1
09:35:46.343 [main] DEBUG org.apache.http.impl.execchain.MainClientExec - Target auth state: UNCHALLENGED
09:35:46.343 [main] DEBUG org.apache.http.impl.execchain.MainClientExec - Proxy auth state: UNCHALLENGED
09:35:46.343 [main] DEBUG org.apache.http.headers - http-outgoing-15 >> GET /usuarios?username=null&password=null HTTP/1.1
09:35:46.343 [main] DEBUG org.apache.http.headers - http-outgoing-15 >> Host: devopsmetrics.herokuapp.com
09:35:46.343 [main] DEBUG org.apache.http.headers - http-outgoing-15 >> Connection: Keep-Alive
09:35:46.343 [main] DEBUG org.apache.http.headers - http-outgoing-15 >> User-Agent: Apache-HttpClient/4.5.12 (Java/11.0.8)
09:35:46.343 [main] DEBUG org.apache.http.headers - http-outgoing-15 >> Accept-Encoding: gzip,deflate
09:35:46.343 [main] DEBUG org.apache.http.wire - http-outgoing-15 >> "GET /usuarios?username=null&password=null HTTP/1.1[\r][\n]"
09:35:46.343 [main] DEBUG org.apache.http.wire - http-outgoing-15 >> "Host: devopsmetrics.herokuapp.com[\r][\n]"
09:35:46.343 [main] DEBUG org.apache.http.wire - http-outgoing-15 >> "Connection: Keep-Alive[\r][\n]"
09:35:46.343 [main] DEBUG org.apache.http.wire - http-outgoing-15 >> "User-Agent: Apache-HttpClient/4.5.12 (Java/11.0.8)[\r][\n]"
09:35:46.343 [main] DEBUG org.apache.http.wire - http-outgoing-15 >> "Accept-Encoding: gzip,deflate[\r][\n]"
09:35:46.343 [main] DEBUG org.apache.http.wire - http-outgoing-15 >> "[\r][\n]"
09:35:46.412 [main] DEBUG org.apache.http.wire - http-outgoing-15 << "HTTP/1.1 500 [\r][\n]"
09:35:46.412 [main] DEBUG org.apache.http.wire - http-outgoing-15 << "Server: Cowboy[\r][\n]"
09:35:46.412 [main] DEBUG org.apache.http.wire - http-outgoing-15 << "Connection: keep-alive[\r][\n]"
09:35:46.412 [main] DEBUG org.apache.http.wire - http-outgoing-15 << "Vary: Origin[\r][\n]"
09:35:46.412 [main] DEBUG org.apache.http.wire - http-outgoing-15 << "Vary: Access-Control-Request-Method[\r][\n]"
09:35:46.412 [main] DEBUG org.apache.http.wire - http-outgoing-15 << "Vary: Access-Control-Request-Headers[\r][\n]"
09:35:46.412 [main] DEBUG org.apache.http.wire - http-outgoing-15 << "Content-Type: application/json[\r][\n]"
09:35:46.412 [main] DEBUG org.apache.http.wire - http-outgoing-15 << "Transfer-Encoding: chunked[\r][\n]"
09:35:46.412 [main] DEBUG org.apache.http.wire - http-outgoing-15 << "Date: Tue, 13 Jul 2021 07:35:45 GMT[\r][\n]"
09:35:46.412 [main] DEBUG org.apache.http.wire - http-outgoing-15 << "Via: 1.1 vegur[\r][\n]"
09:35:46.412 [main] DEBUG org.apache.http.wire - http-outgoing-15 << "[\r][\n]"
09:35:46.412 [main] DEBUG org.apache.http.wire - http-outgoing-15 << "7a[\r][\n]"
09:35:46.412 [main] DEBUG org.apache.http.wire - http-outgoing-15 << "{"timestamp":"2021-07-13T07:35:46.436+00:00","status":500,"error":"Internal Server Error","message":"","path":"/usuarios"}[\r][\n]"
09:35:46.412 [main] DEBUG org.apache.http.wire - http-outgoing-15 << "0[\r][\n]"
09:35:46.412 [main] DEBUG org.apache.http.wire - http-outgoing-15 << "[\r][\n]"
09:35:46.412 [main] DEBUG org.apache.http.headers - http-outgoing-15 << HTTP/1.1 500 
09:35:46.412 [main] DEBUG org.apache.http.headers - http-outgoing-15 << Server: Cowboy
09:35:46.412 [main] DEBUG org.apache.http.headers - http-outgoing-15 << Connection: keep-alive
09:35:46.412 [main] DEBUG org.apache.http.headers - http-outgoing-15 << Vary: Origin
09:35:46.412 [main] DEBUG org.apache.http.headers - http-outgoing-15 << Vary: Access-Control-Request-Method
09:35:46.412 [main] DEBUG org.apache.http.headers - http-outgoing-15 << Vary: Access-Control-Request-Headers
09:35:46.412 [main] DEBUG org.apache.http.headers - http-outgoing-15 << Content-Type: application/json
09:35:46.412 [main] DEBUG org.apache.http.headers - http-outgoing-15 << Transfer-Encoding: chunked
09:35:46.412 [main] DEBUG org.apache.http.headers - http-outgoing-15 << Date: Tue, 13 Jul 2021 07:35:45 GMT
09:35:46.412 [main] DEBUG org.apache.http.headers - http-outgoing-15 << Via: 1.1 vegur
09:35:46.412 [main] DEBUG org.apache.http.impl.execchain.MainClientExec - Connection can be kept alive indefinitely
09:35:46.412 [main] DEBUG org.apache.http.impl.conn.PoolingHttpClientConnectionManager - Connection [id: 15][route: {s}->https://devopsmetrics.herokuapp.com:443] can be kept alive indefinitely
09:35:46.412 [main] DEBUG org.apache.http.impl.conn.DefaultManagedHttpClientConnection - http-outgoing-15: set socket timeout to 0
09:35:46.412 [main] DEBUG org.apache.http.impl.conn.PoolingHttpClientConnectionManager - Connection released: [id: 15][route: {s}->https://devopsmetrics.herokuapp.com:443][total available: 1; route allocated: 1 of 2; total allocated: 1 of 20]
  Given user is logging in the system for getting all issues from a repository by his owner closed between two dates from the system # edu.uclm.esi.devopsmetrics.bdd.stepdefinitions.GetIssuesClosedDateSteps.user_is_logging_in_the_system_for_getting_all_issues_from_a_repository_by_his_owner_closed_between_two_dates_from_the_system()
  When user is correct he requests all issues from a repository by his owner closed between two dates of the system                  # edu.uclm.esi.devopsmetrics.bdd.stepdefinitions.GetIssuesClosedDateSteps.user_is_correct_he_requests_all_issues_from_a_repository_by_his_owner_closed_between_two_dates_of_the_system()
      java.lang.NullPointerException
	at edu.uclm.esi.devopsmetrics.bdd.stepdefinitions.GetIssuesClosedDateSteps.user_is_correct_he_requests_all_issues_from_a_repository_by_his_owner_closed_between_two_dates_of_the_system(GetIssuesClosedDateSteps.java:63)
	at âœ½.user is correct he requests all issues from a repository by his owner closed between two dates of the system(file:///C:/Users/Crespo/eclipse-workspace/devopsmetrics/src/test/resources/features/GetIssuesClosedDate.feature:5)

  Then the user gets all issues from a repository by his owner closed between two dates if the system                                # edu.uclm.esi.devopsmetrics.bdd.stepdefinitions.GetIssuesClosedDateSteps.the_user_gets_all_issues_from_a_repository_by_his_owner_closed_between_two_dates_if_the_system()
09:35:46.415 [main] DEBUG org.springframework.test.context.cache.DefaultCacheAwareContextLoaderDelegate - Retrieved ApplicationContext [7395550] from cache with key [[MergedContextConfiguration@47272cd3 testClass = TestRunner, locations = '{}', classes = '{}', contextInitializerClasses = '[]', activeProfiles = '{}', propertySourceLocations = '{}', propertySourceProperties = '{}', contextCustomizers = set[org.springframework.boot.test.context.filter.ExcludeFilterContextCustomizer@6a175569, org.springframework.boot.test.json.DuplicateJsonObjectContextCustomizerFactory$DuplicateJsonObjectContextCustomizer@11ee02f8, org.springframework.boot.test.mock.mockito.MockitoContextCustomizer@0, org.springframework.boot.test.autoconfigure.properties.PropertyMappingContextCustomizer@0, org.springframework.boot.test.autoconfigure.web.servlet.WebDriverContextCustomizerFactory$Customizer@159e366], contextLoader = 'org.springframework.test.context.support.DelegatingSmartContextLoader', parent = [null]]]
09:35:46.415 [main] DEBUG org.springframework.test.context.cache - Spring test ApplicationContext cache statistics: [DefaultContextCache@42c2f48c size = 1, maxSize = 32, parentContextCount = 0, hitCount = 47, missCount = 1]
09:35:46.415 [main] DEBUG org.springframework.test.context.support.AbstractDirtiesContextTestExecutionListener - After test class: context [DefaultTestContext@32f1fafe testClass = TestRunner, testInstance = [null], testMethod = [null], testException = [null], mergedContextConfiguration = [MergedContextConfiguration@47272cd3 testClass = TestRunner, locations = '{}', classes = '{}', contextInitializerClasses = '[]', activeProfiles = '{}', propertySourceLocations = '{}', propertySourceProperties = '{}', contextCustomizers = set[org.springframework.boot.test.context.filter.ExcludeFilterContextCustomizer@6a175569, org.springframework.boot.test.json.DuplicateJsonObjectContextCustomizerFactory$DuplicateJsonObjectContextCustomizer@11ee02f8, org.springframework.boot.test.mock.mockito.MockitoContextCustomizer@0, org.springframework.boot.test.autoconfigure.properties.PropertyMappingContextCustomizer@0, org.springframework.boot.test.autoconfigure.web.servlet.WebDriverContextCustomizerFactory$Customizer@159e366], contextLoader = 'org.springframework.test.context.support.DelegatingSmartContextLoader', parent = [null]], attributes = map[[empty]]], class annotated with @DirtiesContext [false] with mode [null].
]]></system-out>
  </testcase>
  <testcase name="{feature to test the function to get all issues from a repository by his owner created between two dates from the system}" classname="edu.uclm.esi.devopsmetrics.bdd.TestRunner" time="0.254">
    <error type="java.lang.NullPointerException">java.lang.NullPointerException
</error>
    <system-out><![CDATA[09:35:46.416 [main] DEBUG org.springframework.test.context.BootstrapUtils - Instantiating CacheAwareContextLoaderDelegate from class [org.springframework.test.context.cache.DefaultCacheAwareContextLoaderDelegate]
09:35:46.416 [main] DEBUG org.springframework.test.context.BootstrapUtils - Instantiating BootstrapContext using constructor [public org.springframework.test.context.support.DefaultBootstrapContext(java.lang.Class,org.springframework.test.context.CacheAwareContextLoaderDelegate)]
09:35:46.416 [main] DEBUG org.springframework.test.context.BootstrapUtils - Instantiating TestContextBootstrapper for test class [edu.uclm.esi.devopsmetrics.bdd.TestRunner] from class [org.springframework.test.context.support.DefaultTestContextBootstrapper]
09:35:46.417 [main] INFO org.springframework.test.context.support.DefaultTestContextBootstrapper - Neither @ContextConfiguration nor @ContextHierarchy found for test class [edu.uclm.esi.devopsmetrics.bdd.TestRunner], using DelegatingSmartContextLoader
09:35:46.417 [main] DEBUG org.springframework.test.context.support.AbstractDelegatingSmartContextLoader - Delegating to GenericXmlContextLoader to process context configuration [ContextConfigurationAttributes@307e4c44 declaringClass = 'edu.uclm.esi.devopsmetrics.bdd.TestRunner', classes = '{}', locations = '{}', inheritLocations = false, initializers = '{}', inheritInitializers = true, name = [null], contextLoaderClass = 'org.springframework.test.context.ContextLoader'].
09:35:46.417 [main] DEBUG org.springframework.test.context.support.AbstractContextLoader - Did not detect default resource location for test class [edu.uclm.esi.devopsmetrics.bdd.TestRunner]: class path resource [edu/uclm/esi/devopsmetrics/bdd/TestRunner-context.xml] does not exist
09:35:46.417 [main] INFO org.springframework.test.context.support.AbstractContextLoader - Could not detect default resource locations for test class [edu.uclm.esi.devopsmetrics.bdd.TestRunner]: no resource found for suffixes {-context.xml}.
09:35:46.417 [main] DEBUG org.springframework.test.context.support.AbstractDelegatingSmartContextLoader - Delegating to AnnotationConfigContextLoader to process context configuration [ContextConfigurationAttributes@307e4c44 declaringClass = 'edu.uclm.esi.devopsmetrics.bdd.TestRunner', classes = '{}', locations = '{}', inheritLocations = false, initializers = '{}', inheritInitializers = true, name = [null], contextLoaderClass = 'org.springframework.test.context.ContextLoader'].
09:35:46.417 [main] INFO org.springframework.test.context.support.AnnotationConfigContextLoaderUtils - Could not detect default configuration classes for test class [edu.uclm.esi.devopsmetrics.bdd.TestRunner]: TestRunner does not declare any static, non-private, non-final, nested classes annotated with @Configuration.
09:35:46.419 [main] DEBUG org.springframework.test.context.support.ActiveProfilesUtils - Could not find an 'annotation declaring class' for annotation type [org.springframework.test.context.ActiveProfiles] and class [edu.uclm.esi.devopsmetrics.bdd.TestRunner]
09:35:46.419 [main] DEBUG org.springframework.test.context.support.DefaultTestContextBootstrapper - @TestExecutionListeners is not present for class [edu.uclm.esi.devopsmetrics.bdd.TestRunner]: using defaults.
09:35:46.419 [main] INFO org.springframework.test.context.support.DefaultTestContextBootstrapper - Loaded default TestExecutionListener class names from location [META-INF/spring.factories]: [org.springframework.boot.test.mock.mockito.MockitoTestExecutionListener, org.springframework.boot.test.mock.mockito.ResetMocksTestExecutionListener, org.springframework.boot.test.autoconfigure.restdocs.RestDocsTestExecutionListener, org.springframework.boot.test.autoconfigure.web.client.MockRestServiceServerResetTestExecutionListener, org.springframework.boot.test.autoconfigure.web.servlet.MockMvcPrintOnlyOnFailureTestExecutionListener, org.springframework.boot.test.autoconfigure.web.servlet.WebDriverTestExecutionListener, org.springframework.boot.test.autoconfigure.webservices.client.MockWebServiceServerTestExecutionListener, org.springframework.test.context.web.ServletTestExecutionListener, org.springframework.test.context.support.DirtiesContextBeforeModesTestExecutionListener, org.springframework.test.context.support.DependencyInjectionTestExecutionListener, org.springframework.test.context.support.DirtiesContextTestExecutionListener, org.springframework.test.context.transaction.TransactionalTestExecutionListener, org.springframework.test.context.jdbc.SqlScriptsTestExecutionListener, org.springframework.test.context.event.EventPublishingTestExecutionListener]
09:35:46.419 [main] INFO org.springframework.test.context.support.DefaultTestContextBootstrapper - Using TestExecutionListeners: [org.springframework.test.context.web.ServletTestExecutionListener@2a8a3ada, org.springframework.test.context.support.DirtiesContextBeforeModesTestExecutionListener@500051c5, org.springframework.boot.test.mock.mockito.MockitoTestExecutionListener@ec7b5de, org.springframework.test.context.support.DependencyInjectionTestExecutionListener@4c19d42e, org.springframework.test.context.support.DirtiesContextTestExecutionListener@373e6b9d, org.springframework.test.context.transaction.TransactionalTestExecutionListener@65629ac6, org.springframework.test.context.jdbc.SqlScriptsTestExecutionListener@56b8aaf1, org.springframework.test.context.event.EventPublishingTestExecutionListener@5482bcac, org.springframework.boot.test.mock.mockito.ResetMocksTestExecutionListener@10244722, org.springframework.boot.test.autoconfigure.restdocs.RestDocsTestExecutionListener@61615b4a, org.springframework.boot.test.autoconfigure.web.client.MockRestServiceServerResetTestExecutionListener@721d8ab5, org.springframework.boot.test.autoconfigure.web.servlet.MockMvcPrintOnlyOnFailureTestExecutionListener@33bb3f86, org.springframework.boot.test.autoconfigure.web.servlet.WebDriverTestExecutionListener@1946384, org.springframework.boot.test.autoconfigure.webservices.client.MockWebServiceServerTestExecutionListener@6ac4c3f7]
09:35:46.420 [main] DEBUG org.springframework.test.context.cache.DefaultCacheAwareContextLoaderDelegate - Retrieved ApplicationContext [7395550] from cache with key [[MergedContextConfiguration@7412a438 testClass = TestRunner, locations = '{}', classes = '{}', contextInitializerClasses = '[]', activeProfiles = '{}', propertySourceLocations = '{}', propertySourceProperties = '{}', contextCustomizers = set[org.springframework.boot.test.context.filter.ExcludeFilterContextCustomizer@6a175569, org.springframework.boot.test.json.DuplicateJsonObjectContextCustomizerFactory$DuplicateJsonObjectContextCustomizer@11ee02f8, org.springframework.boot.test.mock.mockito.MockitoContextCustomizer@0, org.springframework.boot.test.autoconfigure.properties.PropertyMappingContextCustomizer@0, org.springframework.boot.test.autoconfigure.web.servlet.WebDriverContextCustomizerFactory$Customizer@159e366], contextLoader = 'org.springframework.test.context.support.DelegatingSmartContextLoader', parent = [null]]]
09:35:46.420 [main] DEBUG org.springframework.test.context.cache - Spring test ApplicationContext cache statistics: [DefaultContextCache@42c2f48c size = 1, maxSize = 32, parentContextCount = 0, hitCount = 48, missCount = 1]
09:35:46.420 [main] DEBUG org.springframework.beans.factory.support.DefaultListableBeanFactory - Replacing scope 'cucumber-glue' from [io.cucumber.spring.CucumberScenarioScope@73fbdf68] to [io.cucumber.spring.CucumberScenarioScope@1e3ff233]
09:35:46.420 [main] DEBUG org.springframework.test.context.support.AbstractDirtiesContextTestExecutionListener - Before test class: context [DefaultTestContext@3c952a33 testClass = TestRunner, testInstance = [null], testMethod = [null], testException = [null], mergedContextConfiguration = [MergedContextConfiguration@7412a438 testClass = TestRunner, locations = '{}', classes = '{}', contextInitializerClasses = '[]', activeProfiles = '{}', propertySourceLocations = '{}', propertySourceProperties = '{}', contextCustomizers = set[org.springframework.boot.test.context.filter.ExcludeFilterContextCustomizer@6a175569, org.springframework.boot.test.json.DuplicateJsonObjectContextCustomizerFactory$DuplicateJsonObjectContextCustomizer@11ee02f8, org.springframework.boot.test.mock.mockito.MockitoContextCustomizer@0, org.springframework.boot.test.autoconfigure.properties.PropertyMappingContextCustomizer@0, org.springframework.boot.test.autoconfigure.web.servlet.WebDriverContextCustomizerFactory$Customizer@159e366], contextLoader = 'org.springframework.test.context.support.DelegatingSmartContextLoader', parent = [null]], attributes = map[[empty]]], class annotated with @DirtiesContext [false] with mode [null].
09:35:46.420 [main] DEBUG org.springframework.test.context.cache.DefaultCacheAwareContextLoaderDelegate - Retrieved ApplicationContext [7395550] from cache with key [[MergedContextConfiguration@7412a438 testClass = TestRunner, locations = '{}', classes = '{}', contextInitializerClasses = '[]', activeProfiles = '{}', propertySourceLocations = '{}', propertySourceProperties = '{}', contextCustomizers = set[org.springframework.boot.test.context.filter.ExcludeFilterContextCustomizer@6a175569, org.springframework.boot.test.json.DuplicateJsonObjectContextCustomizerFactory$DuplicateJsonObjectContextCustomizer@11ee02f8, org.springframework.boot.test.mock.mockito.MockitoContextCustomizer@0, org.springframework.boot.test.autoconfigure.properties.PropertyMappingContextCustomizer@0, org.springframework.boot.test.autoconfigure.web.servlet.WebDriverContextCustomizerFactory$Customizer@159e366], contextLoader = 'org.springframework.test.context.support.DelegatingSmartContextLoader', parent = [null]]]
09:35:46.420 [main] DEBUG org.springframework.test.context.cache - Spring test ApplicationContext cache statistics: [DefaultContextCache@42c2f48c size = 1, maxSize = 32, parentContextCount = 0, hitCount = 49, missCount = 1]

Scenario:                                                                                                                             # src/test/resources/features/GetIssuesCreatedByDate.feature:3
09:35:46.433 [main] DEBUG org.apache.http.client.protocol.RequestAddCookies - CookieSpec selected: default
09:35:46.433 [main] DEBUG org.apache.http.client.protocol.RequestAuthCache - Auth cache not set in the context
09:35:46.433 [main] DEBUG org.apache.http.impl.conn.PoolingHttpClientConnectionManager - Connection request: [route: {s}->https://devopsmetrics.herokuapp.com:443][total available: 0; route allocated: 0 of 2; total allocated: 0 of 20]
09:35:46.434 [main] DEBUG org.apache.http.impl.conn.PoolingHttpClientConnectionManager - Connection leased: [id: 16][route: {s}->https://devopsmetrics.herokuapp.com:443][total available: 0; route allocated: 1 of 2; total allocated: 1 of 20]
09:35:46.434 [main] DEBUG org.apache.http.impl.execchain.MainClientExec - Opening connection {s}->https://devopsmetrics.herokuapp.com:443
09:35:46.434 [main] DEBUG org.apache.http.impl.conn.DefaultHttpClientConnectionOperator - Connecting to devopsmetrics.herokuapp.com/34.240.218.59:443
09:35:46.434 [main] DEBUG org.apache.http.conn.ssl.SSLConnectionSocketFactory - Connecting socket to devopsmetrics.herokuapp.com/34.240.218.59:443 with timeout 0
09:35:46.476 [main] DEBUG org.apache.http.conn.ssl.SSLConnectionSocketFactory - Enabled protocols: [TLSv1.3, TLSv1.2, TLSv1.1, TLSv1]
09:35:46.476 [main] DEBUG org.apache.http.conn.ssl.SSLConnectionSocketFactory - Enabled cipher suites:[TLS_AES_128_GCM_SHA256, TLS_AES_256_GCM_SHA384, TLS_ECDHE_ECDSA_WITH_AES_256_GCM_SHA384, TLS_ECDHE_ECDSA_WITH_AES_128_GCM_SHA256, TLS_ECDHE_RSA_WITH_AES_256_GCM_SHA384, TLS_RSA_WITH_AES_256_GCM_SHA384, TLS_ECDH_ECDSA_WITH_AES_256_GCM_SHA384, TLS_ECDH_RSA_WITH_AES_256_GCM_SHA384, TLS_DHE_RSA_WITH_AES_256_GCM_SHA384, TLS_DHE_DSS_WITH_AES_256_GCM_SHA384, TLS_ECDHE_RSA_WITH_AES_128_GCM_SHA256, TLS_RSA_WITH_AES_128_GCM_SHA256, TLS_ECDH_ECDSA_WITH_AES_128_GCM_SHA256, TLS_ECDH_RSA_WITH_AES_128_GCM_SHA256, TLS_DHE_RSA_WITH_AES_128_GCM_SHA256, TLS_DHE_DSS_WITH_AES_128_GCM_SHA256, TLS_ECDHE_ECDSA_WITH_AES_256_CBC_SHA384, TLS_ECDHE_RSA_WITH_AES_256_CBC_SHA384, TLS_RSA_WITH_AES_256_CBC_SHA256, TLS_ECDH_ECDSA_WITH_AES_256_CBC_SHA384, TLS_ECDH_RSA_WITH_AES_256_CBC_SHA384, TLS_DHE_RSA_WITH_AES_256_CBC_SHA256, TLS_DHE_DSS_WITH_AES_256_CBC_SHA256, TLS_ECDHE_ECDSA_WITH_AES_256_CBC_SHA, TLS_ECDHE_RSA_WITH_AES_256_CBC_SHA, TLS_RSA_WITH_AES_256_CBC_SHA, TLS_ECDH_ECDSA_WITH_AES_256_CBC_SHA, TLS_ECDH_RSA_WITH_AES_256_CBC_SHA, TLS_DHE_RSA_WITH_AES_256_CBC_SHA, TLS_DHE_DSS_WITH_AES_256_CBC_SHA, TLS_ECDHE_ECDSA_WITH_AES_128_CBC_SHA256, TLS_ECDHE_RSA_WITH_AES_128_CBC_SHA256, TLS_RSA_WITH_AES_128_CBC_SHA256, TLS_ECDH_ECDSA_WITH_AES_128_CBC_SHA256, TLS_ECDH_RSA_WITH_AES_128_CBC_SHA256, TLS_DHE_RSA_WITH_AES_128_CBC_SHA256, TLS_DHE_DSS_WITH_AES_128_CBC_SHA256, TLS_ECDHE_ECDSA_WITH_AES_128_CBC_SHA, TLS_ECDHE_RSA_WITH_AES_128_CBC_SHA, TLS_RSA_WITH_AES_128_CBC_SHA, TLS_ECDH_ECDSA_WITH_AES_128_CBC_SHA, TLS_ECDH_RSA_WITH_AES_128_CBC_SHA, TLS_DHE_RSA_WITH_AES_128_CBC_SHA, TLS_DHE_DSS_WITH_AES_128_CBC_SHA, TLS_EMPTY_RENEGOTIATION_INFO_SCSV]
09:35:46.476 [main] DEBUG org.apache.http.conn.ssl.SSLConnectionSocketFactory - Starting handshake
09:35:46.567 [main] DEBUG org.apache.http.conn.ssl.SSLConnectionSocketFactory - Secure session established
09:35:46.567 [main] DEBUG org.apache.http.conn.ssl.SSLConnectionSocketFactory -  negotiated protocol: TLSv1.2
09:35:46.567 [main] DEBUG org.apache.http.conn.ssl.SSLConnectionSocketFactory -  negotiated cipher suite: TLS_ECDHE_RSA_WITH_AES_128_GCM_SHA256
09:35:46.567 [main] DEBUG org.apache.http.conn.ssl.SSLConnectionSocketFactory -  peer principal: CN=*.herokuapp.com
09:35:46.567 [main] DEBUG org.apache.http.conn.ssl.SSLConnectionSocketFactory -  peer alternative names: [*.herokuapp.com]
09:35:46.567 [main] DEBUG org.apache.http.conn.ssl.SSLConnectionSocketFactory -  issuer principal: CN=Amazon, OU=Server CA 1B, O=Amazon, C=US
09:35:46.567 [main] DEBUG org.apache.http.impl.conn.DefaultHttpClientConnectionOperator - Connection established 192.168.1.45:65009<->34.240.218.59:443
09:35:46.567 [main] DEBUG org.apache.http.impl.execchain.MainClientExec - Executing request GET /usuarios?username=null&password=null HTTP/1.1
09:35:46.567 [main] DEBUG org.apache.http.impl.execchain.MainClientExec - Target auth state: UNCHALLENGED
09:35:46.567 [main] DEBUG org.apache.http.impl.execchain.MainClientExec - Proxy auth state: UNCHALLENGED
09:35:46.567 [main] DEBUG org.apache.http.headers - http-outgoing-16 >> GET /usuarios?username=null&password=null HTTP/1.1
09:35:46.567 [main] DEBUG org.apache.http.headers - http-outgoing-16 >> Host: devopsmetrics.herokuapp.com
09:35:46.567 [main] DEBUG org.apache.http.headers - http-outgoing-16 >> Connection: Keep-Alive
09:35:46.567 [main] DEBUG org.apache.http.headers - http-outgoing-16 >> User-Agent: Apache-HttpClient/4.5.12 (Java/11.0.8)
09:35:46.567 [main] DEBUG org.apache.http.headers - http-outgoing-16 >> Accept-Encoding: gzip,deflate
09:35:46.567 [main] DEBUG org.apache.http.wire - http-outgoing-16 >> "GET /usuarios?username=null&password=null HTTP/1.1[\r][\n]"
09:35:46.567 [main] DEBUG org.apache.http.wire - http-outgoing-16 >> "Host: devopsmetrics.herokuapp.com[\r][\n]"
09:35:46.567 [main] DEBUG org.apache.http.wire - http-outgoing-16 >> "Connection: Keep-Alive[\r][\n]"
09:35:46.567 [main] DEBUG org.apache.http.wire - http-outgoing-16 >> "User-Agent: Apache-HttpClient/4.5.12 (Java/11.0.8)[\r][\n]"
09:35:46.567 [main] DEBUG org.apache.http.wire - http-outgoing-16 >> "Accept-Encoding: gzip,deflate[\r][\n]"
09:35:46.567 [main] DEBUG org.apache.http.wire - http-outgoing-16 >> "[\r][\n]"
09:35:46.656 [main] DEBUG org.apache.http.wire - http-outgoing-16 << "HTTP/1.1 500 [\r][\n]"
09:35:46.656 [main] DEBUG org.apache.http.wire - http-outgoing-16 << "Server: Cowboy[\r][\n]"
09:35:46.656 [main] DEBUG org.apache.http.wire - http-outgoing-16 << "Connection: keep-alive[\r][\n]"
09:35:46.656 [main] DEBUG org.apache.http.wire - http-outgoing-16 << "Vary: Origin[\r][\n]"
09:35:46.656 [main] DEBUG org.apache.http.wire - http-outgoing-16 << "Vary: Access-Control-Request-Method[\r][\n]"
09:35:46.656 [main] DEBUG org.apache.http.wire - http-outgoing-16 << "Vary: Access-Control-Request-Headers[\r][\n]"
09:35:46.656 [main] DEBUG org.apache.http.wire - http-outgoing-16 << "Content-Type: application/json[\r][\n]"
09:35:46.656 [main] DEBUG org.apache.http.wire - http-outgoing-16 << "Transfer-Encoding: chunked[\r][\n]"
09:35:46.656 [main] DEBUG org.apache.http.wire - http-outgoing-16 << "Date: Tue, 13 Jul 2021 07:35:45 GMT[\r][\n]"
09:35:46.656 [main] DEBUG org.apache.http.wire - http-outgoing-16 << "Via: 1.1 vegur[\r][\n]"
09:35:46.656 [main] DEBUG org.apache.http.wire - http-outgoing-16 << "[\r][\n]"
09:35:46.656 [main] DEBUG org.apache.http.headers - http-outgoing-16 << HTTP/1.1 500 
09:35:46.656 [main] DEBUG org.apache.http.headers - http-outgoing-16 << Server: Cowboy
09:35:46.656 [main] DEBUG org.apache.http.headers - http-outgoing-16 << Connection: keep-alive
09:35:46.656 [main] DEBUG org.apache.http.headers - http-outgoing-16 << Vary: Origin
09:35:46.656 [main] DEBUG org.apache.http.headers - http-outgoing-16 << Vary: Access-Control-Request-Method
09:35:46.656 [main] DEBUG org.apache.http.headers - http-outgoing-16 << Vary: Access-Control-Request-Headers
09:35:46.656 [main] DEBUG org.apache.http.headers - http-outgoing-16 << Content-Type: application/json
09:35:46.656 [main] DEBUG org.apache.http.headers - http-outgoing-16 << Transfer-Encoding: chunked
09:35:46.656 [main] DEBUG org.apache.http.headers - http-outgoing-16 << Date: Tue, 13 Jul 2021 07:35:45 GMT
09:35:46.656 [main] DEBUG org.apache.http.headers - http-outgoing-16 << Via: 1.1 vegur
09:35:46.656 [main] DEBUG org.apache.http.impl.execchain.MainClientExec - Connection can be kept alive indefinitely
09:35:46.656 [main] DEBUG org.apache.http.wire - http-outgoing-16 << "7a[\r][\n]"
09:35:46.656 [main] DEBUG org.apache.http.wire - http-outgoing-16 << "{"timestamp":"2021-07-13T07:35:46.680+00:00","status":500,"error":"Internal Server Error","message":"","path":"/usuarios"}[\r][\n]"
09:35:46.656 [main] DEBUG org.apache.http.wire - http-outgoing-16 << "0[\r][\n]"
09:35:46.656 [main] DEBUG org.apache.http.wire - http-outgoing-16 << "[\r][\n]"
09:35:46.656 [main] DEBUG org.apache.http.impl.conn.PoolingHttpClientConnectionManager - Connection [id: 16][route: {s}->https://devopsmetrics.herokuapp.com:443] can be kept alive indefinitely
09:35:46.656 [main] DEBUG org.apache.http.impl.conn.DefaultManagedHttpClientConnection - http-outgoing-16: set socket timeout to 0
09:35:46.656 [main] DEBUG org.apache.http.impl.conn.PoolingHttpClientConnectionManager - Connection released: [id: 16][route: {s}->https://devopsmetrics.herokuapp.com:443][total available: 1; route allocated: 1 of 2; total allocated: 1 of 20]
  Given user is logging in the system for getting all issues from a repository by his owner created between two dates from the system # edu.uclm.esi.devopsmetrics.bdd.stepdefinitions.GetIssuesCreatedDateSteps.user_is_logging_in_the_system_for_getting_all_issues_from_a_repository_by_his_owner_created_between_two_dates_from_the_system()
  When user is correct he requests all issues from a repository by his owner created between two dates of the system                  # edu.uclm.esi.devopsmetrics.bdd.stepdefinitions.GetIssuesCreatedDateSteps.user_is_correct_he_requests_all_issues_from_a_repository_by_his_owner_created_between_two_dates_of_the_system()
      java.lang.NullPointerException
	at edu.uclm.esi.devopsmetrics.bdd.stepdefinitions.GetIssuesCreatedDateSteps.user_is_correct_he_requests_all_issues_from_a_repository_by_his_owner_created_between_two_dates_of_the_system(GetIssuesCreatedDateSteps.java:62)
	at âœ½.user is correct he requests all issues from a repository by his owner created between two dates of the system(file:///C:/Users/Crespo/eclipse-workspace/devopsmetrics/src/test/resources/features/GetIssuesCreatedByDate.feature:5)

  Then the user gets all issues from a repository by his owner created between two dates if the system                                # edu.uclm.esi.devopsmetrics.bdd.stepdefinitions.GetIssuesCreatedDateSteps.the_user_gets_all_issues_from_a_repository_by_his_owner_created_between_two_dates_if_the_system()
09:35:46.658 [main] DEBUG org.springframework.test.context.cache.DefaultCacheAwareContextLoaderDelegate - Retrieved ApplicationContext [7395550] from cache with key [[MergedContextConfiguration@7412a438 testClass = TestRunner, locations = '{}', classes = '{}', contextInitializerClasses = '[]', activeProfiles = '{}', propertySourceLocations = '{}', propertySourceProperties = '{}', contextCustomizers = set[org.springframework.boot.test.context.filter.ExcludeFilterContextCustomizer@6a175569, org.springframework.boot.test.json.DuplicateJsonObjectContextCustomizerFactory$DuplicateJsonObjectContextCustomizer@11ee02f8, org.springframework.boot.test.mock.mockito.MockitoContextCustomizer@0, org.springframework.boot.test.autoconfigure.properties.PropertyMappingContextCustomizer@0, org.springframework.boot.test.autoconfigure.web.servlet.WebDriverContextCustomizerFactory$Customizer@159e366], contextLoader = 'org.springframework.test.context.support.DelegatingSmartContextLoader', parent = [null]]]
09:35:46.658 [main] DEBUG org.springframework.test.context.cache - Spring test ApplicationContext cache statistics: [DefaultContextCache@42c2f48c size = 1, maxSize = 32, parentContextCount = 0, hitCount = 50, missCount = 1]
09:35:46.658 [main] DEBUG org.springframework.test.context.support.AbstractDirtiesContextTestExecutionListener - After test class: context [DefaultTestContext@3c952a33 testClass = TestRunner, testInstance = [null], testMethod = [null], testException = [null], mergedContextConfiguration = [MergedContextConfiguration@7412a438 testClass = TestRunner, locations = '{}', classes = '{}', contextInitializerClasses = '[]', activeProfiles = '{}', propertySourceLocations = '{}', propertySourceProperties = '{}', contextCustomizers = set[org.springframework.boot.test.context.filter.ExcludeFilterContextCustomizer@6a175569, org.springframework.boot.test.json.DuplicateJsonObjectContextCustomizerFactory$DuplicateJsonObjectContextCustomizer@11ee02f8, org.springframework.boot.test.mock.mockito.MockitoContextCustomizer@0, org.springframework.boot.test.autoconfigure.properties.PropertyMappingContextCustomizer@0, org.springframework.boot.test.autoconfigure.web.servlet.WebDriverContextCustomizerFactory$Customizer@159e366], contextLoader = 'org.springframework.test.context.support.DelegatingSmartContextLoader', parent = [null]], attributes = map[[empty]]], class annotated with @DirtiesContext [false] with mode [null].
]]></system-out>
  </testcase>
  <testcase name="{feature to test the function to get all issues from a repository by his owner opened between two dates from the system}" classname="edu.uclm.esi.devopsmetrics.bdd.TestRunner" time="0.259">
    <error type="java.lang.NullPointerException">java.lang.NullPointerException
</error>
    <system-out><![CDATA[09:35:46.658 [main] DEBUG org.springframework.test.context.BootstrapUtils - Instantiating CacheAwareContextLoaderDelegate from class [org.springframework.test.context.cache.DefaultCacheAwareContextLoaderDelegate]
09:35:46.658 [main] DEBUG org.springframework.test.context.BootstrapUtils - Instantiating BootstrapContext using constructor [public org.springframework.test.context.support.DefaultBootstrapContext(java.lang.Class,org.springframework.test.context.CacheAwareContextLoaderDelegate)]
09:35:46.658 [main] DEBUG org.springframework.test.context.BootstrapUtils - Instantiating TestContextBootstrapper for test class [edu.uclm.esi.devopsmetrics.bdd.TestRunner] from class [org.springframework.test.context.support.DefaultTestContextBootstrapper]
09:35:46.658 [main] INFO org.springframework.test.context.support.DefaultTestContextBootstrapper - Neither @ContextConfiguration nor @ContextHierarchy found for test class [edu.uclm.esi.devopsmetrics.bdd.TestRunner], using DelegatingSmartContextLoader
09:35:46.658 [main] DEBUG org.springframework.test.context.support.AbstractDelegatingSmartContextLoader - Delegating to GenericXmlContextLoader to process context configuration [ContextConfigurationAttributes@3b009e7b declaringClass = 'edu.uclm.esi.devopsmetrics.bdd.TestRunner', classes = '{}', locations = '{}', inheritLocations = false, initializers = '{}', inheritInitializers = true, name = [null], contextLoaderClass = 'org.springframework.test.context.ContextLoader'].
09:35:46.659 [main] DEBUG org.springframework.test.context.support.AbstractContextLoader - Did not detect default resource location for test class [edu.uclm.esi.devopsmetrics.bdd.TestRunner]: class path resource [edu/uclm/esi/devopsmetrics/bdd/TestRunner-context.xml] does not exist
09:35:46.659 [main] INFO org.springframework.test.context.support.AbstractContextLoader - Could not detect default resource locations for test class [edu.uclm.esi.devopsmetrics.bdd.TestRunner]: no resource found for suffixes {-context.xml}.
09:35:46.659 [main] DEBUG org.springframework.test.context.support.AbstractDelegatingSmartContextLoader - Delegating to AnnotationConfigContextLoader to process context configuration [ContextConfigurationAttributes@3b009e7b declaringClass = 'edu.uclm.esi.devopsmetrics.bdd.TestRunner', classes = '{}', locations = '{}', inheritLocations = false, initializers = '{}', inheritInitializers = true, name = [null], contextLoaderClass = 'org.springframework.test.context.ContextLoader'].
09:35:46.659 [main] INFO org.springframework.test.context.support.AnnotationConfigContextLoaderUtils - Could not detect default configuration classes for test class [edu.uclm.esi.devopsmetrics.bdd.TestRunner]: TestRunner does not declare any static, non-private, non-final, nested classes annotated with @Configuration.
09:35:46.660 [main] DEBUG org.springframework.test.context.support.ActiveProfilesUtils - Could not find an 'annotation declaring class' for annotation type [org.springframework.test.context.ActiveProfiles] and class [edu.uclm.esi.devopsmetrics.bdd.TestRunner]
09:35:46.660 [main] DEBUG org.springframework.test.context.support.DefaultTestContextBootstrapper - @TestExecutionListeners is not present for class [edu.uclm.esi.devopsmetrics.bdd.TestRunner]: using defaults.
09:35:46.660 [main] INFO org.springframework.test.context.support.DefaultTestContextBootstrapper - Loaded default TestExecutionListener class names from location [META-INF/spring.factories]: [org.springframework.boot.test.mock.mockito.MockitoTestExecutionListener, org.springframework.boot.test.mock.mockito.ResetMocksTestExecutionListener, org.springframework.boot.test.autoconfigure.restdocs.RestDocsTestExecutionListener, org.springframework.boot.test.autoconfigure.web.client.MockRestServiceServerResetTestExecutionListener, org.springframework.boot.test.autoconfigure.web.servlet.MockMvcPrintOnlyOnFailureTestExecutionListener, org.springframework.boot.test.autoconfigure.web.servlet.WebDriverTestExecutionListener, org.springframework.boot.test.autoconfigure.webservices.client.MockWebServiceServerTestExecutionListener, org.springframework.test.context.web.ServletTestExecutionListener, org.springframework.test.context.support.DirtiesContextBeforeModesTestExecutionListener, org.springframework.test.context.support.DependencyInjectionTestExecutionListener, org.springframework.test.context.support.DirtiesContextTestExecutionListener, org.springframework.test.context.transaction.TransactionalTestExecutionListener, org.springframework.test.context.jdbc.SqlScriptsTestExecutionListener, org.springframework.test.context.event.EventPublishingTestExecutionListener]
09:35:46.660 [main] INFO org.springframework.test.context.support.DefaultTestContextBootstrapper - Using TestExecutionListeners: [org.springframework.test.context.web.ServletTestExecutionListener@270a620, org.springframework.test.context.support.DirtiesContextBeforeModesTestExecutionListener@41f4039e, org.springframework.boot.test.mock.mockito.MockitoTestExecutionListener@5ff00507, org.springframework.test.context.support.DependencyInjectionTestExecutionListener@603cabc4, org.springframework.test.context.support.DirtiesContextTestExecutionListener@67fa5045, org.springframework.test.context.transaction.TransactionalTestExecutionListener@6f347d7, org.springframework.test.context.jdbc.SqlScriptsTestExecutionListener@5974b233, org.springframework.test.context.event.EventPublishingTestExecutionListener@5c134052, org.springframework.boot.test.mock.mockito.ResetMocksTestExecutionListener@69de5bed, org.springframework.boot.test.autoconfigure.restdocs.RestDocsTestExecutionListener@750f64fe, org.springframework.boot.test.autoconfigure.web.client.MockRestServiceServerResetTestExecutionListener@996a546, org.springframework.boot.test.autoconfigure.web.servlet.MockMvcPrintOnlyOnFailureTestExecutionListener@4fc165f6, org.springframework.boot.test.autoconfigure.web.servlet.WebDriverTestExecutionListener@545b5ed0, org.springframework.boot.test.autoconfigure.webservices.client.MockWebServiceServerTestExecutionListener@5a7df831]
09:35:46.660 [main] DEBUG org.springframework.test.context.cache.DefaultCacheAwareContextLoaderDelegate - Retrieved ApplicationContext [7395550] from cache with key [[MergedContextConfiguration@667dcaad testClass = TestRunner, locations = '{}', classes = '{}', contextInitializerClasses = '[]', activeProfiles = '{}', propertySourceLocations = '{}', propertySourceProperties = '{}', contextCustomizers = set[org.springframework.boot.test.context.filter.ExcludeFilterContextCustomizer@6a175569, org.springframework.boot.test.json.DuplicateJsonObjectContextCustomizerFactory$DuplicateJsonObjectContextCustomizer@11ee02f8, org.springframework.boot.test.mock.mockito.MockitoContextCustomizer@0, org.springframework.boot.test.autoconfigure.properties.PropertyMappingContextCustomizer@0, org.springframework.boot.test.autoconfigure.web.servlet.WebDriverContextCustomizerFactory$Customizer@159e366], contextLoader = 'org.springframework.test.context.support.DelegatingSmartContextLoader', parent = [null]]]
09:35:46.660 [main] DEBUG org.springframework.test.context.cache - Spring test ApplicationContext cache statistics: [DefaultContextCache@42c2f48c size = 1, maxSize = 32, parentContextCount = 0, hitCount = 51, missCount = 1]
09:35:46.660 [main] DEBUG org.springframework.beans.factory.support.DefaultListableBeanFactory - Replacing scope 'cucumber-glue' from [io.cucumber.spring.CucumberScenarioScope@1e3ff233] to [io.cucumber.spring.CucumberScenarioScope@22d7fd41]
09:35:46.660 [main] DEBUG org.springframework.test.context.support.AbstractDirtiesContextTestExecutionListener - Before test class: context [DefaultTestContext@2c748a15 testClass = TestRunner, testInstance = [null], testMethod = [null], testException = [null], mergedContextConfiguration = [MergedContextConfiguration@667dcaad testClass = TestRunner, locations = '{}', classes = '{}', contextInitializerClasses = '[]', activeProfiles = '{}', propertySourceLocations = '{}', propertySourceProperties = '{}', contextCustomizers = set[org.springframework.boot.test.context.filter.ExcludeFilterContextCustomizer@6a175569, org.springframework.boot.test.json.DuplicateJsonObjectContextCustomizerFactory$DuplicateJsonObjectContextCustomizer@11ee02f8, org.springframework.boot.test.mock.mockito.MockitoContextCustomizer@0, org.springframework.boot.test.autoconfigure.properties.PropertyMappingContextCustomizer@0, org.springframework.boot.test.autoconfigure.web.servlet.WebDriverContextCustomizerFactory$Customizer@159e366], contextLoader = 'org.springframework.test.context.support.DelegatingSmartContextLoader', parent = [null]], attributes = map[[empty]]], class annotated with @DirtiesContext [false] with mode [null].
09:35:46.660 [main] DEBUG org.springframework.test.context.cache.DefaultCacheAwareContextLoaderDelegate - Retrieved ApplicationContext [7395550] from cache with key [[MergedContextConfiguration@667dcaad testClass = TestRunner, locations = '{}', classes = '{}', contextInitializerClasses = '[]', activeProfiles = '{}', propertySourceLocations = '{}', propertySourceProperties = '{}', contextCustomizers = set[org.springframework.boot.test.context.filter.ExcludeFilterContextCustomizer@6a175569, org.springframework.boot.test.json.DuplicateJsonObjectContextCustomizerFactory$DuplicateJsonObjectContextCustomizer@11ee02f8, org.springframework.boot.test.mock.mockito.MockitoContextCustomizer@0, org.springframework.boot.test.autoconfigure.properties.PropertyMappingContextCustomizer@0, org.springframework.boot.test.autoconfigure.web.servlet.WebDriverContextCustomizerFactory$Customizer@159e366], contextLoader = 'org.springframework.test.context.support.DelegatingSmartContextLoader', parent = [null]]]
09:35:46.660 [main] DEBUG org.springframework.test.context.cache - Spring test ApplicationContext cache statistics: [DefaultContextCache@42c2f48c size = 1, maxSize = 32, parentContextCount = 0, hitCount = 52, missCount = 1]

Scenario:                                                                                                                            # src/test/resources/features/GetIssuesOpenedDate.feature:3
09:35:46.678 [main] DEBUG org.apache.http.client.protocol.RequestAddCookies - CookieSpec selected: default
09:35:46.678 [main] DEBUG org.apache.http.client.protocol.RequestAuthCache - Auth cache not set in the context
09:35:46.678 [main] DEBUG org.apache.http.impl.conn.PoolingHttpClientConnectionManager - Connection request: [route: {s}->https://devopsmetrics.herokuapp.com:443][total available: 0; route allocated: 0 of 2; total allocated: 0 of 20]
09:35:46.678 [main] DEBUG org.apache.http.impl.conn.PoolingHttpClientConnectionManager - Connection leased: [id: 17][route: {s}->https://devopsmetrics.herokuapp.com:443][total available: 0; route allocated: 1 of 2; total allocated: 1 of 20]
09:35:46.678 [main] DEBUG org.apache.http.impl.execchain.MainClientExec - Opening connection {s}->https://devopsmetrics.herokuapp.com:443
09:35:46.678 [main] DEBUG org.apache.http.impl.conn.DefaultHttpClientConnectionOperator - Connecting to devopsmetrics.herokuapp.com/34.240.218.59:443
09:35:46.678 [main] DEBUG org.apache.http.conn.ssl.SSLConnectionSocketFactory - Connecting socket to devopsmetrics.herokuapp.com/34.240.218.59:443 with timeout 0
09:35:46.721 [main] DEBUG org.apache.http.conn.ssl.SSLConnectionSocketFactory - Enabled protocols: [TLSv1.3, TLSv1.2, TLSv1.1, TLSv1]
09:35:46.721 [main] DEBUG org.apache.http.conn.ssl.SSLConnectionSocketFactory - Enabled cipher suites:[TLS_AES_128_GCM_SHA256, TLS_AES_256_GCM_SHA384, TLS_ECDHE_ECDSA_WITH_AES_256_GCM_SHA384, TLS_ECDHE_ECDSA_WITH_AES_128_GCM_SHA256, TLS_ECDHE_RSA_WITH_AES_256_GCM_SHA384, TLS_RSA_WITH_AES_256_GCM_SHA384, TLS_ECDH_ECDSA_WITH_AES_256_GCM_SHA384, TLS_ECDH_RSA_WITH_AES_256_GCM_SHA384, TLS_DHE_RSA_WITH_AES_256_GCM_SHA384, TLS_DHE_DSS_WITH_AES_256_GCM_SHA384, TLS_ECDHE_RSA_WITH_AES_128_GCM_SHA256, TLS_RSA_WITH_AES_128_GCM_SHA256, TLS_ECDH_ECDSA_WITH_AES_128_GCM_SHA256, TLS_ECDH_RSA_WITH_AES_128_GCM_SHA256, TLS_DHE_RSA_WITH_AES_128_GCM_SHA256, TLS_DHE_DSS_WITH_AES_128_GCM_SHA256, TLS_ECDHE_ECDSA_WITH_AES_256_CBC_SHA384, TLS_ECDHE_RSA_WITH_AES_256_CBC_SHA384, TLS_RSA_WITH_AES_256_CBC_SHA256, TLS_ECDH_ECDSA_WITH_AES_256_CBC_SHA384, TLS_ECDH_RSA_WITH_AES_256_CBC_SHA384, TLS_DHE_RSA_WITH_AES_256_CBC_SHA256, TLS_DHE_DSS_WITH_AES_256_CBC_SHA256, TLS_ECDHE_ECDSA_WITH_AES_256_CBC_SHA, TLS_ECDHE_RSA_WITH_AES_256_CBC_SHA, TLS_RSA_WITH_AES_256_CBC_SHA, TLS_ECDH_ECDSA_WITH_AES_256_CBC_SHA, TLS_ECDH_RSA_WITH_AES_256_CBC_SHA, TLS_DHE_RSA_WITH_AES_256_CBC_SHA, TLS_DHE_DSS_WITH_AES_256_CBC_SHA, TLS_ECDHE_ECDSA_WITH_AES_128_CBC_SHA256, TLS_ECDHE_RSA_WITH_AES_128_CBC_SHA256, TLS_RSA_WITH_AES_128_CBC_SHA256, TLS_ECDH_ECDSA_WITH_AES_128_CBC_SHA256, TLS_ECDH_RSA_WITH_AES_128_CBC_SHA256, TLS_DHE_RSA_WITH_AES_128_CBC_SHA256, TLS_DHE_DSS_WITH_AES_128_CBC_SHA256, TLS_ECDHE_ECDSA_WITH_AES_128_CBC_SHA, TLS_ECDHE_RSA_WITH_AES_128_CBC_SHA, TLS_RSA_WITH_AES_128_CBC_SHA, TLS_ECDH_ECDSA_WITH_AES_128_CBC_SHA, TLS_ECDH_RSA_WITH_AES_128_CBC_SHA, TLS_DHE_RSA_WITH_AES_128_CBC_SHA, TLS_DHE_DSS_WITH_AES_128_CBC_SHA, TLS_EMPTY_RENEGOTIATION_INFO_SCSV]
09:35:46.721 [main] DEBUG org.apache.http.conn.ssl.SSLConnectionSocketFactory - Starting handshake
09:35:46.812 [main] DEBUG org.apache.http.conn.ssl.SSLConnectionSocketFactory - Secure session established
09:35:46.812 [main] DEBUG org.apache.http.conn.ssl.SSLConnectionSocketFactory -  negotiated protocol: TLSv1.2
09:35:46.812 [main] DEBUG org.apache.http.conn.ssl.SSLConnectionSocketFactory -  negotiated cipher suite: TLS_ECDHE_RSA_WITH_AES_128_GCM_SHA256
09:35:46.812 [main] DEBUG org.apache.http.conn.ssl.SSLConnectionSocketFactory -  peer principal: CN=*.herokuapp.com
09:35:46.812 [main] DEBUG org.apache.http.conn.ssl.SSLConnectionSocketFactory -  peer alternative names: [*.herokuapp.com]
09:35:46.812 [main] DEBUG org.apache.http.conn.ssl.SSLConnectionSocketFactory -  issuer principal: CN=Amazon, OU=Server CA 1B, O=Amazon, C=US
09:35:46.812 [main] DEBUG org.apache.http.impl.conn.DefaultHttpClientConnectionOperator - Connection established 192.168.1.45:65010<->34.240.218.59:443
09:35:46.812 [main] DEBUG org.apache.http.impl.execchain.MainClientExec - Executing request GET /usuarios?username=null&password=null HTTP/1.1
09:35:46.812 [main] DEBUG org.apache.http.impl.execchain.MainClientExec - Target auth state: UNCHALLENGED
09:35:46.812 [main] DEBUG org.apache.http.impl.execchain.MainClientExec - Proxy auth state: UNCHALLENGED
09:35:46.812 [main] DEBUG org.apache.http.headers - http-outgoing-17 >> GET /usuarios?username=null&password=null HTTP/1.1
09:35:46.812 [main] DEBUG org.apache.http.headers - http-outgoing-17 >> Host: devopsmetrics.herokuapp.com
09:35:46.812 [main] DEBUG org.apache.http.headers - http-outgoing-17 >> Connection: Keep-Alive
09:35:46.812 [main] DEBUG org.apache.http.headers - http-outgoing-17 >> User-Agent: Apache-HttpClient/4.5.12 (Java/11.0.8)
09:35:46.812 [main] DEBUG org.apache.http.headers - http-outgoing-17 >> Accept-Encoding: gzip,deflate
09:35:46.812 [main] DEBUG org.apache.http.wire - http-outgoing-17 >> "GET /usuarios?username=null&password=null HTTP/1.1[\r][\n]"
09:35:46.812 [main] DEBUG org.apache.http.wire - http-outgoing-17 >> "Host: devopsmetrics.herokuapp.com[\r][\n]"
09:35:46.812 [main] DEBUG org.apache.http.wire - http-outgoing-17 >> "Connection: Keep-Alive[\r][\n]"
09:35:46.812 [main] DEBUG org.apache.http.wire - http-outgoing-17 >> "User-Agent: Apache-HttpClient/4.5.12 (Java/11.0.8)[\r][\n]"
09:35:46.812 [main] DEBUG org.apache.http.wire - http-outgoing-17 >> "Accept-Encoding: gzip,deflate[\r][\n]"
09:35:46.812 [main] DEBUG org.apache.http.wire - http-outgoing-17 >> "[\r][\n]"
09:35:46.924 [main] DEBUG org.apache.http.wire - http-outgoing-17 << "HTTP/1.1 500 [\r][\n]"
09:35:46.924 [main] DEBUG org.apache.http.wire - http-outgoing-17 << "Server: Cowboy[\r][\n]"
09:35:46.924 [main] DEBUG org.apache.http.wire - http-outgoing-17 << "Connection: keep-alive[\r][\n]"
09:35:46.924 [main] DEBUG org.apache.http.wire - http-outgoing-17 << "Vary: Origin[\r][\n]"
09:35:46.924 [main] DEBUG org.apache.http.wire - http-outgoing-17 << "Vary: Access-Control-Request-Method[\r][\n]"
09:35:46.924 [main] DEBUG org.apache.http.wire - http-outgoing-17 << "Vary: Access-Control-Request-Headers[\r][\n]"
09:35:46.924 [main] DEBUG org.apache.http.wire - http-outgoing-17 << "Content-Type: application/json[\r][\n]"
09:35:46.924 [main] DEBUG org.apache.http.wire - http-outgoing-17 << "Transfer-Encoding: chunked[\r][\n]"
09:35:46.924 [main] DEBUG org.apache.http.wire - http-outgoing-17 << "Date: Tue, 13 Jul 2021 07:35:46 GMT[\r][\n]"
09:35:46.924 [main] DEBUG org.apache.http.wire - http-outgoing-17 << "Via: 1.1 vegur[\r][\n]"
09:35:46.924 [main] DEBUG org.apache.http.wire - http-outgoing-17 << "[\r][\n]"
09:35:46.924 [main] DEBUG org.apache.http.headers - http-outgoing-17 << HTTP/1.1 500 
09:35:46.924 [main] DEBUG org.apache.http.headers - http-outgoing-17 << Server: Cowboy
09:35:46.924 [main] DEBUG org.apache.http.headers - http-outgoing-17 << Connection: keep-alive
09:35:46.924 [main] DEBUG org.apache.http.headers - http-outgoing-17 << Vary: Origin
09:35:46.924 [main] DEBUG org.apache.http.headers - http-outgoing-17 << Vary: Access-Control-Request-Method
09:35:46.924 [main] DEBUG org.apache.http.headers - http-outgoing-17 << Vary: Access-Control-Request-Headers
09:35:46.924 [main] DEBUG org.apache.http.headers - http-outgoing-17 << Content-Type: application/json
09:35:46.924 [main] DEBUG org.apache.http.headers - http-outgoing-17 << Transfer-Encoding: chunked
09:35:46.924 [main] DEBUG org.apache.http.headers - http-outgoing-17 << Date: Tue, 13 Jul 2021 07:35:46 GMT
09:35:46.924 [main] DEBUG org.apache.http.headers - http-outgoing-17 << Via: 1.1 vegur
09:35:46.924 [main] DEBUG org.apache.http.impl.execchain.MainClientExec - Connection can be kept alive indefinitely
09:35:46.924 [main] DEBUG org.apache.http.wire - http-outgoing-17 << "7a[\r][\n]"
09:35:46.924 [main] DEBUG org.apache.http.wire - http-outgoing-17 << "{"timestamp":"2021-07-13T07:35:46.951+00:00","status":500,"error":"Internal Server Error","message":"","path":"/usuarios"}[\r][\n]"
09:35:46.930 [main] DEBUG org.apache.http.wire - http-outgoing-17 << "0[\r][\n]"
09:35:46.930 [main] DEBUG org.apache.http.wire - http-outgoing-17 << "[\r][\n]"
09:35:46.930 [main] DEBUG org.apache.http.impl.conn.PoolingHttpClientConnectionManager - Connection [id: 17][route: {s}->https://devopsmetrics.herokuapp.com:443] can be kept alive indefinitely
09:35:46.930 [main] DEBUG org.apache.http.impl.conn.DefaultManagedHttpClientConnection - http-outgoing-17: set socket timeout to 0
09:35:46.930 [main] DEBUG org.apache.http.impl.conn.PoolingHttpClientConnectionManager - Connection released: [id: 17][route: {s}->https://devopsmetrics.herokuapp.com:443][total available: 1; route allocated: 1 of 2; total allocated: 1 of 20]
  Given user is logging in the system for getting all issues from a repository by his owner opened between two dates from the system # edu.uclm.esi.devopsmetrics.bdd.stepdefinitions.GetIssuesOpenedDateSteps.user_is_logging_in_the_system_for_getting_all_issues_from_a_repository_by_his_owner_opened_between_two_dates_from_the_system()
  When user is correct he requests all issues from a repository by his owner opened between two dates of the system                  # edu.uclm.esi.devopsmetrics.bdd.stepdefinitions.GetIssuesOpenedDateSteps.user_is_correct_he_requests_all_issues_from_a_repository_by_his_owner_opened_between_two_dates_of_the_system()
      java.lang.NullPointerException
	at edu.uclm.esi.devopsmetrics.bdd.stepdefinitions.GetIssuesOpenedDateSteps.user_is_correct_he_requests_all_issues_from_a_repository_by_his_owner_opened_between_two_dates_of_the_system(GetIssuesOpenedDateSteps.java:66)
	at âœ½.user is correct he requests all issues from a repository by his owner opened between two dates of the system(file:///C:/Users/Crespo/eclipse-workspace/devopsmetrics/src/test/resources/features/GetIssuesOpenedDate.feature:5)

  Then the user gets all issues from a repository by his owner opened between two dates if the system                                # edu.uclm.esi.devopsmetrics.bdd.stepdefinitions.GetIssuesOpenedDateSteps.the_user_gets_all_issues_from_a_repository_by_his_owner_opened_between_two_dates_if_the_system()
09:35:46.931 [main] DEBUG org.springframework.test.context.cache.DefaultCacheAwareContextLoaderDelegate - Retrieved ApplicationContext [7395550] from cache with key [[MergedContextConfiguration@667dcaad testClass = TestRunner, locations = '{}', classes = '{}', contextInitializerClasses = '[]', activeProfiles = '{}', propertySourceLocations = '{}', propertySourceProperties = '{}', contextCustomizers = set[org.springframework.boot.test.context.filter.ExcludeFilterContextCustomizer@6a175569, org.springframework.boot.test.json.DuplicateJsonObjectContextCustomizerFactory$DuplicateJsonObjectContextCustomizer@11ee02f8, org.springframework.boot.test.mock.mockito.MockitoContextCustomizer@0, org.springframework.boot.test.autoconfigure.properties.PropertyMappingContextCustomizer@0, org.springframework.boot.test.autoconfigure.web.servlet.WebDriverContextCustomizerFactory$Customizer@159e366], contextLoader = 'org.springframework.test.context.support.DelegatingSmartContextLoader', parent = [null]]]
09:35:46.931 [main] DEBUG org.springframework.test.context.cache - Spring test ApplicationContext cache statistics: [DefaultContextCache@42c2f48c size = 1, maxSize = 32, parentContextCount = 0, hitCount = 53, missCount = 1]
09:35:46.931 [main] DEBUG org.springframework.test.context.support.AbstractDirtiesContextTestExecutionListener - After test class: context [DefaultTestContext@2c748a15 testClass = TestRunner, testInstance = [null], testMethod = [null], testException = [null], mergedContextConfiguration = [MergedContextConfiguration@667dcaad testClass = TestRunner, locations = '{}', classes = '{}', contextInitializerClasses = '[]', activeProfiles = '{}', propertySourceLocations = '{}', propertySourceProperties = '{}', contextCustomizers = set[org.springframework.boot.test.context.filter.ExcludeFilterContextCustomizer@6a175569, org.springframework.boot.test.json.DuplicateJsonObjectContextCustomizerFactory$DuplicateJsonObjectContextCustomizer@11ee02f8, org.springframework.boot.test.mock.mockito.MockitoContextCustomizer@0, org.springframework.boot.test.autoconfigure.properties.PropertyMappingContextCustomizer@0, org.springframework.boot.test.autoconfigure.web.servlet.WebDriverContextCustomizerFactory$Customizer@159e366], contextLoader = 'org.springframework.test.context.support.DelegatingSmartContextLoader', parent = [null]], attributes = map[[empty]]], class annotated with @DirtiesContext [false] with mode [null].
]]></system-out>
  </testcase>
  <testcase name="{feature to test the function to get all issues from a repository by his owner from the system}" classname="edu.uclm.esi.devopsmetrics.bdd.TestRunner" time="0.256">
    <error type="java.lang.NullPointerException">java.lang.NullPointerException
</error>
    <system-out><![CDATA[09:35:46.932 [main] DEBUG org.springframework.test.context.BootstrapUtils - Instantiating CacheAwareContextLoaderDelegate from class [org.springframework.test.context.cache.DefaultCacheAwareContextLoaderDelegate]
09:35:46.932 [main] DEBUG org.springframework.test.context.BootstrapUtils - Instantiating BootstrapContext using constructor [public org.springframework.test.context.support.DefaultBootstrapContext(java.lang.Class,org.springframework.test.context.CacheAwareContextLoaderDelegate)]
09:35:46.932 [main] DEBUG org.springframework.test.context.BootstrapUtils - Instantiating TestContextBootstrapper for test class [edu.uclm.esi.devopsmetrics.bdd.TestRunner] from class [org.springframework.test.context.support.DefaultTestContextBootstrapper]
09:35:46.932 [main] INFO org.springframework.test.context.support.DefaultTestContextBootstrapper - Neither @ContextConfiguration nor @ContextHierarchy found for test class [edu.uclm.esi.devopsmetrics.bdd.TestRunner], using DelegatingSmartContextLoader
09:35:46.932 [main] DEBUG org.springframework.test.context.support.AbstractDelegatingSmartContextLoader - Delegating to GenericXmlContextLoader to process context configuration [ContextConfigurationAttributes@2f677247 declaringClass = 'edu.uclm.esi.devopsmetrics.bdd.TestRunner', classes = '{}', locations = '{}', inheritLocations = false, initializers = '{}', inheritInitializers = true, name = [null], contextLoaderClass = 'org.springframework.test.context.ContextLoader'].
09:35:46.933 [main] DEBUG org.springframework.test.context.support.AbstractContextLoader - Did not detect default resource location for test class [edu.uclm.esi.devopsmetrics.bdd.TestRunner]: class path resource [edu/uclm/esi/devopsmetrics/bdd/TestRunner-context.xml] does not exist
09:35:46.933 [main] INFO org.springframework.test.context.support.AbstractContextLoader - Could not detect default resource locations for test class [edu.uclm.esi.devopsmetrics.bdd.TestRunner]: no resource found for suffixes {-context.xml}.
09:35:46.933 [main] DEBUG org.springframework.test.context.support.AbstractDelegatingSmartContextLoader - Delegating to AnnotationConfigContextLoader to process context configuration [ContextConfigurationAttributes@2f677247 declaringClass = 'edu.uclm.esi.devopsmetrics.bdd.TestRunner', classes = '{}', locations = '{}', inheritLocations = false, initializers = '{}', inheritInitializers = true, name = [null], contextLoaderClass = 'org.springframework.test.context.ContextLoader'].
09:35:46.933 [main] INFO org.springframework.test.context.support.AnnotationConfigContextLoaderUtils - Could not detect default configuration classes for test class [edu.uclm.esi.devopsmetrics.bdd.TestRunner]: TestRunner does not declare any static, non-private, non-final, nested classes annotated with @Configuration.
09:35:46.934 [main] DEBUG org.springframework.test.context.support.ActiveProfilesUtils - Could not find an 'annotation declaring class' for annotation type [org.springframework.test.context.ActiveProfiles] and class [edu.uclm.esi.devopsmetrics.bdd.TestRunner]
09:35:46.934 [main] DEBUG org.springframework.test.context.support.DefaultTestContextBootstrapper - @TestExecutionListeners is not present for class [edu.uclm.esi.devopsmetrics.bdd.TestRunner]: using defaults.
09:35:46.934 [main] INFO org.springframework.test.context.support.DefaultTestContextBootstrapper - Loaded default TestExecutionListener class names from location [META-INF/spring.factories]: [org.springframework.boot.test.mock.mockito.MockitoTestExecutionListener, org.springframework.boot.test.mock.mockito.ResetMocksTestExecutionListener, org.springframework.boot.test.autoconfigure.restdocs.RestDocsTestExecutionListener, org.springframework.boot.test.autoconfigure.web.client.MockRestServiceServerResetTestExecutionListener, org.springframework.boot.test.autoconfigure.web.servlet.MockMvcPrintOnlyOnFailureTestExecutionListener, org.springframework.boot.test.autoconfigure.web.servlet.WebDriverTestExecutionListener, org.springframework.boot.test.autoconfigure.webservices.client.MockWebServiceServerTestExecutionListener, org.springframework.test.context.web.ServletTestExecutionListener, org.springframework.test.context.support.DirtiesContextBeforeModesTestExecutionListener, org.springframework.test.context.support.DependencyInjectionTestExecutionListener, org.springframework.test.context.support.DirtiesContextTestExecutionListener, org.springframework.test.context.transaction.TransactionalTestExecutionListener, org.springframework.test.context.jdbc.SqlScriptsTestExecutionListener, org.springframework.test.context.event.EventPublishingTestExecutionListener]
09:35:46.934 [main] INFO org.springframework.test.context.support.DefaultTestContextBootstrapper - Using TestExecutionListeners: [org.springframework.test.context.web.ServletTestExecutionListener@43f03c23, org.springframework.test.context.support.DirtiesContextBeforeModesTestExecutionListener@7a1b8a46, org.springframework.boot.test.mock.mockito.MockitoTestExecutionListener@2921199d, org.springframework.test.context.support.DependencyInjectionTestExecutionListener@3d40a3b4, org.springframework.test.context.support.DirtiesContextTestExecutionListener@7f13811b, org.springframework.test.context.transaction.TransactionalTestExecutionListener@59fc6d05, org.springframework.test.context.jdbc.SqlScriptsTestExecutionListener@78307a56, org.springframework.test.context.event.EventPublishingTestExecutionListener@40d52be7, org.springframework.boot.test.mock.mockito.ResetMocksTestExecutionListener@23ad71bf, org.springframework.boot.test.autoconfigure.restdocs.RestDocsTestExecutionListener@1983b48a, org.springframework.boot.test.autoconfigure.web.client.MockRestServiceServerResetTestExecutionListener@629a9f26, org.springframework.boot.test.autoconfigure.web.servlet.MockMvcPrintOnlyOnFailureTestExecutionListener@b791a81, org.springframework.boot.test.autoconfigure.web.servlet.WebDriverTestExecutionListener@4391a2d8, org.springframework.boot.test.autoconfigure.webservices.client.MockWebServiceServerTestExecutionListener@47b269c4]
09:35:46.934 [main] DEBUG org.springframework.test.context.cache.DefaultCacheAwareContextLoaderDelegate - Retrieved ApplicationContext [7395550] from cache with key [[MergedContextConfiguration@71e7adbb testClass = TestRunner, locations = '{}', classes = '{}', contextInitializerClasses = '[]', activeProfiles = '{}', propertySourceLocations = '{}', propertySourceProperties = '{}', contextCustomizers = set[org.springframework.boot.test.context.filter.ExcludeFilterContextCustomizer@6a175569, org.springframework.boot.test.json.DuplicateJsonObjectContextCustomizerFactory$DuplicateJsonObjectContextCustomizer@11ee02f8, org.springframework.boot.test.mock.mockito.MockitoContextCustomizer@0, org.springframework.boot.test.autoconfigure.properties.PropertyMappingContextCustomizer@0, org.springframework.boot.test.autoconfigure.web.servlet.WebDriverContextCustomizerFactory$Customizer@159e366], contextLoader = 'org.springframework.test.context.support.DelegatingSmartContextLoader', parent = [null]]]
09:35:46.934 [main] DEBUG org.springframework.test.context.cache - Spring test ApplicationContext cache statistics: [DefaultContextCache@42c2f48c size = 1, maxSize = 32, parentContextCount = 0, hitCount = 54, missCount = 1]
09:35:46.934 [main] DEBUG org.springframework.beans.factory.support.DefaultListableBeanFactory - Replacing scope 'cucumber-glue' from [io.cucumber.spring.CucumberScenarioScope@22d7fd41] to [io.cucumber.spring.CucumberScenarioScope@32091c14]
09:35:46.934 [main] DEBUG org.springframework.test.context.support.AbstractDirtiesContextTestExecutionListener - Before test class: context [DefaultTestContext@7c40ffef testClass = TestRunner, testInstance = [null], testMethod = [null], testException = [null], mergedContextConfiguration = [MergedContextConfiguration@71e7adbb testClass = TestRunner, locations = '{}', classes = '{}', contextInitializerClasses = '[]', activeProfiles = '{}', propertySourceLocations = '{}', propertySourceProperties = '{}', contextCustomizers = set[org.springframework.boot.test.context.filter.ExcludeFilterContextCustomizer@6a175569, org.springframework.boot.test.json.DuplicateJsonObjectContextCustomizerFactory$DuplicateJsonObjectContextCustomizer@11ee02f8, org.springframework.boot.test.mock.mockito.MockitoContextCustomizer@0, org.springframework.boot.test.autoconfigure.properties.PropertyMappingContextCustomizer@0, org.springframework.boot.test.autoconfigure.web.servlet.WebDriverContextCustomizerFactory$Customizer@159e366], contextLoader = 'org.springframework.test.context.support.DelegatingSmartContextLoader', parent = [null]], attributes = map[[empty]]], class annotated with @DirtiesContext [false] with mode [null].
09:35:46.935 [main] DEBUG org.springframework.test.context.cache.DefaultCacheAwareContextLoaderDelegate - Retrieved ApplicationContext [7395550] from cache with key [[MergedContextConfiguration@71e7adbb testClass = TestRunner, locations = '{}', classes = '{}', contextInitializerClasses = '[]', activeProfiles = '{}', propertySourceLocations = '{}', propertySourceProperties = '{}', contextCustomizers = set[org.springframework.boot.test.context.filter.ExcludeFilterContextCustomizer@6a175569, org.springframework.boot.test.json.DuplicateJsonObjectContextCustomizerFactory$DuplicateJsonObjectContextCustomizer@11ee02f8, org.springframework.boot.test.mock.mockito.MockitoContextCustomizer@0, org.springframework.boot.test.autoconfigure.properties.PropertyMappingContextCustomizer@0, org.springframework.boot.test.autoconfigure.web.servlet.WebDriverContextCustomizerFactory$Customizer@159e366], contextLoader = 'org.springframework.test.context.support.DelegatingSmartContextLoader', parent = [null]]]
09:35:46.935 [main] DEBUG org.springframework.test.context.cache - Spring test ApplicationContext cache statistics: [DefaultContextCache@42c2f48c size = 1, maxSize = 32, parentContextCount = 0, hitCount = 55, missCount = 1]

Scenario:                                                                                                   # src/test/resources/features/GetIssuesRepo.feature:3
09:35:46.950 [main] DEBUG org.apache.http.client.protocol.RequestAddCookies - CookieSpec selected: default
09:35:46.950 [main] DEBUG org.apache.http.client.protocol.RequestAuthCache - Auth cache not set in the context
09:35:46.950 [main] DEBUG org.apache.http.impl.conn.PoolingHttpClientConnectionManager - Connection request: [route: {s}->https://devopsmetrics.herokuapp.com:443][total available: 0; route allocated: 0 of 2; total allocated: 0 of 20]
09:35:46.951 [main] DEBUG org.apache.http.impl.conn.PoolingHttpClientConnectionManager - Connection leased: [id: 18][route: {s}->https://devopsmetrics.herokuapp.com:443][total available: 0; route allocated: 1 of 2; total allocated: 1 of 20]
09:35:46.951 [main] DEBUG org.apache.http.impl.execchain.MainClientExec - Opening connection {s}->https://devopsmetrics.herokuapp.com:443
09:35:46.951 [main] DEBUG org.apache.http.impl.conn.DefaultHttpClientConnectionOperator - Connecting to devopsmetrics.herokuapp.com/34.240.218.59:443
09:35:46.951 [main] DEBUG org.apache.http.conn.ssl.SSLConnectionSocketFactory - Connecting socket to devopsmetrics.herokuapp.com/34.240.218.59:443 with timeout 0
09:35:46.992 [main] DEBUG org.apache.http.conn.ssl.SSLConnectionSocketFactory - Enabled protocols: [TLSv1.3, TLSv1.2, TLSv1.1, TLSv1]
09:35:46.992 [main] DEBUG org.apache.http.conn.ssl.SSLConnectionSocketFactory - Enabled cipher suites:[TLS_AES_128_GCM_SHA256, TLS_AES_256_GCM_SHA384, TLS_ECDHE_ECDSA_WITH_AES_256_GCM_SHA384, TLS_ECDHE_ECDSA_WITH_AES_128_GCM_SHA256, TLS_ECDHE_RSA_WITH_AES_256_GCM_SHA384, TLS_RSA_WITH_AES_256_GCM_SHA384, TLS_ECDH_ECDSA_WITH_AES_256_GCM_SHA384, TLS_ECDH_RSA_WITH_AES_256_GCM_SHA384, TLS_DHE_RSA_WITH_AES_256_GCM_SHA384, TLS_DHE_DSS_WITH_AES_256_GCM_SHA384, TLS_ECDHE_RSA_WITH_AES_128_GCM_SHA256, TLS_RSA_WITH_AES_128_GCM_SHA256, TLS_ECDH_ECDSA_WITH_AES_128_GCM_SHA256, TLS_ECDH_RSA_WITH_AES_128_GCM_SHA256, TLS_DHE_RSA_WITH_AES_128_GCM_SHA256, TLS_DHE_DSS_WITH_AES_128_GCM_SHA256, TLS_ECDHE_ECDSA_WITH_AES_256_CBC_SHA384, TLS_ECDHE_RSA_WITH_AES_256_CBC_SHA384, TLS_RSA_WITH_AES_256_CBC_SHA256, TLS_ECDH_ECDSA_WITH_AES_256_CBC_SHA384, TLS_ECDH_RSA_WITH_AES_256_CBC_SHA384, TLS_DHE_RSA_WITH_AES_256_CBC_SHA256, TLS_DHE_DSS_WITH_AES_256_CBC_SHA256, TLS_ECDHE_ECDSA_WITH_AES_256_CBC_SHA, TLS_ECDHE_RSA_WITH_AES_256_CBC_SHA, TLS_RSA_WITH_AES_256_CBC_SHA, TLS_ECDH_ECDSA_WITH_AES_256_CBC_SHA, TLS_ECDH_RSA_WITH_AES_256_CBC_SHA, TLS_DHE_RSA_WITH_AES_256_CBC_SHA, TLS_DHE_DSS_WITH_AES_256_CBC_SHA, TLS_ECDHE_ECDSA_WITH_AES_128_CBC_SHA256, TLS_ECDHE_RSA_WITH_AES_128_CBC_SHA256, TLS_RSA_WITH_AES_128_CBC_SHA256, TLS_ECDH_ECDSA_WITH_AES_128_CBC_SHA256, TLS_ECDH_RSA_WITH_AES_128_CBC_SHA256, TLS_DHE_RSA_WITH_AES_128_CBC_SHA256, TLS_DHE_DSS_WITH_AES_128_CBC_SHA256, TLS_ECDHE_ECDSA_WITH_AES_128_CBC_SHA, TLS_ECDHE_RSA_WITH_AES_128_CBC_SHA, TLS_RSA_WITH_AES_128_CBC_SHA, TLS_ECDH_ECDSA_WITH_AES_128_CBC_SHA, TLS_ECDH_RSA_WITH_AES_128_CBC_SHA, TLS_DHE_RSA_WITH_AES_128_CBC_SHA, TLS_DHE_DSS_WITH_AES_128_CBC_SHA, TLS_EMPTY_RENEGOTIATION_INFO_SCSV]
09:35:46.992 [main] DEBUG org.apache.http.conn.ssl.SSLConnectionSocketFactory - Starting handshake
09:35:47.082 [main] DEBUG org.apache.http.conn.ssl.SSLConnectionSocketFactory - Secure session established
09:35:47.082 [main] DEBUG org.apache.http.conn.ssl.SSLConnectionSocketFactory -  negotiated protocol: TLSv1.2
09:35:47.082 [main] DEBUG org.apache.http.conn.ssl.SSLConnectionSocketFactory -  negotiated cipher suite: TLS_ECDHE_RSA_WITH_AES_128_GCM_SHA256
09:35:47.082 [main] DEBUG org.apache.http.conn.ssl.SSLConnectionSocketFactory -  peer principal: CN=*.herokuapp.com
09:35:47.082 [main] DEBUG org.apache.http.conn.ssl.SSLConnectionSocketFactory -  peer alternative names: [*.herokuapp.com]
09:35:47.082 [main] DEBUG org.apache.http.conn.ssl.SSLConnectionSocketFactory -  issuer principal: CN=Amazon, OU=Server CA 1B, O=Amazon, C=US
09:35:47.082 [main] DEBUG org.apache.http.impl.conn.DefaultHttpClientConnectionOperator - Connection established 192.168.1.45:65011<->34.240.218.59:443
09:35:47.082 [main] DEBUG org.apache.http.impl.execchain.MainClientExec - Executing request GET /usuarios?username=null&password=null HTTP/1.1
09:35:47.082 [main] DEBUG org.apache.http.impl.execchain.MainClientExec - Target auth state: UNCHALLENGED
09:35:47.082 [main] DEBUG org.apache.http.impl.execchain.MainClientExec - Proxy auth state: UNCHALLENGED
09:35:47.082 [main] DEBUG org.apache.http.headers - http-outgoing-18 >> GET /usuarios?username=null&password=null HTTP/1.1
09:35:47.082 [main] DEBUG org.apache.http.headers - http-outgoing-18 >> Host: devopsmetrics.herokuapp.com
09:35:47.082 [main] DEBUG org.apache.http.headers - http-outgoing-18 >> Connection: Keep-Alive
09:35:47.082 [main] DEBUG org.apache.http.headers - http-outgoing-18 >> User-Agent: Apache-HttpClient/4.5.12 (Java/11.0.8)
09:35:47.082 [main] DEBUG org.apache.http.headers - http-outgoing-18 >> Accept-Encoding: gzip,deflate
09:35:47.082 [main] DEBUG org.apache.http.wire - http-outgoing-18 >> "GET /usuarios?username=null&password=null HTTP/1.1[\r][\n]"
09:35:47.082 [main] DEBUG org.apache.http.wire - http-outgoing-18 >> "Host: devopsmetrics.herokuapp.com[\r][\n]"
09:35:47.082 [main] DEBUG org.apache.http.wire - http-outgoing-18 >> "Connection: Keep-Alive[\r][\n]"
09:35:47.082 [main] DEBUG org.apache.http.wire - http-outgoing-18 >> "User-Agent: Apache-HttpClient/4.5.12 (Java/11.0.8)[\r][\n]"
09:35:47.082 [main] DEBUG org.apache.http.wire - http-outgoing-18 >> "Accept-Encoding: gzip,deflate[\r][\n]"
09:35:47.082 [main] DEBUG org.apache.http.wire - http-outgoing-18 >> "[\r][\n]"
09:35:47.182 [main] DEBUG org.apache.http.wire - http-outgoing-18 << "HTTP/1.1 500 [\r][\n]"
09:35:47.182 [main] DEBUG org.apache.http.wire - http-outgoing-18 << "Server: Cowboy[\r][\n]"
09:35:47.182 [main] DEBUG org.apache.http.wire - http-outgoing-18 << "Connection: keep-alive[\r][\n]"
09:35:47.182 [main] DEBUG org.apache.http.wire - http-outgoing-18 << "Vary: Origin[\r][\n]"
09:35:47.182 [main] DEBUG org.apache.http.wire - http-outgoing-18 << "Vary: Access-Control-Request-Method[\r][\n]"
09:35:47.182 [main] DEBUG org.apache.http.wire - http-outgoing-18 << "Vary: Access-Control-Request-Headers[\r][\n]"
09:35:47.182 [main] DEBUG org.apache.http.wire - http-outgoing-18 << "Content-Type: application/json[\r][\n]"
09:35:47.182 [main] DEBUG org.apache.http.wire - http-outgoing-18 << "Transfer-Encoding: chunked[\r][\n]"
09:35:47.182 [main] DEBUG org.apache.http.wire - http-outgoing-18 << "Date: Tue, 13 Jul 2021 07:35:46 GMT[\r][\n]"
09:35:47.182 [main] DEBUG org.apache.http.wire - http-outgoing-18 << "Via: 1.1 vegur[\r][\n]"
09:35:47.182 [main] DEBUG org.apache.http.wire - http-outgoing-18 << "[\r][\n]"
09:35:47.182 [main] DEBUG org.apache.http.wire - http-outgoing-18 << "7a[\r][\n]"
09:35:47.182 [main] DEBUG org.apache.http.wire - http-outgoing-18 << "{"timestamp":"2021-07-13T07:35:47.204+00:00","status":500,"error":"Internal Server Error","message":"","path":"/usuarios"}[\r][\n]"
09:35:47.182 [main] DEBUG org.apache.http.wire - http-outgoing-18 << "0[\r][\n]"
09:35:47.182 [main] DEBUG org.apache.http.wire - http-outgoing-18 << "[\r][\n]"
09:35:47.182 [main] DEBUG org.apache.http.headers - http-outgoing-18 << HTTP/1.1 500 
09:35:47.182 [main] DEBUG org.apache.http.headers - http-outgoing-18 << Server: Cowboy
09:35:47.182 [main] DEBUG org.apache.http.headers - http-outgoing-18 << Connection: keep-alive
09:35:47.182 [main] DEBUG org.apache.http.headers - http-outgoing-18 << Vary: Origin
09:35:47.182 [main] DEBUG org.apache.http.headers - http-outgoing-18 << Vary: Access-Control-Request-Method
09:35:47.182 [main] DEBUG org.apache.http.headers - http-outgoing-18 << Vary: Access-Control-Request-Headers
09:35:47.182 [main] DEBUG org.apache.http.headers - http-outgoing-18 << Content-Type: application/json
09:35:47.182 [main] DEBUG org.apache.http.headers - http-outgoing-18 << Transfer-Encoding: chunked
09:35:47.182 [main] DEBUG org.apache.http.headers - http-outgoing-18 << Date: Tue, 13 Jul 2021 07:35:46 GMT
09:35:47.182 [main] DEBUG org.apache.http.headers - http-outgoing-18 << Via: 1.1 vegur
09:35:47.182 [main] DEBUG org.apache.http.impl.execchain.MainClientExec - Connection can be kept alive indefinitely
09:35:47.182 [main] DEBUG org.apache.http.impl.conn.PoolingHttpClientConnectionManager - Connection [id: 18][route: {s}->https://devopsmetrics.herokuapp.com:443] can be kept alive indefinitely
09:35:47.183 [main] DEBUG org.apache.http.impl.conn.DefaultManagedHttpClientConnection - http-outgoing-18: set socket timeout to 0
09:35:47.183 [main] DEBUG org.apache.http.impl.conn.PoolingHttpClientConnectionManager - Connection released: [id: 18][route: {s}->https://devopsmetrics.herokuapp.com:443][total available: 1; route allocated: 1 of 2; total allocated: 1 of 20]
  Given user is logging in the system for getting all issues from a repository by his owner from the system # edu.uclm.esi.devopsmetrics.bdd.stepdefinitions.GetIssuesRepoSteps.user_is_logging_in_the_system_for_getting_all_issues_from_a_repository_by_his_owner_from_the_system()
  When user is correct he requests all issues from a repository by his owner of the system                  # edu.uclm.esi.devopsmetrics.bdd.stepdefinitions.GetIssuesRepoSteps.user_is_correct_he_requests_all_issues_from_a_repository_by_his_owner_of_the_system()
      java.lang.NullPointerException
	at edu.uclm.esi.devopsmetrics.bdd.stepdefinitions.GetIssuesRepoSteps.user_is_correct_he_requests_all_issues_from_a_repository_by_his_owner_of_the_system(GetIssuesRepoSteps.java:59)
	at âœ½.user is correct he requests all issues from a repository by his owner of the system(file:///C:/Users/Crespo/eclipse-workspace/devopsmetrics/src/test/resources/features/GetIssuesRepo.feature:5)

  Then the user gets all issues from a repository by his owner if the system                                # edu.uclm.esi.devopsmetrics.bdd.stepdefinitions.GetIssuesRepoSteps.the_user_gets_all_issues_from_a_repository_by_his_owner_if_the_system()
09:35:47.184 [main] DEBUG org.springframework.test.context.cache.DefaultCacheAwareContextLoaderDelegate - Retrieved ApplicationContext [7395550] from cache with key [[MergedContextConfiguration@71e7adbb testClass = TestRunner, locations = '{}', classes = '{}', contextInitializerClasses = '[]', activeProfiles = '{}', propertySourceLocations = '{}', propertySourceProperties = '{}', contextCustomizers = set[org.springframework.boot.test.context.filter.ExcludeFilterContextCustomizer@6a175569, org.springframework.boot.test.json.DuplicateJsonObjectContextCustomizerFactory$DuplicateJsonObjectContextCustomizer@11ee02f8, org.springframework.boot.test.mock.mockito.MockitoContextCustomizer@0, org.springframework.boot.test.autoconfigure.properties.PropertyMappingContextCustomizer@0, org.springframework.boot.test.autoconfigure.web.servlet.WebDriverContextCustomizerFactory$Customizer@159e366], contextLoader = 'org.springframework.test.context.support.DelegatingSmartContextLoader', parent = [null]]]
09:35:47.184 [main] DEBUG org.springframework.test.context.cache - Spring test ApplicationContext cache statistics: [DefaultContextCache@42c2f48c size = 1, maxSize = 32, parentContextCount = 0, hitCount = 56, missCount = 1]
09:35:47.184 [main] DEBUG org.springframework.test.context.support.AbstractDirtiesContextTestExecutionListener - After test class: context [DefaultTestContext@7c40ffef testClass = TestRunner, testInstance = [null], testMethod = [null], testException = [null], mergedContextConfiguration = [MergedContextConfiguration@71e7adbb testClass = TestRunner, locations = '{}', classes = '{}', contextInitializerClasses = '[]', activeProfiles = '{}', propertySourceLocations = '{}', propertySourceProperties = '{}', contextCustomizers = set[org.springframework.boot.test.context.filter.ExcludeFilterContextCustomizer@6a175569, org.springframework.boot.test.json.DuplicateJsonObjectContextCustomizerFactory$DuplicateJsonObjectContextCustomizer@11ee02f8, org.springframework.boot.test.mock.mockito.MockitoContextCustomizer@0, org.springframework.boot.test.autoconfigure.properties.PropertyMappingContextCustomizer@0, org.springframework.boot.test.autoconfigure.web.servlet.WebDriverContextCustomizerFactory$Customizer@159e366], contextLoader = 'org.springframework.test.context.support.DelegatingSmartContextLoader', parent = [null]], attributes = map[[empty]]], class annotated with @DirtiesContext [false] with mode [null].
]]></system-out>
  </testcase>
  <testcase name="{feature to test the function to get an user by the tokenpass in the system}" classname="edu.uclm.esi.devopsmetrics.bdd.TestRunner" time="1.244">
    <error type="java.lang.NullPointerException">java.lang.NullPointerException
</error>
    <system-out><![CDATA[09:35:47.184 [main] DEBUG org.springframework.test.context.BootstrapUtils - Instantiating CacheAwareContextLoaderDelegate from class [org.springframework.test.context.cache.DefaultCacheAwareContextLoaderDelegate]
09:35:47.185 [main] DEBUG org.springframework.test.context.BootstrapUtils - Instantiating BootstrapContext using constructor [public org.springframework.test.context.support.DefaultBootstrapContext(java.lang.Class,org.springframework.test.context.CacheAwareContextLoaderDelegate)]
09:35:47.185 [main] DEBUG org.springframework.test.context.BootstrapUtils - Instantiating TestContextBootstrapper for test class [edu.uclm.esi.devopsmetrics.bdd.TestRunner] from class [org.springframework.test.context.support.DefaultTestContextBootstrapper]
09:35:47.185 [main] INFO org.springframework.test.context.support.DefaultTestContextBootstrapper - Neither @ContextConfiguration nor @ContextHierarchy found for test class [edu.uclm.esi.devopsmetrics.bdd.TestRunner], using DelegatingSmartContextLoader
09:35:47.185 [main] DEBUG org.springframework.test.context.support.AbstractDelegatingSmartContextLoader - Delegating to GenericXmlContextLoader to process context configuration [ContextConfigurationAttributes@5ad6cc21 declaringClass = 'edu.uclm.esi.devopsmetrics.bdd.TestRunner', classes = '{}', locations = '{}', inheritLocations = false, initializers = '{}', inheritInitializers = true, name = [null], contextLoaderClass = 'org.springframework.test.context.ContextLoader'].
09:35:47.185 [main] DEBUG org.springframework.test.context.support.AbstractContextLoader - Did not detect default resource location for test class [edu.uclm.esi.devopsmetrics.bdd.TestRunner]: class path resource [edu/uclm/esi/devopsmetrics/bdd/TestRunner-context.xml] does not exist
09:35:47.185 [main] INFO org.springframework.test.context.support.AbstractContextLoader - Could not detect default resource locations for test class [edu.uclm.esi.devopsmetrics.bdd.TestRunner]: no resource found for suffixes {-context.xml}.
09:35:47.185 [main] DEBUG org.springframework.test.context.support.AbstractDelegatingSmartContextLoader - Delegating to AnnotationConfigContextLoader to process context configuration [ContextConfigurationAttributes@5ad6cc21 declaringClass = 'edu.uclm.esi.devopsmetrics.bdd.TestRunner', classes = '{}', locations = '{}', inheritLocations = false, initializers = '{}', inheritInitializers = true, name = [null], contextLoaderClass = 'org.springframework.test.context.ContextLoader'].
09:35:47.185 [main] INFO org.springframework.test.context.support.AnnotationConfigContextLoaderUtils - Could not detect default configuration classes for test class [edu.uclm.esi.devopsmetrics.bdd.TestRunner]: TestRunner does not declare any static, non-private, non-final, nested classes annotated with @Configuration.
09:35:47.186 [main] DEBUG org.springframework.test.context.support.ActiveProfilesUtils - Could not find an 'annotation declaring class' for annotation type [org.springframework.test.context.ActiveProfiles] and class [edu.uclm.esi.devopsmetrics.bdd.TestRunner]
09:35:47.186 [main] DEBUG org.springframework.test.context.support.DefaultTestContextBootstrapper - @TestExecutionListeners is not present for class [edu.uclm.esi.devopsmetrics.bdd.TestRunner]: using defaults.
09:35:47.186 [main] INFO org.springframework.test.context.support.DefaultTestContextBootstrapper - Loaded default TestExecutionListener class names from location [META-INF/spring.factories]: [org.springframework.boot.test.mock.mockito.MockitoTestExecutionListener, org.springframework.boot.test.mock.mockito.ResetMocksTestExecutionListener, org.springframework.boot.test.autoconfigure.restdocs.RestDocsTestExecutionListener, org.springframework.boot.test.autoconfigure.web.client.MockRestServiceServerResetTestExecutionListener, org.springframework.boot.test.autoconfigure.web.servlet.MockMvcPrintOnlyOnFailureTestExecutionListener, org.springframework.boot.test.autoconfigure.web.servlet.WebDriverTestExecutionListener, org.springframework.boot.test.autoconfigure.webservices.client.MockWebServiceServerTestExecutionListener, org.springframework.test.context.web.ServletTestExecutionListener, org.springframework.test.context.support.DirtiesContextBeforeModesTestExecutionListener, org.springframework.test.context.support.DependencyInjectionTestExecutionListener, org.springframework.test.context.support.DirtiesContextTestExecutionListener, org.springframework.test.context.transaction.TransactionalTestExecutionListener, org.springframework.test.context.jdbc.SqlScriptsTestExecutionListener, org.springframework.test.context.event.EventPublishingTestExecutionListener]
09:35:47.187 [main] INFO org.springframework.test.context.support.DefaultTestContextBootstrapper - Using TestExecutionListeners: [org.springframework.test.context.web.ServletTestExecutionListener@800d065, org.springframework.test.context.support.DirtiesContextBeforeModesTestExecutionListener@691124ee, org.springframework.boot.test.mock.mockito.MockitoTestExecutionListener@38d80d65, org.springframework.test.context.support.DependencyInjectionTestExecutionListener@5403799b, org.springframework.test.context.support.DirtiesContextTestExecutionListener@5a0e0886, org.springframework.test.context.transaction.TransactionalTestExecutionListener@3ad8717d, org.springframework.test.context.jdbc.SqlScriptsTestExecutionListener@4293e066, org.springframework.test.context.event.EventPublishingTestExecutionListener@d13960e, org.springframework.boot.test.mock.mockito.ResetMocksTestExecutionListener@27f3f512, org.springframework.boot.test.autoconfigure.restdocs.RestDocsTestExecutionListener@5e593b08, org.springframework.boot.test.autoconfigure.web.client.MockRestServiceServerResetTestExecutionListener@3946075, org.springframework.boot.test.autoconfigure.web.servlet.MockMvcPrintOnlyOnFailureTestExecutionListener@122635ef, org.springframework.boot.test.autoconfigure.web.servlet.WebDriverTestExecutionListener@2ac519dc, org.springframework.boot.test.autoconfigure.webservices.client.MockWebServiceServerTestExecutionListener@3d53e6f7]
09:35:47.187 [main] DEBUG org.springframework.test.context.cache.DefaultCacheAwareContextLoaderDelegate - Retrieved ApplicationContext [7395550] from cache with key [[MergedContextConfiguration@1de4bee0 testClass = TestRunner, locations = '{}', classes = '{}', contextInitializerClasses = '[]', activeProfiles = '{}', propertySourceLocations = '{}', propertySourceProperties = '{}', contextCustomizers = set[org.springframework.boot.test.context.filter.ExcludeFilterContextCustomizer@6a175569, org.springframework.boot.test.json.DuplicateJsonObjectContextCustomizerFactory$DuplicateJsonObjectContextCustomizer@11ee02f8, org.springframework.boot.test.mock.mockito.MockitoContextCustomizer@0, org.springframework.boot.test.autoconfigure.properties.PropertyMappingContextCustomizer@0, org.springframework.boot.test.autoconfigure.web.servlet.WebDriverContextCustomizerFactory$Customizer@159e366], contextLoader = 'org.springframework.test.context.support.DelegatingSmartContextLoader', parent = [null]]]
09:35:47.187 [main] DEBUG org.springframework.test.context.cache - Spring test ApplicationContext cache statistics: [DefaultContextCache@42c2f48c size = 1, maxSize = 32, parentContextCount = 0, hitCount = 57, missCount = 1]
09:35:47.187 [main] DEBUG org.springframework.beans.factory.support.DefaultListableBeanFactory - Replacing scope 'cucumber-glue' from [io.cucumber.spring.CucumberScenarioScope@32091c14] to [io.cucumber.spring.CucumberScenarioScope@3ece79fe]
09:35:47.187 [main] DEBUG org.springframework.test.context.support.AbstractDirtiesContextTestExecutionListener - Before test class: context [DefaultTestContext@3cc79c02 testClass = TestRunner, testInstance = [null], testMethod = [null], testException = [null], mergedContextConfiguration = [MergedContextConfiguration@1de4bee0 testClass = TestRunner, locations = '{}', classes = '{}', contextInitializerClasses = '[]', activeProfiles = '{}', propertySourceLocations = '{}', propertySourceProperties = '{}', contextCustomizers = set[org.springframework.boot.test.context.filter.ExcludeFilterContextCustomizer@6a175569, org.springframework.boot.test.json.DuplicateJsonObjectContextCustomizerFactory$DuplicateJsonObjectContextCustomizer@11ee02f8, org.springframework.boot.test.mock.mockito.MockitoContextCustomizer@0, org.springframework.boot.test.autoconfigure.properties.PropertyMappingContextCustomizer@0, org.springframework.boot.test.autoconfigure.web.servlet.WebDriverContextCustomizerFactory$Customizer@159e366], contextLoader = 'org.springframework.test.context.support.DelegatingSmartContextLoader', parent = [null]], attributes = map[[empty]]], class annotated with @DirtiesContext [false] with mode [null].
09:35:47.187 [main] DEBUG org.springframework.test.context.cache.DefaultCacheAwareContextLoaderDelegate - Retrieved ApplicationContext [7395550] from cache with key [[MergedContextConfiguration@1de4bee0 testClass = TestRunner, locations = '{}', classes = '{}', contextInitializerClasses = '[]', activeProfiles = '{}', propertySourceLocations = '{}', propertySourceProperties = '{}', contextCustomizers = set[org.springframework.boot.test.context.filter.ExcludeFilterContextCustomizer@6a175569, org.springframework.boot.test.json.DuplicateJsonObjectContextCustomizerFactory$DuplicateJsonObjectContextCustomizer@11ee02f8, org.springframework.boot.test.mock.mockito.MockitoContextCustomizer@0, org.springframework.boot.test.autoconfigure.properties.PropertyMappingContextCustomizer@0, org.springframework.boot.test.autoconfigure.web.servlet.WebDriverContextCustomizerFactory$Customizer@159e366], contextLoader = 'org.springframework.test.context.support.DelegatingSmartContextLoader', parent = [null]]]
09:35:47.187 [main] DEBUG org.springframework.test.context.cache - Spring test ApplicationContext cache statistics: [DefaultContextCache@42c2f48c size = 1, maxSize = 32, parentContextCount = 0, hitCount = 58, missCount = 1]

Scenario:                                                                            # src/test/resources/features/GetUserByTokenPass.feature:3
09:35:47.197 [main] DEBUG org.apache.http.client.protocol.RequestAddCookies - CookieSpec selected: default
09:35:47.197 [main] DEBUG org.apache.http.client.protocol.RequestAuthCache - Auth cache not set in the context
09:35:47.197 [main] DEBUG org.apache.http.impl.conn.PoolingHttpClientConnectionManager - Connection request: [route: {s}->https://devopsmetrics.herokuapp.com:443][total available: 0; route allocated: 0 of 2; total allocated: 0 of 20]
09:35:47.197 [main] DEBUG org.apache.http.impl.conn.PoolingHttpClientConnectionManager - Connection leased: [id: 19][route: {s}->https://devopsmetrics.herokuapp.com:443][total available: 0; route allocated: 1 of 2; total allocated: 1 of 20]
09:35:47.197 [main] DEBUG org.apache.http.impl.execchain.MainClientExec - Opening connection {s}->https://devopsmetrics.herokuapp.com:443
09:35:47.197 [main] DEBUG org.apache.http.impl.conn.DefaultHttpClientConnectionOperator - Connecting to devopsmetrics.herokuapp.com/34.240.218.59:443
09:35:47.197 [main] DEBUG org.apache.http.conn.ssl.SSLConnectionSocketFactory - Connecting socket to devopsmetrics.herokuapp.com/34.240.218.59:443 with timeout 0
09:35:47.243 [main] DEBUG org.apache.http.conn.ssl.SSLConnectionSocketFactory - Enabled protocols: [TLSv1.3, TLSv1.2, TLSv1.1, TLSv1]
09:35:47.243 [main] DEBUG org.apache.http.conn.ssl.SSLConnectionSocketFactory - Enabled cipher suites:[TLS_AES_128_GCM_SHA256, TLS_AES_256_GCM_SHA384, TLS_ECDHE_ECDSA_WITH_AES_256_GCM_SHA384, TLS_ECDHE_ECDSA_WITH_AES_128_GCM_SHA256, TLS_ECDHE_RSA_WITH_AES_256_GCM_SHA384, TLS_RSA_WITH_AES_256_GCM_SHA384, TLS_ECDH_ECDSA_WITH_AES_256_GCM_SHA384, TLS_ECDH_RSA_WITH_AES_256_GCM_SHA384, TLS_DHE_RSA_WITH_AES_256_GCM_SHA384, TLS_DHE_DSS_WITH_AES_256_GCM_SHA384, TLS_ECDHE_RSA_WITH_AES_128_GCM_SHA256, TLS_RSA_WITH_AES_128_GCM_SHA256, TLS_ECDH_ECDSA_WITH_AES_128_GCM_SHA256, TLS_ECDH_RSA_WITH_AES_128_GCM_SHA256, TLS_DHE_RSA_WITH_AES_128_GCM_SHA256, TLS_DHE_DSS_WITH_AES_128_GCM_SHA256, TLS_ECDHE_ECDSA_WITH_AES_256_CBC_SHA384, TLS_ECDHE_RSA_WITH_AES_256_CBC_SHA384, TLS_RSA_WITH_AES_256_CBC_SHA256, TLS_ECDH_ECDSA_WITH_AES_256_CBC_SHA384, TLS_ECDH_RSA_WITH_AES_256_CBC_SHA384, TLS_DHE_RSA_WITH_AES_256_CBC_SHA256, TLS_DHE_DSS_WITH_AES_256_CBC_SHA256, TLS_ECDHE_ECDSA_WITH_AES_256_CBC_SHA, TLS_ECDHE_RSA_WITH_AES_256_CBC_SHA, TLS_RSA_WITH_AES_256_CBC_SHA, TLS_ECDH_ECDSA_WITH_AES_256_CBC_SHA, TLS_ECDH_RSA_WITH_AES_256_CBC_SHA, TLS_DHE_RSA_WITH_AES_256_CBC_SHA, TLS_DHE_DSS_WITH_AES_256_CBC_SHA, TLS_ECDHE_ECDSA_WITH_AES_128_CBC_SHA256, TLS_ECDHE_RSA_WITH_AES_128_CBC_SHA256, TLS_RSA_WITH_AES_128_CBC_SHA256, TLS_ECDH_ECDSA_WITH_AES_128_CBC_SHA256, TLS_ECDH_RSA_WITH_AES_128_CBC_SHA256, TLS_DHE_RSA_WITH_AES_128_CBC_SHA256, TLS_DHE_DSS_WITH_AES_128_CBC_SHA256, TLS_ECDHE_ECDSA_WITH_AES_128_CBC_SHA, TLS_ECDHE_RSA_WITH_AES_128_CBC_SHA, TLS_RSA_WITH_AES_128_CBC_SHA, TLS_ECDH_ECDSA_WITH_AES_128_CBC_SHA, TLS_ECDH_RSA_WITH_AES_128_CBC_SHA, TLS_DHE_RSA_WITH_AES_128_CBC_SHA, TLS_DHE_DSS_WITH_AES_128_CBC_SHA, TLS_EMPTY_RENEGOTIATION_INFO_SCSV]
09:35:47.243 [main] DEBUG org.apache.http.conn.ssl.SSLConnectionSocketFactory - Starting handshake
09:35:47.337 [main] DEBUG org.apache.http.conn.ssl.SSLConnectionSocketFactory - Secure session established
09:35:47.337 [main] DEBUG org.apache.http.conn.ssl.SSLConnectionSocketFactory -  negotiated protocol: TLSv1.2
09:35:47.337 [main] DEBUG org.apache.http.conn.ssl.SSLConnectionSocketFactory -  negotiated cipher suite: TLS_ECDHE_RSA_WITH_AES_128_GCM_SHA256
09:35:47.337 [main] DEBUG org.apache.http.conn.ssl.SSLConnectionSocketFactory -  peer principal: CN=*.herokuapp.com
09:35:47.337 [main] DEBUG org.apache.http.conn.ssl.SSLConnectionSocketFactory -  peer alternative names: [*.herokuapp.com]
09:35:47.337 [main] DEBUG org.apache.http.conn.ssl.SSLConnectionSocketFactory -  issuer principal: CN=Amazon, OU=Server CA 1B, O=Amazon, C=US
09:35:47.337 [main] DEBUG org.apache.http.impl.conn.DefaultHttpClientConnectionOperator - Connection established 192.168.1.45:65012<->34.240.218.59:443
09:35:47.338 [main] DEBUG org.apache.http.impl.execchain.MainClientExec - Executing request GET /usuarios?username=null&password=null HTTP/1.1
09:35:47.338 [main] DEBUG org.apache.http.impl.execchain.MainClientExec - Target auth state: UNCHALLENGED
09:35:47.338 [main] DEBUG org.apache.http.impl.execchain.MainClientExec - Proxy auth state: UNCHALLENGED
09:35:47.338 [main] DEBUG org.apache.http.headers - http-outgoing-19 >> GET /usuarios?username=null&password=null HTTP/1.1
09:35:47.338 [main] DEBUG org.apache.http.headers - http-outgoing-19 >> Host: devopsmetrics.herokuapp.com
09:35:47.338 [main] DEBUG org.apache.http.headers - http-outgoing-19 >> Connection: Keep-Alive
09:35:47.338 [main] DEBUG org.apache.http.headers - http-outgoing-19 >> User-Agent: Apache-HttpClient/4.5.12 (Java/11.0.8)
09:35:47.338 [main] DEBUG org.apache.http.headers - http-outgoing-19 >> Accept-Encoding: gzip,deflate
09:35:47.338 [main] DEBUG org.apache.http.wire - http-outgoing-19 >> "GET /usuarios?username=null&password=null HTTP/1.1[\r][\n]"
09:35:47.338 [main] DEBUG org.apache.http.wire - http-outgoing-19 >> "Host: devopsmetrics.herokuapp.com[\r][\n]"
09:35:47.338 [main] DEBUG org.apache.http.wire - http-outgoing-19 >> "Connection: Keep-Alive[\r][\n]"
09:35:47.338 [main] DEBUG org.apache.http.wire - http-outgoing-19 >> "User-Agent: Apache-HttpClient/4.5.12 (Java/11.0.8)[\r][\n]"
09:35:47.338 [main] DEBUG org.apache.http.wire - http-outgoing-19 >> "Accept-Encoding: gzip,deflate[\r][\n]"
09:35:47.338 [main] DEBUG org.apache.http.wire - http-outgoing-19 >> "[\r][\n]"
09:35:48.417 [main] DEBUG org.apache.http.wire - http-outgoing-19 << "HTTP/1.1 500 [\r][\n]"
09:35:48.417 [main] DEBUG org.apache.http.wire - http-outgoing-19 << "Server: Cowboy[\r][\n]"
09:35:48.417 [main] DEBUG org.apache.http.wire - http-outgoing-19 << "Connection: keep-alive[\r][\n]"
09:35:48.417 [main] DEBUG org.apache.http.wire - http-outgoing-19 << "Vary: Origin[\r][\n]"
09:35:48.417 [main] DEBUG org.apache.http.wire - http-outgoing-19 << "Vary: Access-Control-Request-Method[\r][\n]"
09:35:48.417 [main] DEBUG org.apache.http.wire - http-outgoing-19 << "Vary: Access-Control-Request-Headers[\r][\n]"
09:35:48.417 [main] DEBUG org.apache.http.wire - http-outgoing-19 << "Content-Type: application/json[\r][\n]"
09:35:48.417 [main] DEBUG org.apache.http.wire - http-outgoing-19 << "Transfer-Encoding: chunked[\r][\n]"
09:35:48.417 [main] DEBUG org.apache.http.wire - http-outgoing-19 << "Date: Tue, 13 Jul 2021 07:35:48 GMT[\r][\n]"
09:35:48.417 [main] DEBUG org.apache.http.wire - http-outgoing-19 << "Via: 1.1 vegur[\r][\n]"
09:35:48.417 [main] DEBUG org.apache.http.wire - http-outgoing-19 << "[\r][\n]"
09:35:48.417 [main] DEBUG org.apache.http.wire - http-outgoing-19 << "7a[\r][\n]"
09:35:48.417 [main] DEBUG org.apache.http.wire - http-outgoing-19 << "{"timestamp":"2021-07-13T07:35:48.442+00:00","status":500,"error":"Internal Server Error","message":"","path":"/usuarios"}[\r][\n]"
09:35:48.417 [main] DEBUG org.apache.http.headers - http-outgoing-19 << HTTP/1.1 500 
09:35:48.417 [main] DEBUG org.apache.http.headers - http-outgoing-19 << Server: Cowboy
09:35:48.417 [main] DEBUG org.apache.http.headers - http-outgoing-19 << Connection: keep-alive
09:35:48.417 [main] DEBUG org.apache.http.headers - http-outgoing-19 << Vary: Origin
09:35:48.417 [main] DEBUG org.apache.http.headers - http-outgoing-19 << Vary: Access-Control-Request-Method
09:35:48.417 [main] DEBUG org.apache.http.headers - http-outgoing-19 << Vary: Access-Control-Request-Headers
09:35:48.417 [main] DEBUG org.apache.http.headers - http-outgoing-19 << Content-Type: application/json
09:35:48.417 [main] DEBUG org.apache.http.headers - http-outgoing-19 << Transfer-Encoding: chunked
09:35:48.417 [main] DEBUG org.apache.http.headers - http-outgoing-19 << Date: Tue, 13 Jul 2021 07:35:48 GMT
09:35:48.417 [main] DEBUG org.apache.http.headers - http-outgoing-19 << Via: 1.1 vegur
09:35:48.417 [main] DEBUG org.apache.http.impl.execchain.MainClientExec - Connection can be kept alive indefinitely
09:35:48.430 [main] DEBUG org.apache.http.wire - http-outgoing-19 << "0[\r][\n]"
09:35:48.430 [main] DEBUG org.apache.http.wire - http-outgoing-19 << "[\r][\n]"
09:35:48.430 [main] DEBUG org.apache.http.impl.conn.PoolingHttpClientConnectionManager - Connection [id: 19][route: {s}->https://devopsmetrics.herokuapp.com:443] can be kept alive indefinitely
09:35:48.430 [main] DEBUG org.apache.http.impl.conn.DefaultManagedHttpClientConnection - http-outgoing-19: set socket timeout to 0
09:35:48.430 [main] DEBUG org.apache.http.impl.conn.PoolingHttpClientConnectionManager - Connection released: [id: 19][route: {s}->https://devopsmetrics.herokuapp.com:443][total available: 1; route allocated: 1 of 2; total allocated: 1 of 20]
  Given user is logging in the system for get his tokenpass                          # edu.uclm.esi.devopsmetrics.bdd.stepdefinitions.GetUserByTokenPassSteps.user_is_logging_in_the_system_for_get_his_tokenpass()
  When user is correct he gets an user by the tokenpass of the session in the system # edu.uclm.esi.devopsmetrics.bdd.stepdefinitions.GetUserByTokenPassSteps.user_is_correct_he_gets_an_user_by_the_tokenpass_of_the_session_in_the_system()
      java.lang.NullPointerException
	at edu.uclm.esi.devopsmetrics.bdd.stepdefinitions.GetUserByTokenPassSteps.user_is_correct_he_gets_an_user_by_the_tokenpass_of_the_session_in_the_system(GetUserByTokenPassSteps.java:60)
	at âœ½.user is correct he gets an user by the tokenpass of the session in the system(file:///C:/Users/Crespo/eclipse-workspace/devopsmetrics/src/test/resources/features/GetUserByTokenPass.feature:5)

  Then the tokenpass exists and the user is correct                                  # edu.uclm.esi.devopsmetrics.bdd.stepdefinitions.GetUserByTokenPassSteps.the_tokenpass_exists_and_the_user_is_correct()
09:35:48.432 [main] DEBUG org.springframework.test.context.cache.DefaultCacheAwareContextLoaderDelegate - Retrieved ApplicationContext [7395550] from cache with key [[MergedContextConfiguration@1de4bee0 testClass = TestRunner, locations = '{}', classes = '{}', contextInitializerClasses = '[]', activeProfiles = '{}', propertySourceLocations = '{}', propertySourceProperties = '{}', contextCustomizers = set[org.springframework.boot.test.context.filter.ExcludeFilterContextCustomizer@6a175569, org.springframework.boot.test.json.DuplicateJsonObjectContextCustomizerFactory$DuplicateJsonObjectContextCustomizer@11ee02f8, org.springframework.boot.test.mock.mockito.MockitoContextCustomizer@0, org.springframework.boot.test.autoconfigure.properties.PropertyMappingContextCustomizer@0, org.springframework.boot.test.autoconfigure.web.servlet.WebDriverContextCustomizerFactory$Customizer@159e366], contextLoader = 'org.springframework.test.context.support.DelegatingSmartContextLoader', parent = [null]]]
09:35:48.432 [main] DEBUG org.springframework.test.context.cache - Spring test ApplicationContext cache statistics: [DefaultContextCache@42c2f48c size = 1, maxSize = 32, parentContextCount = 0, hitCount = 59, missCount = 1]
09:35:48.432 [main] DEBUG org.springframework.test.context.support.AbstractDirtiesContextTestExecutionListener - After test class: context [DefaultTestContext@3cc79c02 testClass = TestRunner, testInstance = [null], testMethod = [null], testException = [null], mergedContextConfiguration = [MergedContextConfiguration@1de4bee0 testClass = TestRunner, locations = '{}', classes = '{}', contextInitializerClasses = '[]', activeProfiles = '{}', propertySourceLocations = '{}', propertySourceProperties = '{}', contextCustomizers = set[org.springframework.boot.test.context.filter.ExcludeFilterContextCustomizer@6a175569, org.springframework.boot.test.json.DuplicateJsonObjectContextCustomizerFactory$DuplicateJsonObjectContextCustomizer@11ee02f8, org.springframework.boot.test.mock.mockito.MockitoContextCustomizer@0, org.springframework.boot.test.autoconfigure.properties.PropertyMappingContextCustomizer@0, org.springframework.boot.test.autoconfigure.web.servlet.WebDriverContextCustomizerFactory$Customizer@159e366], contextLoader = 'org.springframework.test.context.support.DelegatingSmartContextLoader', parent = [null]], attributes = map[[empty]]], class annotated with @DirtiesContext [false] with mode [null].
]]></system-out>
  </testcase>
  <testcase name="{feature to test the function to get an user by the username and the password in the system}" classname="edu.uclm.esi.devopsmetrics.bdd.TestRunner" time="0.258">
    <error type="java.lang.NullPointerException">java.lang.NullPointerException
</error>
    <system-out><![CDATA[09:35:48.432 [main] DEBUG org.springframework.test.context.BootstrapUtils - Instantiating CacheAwareContextLoaderDelegate from class [org.springframework.test.context.cache.DefaultCacheAwareContextLoaderDelegate]
09:35:48.432 [main] DEBUG org.springframework.test.context.BootstrapUtils - Instantiating BootstrapContext using constructor [public org.springframework.test.context.support.DefaultBootstrapContext(java.lang.Class,org.springframework.test.context.CacheAwareContextLoaderDelegate)]
09:35:48.433 [main] DEBUG org.springframework.test.context.BootstrapUtils - Instantiating TestContextBootstrapper for test class [edu.uclm.esi.devopsmetrics.bdd.TestRunner] from class [org.springframework.test.context.support.DefaultTestContextBootstrapper]
09:35:48.433 [main] INFO org.springframework.test.context.support.DefaultTestContextBootstrapper - Neither @ContextConfiguration nor @ContextHierarchy found for test class [edu.uclm.esi.devopsmetrics.bdd.TestRunner], using DelegatingSmartContextLoader
09:35:48.433 [main] DEBUG org.springframework.test.context.support.AbstractDelegatingSmartContextLoader - Delegating to GenericXmlContextLoader to process context configuration [ContextConfigurationAttributes@3249e278 declaringClass = 'edu.uclm.esi.devopsmetrics.bdd.TestRunner', classes = '{}', locations = '{}', inheritLocations = false, initializers = '{}', inheritInitializers = true, name = [null], contextLoaderClass = 'org.springframework.test.context.ContextLoader'].
09:35:48.433 [main] DEBUG org.springframework.test.context.support.AbstractContextLoader - Did not detect default resource location for test class [edu.uclm.esi.devopsmetrics.bdd.TestRunner]: class path resource [edu/uclm/esi/devopsmetrics/bdd/TestRunner-context.xml] does not exist
09:35:48.433 [main] INFO org.springframework.test.context.support.AbstractContextLoader - Could not detect default resource locations for test class [edu.uclm.esi.devopsmetrics.bdd.TestRunner]: no resource found for suffixes {-context.xml}.
09:35:48.433 [main] DEBUG org.springframework.test.context.support.AbstractDelegatingSmartContextLoader - Delegating to AnnotationConfigContextLoader to process context configuration [ContextConfigurationAttributes@3249e278 declaringClass = 'edu.uclm.esi.devopsmetrics.bdd.TestRunner', classes = '{}', locations = '{}', inheritLocations = false, initializers = '{}', inheritInitializers = true, name = [null], contextLoaderClass = 'org.springframework.test.context.ContextLoader'].
09:35:48.433 [main] INFO org.springframework.test.context.support.AnnotationConfigContextLoaderUtils - Could not detect default configuration classes for test class [edu.uclm.esi.devopsmetrics.bdd.TestRunner]: TestRunner does not declare any static, non-private, non-final, nested classes annotated with @Configuration.
09:35:48.434 [main] DEBUG org.springframework.test.context.support.ActiveProfilesUtils - Could not find an 'annotation declaring class' for annotation type [org.springframework.test.context.ActiveProfiles] and class [edu.uclm.esi.devopsmetrics.bdd.TestRunner]
09:35:48.434 [main] DEBUG org.springframework.test.context.support.DefaultTestContextBootstrapper - @TestExecutionListeners is not present for class [edu.uclm.esi.devopsmetrics.bdd.TestRunner]: using defaults.
09:35:48.434 [main] INFO org.springframework.test.context.support.DefaultTestContextBootstrapper - Loaded default TestExecutionListener class names from location [META-INF/spring.factories]: [org.springframework.boot.test.mock.mockito.MockitoTestExecutionListener, org.springframework.boot.test.mock.mockito.ResetMocksTestExecutionListener, org.springframework.boot.test.autoconfigure.restdocs.RestDocsTestExecutionListener, org.springframework.boot.test.autoconfigure.web.client.MockRestServiceServerResetTestExecutionListener, org.springframework.boot.test.autoconfigure.web.servlet.MockMvcPrintOnlyOnFailureTestExecutionListener, org.springframework.boot.test.autoconfigure.web.servlet.WebDriverTestExecutionListener, org.springframework.boot.test.autoconfigure.webservices.client.MockWebServiceServerTestExecutionListener, org.springframework.test.context.web.ServletTestExecutionListener, org.springframework.test.context.support.DirtiesContextBeforeModesTestExecutionListener, org.springframework.test.context.support.DependencyInjectionTestExecutionListener, org.springframework.test.context.support.DirtiesContextTestExecutionListener, org.springframework.test.context.transaction.TransactionalTestExecutionListener, org.springframework.test.context.jdbc.SqlScriptsTestExecutionListener, org.springframework.test.context.event.EventPublishingTestExecutionListener]
09:35:48.434 [main] INFO org.springframework.test.context.support.DefaultTestContextBootstrapper - Using TestExecutionListeners: [org.springframework.test.context.web.ServletTestExecutionListener@35adf623, org.springframework.test.context.support.DirtiesContextBeforeModesTestExecutionListener@456f7d9e, org.springframework.boot.test.mock.mockito.MockitoTestExecutionListener@75d366c2, org.springframework.test.context.support.DependencyInjectionTestExecutionListener@8f40022, org.springframework.test.context.support.DirtiesContextTestExecutionListener@5232e3f1, org.springframework.test.context.transaction.TransactionalTestExecutionListener@6c8fe7a4, org.springframework.test.context.jdbc.SqlScriptsTestExecutionListener@2047981, org.springframework.test.context.event.EventPublishingTestExecutionListener@2ad99cf3, org.springframework.boot.test.mock.mockito.ResetMocksTestExecutionListener@6f31df32, org.springframework.boot.test.autoconfigure.restdocs.RestDocsTestExecutionListener@7c90b7b7, org.springframework.boot.test.autoconfigure.web.client.MockRestServiceServerResetTestExecutionListener@5d7911d5, org.springframework.boot.test.autoconfigure.web.servlet.MockMvcPrintOnlyOnFailureTestExecutionListener@3ba1308d, org.springframework.boot.test.autoconfigure.web.servlet.WebDriverTestExecutionListener@5a08b084, org.springframework.boot.test.autoconfigure.webservices.client.MockWebServiceServerTestExecutionListener@235c997d]
09:35:48.434 [main] DEBUG org.springframework.test.context.cache.DefaultCacheAwareContextLoaderDelegate - Retrieved ApplicationContext [7395550] from cache with key [[MergedContextConfiguration@36bed37a testClass = TestRunner, locations = '{}', classes = '{}', contextInitializerClasses = '[]', activeProfiles = '{}', propertySourceLocations = '{}', propertySourceProperties = '{}', contextCustomizers = set[org.springframework.boot.test.context.filter.ExcludeFilterContextCustomizer@6a175569, org.springframework.boot.test.json.DuplicateJsonObjectContextCustomizerFactory$DuplicateJsonObjectContextCustomizer@11ee02f8, org.springframework.boot.test.mock.mockito.MockitoContextCustomizer@0, org.springframework.boot.test.autoconfigure.properties.PropertyMappingContextCustomizer@0, org.springframework.boot.test.autoconfigure.web.servlet.WebDriverContextCustomizerFactory$Customizer@159e366], contextLoader = 'org.springframework.test.context.support.DelegatingSmartContextLoader', parent = [null]]]
09:35:48.434 [main] DEBUG org.springframework.test.context.cache - Spring test ApplicationContext cache statistics: [DefaultContextCache@42c2f48c size = 1, maxSize = 32, parentContextCount = 0, hitCount = 60, missCount = 1]
09:35:48.434 [main] DEBUG org.springframework.beans.factory.support.DefaultListableBeanFactory - Replacing scope 'cucumber-glue' from [io.cucumber.spring.CucumberScenarioScope@3ece79fe] to [io.cucumber.spring.CucumberScenarioScope@4a9a878]
09:35:48.434 [main] DEBUG org.springframework.test.context.support.AbstractDirtiesContextTestExecutionListener - Before test class: context [DefaultTestContext@1b3ab4f9 testClass = TestRunner, testInstance = [null], testMethod = [null], testException = [null], mergedContextConfiguration = [MergedContextConfiguration@36bed37a testClass = TestRunner, locations = '{}', classes = '{}', contextInitializerClasses = '[]', activeProfiles = '{}', propertySourceLocations = '{}', propertySourceProperties = '{}', contextCustomizers = set[org.springframework.boot.test.context.filter.ExcludeFilterContextCustomizer@6a175569, org.springframework.boot.test.json.DuplicateJsonObjectContextCustomizerFactory$DuplicateJsonObjectContextCustomizer@11ee02f8, org.springframework.boot.test.mock.mockito.MockitoContextCustomizer@0, org.springframework.boot.test.autoconfigure.properties.PropertyMappingContextCustomizer@0, org.springframework.boot.test.autoconfigure.web.servlet.WebDriverContextCustomizerFactory$Customizer@159e366], contextLoader = 'org.springframework.test.context.support.DelegatingSmartContextLoader', parent = [null]], attributes = map[[empty]]], class annotated with @DirtiesContext [false] with mode [null].
09:35:48.434 [main] DEBUG org.springframework.test.context.cache.DefaultCacheAwareContextLoaderDelegate - Retrieved ApplicationContext [7395550] from cache with key [[MergedContextConfiguration@36bed37a testClass = TestRunner, locations = '{}', classes = '{}', contextInitializerClasses = '[]', activeProfiles = '{}', propertySourceLocations = '{}', propertySourceProperties = '{}', contextCustomizers = set[org.springframework.boot.test.context.filter.ExcludeFilterContextCustomizer@6a175569, org.springframework.boot.test.json.DuplicateJsonObjectContextCustomizerFactory$DuplicateJsonObjectContextCustomizer@11ee02f8, org.springframework.boot.test.mock.mockito.MockitoContextCustomizer@0, org.springframework.boot.test.autoconfigure.properties.PropertyMappingContextCustomizer@0, org.springframework.boot.test.autoconfigure.web.servlet.WebDriverContextCustomizerFactory$Customizer@159e366], contextLoader = 'org.springframework.test.context.support.DelegatingSmartContextLoader', parent = [null]]]
09:35:48.434 [main] DEBUG org.springframework.test.context.cache - Spring test ApplicationContext cache statistics: [DefaultContextCache@42c2f48c size = 1, maxSize = 32, parentContextCount = 0, hitCount = 61, missCount = 1]

Scenario:                                                                             # src/test/resources/features/GetUserPassword.feature:3
09:35:48.443 [main] DEBUG org.apache.http.client.protocol.RequestAddCookies - CookieSpec selected: default
09:35:48.443 [main] DEBUG org.apache.http.client.protocol.RequestAuthCache - Auth cache not set in the context
09:35:48.443 [main] DEBUG org.apache.http.impl.conn.PoolingHttpClientConnectionManager - Connection request: [route: {s}->https://devopsmetrics.herokuapp.com:443][total available: 0; route allocated: 0 of 2; total allocated: 0 of 20]
09:35:48.443 [main] DEBUG org.apache.http.impl.conn.PoolingHttpClientConnectionManager - Connection leased: [id: 20][route: {s}->https://devopsmetrics.herokuapp.com:443][total available: 0; route allocated: 1 of 2; total allocated: 1 of 20]
09:35:48.443 [main] DEBUG org.apache.http.impl.execchain.MainClientExec - Opening connection {s}->https://devopsmetrics.herokuapp.com:443
09:35:48.444 [main] DEBUG org.apache.http.impl.conn.DefaultHttpClientConnectionOperator - Connecting to devopsmetrics.herokuapp.com/34.240.218.59:443
09:35:48.444 [main] DEBUG org.apache.http.conn.ssl.SSLConnectionSocketFactory - Connecting socket to devopsmetrics.herokuapp.com/34.240.218.59:443 with timeout 0
09:35:48.486 [main] DEBUG org.apache.http.conn.ssl.SSLConnectionSocketFactory - Enabled protocols: [TLSv1.3, TLSv1.2, TLSv1.1, TLSv1]
09:35:48.486 [main] DEBUG org.apache.http.conn.ssl.SSLConnectionSocketFactory - Enabled cipher suites:[TLS_AES_128_GCM_SHA256, TLS_AES_256_GCM_SHA384, TLS_ECDHE_ECDSA_WITH_AES_256_GCM_SHA384, TLS_ECDHE_ECDSA_WITH_AES_128_GCM_SHA256, TLS_ECDHE_RSA_WITH_AES_256_GCM_SHA384, TLS_RSA_WITH_AES_256_GCM_SHA384, TLS_ECDH_ECDSA_WITH_AES_256_GCM_SHA384, TLS_ECDH_RSA_WITH_AES_256_GCM_SHA384, TLS_DHE_RSA_WITH_AES_256_GCM_SHA384, TLS_DHE_DSS_WITH_AES_256_GCM_SHA384, TLS_ECDHE_RSA_WITH_AES_128_GCM_SHA256, TLS_RSA_WITH_AES_128_GCM_SHA256, TLS_ECDH_ECDSA_WITH_AES_128_GCM_SHA256, TLS_ECDH_RSA_WITH_AES_128_GCM_SHA256, TLS_DHE_RSA_WITH_AES_128_GCM_SHA256, TLS_DHE_DSS_WITH_AES_128_GCM_SHA256, TLS_ECDHE_ECDSA_WITH_AES_256_CBC_SHA384, TLS_ECDHE_RSA_WITH_AES_256_CBC_SHA384, TLS_RSA_WITH_AES_256_CBC_SHA256, TLS_ECDH_ECDSA_WITH_AES_256_CBC_SHA384, TLS_ECDH_RSA_WITH_AES_256_CBC_SHA384, TLS_DHE_RSA_WITH_AES_256_CBC_SHA256, TLS_DHE_DSS_WITH_AES_256_CBC_SHA256, TLS_ECDHE_ECDSA_WITH_AES_256_CBC_SHA, TLS_ECDHE_RSA_WITH_AES_256_CBC_SHA, TLS_RSA_WITH_AES_256_CBC_SHA, TLS_ECDH_ECDSA_WITH_AES_256_CBC_SHA, TLS_ECDH_RSA_WITH_AES_256_CBC_SHA, TLS_DHE_RSA_WITH_AES_256_CBC_SHA, TLS_DHE_DSS_WITH_AES_256_CBC_SHA, TLS_ECDHE_ECDSA_WITH_AES_128_CBC_SHA256, TLS_ECDHE_RSA_WITH_AES_128_CBC_SHA256, TLS_RSA_WITH_AES_128_CBC_SHA256, TLS_ECDH_ECDSA_WITH_AES_128_CBC_SHA256, TLS_ECDH_RSA_WITH_AES_128_CBC_SHA256, TLS_DHE_RSA_WITH_AES_128_CBC_SHA256, TLS_DHE_DSS_WITH_AES_128_CBC_SHA256, TLS_ECDHE_ECDSA_WITH_AES_128_CBC_SHA, TLS_ECDHE_RSA_WITH_AES_128_CBC_SHA, TLS_RSA_WITH_AES_128_CBC_SHA, TLS_ECDH_ECDSA_WITH_AES_128_CBC_SHA, TLS_ECDH_RSA_WITH_AES_128_CBC_SHA, TLS_DHE_RSA_WITH_AES_128_CBC_SHA, TLS_DHE_DSS_WITH_AES_128_CBC_SHA, TLS_EMPTY_RENEGOTIATION_INFO_SCSV]
09:35:48.486 [main] DEBUG org.apache.http.conn.ssl.SSLConnectionSocketFactory - Starting handshake
09:35:48.603 [main] DEBUG org.apache.http.conn.ssl.SSLConnectionSocketFactory - Secure session established
09:35:48.603 [main] DEBUG org.apache.http.conn.ssl.SSLConnectionSocketFactory -  negotiated protocol: TLSv1.2
09:35:48.603 [main] DEBUG org.apache.http.conn.ssl.SSLConnectionSocketFactory -  negotiated cipher suite: TLS_ECDHE_RSA_WITH_AES_128_GCM_SHA256
09:35:48.603 [main] DEBUG org.apache.http.conn.ssl.SSLConnectionSocketFactory -  peer principal: CN=*.herokuapp.com
09:35:48.603 [main] DEBUG org.apache.http.conn.ssl.SSLConnectionSocketFactory -  peer alternative names: [*.herokuapp.com]
09:35:48.603 [main] DEBUG org.apache.http.conn.ssl.SSLConnectionSocketFactory -  issuer principal: CN=Amazon, OU=Server CA 1B, O=Amazon, C=US
09:35:48.603 [main] DEBUG org.apache.http.impl.conn.DefaultHttpClientConnectionOperator - Connection established 192.168.1.45:65013<->34.240.218.59:443
09:35:48.603 [main] DEBUG org.apache.http.impl.execchain.MainClientExec - Executing request GET /usuarios?username=null&password=null HTTP/1.1
09:35:48.603 [main] DEBUG org.apache.http.impl.execchain.MainClientExec - Target auth state: UNCHALLENGED
09:35:48.603 [main] DEBUG org.apache.http.impl.execchain.MainClientExec - Proxy auth state: UNCHALLENGED
09:35:48.603 [main] DEBUG org.apache.http.headers - http-outgoing-20 >> GET /usuarios?username=null&password=null HTTP/1.1
09:35:48.603 [main] DEBUG org.apache.http.headers - http-outgoing-20 >> Host: devopsmetrics.herokuapp.com
09:35:48.603 [main] DEBUG org.apache.http.headers - http-outgoing-20 >> Connection: Keep-Alive
09:35:48.603 [main] DEBUG org.apache.http.headers - http-outgoing-20 >> User-Agent: Apache-HttpClient/4.5.12 (Java/11.0.8)
09:35:48.603 [main] DEBUG org.apache.http.headers - http-outgoing-20 >> Accept-Encoding: gzip,deflate
09:35:48.603 [main] DEBUG org.apache.http.wire - http-outgoing-20 >> "GET /usuarios?username=null&password=null HTTP/1.1[\r][\n]"
09:35:48.603 [main] DEBUG org.apache.http.wire - http-outgoing-20 >> "Host: devopsmetrics.herokuapp.com[\r][\n]"
09:35:48.603 [main] DEBUG org.apache.http.wire - http-outgoing-20 >> "Connection: Keep-Alive[\r][\n]"
09:35:48.603 [main] DEBUG org.apache.http.wire - http-outgoing-20 >> "User-Agent: Apache-HttpClient/4.5.12 (Java/11.0.8)[\r][\n]"
09:35:48.603 [main] DEBUG org.apache.http.wire - http-outgoing-20 >> "Accept-Encoding: gzip,deflate[\r][\n]"
09:35:48.603 [main] DEBUG org.apache.http.wire - http-outgoing-20 >> "[\r][\n]"
09:35:48.685 [main] DEBUG org.apache.http.wire - http-outgoing-20 << "HTTP/1.1 500 [\r][\n]"
09:35:48.685 [main] DEBUG org.apache.http.wire - http-outgoing-20 << "Server: Cowboy[\r][\n]"
09:35:48.685 [main] DEBUG org.apache.http.wire - http-outgoing-20 << "Connection: keep-alive[\r][\n]"
09:35:48.685 [main] DEBUG org.apache.http.wire - http-outgoing-20 << "Vary: Origin[\r][\n]"
09:35:48.685 [main] DEBUG org.apache.http.wire - http-outgoing-20 << "Vary: Access-Control-Request-Method[\r][\n]"
09:35:48.685 [main] DEBUG org.apache.http.wire - http-outgoing-20 << "Vary: Access-Control-Request-Headers[\r][\n]"
09:35:48.685 [main] DEBUG org.apache.http.wire - http-outgoing-20 << "Content-Type: application/json[\r][\n]"
09:35:48.685 [main] DEBUG org.apache.http.wire - http-outgoing-20 << "Transfer-Encoding: chunked[\r][\n]"
09:35:48.685 [main] DEBUG org.apache.http.wire - http-outgoing-20 << "Date: Tue, 13 Jul 2021 07:35:48 GMT[\r][\n]"
09:35:48.685 [main] DEBUG org.apache.http.wire - http-outgoing-20 << "Via: 1.1 vegur[\r][\n]"
09:35:48.685 [main] DEBUG org.apache.http.wire - http-outgoing-20 << "[\r][\n]"
09:35:48.685 [main] DEBUG org.apache.http.headers - http-outgoing-20 << HTTP/1.1 500 
09:35:48.685 [main] DEBUG org.apache.http.headers - http-outgoing-20 << Server: Cowboy
09:35:48.685 [main] DEBUG org.apache.http.headers - http-outgoing-20 << Connection: keep-alive
09:35:48.685 [main] DEBUG org.apache.http.headers - http-outgoing-20 << Vary: Origin
09:35:48.685 [main] DEBUG org.apache.http.headers - http-outgoing-20 << Vary: Access-Control-Request-Method
09:35:48.685 [main] DEBUG org.apache.http.headers - http-outgoing-20 << Vary: Access-Control-Request-Headers
09:35:48.685 [main] DEBUG org.apache.http.headers - http-outgoing-20 << Content-Type: application/json
09:35:48.685 [main] DEBUG org.apache.http.headers - http-outgoing-20 << Transfer-Encoding: chunked
09:35:48.685 [main] DEBUG org.apache.http.headers - http-outgoing-20 << Date: Tue, 13 Jul 2021 07:35:48 GMT
09:35:48.685 [main] DEBUG org.apache.http.headers - http-outgoing-20 << Via: 1.1 vegur
09:35:48.685 [main] DEBUG org.apache.http.impl.execchain.MainClientExec - Connection can be kept alive indefinitely
09:35:48.685 [main] DEBUG org.apache.http.wire - http-outgoing-20 << "7a[\r][\n]"
09:35:48.685 [main] DEBUG org.apache.http.wire - http-outgoing-20 << "{"timestamp":"2021-07-13T07:35:48.710+00:00","status":500,"error":"Internal Server Error","message":"","path":"/usuarios"}[\r][\n]"
09:35:48.685 [main] DEBUG org.apache.http.wire - http-outgoing-20 << "0[\r][\n]"
09:35:48.685 [main] DEBUG org.apache.http.wire - http-outgoing-20 << "[\r][\n]"
09:35:48.685 [main] DEBUG org.apache.http.impl.conn.PoolingHttpClientConnectionManager - Connection [id: 20][route: {s}->https://devopsmetrics.herokuapp.com:443] can be kept alive indefinitely
09:35:48.685 [main] DEBUG org.apache.http.impl.conn.DefaultManagedHttpClientConnection - http-outgoing-20: set socket timeout to 0
09:35:48.685 [main] DEBUG org.apache.http.impl.conn.PoolingHttpClientConnectionManager - Connection released: [id: 20][route: {s}->https://devopsmetrics.herokuapp.com:443][total available: 1; route allocated: 1 of 2; total allocated: 1 of 20]
  Given user is logging in the system                                                 # edu.uclm.esi.devopsmetrics.bdd.stepdefinitions.GetUserPasswordSteps.user_is_logging_in_the_system()
  When user is correct he gets an user by the username and the password in the system # edu.uclm.esi.devopsmetrics.bdd.stepdefinitions.GetUserPasswordSteps.user_is_correct_he_gets_an_user_by_the_username_and_the_password_in_the_system()
      java.lang.NullPointerException
	at edu.uclm.esi.devopsmetrics.bdd.stepdefinitions.GetUserPasswordSteps.user_is_correct_he_gets_an_user_by_the_username_and_the_password_in_the_system(GetUserPasswordSteps.java:61)
	at âœ½.user is correct he gets an user by the username and the password in the system(file:///C:/Users/Crespo/eclipse-workspace/devopsmetrics/src/test/resources/features/GetUserPassword.feature:5)

  Then by the username and the password in peer exists and the user is correct        # edu.uclm.esi.devopsmetrics.bdd.stepdefinitions.GetUserPasswordSteps.by_the_username_and_the_password_in_peer_exists_and_the_user_is_correct()
09:35:48.686 [main] DEBUG org.springframework.test.context.cache.DefaultCacheAwareContextLoaderDelegate - Retrieved ApplicationContext [7395550] from cache with key [[MergedContextConfiguration@36bed37a testClass = TestRunner, locations = '{}', classes = '{}', contextInitializerClasses = '[]', activeProfiles = '{}', propertySourceLocations = '{}', propertySourceProperties = '{}', contextCustomizers = set[org.springframework.boot.test.context.filter.ExcludeFilterContextCustomizer@6a175569, org.springframework.boot.test.json.DuplicateJsonObjectContextCustomizerFactory$DuplicateJsonObjectContextCustomizer@11ee02f8, org.springframework.boot.test.mock.mockito.MockitoContextCustomizer@0, org.springframework.boot.test.autoconfigure.properties.PropertyMappingContextCustomizer@0, org.springframework.boot.test.autoconfigure.web.servlet.WebDriverContextCustomizerFactory$Customizer@159e366], contextLoader = 'org.springframework.test.context.support.DelegatingSmartContextLoader', parent = [null]]]
09:35:48.686 [main] DEBUG org.springframework.test.context.cache - Spring test ApplicationContext cache statistics: [DefaultContextCache@42c2f48c size = 1, maxSize = 32, parentContextCount = 0, hitCount = 62, missCount = 1]
09:35:48.687 [main] DEBUG org.springframework.test.context.support.AbstractDirtiesContextTestExecutionListener - After test class: context [DefaultTestContext@1b3ab4f9 testClass = TestRunner, testInstance = [null], testMethod = [null], testException = [null], mergedContextConfiguration = [MergedContextConfiguration@36bed37a testClass = TestRunner, locations = '{}', classes = '{}', contextInitializerClasses = '[]', activeProfiles = '{}', propertySourceLocations = '{}', propertySourceProperties = '{}', contextCustomizers = set[org.springframework.boot.test.context.filter.ExcludeFilterContextCustomizer@6a175569, org.springframework.boot.test.json.DuplicateJsonObjectContextCustomizerFactory$DuplicateJsonObjectContextCustomizer@11ee02f8, org.springframework.boot.test.mock.mockito.MockitoContextCustomizer@0, org.springframework.boot.test.autoconfigure.properties.PropertyMappingContextCustomizer@0, org.springframework.boot.test.autoconfigure.web.servlet.WebDriverContextCustomizerFactory$Customizer@159e366], contextLoader = 'org.springframework.test.context.support.DelegatingSmartContextLoader', parent = [null]], attributes = map[[empty]]], class annotated with @DirtiesContext [false] with mode [null].
]]></system-out>
  </testcase>
  <testcase name="{feature to test the function to get an user of github by the username and the password in the system}" classname="edu.uclm.esi.devopsmetrics.bdd.TestRunner" time="0.242">
    <error type="java.lang.NullPointerException">java.lang.NullPointerException
</error>
    <system-out><![CDATA[09:35:48.687 [main] DEBUG org.springframework.test.context.BootstrapUtils - Instantiating CacheAwareContextLoaderDelegate from class [org.springframework.test.context.cache.DefaultCacheAwareContextLoaderDelegate]
09:35:48.687 [main] DEBUG org.springframework.test.context.BootstrapUtils - Instantiating BootstrapContext using constructor [public org.springframework.test.context.support.DefaultBootstrapContext(java.lang.Class,org.springframework.test.context.CacheAwareContextLoaderDelegate)]
09:35:48.687 [main] DEBUG org.springframework.test.context.BootstrapUtils - Instantiating TestContextBootstrapper for test class [edu.uclm.esi.devopsmetrics.bdd.TestRunner] from class [org.springframework.test.context.support.DefaultTestContextBootstrapper]
09:35:48.687 [main] INFO org.springframework.test.context.support.DefaultTestContextBootstrapper - Neither @ContextConfiguration nor @ContextHierarchy found for test class [edu.uclm.esi.devopsmetrics.bdd.TestRunner], using DelegatingSmartContextLoader
09:35:48.688 [main] DEBUG org.springframework.test.context.support.AbstractDelegatingSmartContextLoader - Delegating to GenericXmlContextLoader to process context configuration [ContextConfigurationAttributes@5d508d22 declaringClass = 'edu.uclm.esi.devopsmetrics.bdd.TestRunner', classes = '{}', locations = '{}', inheritLocations = false, initializers = '{}', inheritInitializers = true, name = [null], contextLoaderClass = 'org.springframework.test.context.ContextLoader'].
09:35:48.688 [main] DEBUG org.springframework.test.context.support.AbstractContextLoader - Did not detect default resource location for test class [edu.uclm.esi.devopsmetrics.bdd.TestRunner]: class path resource [edu/uclm/esi/devopsmetrics/bdd/TestRunner-context.xml] does not exist
09:35:48.688 [main] INFO org.springframework.test.context.support.AbstractContextLoader - Could not detect default resource locations for test class [edu.uclm.esi.devopsmetrics.bdd.TestRunner]: no resource found for suffixes {-context.xml}.
09:35:48.688 [main] DEBUG org.springframework.test.context.support.AbstractDelegatingSmartContextLoader - Delegating to AnnotationConfigContextLoader to process context configuration [ContextConfigurationAttributes@5d508d22 declaringClass = 'edu.uclm.esi.devopsmetrics.bdd.TestRunner', classes = '{}', locations = '{}', inheritLocations = false, initializers = '{}', inheritInitializers = true, name = [null], contextLoaderClass = 'org.springframework.test.context.ContextLoader'].
09:35:48.688 [main] INFO org.springframework.test.context.support.AnnotationConfigContextLoaderUtils - Could not detect default configuration classes for test class [edu.uclm.esi.devopsmetrics.bdd.TestRunner]: TestRunner does not declare any static, non-private, non-final, nested classes annotated with @Configuration.
09:35:48.689 [main] DEBUG org.springframework.test.context.support.ActiveProfilesUtils - Could not find an 'annotation declaring class' for annotation type [org.springframework.test.context.ActiveProfiles] and class [edu.uclm.esi.devopsmetrics.bdd.TestRunner]
09:35:48.689 [main] DEBUG org.springframework.test.context.support.DefaultTestContextBootstrapper - @TestExecutionListeners is not present for class [edu.uclm.esi.devopsmetrics.bdd.TestRunner]: using defaults.
09:35:48.690 [main] INFO org.springframework.test.context.support.DefaultTestContextBootstrapper - Loaded default TestExecutionListener class names from location [META-INF/spring.factories]: [org.springframework.boot.test.mock.mockito.MockitoTestExecutionListener, org.springframework.boot.test.mock.mockito.ResetMocksTestExecutionListener, org.springframework.boot.test.autoconfigure.restdocs.RestDocsTestExecutionListener, org.springframework.boot.test.autoconfigure.web.client.MockRestServiceServerResetTestExecutionListener, org.springframework.boot.test.autoconfigure.web.servlet.MockMvcPrintOnlyOnFailureTestExecutionListener, org.springframework.boot.test.autoconfigure.web.servlet.WebDriverTestExecutionListener, org.springframework.boot.test.autoconfigure.webservices.client.MockWebServiceServerTestExecutionListener, org.springframework.test.context.web.ServletTestExecutionListener, org.springframework.test.context.support.DirtiesContextBeforeModesTestExecutionListener, org.springframework.test.context.support.DependencyInjectionTestExecutionListener, org.springframework.test.context.support.DirtiesContextTestExecutionListener, org.springframework.test.context.transaction.TransactionalTestExecutionListener, org.springframework.test.context.jdbc.SqlScriptsTestExecutionListener, org.springframework.test.context.event.EventPublishingTestExecutionListener]
09:35:48.690 [main] INFO org.springframework.test.context.support.DefaultTestContextBootstrapper - Using TestExecutionListeners: [org.springframework.test.context.web.ServletTestExecutionListener@f2b90fc, org.springframework.test.context.support.DirtiesContextBeforeModesTestExecutionListener@2bb41f5c, org.springframework.boot.test.mock.mockito.MockitoTestExecutionListener@24c685e7, org.springframework.test.context.support.DependencyInjectionTestExecutionListener@7da635c0, org.springframework.test.context.support.DirtiesContextTestExecutionListener@2ed9f6f8, org.springframework.test.context.transaction.TransactionalTestExecutionListener@251c4280, org.springframework.test.context.jdbc.SqlScriptsTestExecutionListener@35650279, org.springframework.test.context.event.EventPublishingTestExecutionListener@79a13920, org.springframework.boot.test.mock.mockito.ResetMocksTestExecutionListener@182e7eda, org.springframework.boot.test.autoconfigure.restdocs.RestDocsTestExecutionListener@5f61371d, org.springframework.boot.test.autoconfigure.web.client.MockRestServiceServerResetTestExecutionListener@420a8042, org.springframework.boot.test.autoconfigure.web.servlet.MockMvcPrintOnlyOnFailureTestExecutionListener@3292d91a, org.springframework.boot.test.autoconfigure.web.servlet.WebDriverTestExecutionListener@5921b93c, org.springframework.boot.test.autoconfigure.webservices.client.MockWebServiceServerTestExecutionListener@faea4da]
09:35:48.690 [main] DEBUG org.springframework.test.context.cache.DefaultCacheAwareContextLoaderDelegate - Retrieved ApplicationContext [7395550] from cache with key [[MergedContextConfiguration@19b02dfd testClass = TestRunner, locations = '{}', classes = '{}', contextInitializerClasses = '[]', activeProfiles = '{}', propertySourceLocations = '{}', propertySourceProperties = '{}', contextCustomizers = set[org.springframework.boot.test.context.filter.ExcludeFilterContextCustomizer@6a175569, org.springframework.boot.test.json.DuplicateJsonObjectContextCustomizerFactory$DuplicateJsonObjectContextCustomizer@11ee02f8, org.springframework.boot.test.mock.mockito.MockitoContextCustomizer@0, org.springframework.boot.test.autoconfigure.properties.PropertyMappingContextCustomizer@0, org.springframework.boot.test.autoconfigure.web.servlet.WebDriverContextCustomizerFactory$Customizer@159e366], contextLoader = 'org.springframework.test.context.support.DelegatingSmartContextLoader', parent = [null]]]
09:35:48.690 [main] DEBUG org.springframework.test.context.cache - Spring test ApplicationContext cache statistics: [DefaultContextCache@42c2f48c size = 1, maxSize = 32, parentContextCount = 0, hitCount = 63, missCount = 1]
09:35:48.690 [main] DEBUG org.springframework.beans.factory.support.DefaultListableBeanFactory - Replacing scope 'cucumber-glue' from [io.cucumber.spring.CucumberScenarioScope@4a9a878] to [io.cucumber.spring.CucumberScenarioScope@3dce6dd8]
09:35:48.690 [main] DEBUG org.springframework.test.context.support.AbstractDirtiesContextTestExecutionListener - Before test class: context [DefaultTestContext@69f2cb04 testClass = TestRunner, testInstance = [null], testMethod = [null], testException = [null], mergedContextConfiguration = [MergedContextConfiguration@19b02dfd testClass = TestRunner, locations = '{}', classes = '{}', contextInitializerClasses = '[]', activeProfiles = '{}', propertySourceLocations = '{}', propertySourceProperties = '{}', contextCustomizers = set[org.springframework.boot.test.context.filter.ExcludeFilterContextCustomizer@6a175569, org.springframework.boot.test.json.DuplicateJsonObjectContextCustomizerFactory$DuplicateJsonObjectContextCustomizer@11ee02f8, org.springframework.boot.test.mock.mockito.MockitoContextCustomizer@0, org.springframework.boot.test.autoconfigure.properties.PropertyMappingContextCustomizer@0, org.springframework.boot.test.autoconfigure.web.servlet.WebDriverContextCustomizerFactory$Customizer@159e366], contextLoader = 'org.springframework.test.context.support.DelegatingSmartContextLoader', parent = [null]], attributes = map[[empty]]], class annotated with @DirtiesContext [false] with mode [null].
09:35:48.690 [main] DEBUG org.springframework.test.context.cache.DefaultCacheAwareContextLoaderDelegate - Retrieved ApplicationContext [7395550] from cache with key [[MergedContextConfiguration@19b02dfd testClass = TestRunner, locations = '{}', classes = '{}', contextInitializerClasses = '[]', activeProfiles = '{}', propertySourceLocations = '{}', propertySourceProperties = '{}', contextCustomizers = set[org.springframework.boot.test.context.filter.ExcludeFilterContextCustomizer@6a175569, org.springframework.boot.test.json.DuplicateJsonObjectContextCustomizerFactory$DuplicateJsonObjectContextCustomizer@11ee02f8, org.springframework.boot.test.mock.mockito.MockitoContextCustomizer@0, org.springframework.boot.test.autoconfigure.properties.PropertyMappingContextCustomizer@0, org.springframework.boot.test.autoconfigure.web.servlet.WebDriverContextCustomizerFactory$Customizer@159e366], contextLoader = 'org.springframework.test.context.support.DelegatingSmartContextLoader', parent = [null]]]
09:35:48.690 [main] DEBUG org.springframework.test.context.cache - Spring test ApplicationContext cache statistics: [DefaultContextCache@42c2f48c size = 1, maxSize = 32, parentContextCount = 0, hitCount = 64, missCount = 1]

Scenario:                                                                                                         # src/test/resources/features/GetUsersGithub.feature:3
09:35:48.699 [main] DEBUG org.apache.http.client.protocol.RequestAddCookies - CookieSpec selected: default
09:35:48.699 [main] DEBUG org.apache.http.client.protocol.RequestAuthCache - Auth cache not set in the context
09:35:48.699 [main] DEBUG org.apache.http.impl.conn.PoolingHttpClientConnectionManager - Connection request: [route: {s}->https://devopsmetrics.herokuapp.com:443][total available: 0; route allocated: 0 of 2; total allocated: 0 of 20]
09:35:48.700 [main] DEBUG org.apache.http.impl.conn.PoolingHttpClientConnectionManager - Connection leased: [id: 21][route: {s}->https://devopsmetrics.herokuapp.com:443][total available: 0; route allocated: 1 of 2; total allocated: 1 of 20]
09:35:48.700 [main] DEBUG org.apache.http.impl.execchain.MainClientExec - Opening connection {s}->https://devopsmetrics.herokuapp.com:443
09:35:48.700 [main] DEBUG org.apache.http.impl.conn.DefaultHttpClientConnectionOperator - Connecting to devopsmetrics.herokuapp.com/34.240.218.59:443
09:35:48.700 [main] DEBUG org.apache.http.conn.ssl.SSLConnectionSocketFactory - Connecting socket to devopsmetrics.herokuapp.com/34.240.218.59:443 with timeout 0
09:35:48.742 [main] DEBUG org.apache.http.conn.ssl.SSLConnectionSocketFactory - Enabled protocols: [TLSv1.3, TLSv1.2, TLSv1.1, TLSv1]
09:35:48.742 [main] DEBUG org.apache.http.conn.ssl.SSLConnectionSocketFactory - Enabled cipher suites:[TLS_AES_128_GCM_SHA256, TLS_AES_256_GCM_SHA384, TLS_ECDHE_ECDSA_WITH_AES_256_GCM_SHA384, TLS_ECDHE_ECDSA_WITH_AES_128_GCM_SHA256, TLS_ECDHE_RSA_WITH_AES_256_GCM_SHA384, TLS_RSA_WITH_AES_256_GCM_SHA384, TLS_ECDH_ECDSA_WITH_AES_256_GCM_SHA384, TLS_ECDH_RSA_WITH_AES_256_GCM_SHA384, TLS_DHE_RSA_WITH_AES_256_GCM_SHA384, TLS_DHE_DSS_WITH_AES_256_GCM_SHA384, TLS_ECDHE_RSA_WITH_AES_128_GCM_SHA256, TLS_RSA_WITH_AES_128_GCM_SHA256, TLS_ECDH_ECDSA_WITH_AES_128_GCM_SHA256, TLS_ECDH_RSA_WITH_AES_128_GCM_SHA256, TLS_DHE_RSA_WITH_AES_128_GCM_SHA256, TLS_DHE_DSS_WITH_AES_128_GCM_SHA256, TLS_ECDHE_ECDSA_WITH_AES_256_CBC_SHA384, TLS_ECDHE_RSA_WITH_AES_256_CBC_SHA384, TLS_RSA_WITH_AES_256_CBC_SHA256, TLS_ECDH_ECDSA_WITH_AES_256_CBC_SHA384, TLS_ECDH_RSA_WITH_AES_256_CBC_SHA384, TLS_DHE_RSA_WITH_AES_256_CBC_SHA256, TLS_DHE_DSS_WITH_AES_256_CBC_SHA256, TLS_ECDHE_ECDSA_WITH_AES_256_CBC_SHA, TLS_ECDHE_RSA_WITH_AES_256_CBC_SHA, TLS_RSA_WITH_AES_256_CBC_SHA, TLS_ECDH_ECDSA_WITH_AES_256_CBC_SHA, TLS_ECDH_RSA_WITH_AES_256_CBC_SHA, TLS_DHE_RSA_WITH_AES_256_CBC_SHA, TLS_DHE_DSS_WITH_AES_256_CBC_SHA, TLS_ECDHE_ECDSA_WITH_AES_128_CBC_SHA256, TLS_ECDHE_RSA_WITH_AES_128_CBC_SHA256, TLS_RSA_WITH_AES_128_CBC_SHA256, TLS_ECDH_ECDSA_WITH_AES_128_CBC_SHA256, TLS_ECDH_RSA_WITH_AES_128_CBC_SHA256, TLS_DHE_RSA_WITH_AES_128_CBC_SHA256, TLS_DHE_DSS_WITH_AES_128_CBC_SHA256, TLS_ECDHE_ECDSA_WITH_AES_128_CBC_SHA, TLS_ECDHE_RSA_WITH_AES_128_CBC_SHA, TLS_RSA_WITH_AES_128_CBC_SHA, TLS_ECDH_ECDSA_WITH_AES_128_CBC_SHA, TLS_ECDH_RSA_WITH_AES_128_CBC_SHA, TLS_DHE_RSA_WITH_AES_128_CBC_SHA, TLS_DHE_DSS_WITH_AES_128_CBC_SHA, TLS_EMPTY_RENEGOTIATION_INFO_SCSV]
09:35:48.742 [main] DEBUG org.apache.http.conn.ssl.SSLConnectionSocketFactory - Starting handshake
09:35:48.842 [main] DEBUG org.apache.http.conn.ssl.SSLConnectionSocketFactory - Secure session established
09:35:48.842 [main] DEBUG org.apache.http.conn.ssl.SSLConnectionSocketFactory -  negotiated protocol: TLSv1.2
09:35:48.842 [main] DEBUG org.apache.http.conn.ssl.SSLConnectionSocketFactory -  negotiated cipher suite: TLS_ECDHE_RSA_WITH_AES_128_GCM_SHA256
09:35:48.842 [main] DEBUG org.apache.http.conn.ssl.SSLConnectionSocketFactory -  peer principal: CN=*.herokuapp.com
09:35:48.842 [main] DEBUG org.apache.http.conn.ssl.SSLConnectionSocketFactory -  peer alternative names: [*.herokuapp.com]
09:35:48.842 [main] DEBUG org.apache.http.conn.ssl.SSLConnectionSocketFactory -  issuer principal: CN=Amazon, OU=Server CA 1B, O=Amazon, C=US
09:35:48.843 [main] DEBUG org.apache.http.impl.conn.DefaultHttpClientConnectionOperator - Connection established 192.168.1.45:65014<->34.240.218.59:443
09:35:48.843 [main] DEBUG org.apache.http.impl.execchain.MainClientExec - Executing request GET /usuarios?username=null&password=null HTTP/1.1
09:35:48.843 [main] DEBUG org.apache.http.impl.execchain.MainClientExec - Target auth state: UNCHALLENGED
09:35:48.843 [main] DEBUG org.apache.http.impl.execchain.MainClientExec - Proxy auth state: UNCHALLENGED
09:35:48.843 [main] DEBUG org.apache.http.headers - http-outgoing-21 >> GET /usuarios?username=null&password=null HTTP/1.1
09:35:48.843 [main] DEBUG org.apache.http.headers - http-outgoing-21 >> Host: devopsmetrics.herokuapp.com
09:35:48.843 [main] DEBUG org.apache.http.headers - http-outgoing-21 >> Connection: Keep-Alive
09:35:48.843 [main] DEBUG org.apache.http.headers - http-outgoing-21 >> User-Agent: Apache-HttpClient/4.5.12 (Java/11.0.8)
09:35:48.843 [main] DEBUG org.apache.http.headers - http-outgoing-21 >> Accept-Encoding: gzip,deflate
09:35:48.843 [main] DEBUG org.apache.http.wire - http-outgoing-21 >> "GET /usuarios?username=null&password=null HTTP/1.1[\r][\n]"
09:35:48.843 [main] DEBUG org.apache.http.wire - http-outgoing-21 >> "Host: devopsmetrics.herokuapp.com[\r][\n]"
09:35:48.843 [main] DEBUG org.apache.http.wire - http-outgoing-21 >> "Connection: Keep-Alive[\r][\n]"
09:35:48.843 [main] DEBUG org.apache.http.wire - http-outgoing-21 >> "User-Agent: Apache-HttpClient/4.5.12 (Java/11.0.8)[\r][\n]"
09:35:48.843 [main] DEBUG org.apache.http.wire - http-outgoing-21 >> "Accept-Encoding: gzip,deflate[\r][\n]"
09:35:48.843 [main] DEBUG org.apache.http.wire - http-outgoing-21 >> "[\r][\n]"
09:35:48.926 [main] DEBUG org.apache.http.wire - http-outgoing-21 << "HTTP/1.1 500 [\r][\n]"
09:35:48.926 [main] DEBUG org.apache.http.wire - http-outgoing-21 << "Server: Cowboy[\r][\n]"
09:35:48.926 [main] DEBUG org.apache.http.wire - http-outgoing-21 << "Connection: keep-alive[\r][\n]"
09:35:48.926 [main] DEBUG org.apache.http.wire - http-outgoing-21 << "Vary: Origin[\r][\n]"
09:35:48.926 [main] DEBUG org.apache.http.wire - http-outgoing-21 << "Vary: Access-Control-Request-Method[\r][\n]"
09:35:48.926 [main] DEBUG org.apache.http.wire - http-outgoing-21 << "Vary: Access-Control-Request-Headers[\r][\n]"
09:35:48.926 [main] DEBUG org.apache.http.wire - http-outgoing-21 << "Content-Type: application/json[\r][\n]"
09:35:48.926 [main] DEBUG org.apache.http.wire - http-outgoing-21 << "Transfer-Encoding: chunked[\r][\n]"
09:35:48.926 [main] DEBUG org.apache.http.wire - http-outgoing-21 << "Date: Tue, 13 Jul 2021 07:35:48 GMT[\r][\n]"
09:35:48.926 [main] DEBUG org.apache.http.wire - http-outgoing-21 << "Via: 1.1 vegur[\r][\n]"
09:35:48.926 [main] DEBUG org.apache.http.wire - http-outgoing-21 << "[\r][\n]"
09:35:48.926 [main] DEBUG org.apache.http.headers - http-outgoing-21 << HTTP/1.1 500 
09:35:48.926 [main] DEBUG org.apache.http.headers - http-outgoing-21 << Server: Cowboy
09:35:48.926 [main] DEBUG org.apache.http.headers - http-outgoing-21 << Connection: keep-alive
09:35:48.926 [main] DEBUG org.apache.http.headers - http-outgoing-21 << Vary: Origin
09:35:48.926 [main] DEBUG org.apache.http.headers - http-outgoing-21 << Vary: Access-Control-Request-Method
09:35:48.926 [main] DEBUG org.apache.http.headers - http-outgoing-21 << Vary: Access-Control-Request-Headers
09:35:48.926 [main] DEBUG org.apache.http.headers - http-outgoing-21 << Content-Type: application/json
09:35:48.926 [main] DEBUG org.apache.http.headers - http-outgoing-21 << Transfer-Encoding: chunked
09:35:48.926 [main] DEBUG org.apache.http.headers - http-outgoing-21 << Date: Tue, 13 Jul 2021 07:35:48 GMT
09:35:48.926 [main] DEBUG org.apache.http.headers - http-outgoing-21 << Via: 1.1 vegur
09:35:48.926 [main] DEBUG org.apache.http.impl.execchain.MainClientExec - Connection can be kept alive indefinitely
09:35:48.926 [main] DEBUG org.apache.http.wire - http-outgoing-21 << "7a[\r][\n]"
09:35:48.926 [main] DEBUG org.apache.http.wire - http-outgoing-21 << "{"timestamp":"2021-07-13T07:35:48.951+00:00","status":500,"error":"Internal Server Error","message":"","path":"/usuarios"}[\r][\n]"
09:35:48.930 [main] DEBUG org.apache.http.wire - http-outgoing-21 << "0[\r][\n]"
09:35:48.930 [main] DEBUG org.apache.http.wire - http-outgoing-21 << "[\r][\n]"
09:35:48.930 [main] DEBUG org.apache.http.impl.conn.PoolingHttpClientConnectionManager - Connection [id: 21][route: {s}->https://devopsmetrics.herokuapp.com:443] can be kept alive indefinitely
09:35:48.930 [main] DEBUG org.apache.http.impl.conn.DefaultManagedHttpClientConnection - http-outgoing-21: set socket timeout to 0
09:35:48.930 [main] DEBUG org.apache.http.impl.conn.PoolingHttpClientConnectionManager - Connection released: [id: 21][route: {s}->https://devopsmetrics.herokuapp.com:443][total available: 1; route allocated: 1 of 2; total allocated: 1 of 20]
  Given user is logging in the system for getting users of github                                                 # edu.uclm.esi.devopsmetrics.bdd.stepdefinitions.GetAllUsersGithub.user_is_logging_in_the_system_for_getting_users_of_github()
  When user is correct he gets an user by the username and the password in the system for getting users of github # edu.uclm.esi.devopsmetrics.bdd.stepdefinitions.GetAllUsersGithub.user_is_correct_he_gets_an_user_by_the_username_and_the_password_in_the_system_for_getting_users_of_github()
      java.lang.NullPointerException
	at edu.uclm.esi.devopsmetrics.bdd.stepdefinitions.GetAllUsersGithub.user_is_correct_he_gets_an_user_by_the_username_and_the_password_in_the_system_for_getting_users_of_github(GetAllUsersGithub.java:63)
	at âœ½.user is correct he gets an user by the username and the password in the system for getting users of github(file:///C:/Users/Crespo/eclipse-workspace/devopsmetrics/src/test/resources/features/GetUsersGithub.feature:5)

  Then by the username and the password in peer exists and the user get users of github                           # edu.uclm.esi.devopsmetrics.bdd.stepdefinitions.GetAllUsersGithub.by_the_username_and_the_password_in_peer_exists_and_the_user_get_users_of_github()
09:35:48.932 [main] DEBUG org.springframework.test.context.cache.DefaultCacheAwareContextLoaderDelegate - Retrieved ApplicationContext [7395550] from cache with key [[MergedContextConfiguration@19b02dfd testClass = TestRunner, locations = '{}', classes = '{}', contextInitializerClasses = '[]', activeProfiles = '{}', propertySourceLocations = '{}', propertySourceProperties = '{}', contextCustomizers = set[org.springframework.boot.test.context.filter.ExcludeFilterContextCustomizer@6a175569, org.springframework.boot.test.json.DuplicateJsonObjectContextCustomizerFactory$DuplicateJsonObjectContextCustomizer@11ee02f8, org.springframework.boot.test.mock.mockito.MockitoContextCustomizer@0, org.springframework.boot.test.autoconfigure.properties.PropertyMappingContextCustomizer@0, org.springframework.boot.test.autoconfigure.web.servlet.WebDriverContextCustomizerFactory$Customizer@159e366], contextLoader = 'org.springframework.test.context.support.DelegatingSmartContextLoader', parent = [null]]]
09:35:48.932 [main] DEBUG org.springframework.test.context.cache - Spring test ApplicationContext cache statistics: [DefaultContextCache@42c2f48c size = 1, maxSize = 32, parentContextCount = 0, hitCount = 65, missCount = 1]
09:35:48.932 [main] DEBUG org.springframework.test.context.support.AbstractDirtiesContextTestExecutionListener - After test class: context [DefaultTestContext@69f2cb04 testClass = TestRunner, testInstance = [null], testMethod = [null], testException = [null], mergedContextConfiguration = [MergedContextConfiguration@19b02dfd testClass = TestRunner, locations = '{}', classes = '{}', contextInitializerClasses = '[]', activeProfiles = '{}', propertySourceLocations = '{}', propertySourceProperties = '{}', contextCustomizers = set[org.springframework.boot.test.context.filter.ExcludeFilterContextCustomizer@6a175569, org.springframework.boot.test.json.DuplicateJsonObjectContextCustomizerFactory$DuplicateJsonObjectContextCustomizer@11ee02f8, org.springframework.boot.test.mock.mockito.MockitoContextCustomizer@0, org.springframework.boot.test.autoconfigure.properties.PropertyMappingContextCustomizer@0, org.springframework.boot.test.autoconfigure.web.servlet.WebDriverContextCustomizerFactory$Customizer@159e366], contextLoader = 'org.springframework.test.context.support.DelegatingSmartContextLoader', parent = [null]], attributes = map[[empty]]], class annotated with @DirtiesContext [false] with mode [null].
]]></system-out>
  </testcase>
  <testcase name="{feature to test the function to get an user of github in a repository by the username and the password in the system}" classname="edu.uclm.esi.devopsmetrics.bdd.TestRunner" time="0.321">
    <error type="java.lang.NullPointerException">java.lang.NullPointerException
</error>
    <system-out><![CDATA[09:35:48.932 [main] DEBUG org.springframework.test.context.BootstrapUtils - Instantiating CacheAwareContextLoaderDelegate from class [org.springframework.test.context.cache.DefaultCacheAwareContextLoaderDelegate]
09:35:48.932 [main] DEBUG org.springframework.test.context.BootstrapUtils - Instantiating BootstrapContext using constructor [public org.springframework.test.context.support.DefaultBootstrapContext(java.lang.Class,org.springframework.test.context.CacheAwareContextLoaderDelegate)]
09:35:48.932 [main] DEBUG org.springframework.test.context.BootstrapUtils - Instantiating TestContextBootstrapper for test class [edu.uclm.esi.devopsmetrics.bdd.TestRunner] from class [org.springframework.test.context.support.DefaultTestContextBootstrapper]
09:35:48.932 [main] INFO org.springframework.test.context.support.DefaultTestContextBootstrapper - Neither @ContextConfiguration nor @ContextHierarchy found for test class [edu.uclm.esi.devopsmetrics.bdd.TestRunner], using DelegatingSmartContextLoader
09:35:48.933 [main] DEBUG org.springframework.test.context.support.AbstractDelegatingSmartContextLoader - Delegating to GenericXmlContextLoader to process context configuration [ContextConfigurationAttributes@7fbd3e75 declaringClass = 'edu.uclm.esi.devopsmetrics.bdd.TestRunner', classes = '{}', locations = '{}', inheritLocations = false, initializers = '{}', inheritInitializers = true, name = [null], contextLoaderClass = 'org.springframework.test.context.ContextLoader'].
09:35:48.933 [main] DEBUG org.springframework.test.context.support.AbstractContextLoader - Did not detect default resource location for test class [edu.uclm.esi.devopsmetrics.bdd.TestRunner]: class path resource [edu/uclm/esi/devopsmetrics/bdd/TestRunner-context.xml] does not exist
09:35:48.933 [main] INFO org.springframework.test.context.support.AbstractContextLoader - Could not detect default resource locations for test class [edu.uclm.esi.devopsmetrics.bdd.TestRunner]: no resource found for suffixes {-context.xml}.
09:35:48.933 [main] DEBUG org.springframework.test.context.support.AbstractDelegatingSmartContextLoader - Delegating to AnnotationConfigContextLoader to process context configuration [ContextConfigurationAttributes@7fbd3e75 declaringClass = 'edu.uclm.esi.devopsmetrics.bdd.TestRunner', classes = '{}', locations = '{}', inheritLocations = false, initializers = '{}', inheritInitializers = true, name = [null], contextLoaderClass = 'org.springframework.test.context.ContextLoader'].
09:35:48.933 [main] INFO org.springframework.test.context.support.AnnotationConfigContextLoaderUtils - Could not detect default configuration classes for test class [edu.uclm.esi.devopsmetrics.bdd.TestRunner]: TestRunner does not declare any static, non-private, non-final, nested classes annotated with @Configuration.
09:35:48.934 [main] DEBUG org.springframework.test.context.support.ActiveProfilesUtils - Could not find an 'annotation declaring class' for annotation type [org.springframework.test.context.ActiveProfiles] and class [edu.uclm.esi.devopsmetrics.bdd.TestRunner]
09:35:48.934 [main] DEBUG org.springframework.test.context.support.DefaultTestContextBootstrapper - @TestExecutionListeners is not present for class [edu.uclm.esi.devopsmetrics.bdd.TestRunner]: using defaults.
09:35:48.934 [main] INFO org.springframework.test.context.support.DefaultTestContextBootstrapper - Loaded default TestExecutionListener class names from location [META-INF/spring.factories]: [org.springframework.boot.test.mock.mockito.MockitoTestExecutionListener, org.springframework.boot.test.mock.mockito.ResetMocksTestExecutionListener, org.springframework.boot.test.autoconfigure.restdocs.RestDocsTestExecutionListener, org.springframework.boot.test.autoconfigure.web.client.MockRestServiceServerResetTestExecutionListener, org.springframework.boot.test.autoconfigure.web.servlet.MockMvcPrintOnlyOnFailureTestExecutionListener, org.springframework.boot.test.autoconfigure.web.servlet.WebDriverTestExecutionListener, org.springframework.boot.test.autoconfigure.webservices.client.MockWebServiceServerTestExecutionListener, org.springframework.test.context.web.ServletTestExecutionListener, org.springframework.test.context.support.DirtiesContextBeforeModesTestExecutionListener, org.springframework.test.context.support.DependencyInjectionTestExecutionListener, org.springframework.test.context.support.DirtiesContextTestExecutionListener, org.springframework.test.context.transaction.TransactionalTestExecutionListener, org.springframework.test.context.jdbc.SqlScriptsTestExecutionListener, org.springframework.test.context.event.EventPublishingTestExecutionListener]
09:35:48.934 [main] INFO org.springframework.test.context.support.DefaultTestContextBootstrapper - Using TestExecutionListeners: [org.springframework.test.context.web.ServletTestExecutionListener@198536f6, org.springframework.test.context.support.DirtiesContextBeforeModesTestExecutionListener@7fdd43cd, org.springframework.boot.test.mock.mockito.MockitoTestExecutionListener@3a38f122, org.springframework.test.context.support.DependencyInjectionTestExecutionListener@2ce03e86, org.springframework.test.context.support.DirtiesContextTestExecutionListener@1c628f6a, org.springframework.test.context.transaction.TransactionalTestExecutionListener@9b47400, org.springframework.test.context.jdbc.SqlScriptsTestExecutionListener@747835f5, org.springframework.test.context.event.EventPublishingTestExecutionListener@594131f2, org.springframework.boot.test.mock.mockito.ResetMocksTestExecutionListener@51d0ec6f, org.springframework.boot.test.autoconfigure.restdocs.RestDocsTestExecutionListener@7bee8621, org.springframework.boot.test.autoconfigure.web.client.MockRestServiceServerResetTestExecutionListener@4e0cc334, org.springframework.boot.test.autoconfigure.web.servlet.MockMvcPrintOnlyOnFailureTestExecutionListener@1e12a5a6, org.springframework.boot.test.autoconfigure.web.servlet.WebDriverTestExecutionListener@4877919f, org.springframework.boot.test.autoconfigure.webservices.client.MockWebServiceServerTestExecutionListener@47a7c93e]
09:35:48.934 [main] DEBUG org.springframework.test.context.cache.DefaultCacheAwareContextLoaderDelegate - Retrieved ApplicationContext [7395550] from cache with key [[MergedContextConfiguration@6f9ab79d testClass = TestRunner, locations = '{}', classes = '{}', contextInitializerClasses = '[]', activeProfiles = '{}', propertySourceLocations = '{}', propertySourceProperties = '{}', contextCustomizers = set[org.springframework.boot.test.context.filter.ExcludeFilterContextCustomizer@6a175569, org.springframework.boot.test.json.DuplicateJsonObjectContextCustomizerFactory$DuplicateJsonObjectContextCustomizer@11ee02f8, org.springframework.boot.test.mock.mockito.MockitoContextCustomizer@0, org.springframework.boot.test.autoconfigure.properties.PropertyMappingContextCustomizer@0, org.springframework.boot.test.autoconfigure.web.servlet.WebDriverContextCustomizerFactory$Customizer@159e366], contextLoader = 'org.springframework.test.context.support.DelegatingSmartContextLoader', parent = [null]]]
09:35:48.934 [main] DEBUG org.springframework.test.context.cache - Spring test ApplicationContext cache statistics: [DefaultContextCache@42c2f48c size = 1, maxSize = 32, parentContextCount = 0, hitCount = 66, missCount = 1]
09:35:48.934 [main] DEBUG org.springframework.beans.factory.support.DefaultListableBeanFactory - Replacing scope 'cucumber-glue' from [io.cucumber.spring.CucumberScenarioScope@3dce6dd8] to [io.cucumber.spring.CucumberScenarioScope@64ae105d]
09:35:48.934 [main] DEBUG org.springframework.test.context.support.AbstractDirtiesContextTestExecutionListener - Before test class: context [DefaultTestContext@10a18e3e testClass = TestRunner, testInstance = [null], testMethod = [null], testException = [null], mergedContextConfiguration = [MergedContextConfiguration@6f9ab79d testClass = TestRunner, locations = '{}', classes = '{}', contextInitializerClasses = '[]', activeProfiles = '{}', propertySourceLocations = '{}', propertySourceProperties = '{}', contextCustomizers = set[org.springframework.boot.test.context.filter.ExcludeFilterContextCustomizer@6a175569, org.springframework.boot.test.json.DuplicateJsonObjectContextCustomizerFactory$DuplicateJsonObjectContextCustomizer@11ee02f8, org.springframework.boot.test.mock.mockito.MockitoContextCustomizer@0, org.springframework.boot.test.autoconfigure.properties.PropertyMappingContextCustomizer@0, org.springframework.boot.test.autoconfigure.web.servlet.WebDriverContextCustomizerFactory$Customizer@159e366], contextLoader = 'org.springframework.test.context.support.DelegatingSmartContextLoader', parent = [null]], attributes = map[[empty]]], class annotated with @DirtiesContext [false] with mode [null].
09:35:48.934 [main] DEBUG org.springframework.test.context.cache.DefaultCacheAwareContextLoaderDelegate - Retrieved ApplicationContext [7395550] from cache with key [[MergedContextConfiguration@6f9ab79d testClass = TestRunner, locations = '{}', classes = '{}', contextInitializerClasses = '[]', activeProfiles = '{}', propertySourceLocations = '{}', propertySourceProperties = '{}', contextCustomizers = set[org.springframework.boot.test.context.filter.ExcludeFilterContextCustomizer@6a175569, org.springframework.boot.test.json.DuplicateJsonObjectContextCustomizerFactory$DuplicateJsonObjectContextCustomizer@11ee02f8, org.springframework.boot.test.mock.mockito.MockitoContextCustomizer@0, org.springframework.boot.test.autoconfigure.properties.PropertyMappingContextCustomizer@0, org.springframework.boot.test.autoconfigure.web.servlet.WebDriverContextCustomizerFactory$Customizer@159e366], contextLoader = 'org.springframework.test.context.support.DelegatingSmartContextLoader', parent = [null]]]
09:35:48.934 [main] DEBUG org.springframework.test.context.cache - Spring test ApplicationContext cache statistics: [DefaultContextCache@42c2f48c size = 1, maxSize = 32, parentContextCount = 0, hitCount = 67, missCount = 1]

Scenario:                                                                                                                         # src/test/resources/features/GetUsersGithubRepo.feature:3
09:35:48.943 [main] DEBUG org.apache.http.client.protocol.RequestAddCookies - CookieSpec selected: default
09:35:48.943 [main] DEBUG org.apache.http.client.protocol.RequestAuthCache - Auth cache not set in the context
09:35:48.943 [main] DEBUG org.apache.http.impl.conn.PoolingHttpClientConnectionManager - Connection request: [route: {s}->https://devopsmetrics.herokuapp.com:443][total available: 0; route allocated: 0 of 2; total allocated: 0 of 20]
09:35:48.943 [main] DEBUG org.apache.http.impl.conn.PoolingHttpClientConnectionManager - Connection leased: [id: 22][route: {s}->https://devopsmetrics.herokuapp.com:443][total available: 0; route allocated: 1 of 2; total allocated: 1 of 20]
09:35:48.943 [main] DEBUG org.apache.http.impl.execchain.MainClientExec - Opening connection {s}->https://devopsmetrics.herokuapp.com:443
09:35:48.943 [main] DEBUG org.apache.http.impl.conn.DefaultHttpClientConnectionOperator - Connecting to devopsmetrics.herokuapp.com/34.240.218.59:443
09:35:48.943 [main] DEBUG org.apache.http.conn.ssl.SSLConnectionSocketFactory - Connecting socket to devopsmetrics.herokuapp.com/34.240.218.59:443 with timeout 0
09:35:49.020 [main] DEBUG org.apache.http.conn.ssl.SSLConnectionSocketFactory - Enabled protocols: [TLSv1.3, TLSv1.2, TLSv1.1, TLSv1]
09:35:49.020 [main] DEBUG org.apache.http.conn.ssl.SSLConnectionSocketFactory - Enabled cipher suites:[TLS_AES_128_GCM_SHA256, TLS_AES_256_GCM_SHA384, TLS_ECDHE_ECDSA_WITH_AES_256_GCM_SHA384, TLS_ECDHE_ECDSA_WITH_AES_128_GCM_SHA256, TLS_ECDHE_RSA_WITH_AES_256_GCM_SHA384, TLS_RSA_WITH_AES_256_GCM_SHA384, TLS_ECDH_ECDSA_WITH_AES_256_GCM_SHA384, TLS_ECDH_RSA_WITH_AES_256_GCM_SHA384, TLS_DHE_RSA_WITH_AES_256_GCM_SHA384, TLS_DHE_DSS_WITH_AES_256_GCM_SHA384, TLS_ECDHE_RSA_WITH_AES_128_GCM_SHA256, TLS_RSA_WITH_AES_128_GCM_SHA256, TLS_ECDH_ECDSA_WITH_AES_128_GCM_SHA256, TLS_ECDH_RSA_WITH_AES_128_GCM_SHA256, TLS_DHE_RSA_WITH_AES_128_GCM_SHA256, TLS_DHE_DSS_WITH_AES_128_GCM_SHA256, TLS_ECDHE_ECDSA_WITH_AES_256_CBC_SHA384, TLS_ECDHE_RSA_WITH_AES_256_CBC_SHA384, TLS_RSA_WITH_AES_256_CBC_SHA256, TLS_ECDH_ECDSA_WITH_AES_256_CBC_SHA384, TLS_ECDH_RSA_WITH_AES_256_CBC_SHA384, TLS_DHE_RSA_WITH_AES_256_CBC_SHA256, TLS_DHE_DSS_WITH_AES_256_CBC_SHA256, TLS_ECDHE_ECDSA_WITH_AES_256_CBC_SHA, TLS_ECDHE_RSA_WITH_AES_256_CBC_SHA, TLS_RSA_WITH_AES_256_CBC_SHA, TLS_ECDH_ECDSA_WITH_AES_256_CBC_SHA, TLS_ECDH_RSA_WITH_AES_256_CBC_SHA, TLS_DHE_RSA_WITH_AES_256_CBC_SHA, TLS_DHE_DSS_WITH_AES_256_CBC_SHA, TLS_ECDHE_ECDSA_WITH_AES_128_CBC_SHA256, TLS_ECDHE_RSA_WITH_AES_128_CBC_SHA256, TLS_RSA_WITH_AES_128_CBC_SHA256, TLS_ECDH_ECDSA_WITH_AES_128_CBC_SHA256, TLS_ECDH_RSA_WITH_AES_128_CBC_SHA256, TLS_DHE_RSA_WITH_AES_128_CBC_SHA256, TLS_DHE_DSS_WITH_AES_128_CBC_SHA256, TLS_ECDHE_ECDSA_WITH_AES_128_CBC_SHA, TLS_ECDHE_RSA_WITH_AES_128_CBC_SHA, TLS_RSA_WITH_AES_128_CBC_SHA, TLS_ECDH_ECDSA_WITH_AES_128_CBC_SHA, TLS_ECDH_RSA_WITH_AES_128_CBC_SHA, TLS_DHE_RSA_WITH_AES_128_CBC_SHA, TLS_DHE_DSS_WITH_AES_128_CBC_SHA, TLS_EMPTY_RENEGOTIATION_INFO_SCSV]
09:35:49.020 [main] DEBUG org.apache.http.conn.ssl.SSLConnectionSocketFactory - Starting handshake
09:35:49.113 [main] DEBUG org.apache.http.conn.ssl.SSLConnectionSocketFactory - Secure session established
09:35:49.113 [main] DEBUG org.apache.http.conn.ssl.SSLConnectionSocketFactory -  negotiated protocol: TLSv1.2
09:35:49.113 [main] DEBUG org.apache.http.conn.ssl.SSLConnectionSocketFactory -  negotiated cipher suite: TLS_ECDHE_RSA_WITH_AES_128_GCM_SHA256
09:35:49.113 [main] DEBUG org.apache.http.conn.ssl.SSLConnectionSocketFactory -  peer principal: CN=*.herokuapp.com
09:35:49.113 [main] DEBUG org.apache.http.conn.ssl.SSLConnectionSocketFactory -  peer alternative names: [*.herokuapp.com]
09:35:49.113 [main] DEBUG org.apache.http.conn.ssl.SSLConnectionSocketFactory -  issuer principal: CN=Amazon, OU=Server CA 1B, O=Amazon, C=US
09:35:49.113 [main] DEBUG org.apache.http.impl.conn.DefaultHttpClientConnectionOperator - Connection established 192.168.1.45:65015<->34.240.218.59:443
09:35:49.113 [main] DEBUG org.apache.http.impl.execchain.MainClientExec - Executing request GET /usuarios?username=null&password=null HTTP/1.1
09:35:49.113 [main] DEBUG org.apache.http.impl.execchain.MainClientExec - Target auth state: UNCHALLENGED
09:35:49.113 [main] DEBUG org.apache.http.impl.execchain.MainClientExec - Proxy auth state: UNCHALLENGED
09:35:49.113 [main] DEBUG org.apache.http.headers - http-outgoing-22 >> GET /usuarios?username=null&password=null HTTP/1.1
09:35:49.113 [main] DEBUG org.apache.http.headers - http-outgoing-22 >> Host: devopsmetrics.herokuapp.com
09:35:49.113 [main] DEBUG org.apache.http.headers - http-outgoing-22 >> Connection: Keep-Alive
09:35:49.113 [main] DEBUG org.apache.http.headers - http-outgoing-22 >> User-Agent: Apache-HttpClient/4.5.12 (Java/11.0.8)
09:35:49.113 [main] DEBUG org.apache.http.headers - http-outgoing-22 >> Accept-Encoding: gzip,deflate
09:35:49.113 [main] DEBUG org.apache.http.wire - http-outgoing-22 >> "GET /usuarios?username=null&password=null HTTP/1.1[\r][\n]"
09:35:49.113 [main] DEBUG org.apache.http.wire - http-outgoing-22 >> "Host: devopsmetrics.herokuapp.com[\r][\n]"
09:35:49.113 [main] DEBUG org.apache.http.wire - http-outgoing-22 >> "Connection: Keep-Alive[\r][\n]"
09:35:49.113 [main] DEBUG org.apache.http.wire - http-outgoing-22 >> "User-Agent: Apache-HttpClient/4.5.12 (Java/11.0.8)[\r][\n]"
09:35:49.113 [main] DEBUG org.apache.http.wire - http-outgoing-22 >> "Accept-Encoding: gzip,deflate[\r][\n]"
09:35:49.113 [main] DEBUG org.apache.http.wire - http-outgoing-22 >> "[\r][\n]"
09:35:49.247 [main] DEBUG org.apache.http.wire - http-outgoing-22 << "HTTP/1.1 500 [\r][\n]"
09:35:49.247 [main] DEBUG org.apache.http.wire - http-outgoing-22 << "Server: Cowboy[\r][\n]"
09:35:49.247 [main] DEBUG org.apache.http.wire - http-outgoing-22 << "Connection: keep-alive[\r][\n]"
09:35:49.247 [main] DEBUG org.apache.http.wire - http-outgoing-22 << "Vary: Origin[\r][\n]"
09:35:49.247 [main] DEBUG org.apache.http.wire - http-outgoing-22 << "Vary: Access-Control-Request-Method[\r][\n]"
09:35:49.247 [main] DEBUG org.apache.http.wire - http-outgoing-22 << "Vary: Access-Control-Request-Headers[\r][\n]"
09:35:49.247 [main] DEBUG org.apache.http.wire - http-outgoing-22 << "Content-Type: application/json[\r][\n]"
09:35:49.247 [main] DEBUG org.apache.http.wire - http-outgoing-22 << "Transfer-Encoding: chunked[\r][\n]"
09:35:49.247 [main] DEBUG org.apache.http.wire - http-outgoing-22 << "Date: Tue, 13 Jul 2021 07:35:48 GMT[\r][\n]"
09:35:49.247 [main] DEBUG org.apache.http.wire - http-outgoing-22 << "Via: 1.1 vegur[\r][\n]"
09:35:49.247 [main] DEBUG org.apache.http.wire - http-outgoing-22 << "[\r][\n]"
09:35:49.247 [main] DEBUG org.apache.http.wire - http-outgoing-22 << "7a[\r][\n]"
09:35:49.247 [main] DEBUG org.apache.http.wire - http-outgoing-22 << "{"timestamp":"2021-07-13T07:35:49.271+00:00","status":500,"error":"Internal Server Error","message":"","path":"/usuarios"}[\r][\n]"
09:35:49.247 [main] DEBUG org.apache.http.headers - http-outgoing-22 << HTTP/1.1 500 
09:35:49.247 [main] DEBUG org.apache.http.headers - http-outgoing-22 << Server: Cowboy
09:35:49.247 [main] DEBUG org.apache.http.headers - http-outgoing-22 << Connection: keep-alive
09:35:49.247 [main] DEBUG org.apache.http.headers - http-outgoing-22 << Vary: Origin
09:35:49.247 [main] DEBUG org.apache.http.headers - http-outgoing-22 << Vary: Access-Control-Request-Method
09:35:49.247 [main] DEBUG org.apache.http.headers - http-outgoing-22 << Vary: Access-Control-Request-Headers
09:35:49.247 [main] DEBUG org.apache.http.headers - http-outgoing-22 << Content-Type: application/json
09:35:49.247 [main] DEBUG org.apache.http.headers - http-outgoing-22 << Transfer-Encoding: chunked
09:35:49.247 [main] DEBUG org.apache.http.headers - http-outgoing-22 << Date: Tue, 13 Jul 2021 07:35:48 GMT
09:35:49.247 [main] DEBUG org.apache.http.headers - http-outgoing-22 << Via: 1.1 vegur
09:35:49.247 [main] DEBUG org.apache.http.impl.execchain.MainClientExec - Connection can be kept alive indefinitely
09:35:49.247 [main] DEBUG org.apache.http.wire - http-outgoing-22 << "0[\r][\n]"
09:35:49.247 [main] DEBUG org.apache.http.wire - http-outgoing-22 << "[\r][\n]"
09:35:49.248 [main] DEBUG org.apache.http.impl.conn.PoolingHttpClientConnectionManager - Connection [id: 22][route: {s}->https://devopsmetrics.herokuapp.com:443] can be kept alive indefinitely
09:35:49.248 [main] DEBUG org.apache.http.impl.conn.DefaultManagedHttpClientConnection - http-outgoing-22: set socket timeout to 0
09:35:49.248 [main] DEBUG org.apache.http.impl.conn.PoolingHttpClientConnectionManager - Connection released: [id: 22][route: {s}->https://devopsmetrics.herokuapp.com:443][total available: 1; route allocated: 1 of 2; total allocated: 1 of 20]
  Given user is logging in the system for getting users of github in a repository                                                 # edu.uclm.esi.devopsmetrics.bdd.stepdefinitions.GetAllUsersGithubRepo.user_is_logging_in_the_system_for_getting_users_of_github_in_a_repository()
  When user is correct he gets an user by the username and the password in the system for getting users of github in a repository # edu.uclm.esi.devopsmetrics.bdd.stepdefinitions.GetAllUsersGithubRepo.user_is_correct_he_gets_an_user_by_the_username_and_the_password_in_the_system_for_getting_users_of_github_in_a_repository()
      java.lang.NullPointerException
	at edu.uclm.esi.devopsmetrics.bdd.stepdefinitions.GetAllUsersGithubRepo.user_is_correct_he_gets_an_user_by_the_username_and_the_password_in_the_system_for_getting_users_of_github_in_a_repository(GetAllUsersGithubRepo.java:58)
	at âœ½.user is correct he gets an user by the username and the password in the system for getting users of github in a repository(file:///C:/Users/Crespo/eclipse-workspace/devopsmetrics/src/test/resources/features/GetUsersGithubRepo.feature:5)

  Then by the username and the password in peer exists and the user get users of github in a repository                           # edu.uclm.esi.devopsmetrics.bdd.stepdefinitions.GetAllUsersGithubRepo.by_the_username_and_the_password_in_peer_exists_and_the_user_get_users_of_github_in_a_repository()
09:35:49.249 [main] DEBUG org.springframework.test.context.cache.DefaultCacheAwareContextLoaderDelegate - Retrieved ApplicationContext [7395550] from cache with key [[MergedContextConfiguration@6f9ab79d testClass = TestRunner, locations = '{}', classes = '{}', contextInitializerClasses = '[]', activeProfiles = '{}', propertySourceLocations = '{}', propertySourceProperties = '{}', contextCustomizers = set[org.springframework.boot.test.context.filter.ExcludeFilterContextCustomizer@6a175569, org.springframework.boot.test.json.DuplicateJsonObjectContextCustomizerFactory$DuplicateJsonObjectContextCustomizer@11ee02f8, org.springframework.boot.test.mock.mockito.MockitoContextCustomizer@0, org.springframework.boot.test.autoconfigure.properties.PropertyMappingContextCustomizer@0, org.springframework.boot.test.autoconfigure.web.servlet.WebDriverContextCustomizerFactory$Customizer@159e366], contextLoader = 'org.springframework.test.context.support.DelegatingSmartContextLoader', parent = [null]]]
09:35:49.249 [main] DEBUG org.springframework.test.context.cache - Spring test ApplicationContext cache statistics: [DefaultContextCache@42c2f48c size = 1, maxSize = 32, parentContextCount = 0, hitCount = 68, missCount = 1]
09:35:49.249 [main] DEBUG org.springframework.test.context.support.AbstractDirtiesContextTestExecutionListener - After test class: context [DefaultTestContext@10a18e3e testClass = TestRunner, testInstance = [null], testMethod = [null], testException = [null], mergedContextConfiguration = [MergedContextConfiguration@6f9ab79d testClass = TestRunner, locations = '{}', classes = '{}', contextInitializerClasses = '[]', activeProfiles = '{}', propertySourceLocations = '{}', propertySourceProperties = '{}', contextCustomizers = set[org.springframework.boot.test.context.filter.ExcludeFilterContextCustomizer@6a175569, org.springframework.boot.test.json.DuplicateJsonObjectContextCustomizerFactory$DuplicateJsonObjectContextCustomizer@11ee02f8, org.springframework.boot.test.mock.mockito.MockitoContextCustomizer@0, org.springframework.boot.test.autoconfigure.properties.PropertyMappingContextCustomizer@0, org.springframework.boot.test.autoconfigure.web.servlet.WebDriverContextCustomizerFactory$Customizer@159e366], contextLoader = 'org.springframework.test.context.support.DelegatingSmartContextLoader', parent = [null]], attributes = map[[empty]]], class annotated with @DirtiesContext [false] with mode [null].
]]></system-out>
  </testcase>
  <testcase name="{feature to test login functionality}" classname="edu.uclm.esi.devopsmetrics.bdd.TestRunner" time="20.857">
    <error message="Keys to send should be a not null CharSequence" type="java.lang.IllegalArgumentException">java.lang.IllegalArgumentException: Keys to send should be a not null CharSequence
</error>
    <system-out><![CDATA[09:35:49.250 [main] DEBUG org.springframework.test.context.BootstrapUtils - Instantiating CacheAwareContextLoaderDelegate from class [org.springframework.test.context.cache.DefaultCacheAwareContextLoaderDelegate]
09:35:49.250 [main] DEBUG org.springframework.test.context.BootstrapUtils - Instantiating BootstrapContext using constructor [public org.springframework.test.context.support.DefaultBootstrapContext(java.lang.Class,org.springframework.test.context.CacheAwareContextLoaderDelegate)]
09:35:49.250 [main] DEBUG org.springframework.test.context.BootstrapUtils - Instantiating TestContextBootstrapper for test class [edu.uclm.esi.devopsmetrics.bdd.TestRunner] from class [org.springframework.test.context.support.DefaultTestContextBootstrapper]
09:35:49.250 [main] INFO org.springframework.test.context.support.DefaultTestContextBootstrapper - Neither @ContextConfiguration nor @ContextHierarchy found for test class [edu.uclm.esi.devopsmetrics.bdd.TestRunner], using DelegatingSmartContextLoader
09:35:49.250 [main] DEBUG org.springframework.test.context.support.AbstractDelegatingSmartContextLoader - Delegating to GenericXmlContextLoader to process context configuration [ContextConfigurationAttributes@5ed5b321 declaringClass = 'edu.uclm.esi.devopsmetrics.bdd.TestRunner', classes = '{}', locations = '{}', inheritLocations = false, initializers = '{}', inheritInitializers = true, name = [null], contextLoaderClass = 'org.springframework.test.context.ContextLoader'].
09:35:49.250 [main] DEBUG org.springframework.test.context.support.AbstractContextLoader - Did not detect default resource location for test class [edu.uclm.esi.devopsmetrics.bdd.TestRunner]: class path resource [edu/uclm/esi/devopsmetrics/bdd/TestRunner-context.xml] does not exist
09:35:49.250 [main] INFO org.springframework.test.context.support.AbstractContextLoader - Could not detect default resource locations for test class [edu.uclm.esi.devopsmetrics.bdd.TestRunner]: no resource found for suffixes {-context.xml}.
09:35:49.250 [main] DEBUG org.springframework.test.context.support.AbstractDelegatingSmartContextLoader - Delegating to AnnotationConfigContextLoader to process context configuration [ContextConfigurationAttributes@5ed5b321 declaringClass = 'edu.uclm.esi.devopsmetrics.bdd.TestRunner', classes = '{}', locations = '{}', inheritLocations = false, initializers = '{}', inheritInitializers = true, name = [null], contextLoaderClass = 'org.springframework.test.context.ContextLoader'].
09:35:49.250 [main] INFO org.springframework.test.context.support.AnnotationConfigContextLoaderUtils - Could not detect default configuration classes for test class [edu.uclm.esi.devopsmetrics.bdd.TestRunner]: TestRunner does not declare any static, non-private, non-final, nested classes annotated with @Configuration.
09:35:49.251 [main] DEBUG org.springframework.test.context.support.ActiveProfilesUtils - Could not find an 'annotation declaring class' for annotation type [org.springframework.test.context.ActiveProfiles] and class [edu.uclm.esi.devopsmetrics.bdd.TestRunner]
09:35:49.251 [main] DEBUG org.springframework.test.context.support.DefaultTestContextBootstrapper - @TestExecutionListeners is not present for class [edu.uclm.esi.devopsmetrics.bdd.TestRunner]: using defaults.
09:35:49.251 [main] INFO org.springframework.test.context.support.DefaultTestContextBootstrapper - Loaded default TestExecutionListener class names from location [META-INF/spring.factories]: [org.springframework.boot.test.mock.mockito.MockitoTestExecutionListener, org.springframework.boot.test.mock.mockito.ResetMocksTestExecutionListener, org.springframework.boot.test.autoconfigure.restdocs.RestDocsTestExecutionListener, org.springframework.boot.test.autoconfigure.web.client.MockRestServiceServerResetTestExecutionListener, org.springframework.boot.test.autoconfigure.web.servlet.MockMvcPrintOnlyOnFailureTestExecutionListener, org.springframework.boot.test.autoconfigure.web.servlet.WebDriverTestExecutionListener, org.springframework.boot.test.autoconfigure.webservices.client.MockWebServiceServerTestExecutionListener, org.springframework.test.context.web.ServletTestExecutionListener, org.springframework.test.context.support.DirtiesContextBeforeModesTestExecutionListener, org.springframework.test.context.support.DependencyInjectionTestExecutionListener, org.springframework.test.context.support.DirtiesContextTestExecutionListener, org.springframework.test.context.transaction.TransactionalTestExecutionListener, org.springframework.test.context.jdbc.SqlScriptsTestExecutionListener, org.springframework.test.context.event.EventPublishingTestExecutionListener]
09:35:49.251 [main] INFO org.springframework.test.context.support.DefaultTestContextBootstrapper - Using TestExecutionListeners: [org.springframework.test.context.web.ServletTestExecutionListener@5696c927, org.springframework.test.context.support.DirtiesContextBeforeModesTestExecutionListener@7459a21e, org.springframework.boot.test.mock.mockito.MockitoTestExecutionListener@7eeb38b2, org.springframework.test.context.support.DependencyInjectionTestExecutionListener@d54d0f5, org.springframework.test.context.support.DirtiesContextTestExecutionListener@6d6bff89, org.springframework.test.context.transaction.TransactionalTestExecutionListener@541bf968, org.springframework.test.context.jdbc.SqlScriptsTestExecutionListener@739265f1, org.springframework.test.context.event.EventPublishingTestExecutionListener@58eac00e, org.springframework.boot.test.mock.mockito.ResetMocksTestExecutionListener@6acffb2d, org.springframework.boot.test.autoconfigure.restdocs.RestDocsTestExecutionListener@61149fa5, org.springframework.boot.test.autoconfigure.web.client.MockRestServiceServerResetTestExecutionListener@149c39b, org.springframework.boot.test.autoconfigure.web.servlet.MockMvcPrintOnlyOnFailureTestExecutionListener@f2d890c, org.springframework.boot.test.autoconfigure.web.servlet.WebDriverTestExecutionListener@1a2e0d57, org.springframework.boot.test.autoconfigure.webservices.client.MockWebServiceServerTestExecutionListener@5f025000]
09:35:49.252 [main] DEBUG org.springframework.test.context.cache.DefaultCacheAwareContextLoaderDelegate - Retrieved ApplicationContext [7395550] from cache with key [[MergedContextConfiguration@10980560 testClass = TestRunner, locations = '{}', classes = '{}', contextInitializerClasses = '[]', activeProfiles = '{}', propertySourceLocations = '{}', propertySourceProperties = '{}', contextCustomizers = set[org.springframework.boot.test.context.filter.ExcludeFilterContextCustomizer@6a175569, org.springframework.boot.test.json.DuplicateJsonObjectContextCustomizerFactory$DuplicateJsonObjectContextCustomizer@11ee02f8, org.springframework.boot.test.mock.mockito.MockitoContextCustomizer@0, org.springframework.boot.test.autoconfigure.properties.PropertyMappingContextCustomizer@0, org.springframework.boot.test.autoconfigure.web.servlet.WebDriverContextCustomizerFactory$Customizer@159e366], contextLoader = 'org.springframework.test.context.support.DelegatingSmartContextLoader', parent = [null]]]
09:35:49.252 [main] DEBUG org.springframework.test.context.cache - Spring test ApplicationContext cache statistics: [DefaultContextCache@42c2f48c size = 1, maxSize = 32, parentContextCount = 0, hitCount = 69, missCount = 1]
09:35:49.252 [main] DEBUG org.springframework.beans.factory.support.DefaultListableBeanFactory - Replacing scope 'cucumber-glue' from [io.cucumber.spring.CucumberScenarioScope@64ae105d] to [io.cucumber.spring.CucumberScenarioScope@739e8b96]
09:35:49.252 [main] DEBUG org.springframework.test.context.support.AbstractDirtiesContextTestExecutionListener - Before test class: context [DefaultTestContext@19b07407 testClass = TestRunner, testInstance = [null], testMethod = [null], testException = [null], mergedContextConfiguration = [MergedContextConfiguration@10980560 testClass = TestRunner, locations = '{}', classes = '{}', contextInitializerClasses = '[]', activeProfiles = '{}', propertySourceLocations = '{}', propertySourceProperties = '{}', contextCustomizers = set[org.springframework.boot.test.context.filter.ExcludeFilterContextCustomizer@6a175569, org.springframework.boot.test.json.DuplicateJsonObjectContextCustomizerFactory$DuplicateJsonObjectContextCustomizer@11ee02f8, org.springframework.boot.test.mock.mockito.MockitoContextCustomizer@0, org.springframework.boot.test.autoconfigure.properties.PropertyMappingContextCustomizer@0, org.springframework.boot.test.autoconfigure.web.servlet.WebDriverContextCustomizerFactory$Customizer@159e366], contextLoader = 'org.springframework.test.context.support.DelegatingSmartContextLoader', parent = [null]], attributes = map[[empty]]], class annotated with @DirtiesContext [false] with mode [null].
09:35:49.252 [main] DEBUG org.springframework.test.context.cache.DefaultCacheAwareContextLoaderDelegate - Retrieved ApplicationContext [7395550] from cache with key [[MergedContextConfiguration@10980560 testClass = TestRunner, locations = '{}', classes = '{}', contextInitializerClasses = '[]', activeProfiles = '{}', propertySourceLocations = '{}', propertySourceProperties = '{}', contextCustomizers = set[org.springframework.boot.test.context.filter.ExcludeFilterContextCustomizer@6a175569, org.springframework.boot.test.json.DuplicateJsonObjectContextCustomizerFactory$DuplicateJsonObjectContextCustomizer@11ee02f8, org.springframework.boot.test.mock.mockito.MockitoContextCustomizer@0, org.springframework.boot.test.autoconfigure.properties.PropertyMappingContextCustomizer@0, org.springframework.boot.test.autoconfigure.web.servlet.WebDriverContextCustomizerFactory$Customizer@159e366], contextLoader = 'org.springframework.test.context.support.DelegatingSmartContextLoader', parent = [null]]]
09:35:49.252 [main] DEBUG org.springframework.test.context.cache - Spring test ApplicationContext cache statistics: [DefaultContextCache@42c2f48c size = 1, maxSize = 32, parentContextCount = 0, hitCount = 70, missCount = 1]

Scenario:                                 # src/test/resources/features/Login.feature:3
Inside step - user is on login page
09:35:50.062 [Finalizer] DEBUG org.apache.http.impl.conn.PoolingHttpClientConnectionManager - Connection manager is shutting down
09:35:50.062 [Finalizer] DEBUG org.apache.http.impl.conn.DefaultManagedHttpClientConnection - http-outgoing-22: Close connection
09:35:50.063 [Finalizer] DEBUG org.apache.http.impl.conn.PoolingHttpClientConnectionManager - Connection manager shut down
09:35:50.066 [Finalizer] DEBUG org.apache.http.impl.conn.PoolingHttpClientConnectionManager - Connection manager is shutting down
09:35:50.066 [Finalizer] DEBUG org.apache.http.impl.conn.DefaultManagedHttpClientConnection - http-outgoing-21: Close connection
09:35:50.067 [Finalizer] DEBUG org.apache.http.impl.conn.PoolingHttpClientConnectionManager - Connection manager shut down
09:35:50.068 [Finalizer] DEBUG org.apache.http.impl.conn.PoolingHttpClientConnectionManager - Connection manager is shutting down
09:35:50.069 [Finalizer] DEBUG org.apache.http.impl.conn.DefaultManagedHttpClientConnection - http-outgoing-20: Close connection
09:35:50.069 [Finalizer] DEBUG org.apache.http.impl.conn.PoolingHttpClientConnectionManager - Connection manager shut down
09:35:50.073 [Finalizer] DEBUG org.apache.http.impl.conn.PoolingHttpClientConnectionManager - Connection manager is shutting down
09:35:50.073 [Finalizer] DEBUG org.apache.http.impl.conn.DefaultManagedHttpClientConnection - http-outgoing-4: Close connection
09:35:50.073 [Finalizer] DEBUG org.apache.http.impl.conn.PoolingHttpClientConnectionManager - Connection manager shut down
09:35:50.075 [Finalizer] DEBUG org.apache.http.impl.conn.PoolingHttpClientConnectionManager - Connection manager is shutting down
09:35:50.075 [Finalizer] DEBUG org.apache.http.impl.conn.DefaultManagedHttpClientConnection - http-outgoing-3: Close connection
09:35:50.076 [Finalizer] DEBUG org.apache.http.impl.conn.PoolingHttpClientConnectionManager - Connection manager shut down
09:35:50.077 [Finalizer] DEBUG org.apache.http.impl.conn.PoolingHttpClientConnectionManager - Connection manager is shutting down
09:35:50.077 [Finalizer] DEBUG org.apache.http.impl.conn.DefaultManagedHttpClientConnection - http-outgoing-2: Close connection
09:35:50.078 [Finalizer] DEBUG org.apache.http.impl.conn.PoolingHttpClientConnectionManager - Connection manager shut down
09:35:50.079 [Finalizer] DEBUG org.apache.http.impl.conn.PoolingHttpClientConnectionManager - Connection manager is shutting down
09:35:50.079 [Finalizer] DEBUG org.apache.http.impl.conn.DefaultManagedHttpClientConnection - http-outgoing-1: Close connection
09:35:50.080 [Finalizer] DEBUG org.apache.http.impl.conn.PoolingHttpClientConnectionManager - Connection manager shut down
09:35:50.081 [Finalizer] DEBUG org.apache.http.impl.conn.PoolingHttpClientConnectionManager - Connection manager is shutting down
09:35:50.081 [Finalizer] DEBUG org.apache.http.impl.conn.DefaultManagedHttpClientConnection - http-outgoing-8: Close connection
09:35:50.081 [Finalizer] DEBUG org.apache.http.impl.conn.PoolingHttpClientConnectionManager - Connection manager shut down
09:35:50.082 [Finalizer] DEBUG org.apache.http.impl.conn.PoolingHttpClientConnectionManager - Connection manager is shutting down
09:35:50.082 [Finalizer] DEBUG org.apache.http.impl.conn.DefaultManagedHttpClientConnection - http-outgoing-7: Close connection
09:35:50.083 [Finalizer] DEBUG org.apache.http.impl.conn.PoolingHttpClientConnectionManager - Connection manager shut down
09:35:50.084 [Finalizer] DEBUG org.apache.http.impl.conn.PoolingHttpClientConnectionManager - Connection manager is shutting down
09:35:50.084 [Finalizer] DEBUG org.apache.http.impl.conn.DefaultManagedHttpClientConnection - http-outgoing-6: Close connection
09:35:50.084 [Finalizer] DEBUG org.apache.http.impl.conn.PoolingHttpClientConnectionManager - Connection manager shut down
09:35:50.085 [Finalizer] DEBUG org.apache.http.impl.conn.PoolingHttpClientConnectionManager - Connection manager is shutting down
09:35:50.086 [Finalizer] DEBUG org.apache.http.impl.conn.DefaultManagedHttpClientConnection - http-outgoing-5: Close connection
09:35:50.086 [Finalizer] DEBUG org.apache.http.impl.conn.PoolingHttpClientConnectionManager - Connection manager shut down
09:35:50.087 [Finalizer] DEBUG org.apache.http.impl.conn.PoolingHttpClientConnectionManager - Connection manager is shutting down
09:35:50.087 [Finalizer] DEBUG org.apache.http.impl.conn.DefaultManagedHttpClientConnection - http-outgoing-12: Close connection
09:35:50.087 [Finalizer] DEBUG org.apache.http.impl.conn.PoolingHttpClientConnectionManager - Connection manager shut down
09:35:50.088 [Finalizer] DEBUG org.apache.http.impl.conn.PoolingHttpClientConnectionManager - Connection manager is shutting down
09:35:50.088 [Finalizer] DEBUG org.apache.http.impl.conn.DefaultManagedHttpClientConnection - http-outgoing-11: Close connection
09:35:50.088 [Finalizer] DEBUG org.apache.http.impl.conn.PoolingHttpClientConnectionManager - Connection manager shut down
09:35:50.089 [Finalizer] DEBUG org.apache.http.impl.conn.PoolingHttpClientConnectionManager - Connection manager is shutting down
09:35:50.089 [Finalizer] DEBUG org.apache.http.impl.conn.DefaultManagedHttpClientConnection - http-outgoing-10: Close connection
09:35:50.090 [Finalizer] DEBUG org.apache.http.impl.conn.PoolingHttpClientConnectionManager - Connection manager shut down
09:35:50.091 [Finalizer] DEBUG org.apache.http.impl.conn.PoolingHttpClientConnectionManager - Connection manager is shutting down
09:35:50.091 [Finalizer] DEBUG org.apache.http.impl.conn.DefaultManagedHttpClientConnection - http-outgoing-9: Close connection
09:35:50.091 [Finalizer] DEBUG org.apache.http.impl.conn.PoolingHttpClientConnectionManager - Connection manager shut down
09:35:50.091 [Finalizer] DEBUG org.apache.http.impl.conn.PoolingHttpClientConnectionManager - Connection manager is shutting down
09:35:50.091 [Finalizer] DEBUG org.apache.http.impl.conn.DefaultManagedHttpClientConnection - http-outgoing-19: Close connection
09:35:50.091 [Finalizer] DEBUG org.apache.http.impl.conn.PoolingHttpClientConnectionManager - Connection manager shut down
09:35:50.092 [Finalizer] DEBUG org.apache.http.impl.conn.PoolingHttpClientConnectionManager - Connection manager is shutting down
09:35:50.092 [Finalizer] DEBUG org.apache.http.impl.conn.DefaultManagedHttpClientConnection - http-outgoing-18: Close connection
09:35:50.093 [Finalizer] DEBUG org.apache.http.impl.conn.PoolingHttpClientConnectionManager - Connection manager shut down
09:35:50.094 [Finalizer] DEBUG org.apache.http.impl.conn.PoolingHttpClientConnectionManager - Connection manager is shutting down
09:35:50.094 [Finalizer] DEBUG org.apache.http.impl.conn.DefaultManagedHttpClientConnection - http-outgoing-17: Close connection
09:35:50.094 [Finalizer] DEBUG org.apache.http.impl.conn.PoolingHttpClientConnectionManager - Connection manager shut down
09:35:50.096 [Finalizer] DEBUG org.apache.http.impl.conn.PoolingHttpClientConnectionManager - Connection manager is shutting down
09:35:50.096 [Finalizer] DEBUG org.apache.http.impl.conn.DefaultManagedHttpClientConnection - http-outgoing-16: Close connection
09:35:50.096 [Finalizer] DEBUG org.apache.http.impl.conn.PoolingHttpClientConnectionManager - Connection manager shut down
09:35:50.097 [Finalizer] DEBUG org.apache.http.impl.conn.PoolingHttpClientConnectionManager - Connection manager is shutting down
09:35:50.097 [Finalizer] DEBUG org.apache.http.impl.conn.DefaultManagedHttpClientConnection - http-outgoing-15: Close connection
09:35:50.097 [Finalizer] DEBUG org.apache.http.impl.conn.PoolingHttpClientConnectionManager - Connection manager shut down
09:35:50.097 [Finalizer] DEBUG org.apache.http.impl.conn.PoolingHttpClientConnectionManager - Connection manager is shutting down
09:35:50.097 [Finalizer] DEBUG org.apache.http.impl.conn.DefaultManagedHttpClientConnection - http-outgoing-14: Close connection
09:35:50.097 [Finalizer] DEBUG org.apache.http.impl.conn.PoolingHttpClientConnectionManager - Connection manager shut down
09:35:50.097 [Finalizer] DEBUG org.apache.http.impl.conn.PoolingHttpClientConnectionManager - Connection manager is shutting down
09:35:50.097 [Finalizer] DEBUG org.apache.http.impl.conn.DefaultManagedHttpClientConnection - http-outgoing-13: Close connection
09:35:50.097 [Finalizer] DEBUG org.apache.http.impl.conn.PoolingHttpClientConnectionManager - Connection manager shut down
  Given user is on login page             # edu.uclm.esi.devopsmetrics.bdd.stepdefinitions.LoginSteps.user_is_on_login_page()
  When user enters username and password  # edu.uclm.esi.devopsmetrics.bdd.stepdefinitions.LoginSteps.user_enters_username_and_password()
      java.lang.IllegalArgumentException: Keys to send should be a not null CharSequence
	at org.openqa.selenium.remote.RemoteWebElement.sendKeys(RemoteWebElement.java:97)
	at edu.uclm.esi.devopsmetrics.bdd.stepdefinitions.LoginSteps.user_enters_username_and_password(LoginSteps.java:53)
	at âœ½.user enters username and password(file:///C:/Users/Crespo/eclipse-workspace/devopsmetrics/src/test/resources/features/Login.feature:5)

  And clicks on login button              # edu.uclm.esi.devopsmetrics.bdd.stepdefinitions.LoginSteps.clicks_on_login_button()
  Then user is navigated to the home page # edu.uclm.esi.devopsmetrics.bdd.stepdefinitions.LoginSteps.user_is_navigated_to_the_home_page()
09:36:10.109 [main] DEBUG org.springframework.test.context.cache.DefaultCacheAwareContextLoaderDelegate - Retrieved ApplicationContext [7395550] from cache with key [[MergedContextConfiguration@10980560 testClass = TestRunner, locations = '{}', classes = '{}', contextInitializerClasses = '[]', activeProfiles = '{}', propertySourceLocations = '{}', propertySourceProperties = '{}', contextCustomizers = set[org.springframework.boot.test.context.filter.ExcludeFilterContextCustomizer@6a175569, org.springframework.boot.test.json.DuplicateJsonObjectContextCustomizerFactory$DuplicateJsonObjectContextCustomizer@11ee02f8, org.springframework.boot.test.mock.mockito.MockitoContextCustomizer@0, org.springframework.boot.test.autoconfigure.properties.PropertyMappingContextCustomizer@0, org.springframework.boot.test.autoconfigure.web.servlet.WebDriverContextCustomizerFactory$Customizer@159e366], contextLoader = 'org.springframework.test.context.support.DelegatingSmartContextLoader', parent = [null]]]
09:36:10.109 [main] DEBUG org.springframework.test.context.cache - Spring test ApplicationContext cache statistics: [DefaultContextCache@42c2f48c size = 1, maxSize = 32, parentContextCount = 0, hitCount = 71, missCount = 1]
09:36:10.110 [main] DEBUG org.springframework.test.context.support.AbstractDirtiesContextTestExecutionListener - After test class: context [DefaultTestContext@19b07407 testClass = TestRunner, testInstance = [null], testMethod = [null], testException = [null], mergedContextConfiguration = [MergedContextConfiguration@10980560 testClass = TestRunner, locations = '{}', classes = '{}', contextInitializerClasses = '[]', activeProfiles = '{}', propertySourceLocations = '{}', propertySourceProperties = '{}', contextCustomizers = set[org.springframework.boot.test.context.filter.ExcludeFilterContextCustomizer@6a175569, org.springframework.boot.test.json.DuplicateJsonObjectContextCustomizerFactory$DuplicateJsonObjectContextCustomizer@11ee02f8, org.springframework.boot.test.mock.mockito.MockitoContextCustomizer@0, org.springframework.boot.test.autoconfigure.properties.PropertyMappingContextCustomizer@0, org.springframework.boot.test.autoconfigure.web.servlet.WebDriverContextCustomizerFactory$Customizer@159e366], contextLoader = 'org.springframework.test.context.support.DelegatingSmartContextLoader', parent = [null]], attributes = map[[empty]]], class annotated with @DirtiesContext [false] with mode [null].
]]></system-out>
    <system-err><![CDATA[Starting ChromeDriver 90.0.4430.24 (4c6d850f087da467d926e8eddb76550aed655991-refs/branch-heads/4430@{#429}) on port 43105
Only local connections are allowed.
Please see https://chromedriver.chromium.org/security-considerations for suggestions on keeping ChromeDriver safe.
ChromeDriver was started successfully.
[1626161750.758][WARNING]: This version of ChromeDriver has not been tested with Chrome version 91.
jul. 13, 2021 9:35:50 A. M. org.openqa.selenium.remote.ProtocolHandshake createSession
INFO: Detected dialect: W3C
]]></system-err>
  </testcase>
  <testcase name="{feature to test the function to register an user in the system}" classname="edu.uclm.esi.devopsmetrics.bdd.TestRunner" time="0.24">
    <error type="java.lang.NullPointerException">java.lang.NullPointerException
</error>
    <system-out><![CDATA[09:36:10.110 [main] DEBUG org.springframework.test.context.BootstrapUtils - Instantiating CacheAwareContextLoaderDelegate from class [org.springframework.test.context.cache.DefaultCacheAwareContextLoaderDelegate]
09:36:10.110 [main] DEBUG org.springframework.test.context.BootstrapUtils - Instantiating BootstrapContext using constructor [public org.springframework.test.context.support.DefaultBootstrapContext(java.lang.Class,org.springframework.test.context.CacheAwareContextLoaderDelegate)]
09:36:10.110 [main] DEBUG org.springframework.test.context.BootstrapUtils - Instantiating TestContextBootstrapper for test class [edu.uclm.esi.devopsmetrics.bdd.TestRunner] from class [org.springframework.test.context.support.DefaultTestContextBootstrapper]
09:36:10.110 [main] INFO org.springframework.test.context.support.DefaultTestContextBootstrapper - Neither @ContextConfiguration nor @ContextHierarchy found for test class [edu.uclm.esi.devopsmetrics.bdd.TestRunner], using DelegatingSmartContextLoader
09:36:10.110 [main] DEBUG org.springframework.test.context.support.AbstractDelegatingSmartContextLoader - Delegating to GenericXmlContextLoader to process context configuration [ContextConfigurationAttributes@524f5ea5 declaringClass = 'edu.uclm.esi.devopsmetrics.bdd.TestRunner', classes = '{}', locations = '{}', inheritLocations = false, initializers = '{}', inheritInitializers = true, name = [null], contextLoaderClass = 'org.springframework.test.context.ContextLoader'].
09:36:10.111 [main] DEBUG org.springframework.test.context.support.AbstractContextLoader - Did not detect default resource location for test class [edu.uclm.esi.devopsmetrics.bdd.TestRunner]: class path resource [edu/uclm/esi/devopsmetrics/bdd/TestRunner-context.xml] does not exist
09:36:10.111 [main] INFO org.springframework.test.context.support.AbstractContextLoader - Could not detect default resource locations for test class [edu.uclm.esi.devopsmetrics.bdd.TestRunner]: no resource found for suffixes {-context.xml}.
09:36:10.111 [main] DEBUG org.springframework.test.context.support.AbstractDelegatingSmartContextLoader - Delegating to AnnotationConfigContextLoader to process context configuration [ContextConfigurationAttributes@524f5ea5 declaringClass = 'edu.uclm.esi.devopsmetrics.bdd.TestRunner', classes = '{}', locations = '{}', inheritLocations = false, initializers = '{}', inheritInitializers = true, name = [null], contextLoaderClass = 'org.springframework.test.context.ContextLoader'].
09:36:10.111 [main] INFO org.springframework.test.context.support.AnnotationConfigContextLoaderUtils - Could not detect default configuration classes for test class [edu.uclm.esi.devopsmetrics.bdd.TestRunner]: TestRunner does not declare any static, non-private, non-final, nested classes annotated with @Configuration.
09:36:10.112 [main] DEBUG org.springframework.test.context.support.ActiveProfilesUtils - Could not find an 'annotation declaring class' for annotation type [org.springframework.test.context.ActiveProfiles] and class [edu.uclm.esi.devopsmetrics.bdd.TestRunner]
09:36:10.112 [main] DEBUG org.springframework.test.context.support.DefaultTestContextBootstrapper - @TestExecutionListeners is not present for class [edu.uclm.esi.devopsmetrics.bdd.TestRunner]: using defaults.
09:36:10.112 [main] INFO org.springframework.test.context.support.DefaultTestContextBootstrapper - Loaded default TestExecutionListener class names from location [META-INF/spring.factories]: [org.springframework.boot.test.mock.mockito.MockitoTestExecutionListener, org.springframework.boot.test.mock.mockito.ResetMocksTestExecutionListener, org.springframework.boot.test.autoconfigure.restdocs.RestDocsTestExecutionListener, org.springframework.boot.test.autoconfigure.web.client.MockRestServiceServerResetTestExecutionListener, org.springframework.boot.test.autoconfigure.web.servlet.MockMvcPrintOnlyOnFailureTestExecutionListener, org.springframework.boot.test.autoconfigure.web.servlet.WebDriverTestExecutionListener, org.springframework.boot.test.autoconfigure.webservices.client.MockWebServiceServerTestExecutionListener, org.springframework.test.context.web.ServletTestExecutionListener, org.springframework.test.context.support.DirtiesContextBeforeModesTestExecutionListener, org.springframework.test.context.support.DependencyInjectionTestExecutionListener, org.springframework.test.context.support.DirtiesContextTestExecutionListener, org.springframework.test.context.transaction.TransactionalTestExecutionListener, org.springframework.test.context.jdbc.SqlScriptsTestExecutionListener, org.springframework.test.context.event.EventPublishingTestExecutionListener]
09:36:10.112 [main] INFO org.springframework.test.context.support.DefaultTestContextBootstrapper - Using TestExecutionListeners: [org.springframework.test.context.web.ServletTestExecutionListener@586843bc, org.springframework.test.context.support.DirtiesContextBeforeModesTestExecutionListener@17134190, org.springframework.boot.test.mock.mockito.MockitoTestExecutionListener@7d8b66d9, org.springframework.test.context.support.DependencyInjectionTestExecutionListener@5599b5bb, org.springframework.test.context.support.DirtiesContextTestExecutionListener@4ff66917, org.springframework.test.context.transaction.TransactionalTestExecutionListener@4264beb8, org.springframework.test.context.jdbc.SqlScriptsTestExecutionListener@647fb583, org.springframework.test.context.event.EventPublishingTestExecutionListener@7cd3e0da, org.springframework.boot.test.mock.mockito.ResetMocksTestExecutionListener@919086, org.springframework.boot.test.autoconfigure.restdocs.RestDocsTestExecutionListener@67e77f52, org.springframework.boot.test.autoconfigure.web.client.MockRestServiceServerResetTestExecutionListener@7ead1d80, org.springframework.boot.test.autoconfigure.web.servlet.MockMvcPrintOnlyOnFailureTestExecutionListener@1d1bf7bf, org.springframework.boot.test.autoconfigure.web.servlet.WebDriverTestExecutionListener@1182413a, org.springframework.boot.test.autoconfigure.webservices.client.MockWebServiceServerTestExecutionListener@4d43a1b7]
09:36:10.112 [main] DEBUG org.springframework.test.context.cache.DefaultCacheAwareContextLoaderDelegate - Retrieved ApplicationContext [7395550] from cache with key [[MergedContextConfiguration@5b14f482 testClass = TestRunner, locations = '{}', classes = '{}', contextInitializerClasses = '[]', activeProfiles = '{}', propertySourceLocations = '{}', propertySourceProperties = '{}', contextCustomizers = set[org.springframework.boot.test.context.filter.ExcludeFilterContextCustomizer@6a175569, org.springframework.boot.test.json.DuplicateJsonObjectContextCustomizerFactory$DuplicateJsonObjectContextCustomizer@11ee02f8, org.springframework.boot.test.mock.mockito.MockitoContextCustomizer@0, org.springframework.boot.test.autoconfigure.properties.PropertyMappingContextCustomizer@0, org.springframework.boot.test.autoconfigure.web.servlet.WebDriverContextCustomizerFactory$Customizer@159e366], contextLoader = 'org.springframework.test.context.support.DelegatingSmartContextLoader', parent = [null]]]
09:36:10.112 [main] DEBUG org.springframework.test.context.cache - Spring test ApplicationContext cache statistics: [DefaultContextCache@42c2f48c size = 1, maxSize = 32, parentContextCount = 0, hitCount = 72, missCount = 1]
09:36:10.112 [main] DEBUG org.springframework.beans.factory.support.DefaultListableBeanFactory - Replacing scope 'cucumber-glue' from [io.cucumber.spring.CucumberScenarioScope@739e8b96] to [io.cucumber.spring.CucumberScenarioScope@19705650]
09:36:10.112 [main] DEBUG org.springframework.test.context.support.AbstractDirtiesContextTestExecutionListener - Before test class: context [DefaultTestContext@1a785fd5 testClass = TestRunner, testInstance = [null], testMethod = [null], testException = [null], mergedContextConfiguration = [MergedContextConfiguration@5b14f482 testClass = TestRunner, locations = '{}', classes = '{}', contextInitializerClasses = '[]', activeProfiles = '{}', propertySourceLocations = '{}', propertySourceProperties = '{}', contextCustomizers = set[org.springframework.boot.test.context.filter.ExcludeFilterContextCustomizer@6a175569, org.springframework.boot.test.json.DuplicateJsonObjectContextCustomizerFactory$DuplicateJsonObjectContextCustomizer@11ee02f8, org.springframework.boot.test.mock.mockito.MockitoContextCustomizer@0, org.springframework.boot.test.autoconfigure.properties.PropertyMappingContextCustomizer@0, org.springframework.boot.test.autoconfigure.web.servlet.WebDriverContextCustomizerFactory$Customizer@159e366], contextLoader = 'org.springframework.test.context.support.DelegatingSmartContextLoader', parent = [null]], attributes = map[[empty]]], class annotated with @DirtiesContext [false] with mode [null].
09:36:10.112 [main] DEBUG org.springframework.test.context.cache.DefaultCacheAwareContextLoaderDelegate - Retrieved ApplicationContext [7395550] from cache with key [[MergedContextConfiguration@5b14f482 testClass = TestRunner, locations = '{}', classes = '{}', contextInitializerClasses = '[]', activeProfiles = '{}', propertySourceLocations = '{}', propertySourceProperties = '{}', contextCustomizers = set[org.springframework.boot.test.context.filter.ExcludeFilterContextCustomizer@6a175569, org.springframework.boot.test.json.DuplicateJsonObjectContextCustomizerFactory$DuplicateJsonObjectContextCustomizer@11ee02f8, org.springframework.boot.test.mock.mockito.MockitoContextCustomizer@0, org.springframework.boot.test.autoconfigure.properties.PropertyMappingContextCustomizer@0, org.springframework.boot.test.autoconfigure.web.servlet.WebDriverContextCustomizerFactory$Customizer@159e366], contextLoader = 'org.springframework.test.context.support.DelegatingSmartContextLoader', parent = [null]]]
09:36:10.112 [main] DEBUG org.springframework.test.context.cache - Spring test ApplicationContext cache statistics: [DefaultContextCache@42c2f48c size = 1, maxSize = 32, parentContextCount = 0, hitCount = 73, missCount = 1]

Scenario:                                                                                            # src/test/resources/features/RegistrarUsuario.feature:3
09:36:10.122 [main] DEBUG org.apache.http.client.protocol.RequestAddCookies - CookieSpec selected: default
09:36:10.122 [main] DEBUG org.apache.http.client.protocol.RequestAuthCache - Auth cache not set in the context
09:36:10.122 [main] DEBUG org.apache.http.impl.conn.PoolingHttpClientConnectionManager - Connection request: [route: {s}->https://devopsmetrics.herokuapp.com:443][total available: 0; route allocated: 0 of 2; total allocated: 0 of 20]
09:36:10.122 [main] DEBUG org.apache.http.impl.conn.PoolingHttpClientConnectionManager - Connection leased: [id: 23][route: {s}->https://devopsmetrics.herokuapp.com:443][total available: 0; route allocated: 1 of 2; total allocated: 1 of 20]
09:36:10.122 [main] DEBUG org.apache.http.impl.execchain.MainClientExec - Opening connection {s}->https://devopsmetrics.herokuapp.com:443
09:36:10.122 [main] DEBUG org.apache.http.impl.conn.DefaultHttpClientConnectionOperator - Connecting to devopsmetrics.herokuapp.com/34.240.218.59:443
09:36:10.122 [main] DEBUG org.apache.http.conn.ssl.SSLConnectionSocketFactory - Connecting socket to devopsmetrics.herokuapp.com/34.240.218.59:443 with timeout 0
09:36:10.165 [main] DEBUG org.apache.http.conn.ssl.SSLConnectionSocketFactory - Enabled protocols: [TLSv1.3, TLSv1.2, TLSv1.1, TLSv1]
09:36:10.165 [main] DEBUG org.apache.http.conn.ssl.SSLConnectionSocketFactory - Enabled cipher suites:[TLS_AES_128_GCM_SHA256, TLS_AES_256_GCM_SHA384, TLS_ECDHE_ECDSA_WITH_AES_256_GCM_SHA384, TLS_ECDHE_ECDSA_WITH_AES_128_GCM_SHA256, TLS_ECDHE_RSA_WITH_AES_256_GCM_SHA384, TLS_RSA_WITH_AES_256_GCM_SHA384, TLS_ECDH_ECDSA_WITH_AES_256_GCM_SHA384, TLS_ECDH_RSA_WITH_AES_256_GCM_SHA384, TLS_DHE_RSA_WITH_AES_256_GCM_SHA384, TLS_DHE_DSS_WITH_AES_256_GCM_SHA384, TLS_ECDHE_RSA_WITH_AES_128_GCM_SHA256, TLS_RSA_WITH_AES_128_GCM_SHA256, TLS_ECDH_ECDSA_WITH_AES_128_GCM_SHA256, TLS_ECDH_RSA_WITH_AES_128_GCM_SHA256, TLS_DHE_RSA_WITH_AES_128_GCM_SHA256, TLS_DHE_DSS_WITH_AES_128_GCM_SHA256, TLS_ECDHE_ECDSA_WITH_AES_256_CBC_SHA384, TLS_ECDHE_RSA_WITH_AES_256_CBC_SHA384, TLS_RSA_WITH_AES_256_CBC_SHA256, TLS_ECDH_ECDSA_WITH_AES_256_CBC_SHA384, TLS_ECDH_RSA_WITH_AES_256_CBC_SHA384, TLS_DHE_RSA_WITH_AES_256_CBC_SHA256, TLS_DHE_DSS_WITH_AES_256_CBC_SHA256, TLS_ECDHE_ECDSA_WITH_AES_256_CBC_SHA, TLS_ECDHE_RSA_WITH_AES_256_CBC_SHA, TLS_RSA_WITH_AES_256_CBC_SHA, TLS_ECDH_ECDSA_WITH_AES_256_CBC_SHA, TLS_ECDH_RSA_WITH_AES_256_CBC_SHA, TLS_DHE_RSA_WITH_AES_256_CBC_SHA, TLS_DHE_DSS_WITH_AES_256_CBC_SHA, TLS_ECDHE_ECDSA_WITH_AES_128_CBC_SHA256, TLS_ECDHE_RSA_WITH_AES_128_CBC_SHA256, TLS_RSA_WITH_AES_128_CBC_SHA256, TLS_ECDH_ECDSA_WITH_AES_128_CBC_SHA256, TLS_ECDH_RSA_WITH_AES_128_CBC_SHA256, TLS_DHE_RSA_WITH_AES_128_CBC_SHA256, TLS_DHE_DSS_WITH_AES_128_CBC_SHA256, TLS_ECDHE_ECDSA_WITH_AES_128_CBC_SHA, TLS_ECDHE_RSA_WITH_AES_128_CBC_SHA, TLS_RSA_WITH_AES_128_CBC_SHA, TLS_ECDH_ECDSA_WITH_AES_128_CBC_SHA, TLS_ECDH_RSA_WITH_AES_128_CBC_SHA, TLS_DHE_RSA_WITH_AES_128_CBC_SHA, TLS_DHE_DSS_WITH_AES_128_CBC_SHA, TLS_EMPTY_RENEGOTIATION_INFO_SCSV]
09:36:10.165 [main] DEBUG org.apache.http.conn.ssl.SSLConnectionSocketFactory - Starting handshake
09:36:10.254 [main] DEBUG org.apache.http.conn.ssl.SSLConnectionSocketFactory - Secure session established
09:36:10.254 [main] DEBUG org.apache.http.conn.ssl.SSLConnectionSocketFactory -  negotiated protocol: TLSv1.2
09:36:10.254 [main] DEBUG org.apache.http.conn.ssl.SSLConnectionSocketFactory -  negotiated cipher suite: TLS_ECDHE_RSA_WITH_AES_128_GCM_SHA256
09:36:10.254 [main] DEBUG org.apache.http.conn.ssl.SSLConnectionSocketFactory -  peer principal: CN=*.herokuapp.com
09:36:10.254 [main] DEBUG org.apache.http.conn.ssl.SSLConnectionSocketFactory -  peer alternative names: [*.herokuapp.com]
09:36:10.254 [main] DEBUG org.apache.http.conn.ssl.SSLConnectionSocketFactory -  issuer principal: CN=Amazon, OU=Server CA 1B, O=Amazon, C=US
09:36:10.254 [main] DEBUG org.apache.http.impl.conn.DefaultHttpClientConnectionOperator - Connection established 192.168.1.45:59175<->34.240.218.59:443
09:36:10.254 [main] DEBUG org.apache.http.impl.execchain.MainClientExec - Executing request GET /usuarios?username=null&password=null HTTP/1.1
09:36:10.254 [main] DEBUG org.apache.http.impl.execchain.MainClientExec - Target auth state: UNCHALLENGED
09:36:10.254 [main] DEBUG org.apache.http.impl.execchain.MainClientExec - Proxy auth state: UNCHALLENGED
09:36:10.254 [main] DEBUG org.apache.http.headers - http-outgoing-23 >> GET /usuarios?username=null&password=null HTTP/1.1
09:36:10.254 [main] DEBUG org.apache.http.headers - http-outgoing-23 >> Host: devopsmetrics.herokuapp.com
09:36:10.254 [main] DEBUG org.apache.http.headers - http-outgoing-23 >> Connection: Keep-Alive
09:36:10.254 [main] DEBUG org.apache.http.headers - http-outgoing-23 >> User-Agent: Apache-HttpClient/4.5.12 (Java/11.0.8)
09:36:10.254 [main] DEBUG org.apache.http.headers - http-outgoing-23 >> Accept-Encoding: gzip,deflate
09:36:10.254 [main] DEBUG org.apache.http.wire - http-outgoing-23 >> "GET /usuarios?username=null&password=null HTTP/1.1[\r][\n]"
09:36:10.254 [main] DEBUG org.apache.http.wire - http-outgoing-23 >> "Host: devopsmetrics.herokuapp.com[\r][\n]"
09:36:10.254 [main] DEBUG org.apache.http.wire - http-outgoing-23 >> "Connection: Keep-Alive[\r][\n]"
09:36:10.254 [main] DEBUG org.apache.http.wire - http-outgoing-23 >> "User-Agent: Apache-HttpClient/4.5.12 (Java/11.0.8)[\r][\n]"
09:36:10.254 [main] DEBUG org.apache.http.wire - http-outgoing-23 >> "Accept-Encoding: gzip,deflate[\r][\n]"
09:36:10.254 [main] DEBUG org.apache.http.wire - http-outgoing-23 >> "[\r][\n]"
09:36:10.342 [main] DEBUG org.apache.http.wire - http-outgoing-23 << "HTTP/1.1 500 [\r][\n]"
09:36:10.343 [main] DEBUG org.apache.http.wire - http-outgoing-23 << "Server: Cowboy[\r][\n]"
09:36:10.343 [main] DEBUG org.apache.http.wire - http-outgoing-23 << "Connection: keep-alive[\r][\n]"
09:36:10.343 [main] DEBUG org.apache.http.wire - http-outgoing-23 << "Vary: Origin[\r][\n]"
09:36:10.343 [main] DEBUG org.apache.http.wire - http-outgoing-23 << "Vary: Access-Control-Request-Method[\r][\n]"
09:36:10.343 [main] DEBUG org.apache.http.wire - http-outgoing-23 << "Vary: Access-Control-Request-Headers[\r][\n]"
09:36:10.343 [main] DEBUG org.apache.http.wire - http-outgoing-23 << "Content-Type: application/json[\r][\n]"
09:36:10.343 [main] DEBUG org.apache.http.wire - http-outgoing-23 << "Transfer-Encoding: chunked[\r][\n]"
09:36:10.343 [main] DEBUG org.apache.http.wire - http-outgoing-23 << "Date: Tue, 13 Jul 2021 07:36:10 GMT[\r][\n]"
09:36:10.343 [main] DEBUG org.apache.http.wire - http-outgoing-23 << "Via: 1.1 vegur[\r][\n]"
09:36:10.343 [main] DEBUG org.apache.http.wire - http-outgoing-23 << "[\r][\n]"
09:36:10.343 [main] DEBUG org.apache.http.headers - http-outgoing-23 << HTTP/1.1 500 
09:36:10.343 [main] DEBUG org.apache.http.headers - http-outgoing-23 << Server: Cowboy
09:36:10.343 [main] DEBUG org.apache.http.headers - http-outgoing-23 << Connection: keep-alive
09:36:10.343 [main] DEBUG org.apache.http.headers - http-outgoing-23 << Vary: Origin
09:36:10.343 [main] DEBUG org.apache.http.headers - http-outgoing-23 << Vary: Access-Control-Request-Method
09:36:10.343 [main] DEBUG org.apache.http.headers - http-outgoing-23 << Vary: Access-Control-Request-Headers
09:36:10.343 [main] DEBUG org.apache.http.headers - http-outgoing-23 << Content-Type: application/json
09:36:10.343 [main] DEBUG org.apache.http.headers - http-outgoing-23 << Transfer-Encoding: chunked
09:36:10.343 [main] DEBUG org.apache.http.headers - http-outgoing-23 << Date: Tue, 13 Jul 2021 07:36:10 GMT
09:36:10.343 [main] DEBUG org.apache.http.headers - http-outgoing-23 << Via: 1.1 vegur
09:36:10.343 [main] DEBUG org.apache.http.impl.execchain.MainClientExec - Connection can be kept alive indefinitely
09:36:10.343 [main] DEBUG org.apache.http.wire - http-outgoing-23 << "7a[\r][\n]"
09:36:10.343 [main] DEBUG org.apache.http.wire - http-outgoing-23 << "{"timestamp":"2021-07-13T07:36:10.365+00:00","status":500,"error":"Internal Server Error","message":"","path":"/usuarios"}[\r][\n]"
09:36:10.343 [main] DEBUG org.apache.http.wire - http-outgoing-23 << "0[\r][\n]"
09:36:10.343 [main] DEBUG org.apache.http.wire - http-outgoing-23 << "[\r][\n]"
09:36:10.344 [main] DEBUG org.apache.http.impl.conn.PoolingHttpClientConnectionManager - Connection [id: 23][route: {s}->https://devopsmetrics.herokuapp.com:443] can be kept alive indefinitely
09:36:10.344 [main] DEBUG org.apache.http.impl.conn.DefaultManagedHttpClientConnection - http-outgoing-23: set socket timeout to 0
09:36:10.344 [main] DEBUG org.apache.http.impl.conn.PoolingHttpClientConnectionManager - Connection released: [id: 23][route: {s}->https://devopsmetrics.herokuapp.com:443][total available: 1; route allocated: 1 of 2; total allocated: 1 of 20]
  Given user is logging in the system for register other                                             # edu.uclm.esi.devopsmetrics.bdd.stepdefinitions.RegistrarUsuarioSteps.user_is_logging_in_the_system_for_register_other()
  When user is correct he registers an user by the username, the password and the role in the system # edu.uclm.esi.devopsmetrics.bdd.stepdefinitions.RegistrarUsuarioSteps.user_is_correct_he_registers_an_user_by_the_username_the_password_and_the_role_in_the_system()
      java.lang.NullPointerException
	at edu.uclm.esi.devopsmetrics.bdd.stepdefinitions.RegistrarUsuarioSteps.user_is_correct_he_registers_an_user_by_the_username_the_password_and_the_role_in_the_system(RegistrarUsuarioSteps.java:62)
	at âœ½.user is correct he registers an user by the username, the password and the role in the system(file:///C:/Users/Crespo/eclipse-workspace/devopsmetrics/src/test/resources/features/RegistrarUsuario.feature:5)

  Then by the username and the password in peer not exists and the user is registered correctly      # edu.uclm.esi.devopsmetrics.bdd.stepdefinitions.RegistrarUsuarioSteps.by_the_username_and_the_password_in_peer_not_exists_and_the_user_is_registered_correctly()
09:36:10.346 [main] DEBUG org.springframework.test.context.cache.DefaultCacheAwareContextLoaderDelegate - Retrieved ApplicationContext [7395550] from cache with key [[MergedContextConfiguration@5b14f482 testClass = TestRunner, locations = '{}', classes = '{}', contextInitializerClasses = '[]', activeProfiles = '{}', propertySourceLocations = '{}', propertySourceProperties = '{}', contextCustomizers = set[org.springframework.boot.test.context.filter.ExcludeFilterContextCustomizer@6a175569, org.springframework.boot.test.json.DuplicateJsonObjectContextCustomizerFactory$DuplicateJsonObjectContextCustomizer@11ee02f8, org.springframework.boot.test.mock.mockito.MockitoContextCustomizer@0, org.springframework.boot.test.autoconfigure.properties.PropertyMappingContextCustomizer@0, org.springframework.boot.test.autoconfigure.web.servlet.WebDriverContextCustomizerFactory$Customizer@159e366], contextLoader = 'org.springframework.test.context.support.DelegatingSmartContextLoader', parent = [null]]]
09:36:10.346 [main] DEBUG org.springframework.test.context.cache - Spring test ApplicationContext cache statistics: [DefaultContextCache@42c2f48c size = 1, maxSize = 32, parentContextCount = 0, hitCount = 74, missCount = 1]
09:36:10.346 [main] DEBUG org.springframework.test.context.support.AbstractDirtiesContextTestExecutionListener - After test class: context [DefaultTestContext@1a785fd5 testClass = TestRunner, testInstance = [null], testMethod = [null], testException = [null], mergedContextConfiguration = [MergedContextConfiguration@5b14f482 testClass = TestRunner, locations = '{}', classes = '{}', contextInitializerClasses = '[]', activeProfiles = '{}', propertySourceLocations = '{}', propertySourceProperties = '{}', contextCustomizers = set[org.springframework.boot.test.context.filter.ExcludeFilterContextCustomizer@6a175569, org.springframework.boot.test.json.DuplicateJsonObjectContextCustomizerFactory$DuplicateJsonObjectContextCustomizer@11ee02f8, org.springframework.boot.test.mock.mockito.MockitoContextCustomizer@0, org.springframework.boot.test.autoconfigure.properties.PropertyMappingContextCustomizer@0, org.springframework.boot.test.autoconfigure.web.servlet.WebDriverContextCustomizerFactory$Customizer@159e366], contextLoader = 'org.springframework.test.context.support.DelegatingSmartContextLoader', parent = [null]], attributes = map[[empty]]], class annotated with @DirtiesContext [false] with mode [null].
]]></system-out>
  </testcase>
  <testcase name="{feature to test the function to update an user in the system}" classname="edu.uclm.esi.devopsmetrics.bdd.TestRunner" time="0.236">
    <error type="java.lang.NullPointerException">java.lang.NullPointerException
</error>
    <system-out><![CDATA[09:36:10.347 [main] DEBUG org.springframework.test.context.BootstrapUtils - Instantiating CacheAwareContextLoaderDelegate from class [org.springframework.test.context.cache.DefaultCacheAwareContextLoaderDelegate]
09:36:10.347 [main] DEBUG org.springframework.test.context.BootstrapUtils - Instantiating BootstrapContext using constructor [public org.springframework.test.context.support.DefaultBootstrapContext(java.lang.Class,org.springframework.test.context.CacheAwareContextLoaderDelegate)]
09:36:10.347 [main] DEBUG org.springframework.test.context.BootstrapUtils - Instantiating TestContextBootstrapper for test class [edu.uclm.esi.devopsmetrics.bdd.TestRunner] from class [org.springframework.test.context.support.DefaultTestContextBootstrapper]
09:36:10.347 [main] INFO org.springframework.test.context.support.DefaultTestContextBootstrapper - Neither @ContextConfiguration nor @ContextHierarchy found for test class [edu.uclm.esi.devopsmetrics.bdd.TestRunner], using DelegatingSmartContextLoader
09:36:10.347 [main] DEBUG org.springframework.test.context.support.AbstractDelegatingSmartContextLoader - Delegating to GenericXmlContextLoader to process context configuration [ContextConfigurationAttributes@35e2b89f declaringClass = 'edu.uclm.esi.devopsmetrics.bdd.TestRunner', classes = '{}', locations = '{}', inheritLocations = false, initializers = '{}', inheritInitializers = true, name = [null], contextLoaderClass = 'org.springframework.test.context.ContextLoader'].
09:36:10.348 [main] DEBUG org.springframework.test.context.support.AbstractContextLoader - Did not detect default resource location for test class [edu.uclm.esi.devopsmetrics.bdd.TestRunner]: class path resource [edu/uclm/esi/devopsmetrics/bdd/TestRunner-context.xml] does not exist
09:36:10.348 [main] INFO org.springframework.test.context.support.AbstractContextLoader - Could not detect default resource locations for test class [edu.uclm.esi.devopsmetrics.bdd.TestRunner]: no resource found for suffixes {-context.xml}.
09:36:10.348 [main] DEBUG org.springframework.test.context.support.AbstractDelegatingSmartContextLoader - Delegating to AnnotationConfigContextLoader to process context configuration [ContextConfigurationAttributes@35e2b89f declaringClass = 'edu.uclm.esi.devopsmetrics.bdd.TestRunner', classes = '{}', locations = '{}', inheritLocations = false, initializers = '{}', inheritInitializers = true, name = [null], contextLoaderClass = 'org.springframework.test.context.ContextLoader'].
09:36:10.348 [main] INFO org.springframework.test.context.support.AnnotationConfigContextLoaderUtils - Could not detect default configuration classes for test class [edu.uclm.esi.devopsmetrics.bdd.TestRunner]: TestRunner does not declare any static, non-private, non-final, nested classes annotated with @Configuration.
09:36:10.349 [main] DEBUG org.springframework.test.context.support.ActiveProfilesUtils - Could not find an 'annotation declaring class' for annotation type [org.springframework.test.context.ActiveProfiles] and class [edu.uclm.esi.devopsmetrics.bdd.TestRunner]
09:36:10.349 [main] DEBUG org.springframework.test.context.support.DefaultTestContextBootstrapper - @TestExecutionListeners is not present for class [edu.uclm.esi.devopsmetrics.bdd.TestRunner]: using defaults.
09:36:10.349 [main] INFO org.springframework.test.context.support.DefaultTestContextBootstrapper - Loaded default TestExecutionListener class names from location [META-INF/spring.factories]: [org.springframework.boot.test.mock.mockito.MockitoTestExecutionListener, org.springframework.boot.test.mock.mockito.ResetMocksTestExecutionListener, org.springframework.boot.test.autoconfigure.restdocs.RestDocsTestExecutionListener, org.springframework.boot.test.autoconfigure.web.client.MockRestServiceServerResetTestExecutionListener, org.springframework.boot.test.autoconfigure.web.servlet.MockMvcPrintOnlyOnFailureTestExecutionListener, org.springframework.boot.test.autoconfigure.web.servlet.WebDriverTestExecutionListener, org.springframework.boot.test.autoconfigure.webservices.client.MockWebServiceServerTestExecutionListener, org.springframework.test.context.web.ServletTestExecutionListener, org.springframework.test.context.support.DirtiesContextBeforeModesTestExecutionListener, org.springframework.test.context.support.DependencyInjectionTestExecutionListener, org.springframework.test.context.support.DirtiesContextTestExecutionListener, org.springframework.test.context.transaction.TransactionalTestExecutionListener, org.springframework.test.context.jdbc.SqlScriptsTestExecutionListener, org.springframework.test.context.event.EventPublishingTestExecutionListener]
09:36:10.350 [main] INFO org.springframework.test.context.support.DefaultTestContextBootstrapper - Using TestExecutionListeners: [org.springframework.test.context.web.ServletTestExecutionListener@7ad889be, org.springframework.test.context.support.DirtiesContextBeforeModesTestExecutionListener@4c063cb9, org.springframework.boot.test.mock.mockito.MockitoTestExecutionListener@63de4fa, org.springframework.test.context.support.DependencyInjectionTestExecutionListener@26bb92e2, org.springframework.test.context.support.DirtiesContextTestExecutionListener@18907af2, org.springframework.test.context.transaction.TransactionalTestExecutionListener@658e7ead, org.springframework.test.context.jdbc.SqlScriptsTestExecutionListener@cfd5cd2, org.springframework.test.context.event.EventPublishingTestExecutionListener@762bf32d, org.springframework.boot.test.mock.mockito.ResetMocksTestExecutionListener@6d7740f0, org.springframework.boot.test.autoconfigure.restdocs.RestDocsTestExecutionListener@7b1a30e5, org.springframework.boot.test.autoconfigure.web.client.MockRestServiceServerResetTestExecutionListener@1de7f898, org.springframework.boot.test.autoconfigure.web.servlet.MockMvcPrintOnlyOnFailureTestExecutionListener@34fcd292, org.springframework.boot.test.autoconfigure.web.servlet.WebDriverTestExecutionListener@63db743d, org.springframework.boot.test.autoconfigure.webservices.client.MockWebServiceServerTestExecutionListener@496cedbb]
09:36:10.350 [main] DEBUG org.springframework.test.context.cache.DefaultCacheAwareContextLoaderDelegate - Retrieved ApplicationContext [7395550] from cache with key [[MergedContextConfiguration@6b6def36 testClass = TestRunner, locations = '{}', classes = '{}', contextInitializerClasses = '[]', activeProfiles = '{}', propertySourceLocations = '{}', propertySourceProperties = '{}', contextCustomizers = set[org.springframework.boot.test.context.filter.ExcludeFilterContextCustomizer@6a175569, org.springframework.boot.test.json.DuplicateJsonObjectContextCustomizerFactory$DuplicateJsonObjectContextCustomizer@11ee02f8, org.springframework.boot.test.mock.mockito.MockitoContextCustomizer@0, org.springframework.boot.test.autoconfigure.properties.PropertyMappingContextCustomizer@0, org.springframework.boot.test.autoconfigure.web.servlet.WebDriverContextCustomizerFactory$Customizer@159e366], contextLoader = 'org.springframework.test.context.support.DelegatingSmartContextLoader', parent = [null]]]
09:36:10.350 [main] DEBUG org.springframework.test.context.cache - Spring test ApplicationContext cache statistics: [DefaultContextCache@42c2f48c size = 1, maxSize = 32, parentContextCount = 0, hitCount = 75, missCount = 1]
09:36:10.350 [main] DEBUG org.springframework.beans.factory.support.DefaultListableBeanFactory - Replacing scope 'cucumber-glue' from [io.cucumber.spring.CucumberScenarioScope@19705650] to [io.cucumber.spring.CucumberScenarioScope@3957d88b]
09:36:10.350 [main] DEBUG org.springframework.test.context.support.AbstractDirtiesContextTestExecutionListener - Before test class: context [DefaultTestContext@1152900 testClass = TestRunner, testInstance = [null], testMethod = [null], testException = [null], mergedContextConfiguration = [MergedContextConfiguration@6b6def36 testClass = TestRunner, locations = '{}', classes = '{}', contextInitializerClasses = '[]', activeProfiles = '{}', propertySourceLocations = '{}', propertySourceProperties = '{}', contextCustomizers = set[org.springframework.boot.test.context.filter.ExcludeFilterContextCustomizer@6a175569, org.springframework.boot.test.json.DuplicateJsonObjectContextCustomizerFactory$DuplicateJsonObjectContextCustomizer@11ee02f8, org.springframework.boot.test.mock.mockito.MockitoContextCustomizer@0, org.springframework.boot.test.autoconfigure.properties.PropertyMappingContextCustomizer@0, org.springframework.boot.test.autoconfigure.web.servlet.WebDriverContextCustomizerFactory$Customizer@159e366], contextLoader = 'org.springframework.test.context.support.DelegatingSmartContextLoader', parent = [null]], attributes = map[[empty]]], class annotated with @DirtiesContext [false] with mode [null].
09:36:10.350 [main] DEBUG org.springframework.test.context.cache.DefaultCacheAwareContextLoaderDelegate - Retrieved ApplicationContext [7395550] from cache with key [[MergedContextConfiguration@6b6def36 testClass = TestRunner, locations = '{}', classes = '{}', contextInitializerClasses = '[]', activeProfiles = '{}', propertySourceLocations = '{}', propertySourceProperties = '{}', contextCustomizers = set[org.springframework.boot.test.context.filter.ExcludeFilterContextCustomizer@6a175569, org.springframework.boot.test.json.DuplicateJsonObjectContextCustomizerFactory$DuplicateJsonObjectContextCustomizer@11ee02f8, org.springframework.boot.test.mock.mockito.MockitoContextCustomizer@0, org.springframework.boot.test.autoconfigure.properties.PropertyMappingContextCustomizer@0, org.springframework.boot.test.autoconfigure.web.servlet.WebDriverContextCustomizerFactory$Customizer@159e366], contextLoader = 'org.springframework.test.context.support.DelegatingSmartContextLoader', parent = [null]]]
09:36:10.350 [main] DEBUG org.springframework.test.context.cache - Spring test ApplicationContext cache statistics: [DefaultContextCache@42c2f48c size = 1, maxSize = 32, parentContextCount = 0, hitCount = 76, missCount = 1]

Scenario:                                                                                    # src/test/resources/features/UpdateUsuario.feature:3
09:36:10.359 [main] DEBUG org.apache.http.client.protocol.RequestAddCookies - CookieSpec selected: default
09:36:10.360 [main] DEBUG org.apache.http.client.protocol.RequestAuthCache - Auth cache not set in the context
09:36:10.360 [main] DEBUG org.apache.http.impl.conn.PoolingHttpClientConnectionManager - Connection request: [route: {s}->https://devopsmetrics.herokuapp.com:443][total available: 0; route allocated: 0 of 2; total allocated: 0 of 20]
09:36:10.360 [main] DEBUG org.apache.http.impl.conn.PoolingHttpClientConnectionManager - Connection leased: [id: 24][route: {s}->https://devopsmetrics.herokuapp.com:443][total available: 0; route allocated: 1 of 2; total allocated: 1 of 20]
09:36:10.360 [main] DEBUG org.apache.http.impl.execchain.MainClientExec - Opening connection {s}->https://devopsmetrics.herokuapp.com:443
09:36:10.360 [main] DEBUG org.apache.http.impl.conn.DefaultHttpClientConnectionOperator - Connecting to devopsmetrics.herokuapp.com/34.240.218.59:443
09:36:10.360 [main] DEBUG org.apache.http.conn.ssl.SSLConnectionSocketFactory - Connecting socket to devopsmetrics.herokuapp.com/34.240.218.59:443 with timeout 0
09:36:10.403 [main] DEBUG org.apache.http.conn.ssl.SSLConnectionSocketFactory - Enabled protocols: [TLSv1.3, TLSv1.2, TLSv1.1, TLSv1]
09:36:10.403 [main] DEBUG org.apache.http.conn.ssl.SSLConnectionSocketFactory - Enabled cipher suites:[TLS_AES_128_GCM_SHA256, TLS_AES_256_GCM_SHA384, TLS_ECDHE_ECDSA_WITH_AES_256_GCM_SHA384, TLS_ECDHE_ECDSA_WITH_AES_128_GCM_SHA256, TLS_ECDHE_RSA_WITH_AES_256_GCM_SHA384, TLS_RSA_WITH_AES_256_GCM_SHA384, TLS_ECDH_ECDSA_WITH_AES_256_GCM_SHA384, TLS_ECDH_RSA_WITH_AES_256_GCM_SHA384, TLS_DHE_RSA_WITH_AES_256_GCM_SHA384, TLS_DHE_DSS_WITH_AES_256_GCM_SHA384, TLS_ECDHE_RSA_WITH_AES_128_GCM_SHA256, TLS_RSA_WITH_AES_128_GCM_SHA256, TLS_ECDH_ECDSA_WITH_AES_128_GCM_SHA256, TLS_ECDH_RSA_WITH_AES_128_GCM_SHA256, TLS_DHE_RSA_WITH_AES_128_GCM_SHA256, TLS_DHE_DSS_WITH_AES_128_GCM_SHA256, TLS_ECDHE_ECDSA_WITH_AES_256_CBC_SHA384, TLS_ECDHE_RSA_WITH_AES_256_CBC_SHA384, TLS_RSA_WITH_AES_256_CBC_SHA256, TLS_ECDH_ECDSA_WITH_AES_256_CBC_SHA384, TLS_ECDH_RSA_WITH_AES_256_CBC_SHA384, TLS_DHE_RSA_WITH_AES_256_CBC_SHA256, TLS_DHE_DSS_WITH_AES_256_CBC_SHA256, TLS_ECDHE_ECDSA_WITH_AES_256_CBC_SHA, TLS_ECDHE_RSA_WITH_AES_256_CBC_SHA, TLS_RSA_WITH_AES_256_CBC_SHA, TLS_ECDH_ECDSA_WITH_AES_256_CBC_SHA, TLS_ECDH_RSA_WITH_AES_256_CBC_SHA, TLS_DHE_RSA_WITH_AES_256_CBC_SHA, TLS_DHE_DSS_WITH_AES_256_CBC_SHA, TLS_ECDHE_ECDSA_WITH_AES_128_CBC_SHA256, TLS_ECDHE_RSA_WITH_AES_128_CBC_SHA256, TLS_RSA_WITH_AES_128_CBC_SHA256, TLS_ECDH_ECDSA_WITH_AES_128_CBC_SHA256, TLS_ECDH_RSA_WITH_AES_128_CBC_SHA256, TLS_DHE_RSA_WITH_AES_128_CBC_SHA256, TLS_DHE_DSS_WITH_AES_128_CBC_SHA256, TLS_ECDHE_ECDSA_WITH_AES_128_CBC_SHA, TLS_ECDHE_RSA_WITH_AES_128_CBC_SHA, TLS_RSA_WITH_AES_128_CBC_SHA, TLS_ECDH_ECDSA_WITH_AES_128_CBC_SHA, TLS_ECDH_RSA_WITH_AES_128_CBC_SHA, TLS_DHE_RSA_WITH_AES_128_CBC_SHA, TLS_DHE_DSS_WITH_AES_128_CBC_SHA, TLS_EMPTY_RENEGOTIATION_INFO_SCSV]
09:36:10.403 [main] DEBUG org.apache.http.conn.ssl.SSLConnectionSocketFactory - Starting handshake
09:36:10.495 [main] DEBUG org.apache.http.conn.ssl.SSLConnectionSocketFactory - Secure session established
09:36:10.495 [main] DEBUG org.apache.http.conn.ssl.SSLConnectionSocketFactory -  negotiated protocol: TLSv1.2
09:36:10.495 [main] DEBUG org.apache.http.conn.ssl.SSLConnectionSocketFactory -  negotiated cipher suite: TLS_ECDHE_RSA_WITH_AES_128_GCM_SHA256
09:36:10.495 [main] DEBUG org.apache.http.conn.ssl.SSLConnectionSocketFactory -  peer principal: CN=*.herokuapp.com
09:36:10.495 [main] DEBUG org.apache.http.conn.ssl.SSLConnectionSocketFactory -  peer alternative names: [*.herokuapp.com]
09:36:10.495 [main] DEBUG org.apache.http.conn.ssl.SSLConnectionSocketFactory -  issuer principal: CN=Amazon, OU=Server CA 1B, O=Amazon, C=US
09:36:10.495 [main] DEBUG org.apache.http.impl.conn.DefaultHttpClientConnectionOperator - Connection established 192.168.1.45:59176<->34.240.218.59:443
09:36:10.496 [main] DEBUG org.apache.http.impl.execchain.MainClientExec - Executing request GET /usuarios?username=null&password=null HTTP/1.1
09:36:10.496 [main] DEBUG org.apache.http.impl.execchain.MainClientExec - Target auth state: UNCHALLENGED
09:36:10.496 [main] DEBUG org.apache.http.impl.execchain.MainClientExec - Proxy auth state: UNCHALLENGED
09:36:10.496 [main] DEBUG org.apache.http.headers - http-outgoing-24 >> GET /usuarios?username=null&password=null HTTP/1.1
09:36:10.496 [main] DEBUG org.apache.http.headers - http-outgoing-24 >> Host: devopsmetrics.herokuapp.com
09:36:10.496 [main] DEBUG org.apache.http.headers - http-outgoing-24 >> Connection: Keep-Alive
09:36:10.496 [main] DEBUG org.apache.http.headers - http-outgoing-24 >> User-Agent: Apache-HttpClient/4.5.12 (Java/11.0.8)
09:36:10.496 [main] DEBUG org.apache.http.headers - http-outgoing-24 >> Accept-Encoding: gzip,deflate
09:36:10.496 [main] DEBUG org.apache.http.wire - http-outgoing-24 >> "GET /usuarios?username=null&password=null HTTP/1.1[\r][\n]"
09:36:10.496 [main] DEBUG org.apache.http.wire - http-outgoing-24 >> "Host: devopsmetrics.herokuapp.com[\r][\n]"
09:36:10.496 [main] DEBUG org.apache.http.wire - http-outgoing-24 >> "Connection: Keep-Alive[\r][\n]"
09:36:10.496 [main] DEBUG org.apache.http.wire - http-outgoing-24 >> "User-Agent: Apache-HttpClient/4.5.12 (Java/11.0.8)[\r][\n]"
09:36:10.496 [main] DEBUG org.apache.http.wire - http-outgoing-24 >> "Accept-Encoding: gzip,deflate[\r][\n]"
09:36:10.496 [main] DEBUG org.apache.http.wire - http-outgoing-24 >> "[\r][\n]"
09:36:10.576 [main] DEBUG org.apache.http.wire - http-outgoing-24 << "HTTP/1.1 500 [\r][\n]"
09:36:10.576 [main] DEBUG org.apache.http.wire - http-outgoing-24 << "Server: Cowboy[\r][\n]"
09:36:10.576 [main] DEBUG org.apache.http.wire - http-outgoing-24 << "Connection: keep-alive[\r][\n]"
09:36:10.576 [main] DEBUG org.apache.http.wire - http-outgoing-24 << "Vary: Origin[\r][\n]"
09:36:10.576 [main] DEBUG org.apache.http.wire - http-outgoing-24 << "Vary: Access-Control-Request-Method[\r][\n]"
09:36:10.576 [main] DEBUG org.apache.http.wire - http-outgoing-24 << "Vary: Access-Control-Request-Headers[\r][\n]"
09:36:10.576 [main] DEBUG org.apache.http.wire - http-outgoing-24 << "Content-Type: application/json[\r][\n]"
09:36:10.576 [main] DEBUG org.apache.http.wire - http-outgoing-24 << "Transfer-Encoding: chunked[\r][\n]"
09:36:10.576 [main] DEBUG org.apache.http.wire - http-outgoing-24 << "Date: Tue, 13 Jul 2021 07:36:10 GMT[\r][\n]"
09:36:10.576 [main] DEBUG org.apache.http.wire - http-outgoing-24 << "Via: 1.1 vegur[\r][\n]"
09:36:10.576 [main] DEBUG org.apache.http.wire - http-outgoing-24 << "[\r][\n]"
09:36:10.576 [main] DEBUG org.apache.http.headers - http-outgoing-24 << HTTP/1.1 500 
09:36:10.576 [main] DEBUG org.apache.http.headers - http-outgoing-24 << Server: Cowboy
09:36:10.576 [main] DEBUG org.apache.http.headers - http-outgoing-24 << Connection: keep-alive
09:36:10.576 [main] DEBUG org.apache.http.headers - http-outgoing-24 << Vary: Origin
09:36:10.576 [main] DEBUG org.apache.http.headers - http-outgoing-24 << Vary: Access-Control-Request-Method
09:36:10.576 [main] DEBUG org.apache.http.headers - http-outgoing-24 << Vary: Access-Control-Request-Headers
09:36:10.576 [main] DEBUG org.apache.http.headers - http-outgoing-24 << Content-Type: application/json
09:36:10.576 [main] DEBUG org.apache.http.headers - http-outgoing-24 << Transfer-Encoding: chunked
09:36:10.576 [main] DEBUG org.apache.http.headers - http-outgoing-24 << Date: Tue, 13 Jul 2021 07:36:10 GMT
09:36:10.576 [main] DEBUG org.apache.http.headers - http-outgoing-24 << Via: 1.1 vegur
09:36:10.576 [main] DEBUG org.apache.http.impl.execchain.MainClientExec - Connection can be kept alive indefinitely
09:36:10.576 [main] DEBUG org.apache.http.wire - http-outgoing-24 << "7a[\r][\n]"
09:36:10.576 [main] DEBUG org.apache.http.wire - http-outgoing-24 << "{"timestamp":"2021-07-13T07:36:10.597+00:00","status":500,"error":"Internal Server Error","message":"","path":"/usuarios"}[\r][\n]"
09:36:10.576 [main] DEBUG org.apache.http.wire - http-outgoing-24 << "0[\r][\n]"
09:36:10.576 [main] DEBUG org.apache.http.wire - http-outgoing-24 << "[\r][\n]"
09:36:10.576 [main] DEBUG org.apache.http.impl.conn.PoolingHttpClientConnectionManager - Connection [id: 24][route: {s}->https://devopsmetrics.herokuapp.com:443] can be kept alive indefinitely
09:36:10.576 [main] DEBUG org.apache.http.impl.conn.DefaultManagedHttpClientConnection - http-outgoing-24: set socket timeout to 0
09:36:10.576 [main] DEBUG org.apache.http.impl.conn.PoolingHttpClientConnectionManager - Connection released: [id: 24][route: {s}->https://devopsmetrics.herokuapp.com:443][total available: 1; route allocated: 1 of 2; total allocated: 1 of 20]
  Given user is logging in the system for updating an user                                   # edu.uclm.esi.devopsmetrics.bdd.stepdefinitions.UpdateUserSteps.user_is_logging_in_the_system_for_updating_an_user()
  When user is correct it updates an user by the username and the password in the system     # edu.uclm.esi.devopsmetrics.bdd.stepdefinitions.UpdateUserSteps.user_is_correct_it_updates_an_user_by_the_username_and_the_password_in_the_system()
      java.lang.NullPointerException
	at edu.uclm.esi.devopsmetrics.bdd.stepdefinitions.UpdateUserSteps.user_is_correct_it_updates_an_user_by_the_username_and_the_password_in_the_system(UpdateUserSteps.java:61)
	at âœ½.user is correct it updates an user by the username and the password in the system(file:///C:/Users/Crespo/eclipse-workspace/devopsmetrics/src/test/resources/features/UpdateUsuario.feature:5)

  Then by the username and the password in peer not exists and the user is updated correctly # edu.uclm.esi.devopsmetrics.bdd.stepdefinitions.UpdateUserSteps.by_the_username_and_the_password_in_peer_not_exists_and_the_user_is_updated_correctly()
09:36:10.577 [main] DEBUG org.springframework.test.context.cache.DefaultCacheAwareContextLoaderDelegate - Retrieved ApplicationContext [7395550] from cache with key [[MergedContextConfiguration@6b6def36 testClass = TestRunner, locations = '{}', classes = '{}', contextInitializerClasses = '[]', activeProfiles = '{}', propertySourceLocations = '{}', propertySourceProperties = '{}', contextCustomizers = set[org.springframework.boot.test.context.filter.ExcludeFilterContextCustomizer@6a175569, org.springframework.boot.test.json.DuplicateJsonObjectContextCustomizerFactory$DuplicateJsonObjectContextCustomizer@11ee02f8, org.springframework.boot.test.mock.mockito.MockitoContextCustomizer@0, org.springframework.boot.test.autoconfigure.properties.PropertyMappingContextCustomizer@0, org.springframework.boot.test.autoconfigure.web.servlet.WebDriverContextCustomizerFactory$Customizer@159e366], contextLoader = 'org.springframework.test.context.support.DelegatingSmartContextLoader', parent = [null]]]
09:36:10.577 [main] DEBUG org.springframework.test.context.cache - Spring test ApplicationContext cache statistics: [DefaultContextCache@42c2f48c size = 1, maxSize = 32, parentContextCount = 0, hitCount = 77, missCount = 1]
09:36:10.577 [main] DEBUG org.springframework.test.context.support.AbstractDirtiesContextTestExecutionListener - After test class: context [DefaultTestContext@1152900 testClass = TestRunner, testInstance = [null], testMethod = [null], testException = [null], mergedContextConfiguration = [MergedContextConfiguration@6b6def36 testClass = TestRunner, locations = '{}', classes = '{}', contextInitializerClasses = '[]', activeProfiles = '{}', propertySourceLocations = '{}', propertySourceProperties = '{}', contextCustomizers = set[org.springframework.boot.test.context.filter.ExcludeFilterContextCustomizer@6a175569, org.springframework.boot.test.json.DuplicateJsonObjectContextCustomizerFactory$DuplicateJsonObjectContextCustomizer@11ee02f8, org.springframework.boot.test.mock.mockito.MockitoContextCustomizer@0, org.springframework.boot.test.autoconfigure.properties.PropertyMappingContextCustomizer@0, org.springframework.boot.test.autoconfigure.web.servlet.WebDriverContextCustomizerFactory$Customizer@159e366], contextLoader = 'org.springframework.test.context.support.DelegatingSmartContextLoader', parent = [null]], attributes = map[[empty]]], class annotated with @DirtiesContext [false] with mode [null].
]]></system-out>
  </testcase>
</testsuite>